2025-05-07 15:31:03,334 - INFO - Main device: cuda:0
2025-05-07 15:31:03,336 - INFO - Loaded RN50 model config.
2025-05-07 15:31:04,975 - INFO - [Factory] Enabled multi-GPU DataParallel on devices: [0, 1]
2025-05-07 15:32:03,450 - INFO - Epoch 1/20000 [28.01s], Training: [1.6147 (Focal: 0.6649, Dice: 0.9497, AuxFocal: 0.0000, AuxDice: 0.0000)], Validation: [1.5292 (Focal: 0.5825, Dice: 0.9468, AuxFocal: 0.0000, AuxDice: 0.0000), Acc = 0.7371, mIoU = 0.1378], LR: 0.000010
2025-05-07 15:32:03,689 - INFO - 保存最佳模型 (mIoU: 0.1378)
2025-05-07 15:33:00,275 - INFO - Epoch 2/20000 [26.47s], Training: [1.4155 (Focal: 0.4795, Dice: 0.9360, AuxFocal: 0.0000, AuxDice: 0.0000)], Validation: [1.3265 (Focal: 0.3993, Dice: 0.9273, AuxFocal: 0.0000, AuxDice: 0.0000), Acc = 0.7701, mIoU = 0.1300], LR: 0.000010
2025-05-07 15:33:56,552 - INFO - Epoch 3/20000 [26.12s], Training: [1.2509 (Focal: 0.3290, Dice: 0.9219, AuxFocal: 0.0000, AuxDice: 0.0000)], Validation: [1.1759 (Focal: 0.2638, Dice: 0.9122, AuxFocal: 0.0000, AuxDice: 0.0000), Acc = 0.8169, mIoU = 0.1490], LR: 0.000010
2025-05-07 15:33:57,497 - INFO - 保存最佳模型 (mIoU: 0.1490)
2025-05-07 15:34:54,183 - INFO - Epoch 4/20000 [26.52s], Training: [1.1261 (Focal: 0.2187, Dice: 0.9074, AuxFocal: 0.0000, AuxDice: 0.0000)], Validation: [1.0753 (Focal: 0.1781, Dice: 0.8972, AuxFocal: 0.0000, AuxDice: 0.0000), Acc = 0.8178, mIoU = 0.1498], LR: 0.000010
2025-05-07 15:34:55,262 - INFO - 保存最佳模型 (mIoU: 0.1498)
2025-05-07 15:35:52,194 - INFO - Epoch 5/20000 [26.48s], Training: [1.0392 (Focal: 0.1473, Dice: 0.8919, AuxFocal: 0.0000, AuxDice: 0.0000)], Validation: [1.0103 (Focal: 0.1256, Dice: 0.8847, AuxFocal: 0.0000, AuxDice: 0.0000), Acc = 0.8148, mIoU = 0.1462], LR: 0.000010
2025-05-07 15:36:49,290 - INFO - Epoch 6/20000 [26.45s], Training: [0.9809 (Focal: 0.1039, Dice: 0.8769, AuxFocal: 0.0000, AuxDice: 0.0000)], Validation: [0.9566 (Focal: 0.0902, Dice: 0.8665, AuxFocal: 0.0000, AuxDice: 0.0000), Acc = 0.8286, mIoU = 0.1586], LR: 0.000010
2025-05-07 15:36:49,991 - INFO - 保存最佳模型 (mIoU: 0.1586)
2025-05-07 15:37:46,996 - INFO - Epoch 7/20000 [26.67s], Training: [0.9419 (Focal: 0.0777, Dice: 0.8643, AuxFocal: 0.0000, AuxDice: 0.0000)], Validation: [0.9267 (Focal: 0.0710, Dice: 0.8557, AuxFocal: 0.0000, AuxDice: 0.0000), Acc = 0.8283, mIoU = 0.1584], LR: 0.000010
2025-05-07 15:38:44,083 - INFO - Epoch 8/20000 [26.76s], Training: [0.9156 (Focal: 0.0630, Dice: 0.8526, AuxFocal: 0.0000, AuxDice: 0.0000)], Validation: [0.9008 (Focal: 0.0571, Dice: 0.8438, AuxFocal: 0.0000, AuxDice: 0.0000), Acc = 0.8329, mIoU = 0.1624], LR: 0.000010
2025-05-07 15:38:44,756 - INFO - 保存最佳模型 (mIoU: 0.1624)
2025-05-07 15:39:41,899 - INFO - Epoch 9/20000 [26.55s], Training: [0.8939 (Focal: 0.0526, Dice: 0.8413, AuxFocal: 0.0000, AuxDice: 0.0000)], Validation: [0.8791 (Focal: 0.0478, Dice: 0.8313, AuxFocal: 0.0000, AuxDice: 0.0000), Acc = 0.8316, mIoU = 0.1748], LR: 0.000010
2025-05-07 15:39:42,469 - INFO - 保存最佳模型 (mIoU: 0.1748)
2025-05-07 15:40:39,671 - INFO - Epoch 10/20000 [26.66s], Training: [0.8777 (Focal: 0.0473, Dice: 0.8304, AuxFocal: 0.0000, AuxDice: 0.0000)], Validation: [0.8598 (Focal: 0.0432, Dice: 0.8166, AuxFocal: 0.0000, AuxDice: 0.0000), Acc = 0.8359, mIoU = 0.2113], LR: 0.000010
2025-05-07 15:40:40,241 - INFO - 保存最佳模型 (mIoU: 0.2113)
2025-05-07 15:41:37,165 - INFO - Epoch 11/20000 [26.66s], Training: [0.8624 (Focal: 0.0428, Dice: 0.8196, AuxFocal: 0.0000, AuxDice: 0.0000)], Validation: [0.8482 (Focal: 0.0413, Dice: 0.8069, AuxFocal: 0.0000, AuxDice: 0.0000), Acc = 0.8362, mIoU = 0.2161], LR: 0.000010
2025-05-07 15:41:37,859 - INFO - 保存最佳模型 (mIoU: 0.2161)
2025-05-07 15:42:35,169 - INFO - Epoch 12/20000 [26.95s], Training: [0.8516 (Focal: 0.0408, Dice: 0.8108, AuxFocal: 0.0000, AuxDice: 0.0000)], Validation: [0.8381 (Focal: 0.0400, Dice: 0.7981, AuxFocal: 0.0000, AuxDice: 0.0000), Acc = 0.8357, mIoU = 0.2162], LR: 0.000010
2025-05-07 15:42:35,978 - INFO - 保存最佳模型 (mIoU: 0.2162)
2025-05-07 15:43:33,706 - INFO - Epoch 13/20000 [26.96s], Training: [0.8446 (Focal: 0.0401, Dice: 0.8045, AuxFocal: 0.0000, AuxDice: 0.0000)], Validation: [0.8309 (Focal: 0.0391, Dice: 0.7918, AuxFocal: 0.0000, AuxDice: 0.0000), Acc = 0.8358, mIoU = 0.2174], LR: 0.000010
2025-05-07 15:43:34,396 - INFO - 保存最佳模型 (mIoU: 0.2174)
2025-05-07 15:44:32,182 - INFO - Epoch 14/20000 [26.95s], Training: [0.8364 (Focal: 0.0397, Dice: 0.7967, AuxFocal: 0.0000, AuxDice: 0.0000)], Validation: [0.8233 (Focal: 0.0388, Dice: 0.7845, AuxFocal: 0.0000, AuxDice: 0.0000), Acc = 0.8356, mIoU = 0.2195], LR: 0.000010
2025-05-07 15:44:33,040 - INFO - 保存最佳模型 (mIoU: 0.2195)
2025-05-07 15:45:30,901 - INFO - Epoch 15/20000 [27.32s], Training: [0.8315 (Focal: 0.0388, Dice: 0.7927, AuxFocal: 0.0000, AuxDice: 0.0000)], Validation: [0.8170 (Focal: 0.0384, Dice: 0.7786, AuxFocal: 0.0000, AuxDice: 0.0000), Acc = 0.8355, mIoU = 0.2209], LR: 0.000010
2025-05-07 15:45:31,505 - INFO - 保存最佳模型 (mIoU: 0.2209)
2025-05-07 15:46:29,029 - INFO - Epoch 16/20000 [26.75s], Training: [0.8259 (Focal: 0.0390, Dice: 0.7869, AuxFocal: 0.0000, AuxDice: 0.0000)], Validation: [0.8124 (Focal: 0.0385, Dice: 0.7738, AuxFocal: 0.0000, AuxDice: 0.0000), Acc = 0.8353, mIoU = 0.2211], LR: 0.000010
2025-05-07 15:46:29,702 - INFO - 保存最佳模型 (mIoU: 0.2211)
2025-05-07 15:47:27,039 - INFO - Epoch 17/20000 [26.79s], Training: [0.8180 (Focal: 0.0382, Dice: 0.7798, AuxFocal: 0.0000, AuxDice: 0.0000)], Validation: [0.8067 (Focal: 0.0384, Dice: 0.7683, AuxFocal: 0.0000, AuxDice: 0.0000), Acc = 0.8363, mIoU = 0.2226], LR: 0.000010
2025-05-07 15:47:27,578 - INFO - 保存最佳模型 (mIoU: 0.2226)
2025-05-07 15:48:25,198 - INFO - Epoch 18/20000 [26.87s], Training: [0.8140 (Focal: 0.0382, Dice: 0.7759, AuxFocal: 0.0000, AuxDice: 0.0000)], Validation: [0.8041 (Focal: 0.0377, Dice: 0.7664, AuxFocal: 0.0000, AuxDice: 0.0000), Acc = 0.8348, mIoU = 0.2252], LR: 0.000010
2025-05-07 15:48:25,775 - INFO - 保存最佳模型 (mIoU: 0.2252)
2025-05-07 15:49:23,308 - INFO - Epoch 19/20000 [26.86s], Training: [0.8092 (Focal: 0.0384, Dice: 0.7708, AuxFocal: 0.0000, AuxDice: 0.0000)], Validation: [0.7983 (Focal: 0.0382, Dice: 0.7601, AuxFocal: 0.0000, AuxDice: 0.0000), Acc = 0.8356, mIoU = 0.2249], LR: 0.000010
2025-05-07 15:50:20,525 - INFO - Epoch 20/20000 [26.76s], Training: [0.8050 (Focal: 0.0384, Dice: 0.7667, AuxFocal: 0.0000, AuxDice: 0.0000)], Validation: [0.7946 (Focal: 0.0386, Dice: 0.7560, AuxFocal: 0.0000, AuxDice: 0.0000), Acc = 0.8366, mIoU = 0.2241], LR: 0.000010
2025-05-07 15:51:17,646 - INFO - Epoch 21/20000 [26.50s], Training: [0.8080 (Focal: 0.0409, Dice: 0.7671, AuxFocal: 0.0000, AuxDice: 0.0000)], Validation: [0.7907 (Focal: 0.0386, Dice: 0.7520, AuxFocal: 0.0000, AuxDice: 0.0000), Acc = 0.8362, mIoU = 0.2254], LR: 0.000010
2025-05-07 15:51:19,101 - INFO - 保存最佳模型 (mIoU: 0.2254)
2025-05-07 15:52:16,511 - INFO - Epoch 22/20000 [26.61s], Training: [0.8035 (Focal: 0.0399, Dice: 0.7636, AuxFocal: 0.0000, AuxDice: 0.0000)], Validation: [0.7879 (Focal: 0.0386, Dice: 0.7494, AuxFocal: 0.0000, AuxDice: 0.0000), Acc = 0.8365, mIoU = 0.2252], LR: 0.000010
2025-05-07 15:53:13,460 - INFO - Epoch 23/20000 [26.48s], Training: [0.7952 (Focal: 0.0391, Dice: 0.7561, AuxFocal: 0.0000, AuxDice: 0.0000)], Validation: [0.7865 (Focal: 0.0393, Dice: 0.7472, AuxFocal: 0.0000, AuxDice: 0.0000), Acc = 0.8370, mIoU = 0.2246], LR: 0.000010
2025-05-07 15:54:10,450 - INFO - Epoch 24/20000 [26.14s], Training: [0.7983 (Focal: 0.0394, Dice: 0.7589, AuxFocal: 0.0000, AuxDice: 0.0000)], Validation: [0.7832 (Focal: 0.0387, Dice: 0.7445, AuxFocal: 0.0000, AuxDice: 0.0000), Acc = 0.8371, mIoU = 0.2259], LR: 0.000010
2025-05-07 15:54:10,970 - INFO - 保存最佳模型 (mIoU: 0.2259)
2025-05-07 15:55:07,991 - INFO - Epoch 25/20000 [26.40s], Training: [0.7933 (Focal: 0.0399, Dice: 0.7534, AuxFocal: 0.0000, AuxDice: 0.0000)], Validation: [0.7803 (Focal: 0.0384, Dice: 0.7419, AuxFocal: 0.0000, AuxDice: 0.0000), Acc = 0.8366, mIoU = 0.2276], LR: 0.000010
2025-05-07 15:55:08,468 - INFO - 保存最佳模型 (mIoU: 0.2276)
2025-05-07 15:56:05,568 - INFO - Epoch 26/20000 [26.49s], Training: [0.7927 (Focal: 0.0400, Dice: 0.7527, AuxFocal: 0.0000, AuxDice: 0.0000)], Validation: [0.7795 (Focal: 0.0388, Dice: 0.7406, AuxFocal: 0.0000, AuxDice: 0.0000), Acc = 0.8373, mIoU = 0.2270], LR: 0.000010
2025-05-07 15:57:02,829 - INFO - Epoch 27/20000 [26.69s], Training: [0.7849 (Focal: 0.0382, Dice: 0.7467, AuxFocal: 0.0000, AuxDice: 0.0000)], Validation: [0.7764 (Focal: 0.0385, Dice: 0.7379, AuxFocal: 0.0000, AuxDice: 0.0000), Acc = 0.8371, mIoU = 0.2318], LR: 0.000010
2025-05-07 15:57:03,329 - INFO - 保存最佳模型 (mIoU: 0.2318)
2025-05-07 15:58:00,736 - INFO - Epoch 28/20000 [26.66s], Training: [0.7846 (Focal: 0.0385, Dice: 0.7460, AuxFocal: 0.0000, AuxDice: 0.0000)], Validation: [0.7751 (Focal: 0.0381, Dice: 0.7369, AuxFocal: 0.0000, AuxDice: 0.0000), Acc = 0.8366, mIoU = 0.2341], LR: 0.000010
2025-05-07 15:58:01,727 - INFO - 保存最佳模型 (mIoU: 0.2341)
2025-05-07 15:58:58,845 - INFO - Epoch 29/20000 [26.63s], Training: [0.7808 (Focal: 0.0389, Dice: 0.7419, AuxFocal: 0.0000, AuxDice: 0.0000)], Validation: [0.7745 (Focal: 0.0380, Dice: 0.7365, AuxFocal: 0.0000, AuxDice: 0.0000), Acc = 0.8369, mIoU = 0.2334], LR: 0.000010
2025-05-07 15:59:56,419 - INFO - Epoch 30/20000 [26.60s], Training: [0.7837 (Focal: 0.0394, Dice: 0.7444, AuxFocal: 0.0000, AuxDice: 0.0000)], Validation: [0.7704 (Focal: 0.0386, Dice: 0.7318, AuxFocal: 0.0000, AuxDice: 0.0000), Acc = 0.8364, mIoU = 0.2342], LR: 0.000010
2025-05-07 15:59:57,006 - INFO - 保存最佳模型 (mIoU: 0.2342)
2025-05-07 16:00:54,472 - INFO - Epoch 31/20000 [26.69s], Training: [0.7815 (Focal: 0.0398, Dice: 0.7416, AuxFocal: 0.0000, AuxDice: 0.0000)], Validation: [0.7694 (Focal: 0.0386, Dice: 0.7308, AuxFocal: 0.0000, AuxDice: 0.0000), Acc = 0.8369, mIoU = 0.2347], LR: 0.000010
2025-05-07 16:00:55,262 - INFO - 保存最佳模型 (mIoU: 0.2347)
2025-05-07 16:01:52,487 - INFO - Epoch 32/20000 [26.71s], Training: [0.7778 (Focal: 0.0384, Dice: 0.7394, AuxFocal: 0.0000, AuxDice: 0.0000)], Validation: [0.7688 (Focal: 0.0383, Dice: 0.7306, AuxFocal: 0.0000, AuxDice: 0.0000), Acc = 0.8360, mIoU = 0.2343], LR: 0.000009
2025-05-07 16:02:50,163 - INFO - Epoch 33/20000 [26.76s], Training: [0.7814 (Focal: 0.0416, Dice: 0.7398, AuxFocal: 0.0000, AuxDice: 0.0000)], Validation: [0.7661 (Focal: 0.0384, Dice: 0.7277, AuxFocal: 0.0000, AuxDice: 0.0000), Acc = 0.8356, mIoU = 0.2364], LR: 0.000009
2025-05-07 16:02:50,871 - INFO - 保存最佳模型 (mIoU: 0.2364)
2025-05-07 16:03:48,187 - INFO - Epoch 34/20000 [26.61s], Training: [0.7777 (Focal: 0.0391, Dice: 0.7385, AuxFocal: 0.0000, AuxDice: 0.0000)], Validation: [0.7636 (Focal: 0.0383, Dice: 0.7253, AuxFocal: 0.0000, AuxDice: 0.0000), Acc = 0.8365, mIoU = 0.2355], LR: 0.000009
2025-05-07 16:04:45,606 - INFO - Epoch 35/20000 [26.90s], Training: [0.7725 (Focal: 0.0386, Dice: 0.7339, AuxFocal: 0.0000, AuxDice: 0.0000)], Validation: [0.7631 (Focal: 0.0382, Dice: 0.7248, AuxFocal: 0.0000, AuxDice: 0.0000), Acc = 0.8359, mIoU = 0.2362], LR: 0.000009
2025-05-07 16:05:43,050 - INFO - Epoch 36/20000 [26.87s], Training: [0.7714 (Focal: 0.0385, Dice: 0.7329, AuxFocal: 0.0000, AuxDice: 0.0000)], Validation: [0.7612 (Focal: 0.0384, Dice: 0.7228, AuxFocal: 0.0000, AuxDice: 0.0000), Acc = 0.8360, mIoU = 0.2361], LR: 0.000009
2025-05-07 16:06:41,196 - INFO - Epoch 37/20000 [26.93s], Training: [0.7757 (Focal: 0.0404, Dice: 0.7353, AuxFocal: 0.0000, AuxDice: 0.0000)], Validation: [0.7594 (Focal: 0.0379, Dice: 0.7214, AuxFocal: 0.0000, AuxDice: 0.0000), Acc = 0.8360, mIoU = 0.2367], LR: 0.000009
2025-05-07 16:06:42,260 - INFO - 保存最佳模型 (mIoU: 0.2367)
2025-05-07 16:07:39,765 - INFO - Epoch 38/20000 [26.76s], Training: [0.7726 (Focal: 0.0396, Dice: 0.7329, AuxFocal: 0.0000, AuxDice: 0.0000)], Validation: [0.7570 (Focal: 0.0387, Dice: 0.7184, AuxFocal: 0.0000, AuxDice: 0.0000), Acc = 0.8364, mIoU = 0.2351], LR: 0.000009
2025-05-07 16:08:37,149 - INFO - Epoch 39/20000 [26.78s], Training: [0.7702 (Focal: 0.0395, Dice: 0.7306, AuxFocal: 0.0000, AuxDice: 0.0000)], Validation: [0.7563 (Focal: 0.0379, Dice: 0.7183, AuxFocal: 0.0000, AuxDice: 0.0000), Acc = 0.8365, mIoU = 0.2376], LR: 0.000009
2025-05-07 16:08:37,657 - INFO - 保存最佳模型 (mIoU: 0.2376)
2025-05-07 16:09:35,305 - INFO - Epoch 40/20000 [26.94s], Training: [0.7711 (Focal: 0.0402, Dice: 0.7309, AuxFocal: 0.0000, AuxDice: 0.0000)], Validation: [0.7546 (Focal: 0.0378, Dice: 0.7168, AuxFocal: 0.0000, AuxDice: 0.0000), Acc = 0.8364, mIoU = 0.2431], LR: 0.000009
2025-05-07 16:09:36,699 - INFO - 保存最佳模型 (mIoU: 0.2431)
2025-05-07 16:10:34,642 - INFO - Epoch 41/20000 [26.97s], Training: [0.7639 (Focal: 0.0391, Dice: 0.7248, AuxFocal: 0.0000, AuxDice: 0.0000)], Validation: [0.7543 (Focal: 0.0382, Dice: 0.7162, AuxFocal: 0.0000, AuxDice: 0.0000), Acc = 0.8358, mIoU = 0.2448], LR: 0.000009
2025-05-07 16:10:35,276 - INFO - 保存最佳模型 (mIoU: 0.2448)
2025-05-07 16:11:32,869 - INFO - Epoch 42/20000 [26.82s], Training: [0.7651 (Focal: 0.0387, Dice: 0.7264, AuxFocal: 0.0000, AuxDice: 0.0000)], Validation: [0.7525 (Focal: 0.0391, Dice: 0.7134, AuxFocal: 0.0000, AuxDice: 0.0000), Acc = 0.8366, mIoU = 0.2470], LR: 0.000009
2025-05-07 16:11:33,336 - INFO - 保存最佳模型 (mIoU: 0.2470)
2025-05-07 16:12:31,270 - INFO - Epoch 43/20000 [26.71s], Training: [0.7639 (Focal: 0.0390, Dice: 0.7249, AuxFocal: 0.0000, AuxDice: 0.0000)], Validation: [0.7523 (Focal: 0.0387, Dice: 0.7137, AuxFocal: 0.0000, AuxDice: 0.0000), Acc = 0.8378, mIoU = 0.2545], LR: 0.000009
2025-05-07 16:12:31,842 - INFO - 保存最佳模型 (mIoU: 0.2545)
2025-05-07 16:13:29,514 - INFO - Epoch 44/20000 [26.90s], Training: [0.7638 (Focal: 0.0389, Dice: 0.7249, AuxFocal: 0.0000, AuxDice: 0.0000)], Validation: [0.7505 (Focal: 0.0382, Dice: 0.7123, AuxFocal: 0.0000, AuxDice: 0.0000), Acc = 0.8374, mIoU = 0.2636], LR: 0.000009
2025-05-07 16:13:30,129 - INFO - 保存最佳模型 (mIoU: 0.2636)
2025-05-07 16:14:28,019 - INFO - Epoch 45/20000 [26.91s], Training: [0.7635 (Focal: 0.0394, Dice: 0.7241, AuxFocal: 0.0000, AuxDice: 0.0000)], Validation: [0.7487 (Focal: 0.0383, Dice: 0.7105, AuxFocal: 0.0000, AuxDice: 0.0000), Acc = 0.8381, mIoU = 0.2664], LR: 0.000009
2025-05-07 16:14:28,513 - INFO - 保存最佳模型 (mIoU: 0.2664)
2025-05-07 16:15:26,098 - INFO - Epoch 46/20000 [26.97s], Training: [0.7643 (Focal: 0.0399, Dice: 0.7245, AuxFocal: 0.0000, AuxDice: 0.0000)], Validation: [0.7490 (Focal: 0.0396, Dice: 0.7095, AuxFocal: 0.0000, AuxDice: 0.0000), Acc = 0.8372, mIoU = 0.2664], LR: 0.000009
2025-05-07 16:16:23,590 - INFO - Epoch 47/20000 [26.76s], Training: [0.7607 (Focal: 0.0391, Dice: 0.7216, AuxFocal: 0.0000, AuxDice: 0.0000)], Validation: [0.7490 (Focal: 0.0380, Dice: 0.7110, AuxFocal: 0.0000, AuxDice: 0.0000), Acc = 0.8369, mIoU = 0.2704], LR: 0.000009
2025-05-07 16:16:24,166 - INFO - 保存最佳模型 (mIoU: 0.2704)
2025-05-07 16:17:22,192 - INFO - Epoch 48/20000 [27.03s], Training: [0.7649 (Focal: 0.0396, Dice: 0.7254, AuxFocal: 0.0000, AuxDice: 0.0000)], Validation: [0.7455 (Focal: 0.0390, Dice: 0.7065, AuxFocal: 0.0000, AuxDice: 0.0000), Acc = 0.8380, mIoU = 0.2779], LR: 0.000009
2025-05-07 16:17:22,814 - INFO - 保存最佳模型 (mIoU: 0.2779)
2025-05-07 16:18:20,677 - INFO - Epoch 49/20000 [27.09s], Training: [0.7672 (Focal: 0.0406, Dice: 0.7266, AuxFocal: 0.0000, AuxDice: 0.0000)], Validation: [0.7481 (Focal: 0.0386, Dice: 0.7095, AuxFocal: 0.0000, AuxDice: 0.0000), Acc = 0.8380, mIoU = 0.2781], LR: 0.000009
2025-05-07 16:18:21,467 - INFO - 保存最佳模型 (mIoU: 0.2781)
2025-05-07 16:19:20,076 - INFO - Epoch 50/20000 [27.19s], Training: [0.7664 (Focal: 0.0411, Dice: 0.7253, AuxFocal: 0.0000, AuxDice: 0.0000)], Validation: [0.7452 (Focal: 0.0380, Dice: 0.7072, AuxFocal: 0.0000, AuxDice: 0.0000), Acc = 0.8379, mIoU = 0.2833], LR: 0.000009
2025-05-07 16:19:20,548 - INFO - 保存最佳模型 (mIoU: 0.2833)
2025-05-07 16:20:18,948 - INFO - Epoch 51/20000 [27.13s], Training: [0.7617 (Focal: 0.0411, Dice: 0.7206, AuxFocal: 0.0000, AuxDice: 0.0000)], Validation: [0.7431 (Focal: 0.0388, Dice: 0.7043, AuxFocal: 0.0000, AuxDice: 0.0000), Acc = 0.8358, mIoU = 0.2840], LR: 0.000009
2025-05-07 16:20:19,848 - INFO - 保存最佳模型 (mIoU: 0.2840)
2025-05-07 16:21:17,996 - INFO - Epoch 52/20000 [27.32s], Training: [0.7601 (Focal: 0.0415, Dice: 0.7186, AuxFocal: 0.0000, AuxDice: 0.0000)], Validation: [0.7421 (Focal: 0.0386, Dice: 0.7034, AuxFocal: 0.0000, AuxDice: 0.0000), Acc = 0.8379, mIoU = 0.2835], LR: 0.000009
2025-05-07 16:22:15,534 - INFO - Epoch 53/20000 [26.93s], Training: [0.7606 (Focal: 0.0411, Dice: 0.7195, AuxFocal: 0.0000, AuxDice: 0.0000)], Validation: [0.7422 (Focal: 0.0381, Dice: 0.7041, AuxFocal: 0.0000, AuxDice: 0.0000), Acc = 0.8375, mIoU = 0.2891], LR: 0.000009
2025-05-07 16:22:16,681 - INFO - 保存最佳模型 (mIoU: 0.2891)
2025-05-07 16:23:15,304 - INFO - Epoch 54/20000 [27.79s], Training: [0.7596 (Focal: 0.0408, Dice: 0.7188, AuxFocal: 0.0000, AuxDice: 0.0000)], Validation: [0.7415 (Focal: 0.0383, Dice: 0.7033, AuxFocal: 0.0000, AuxDice: 0.0000), Acc = 0.8378, mIoU = 0.2879], LR: 0.000009
2025-05-07 16:24:13,077 - INFO - Epoch 55/20000 [27.01s], Training: [0.7609 (Focal: 0.0413, Dice: 0.7197, AuxFocal: 0.0000, AuxDice: 0.0000)], Validation: [0.7402 (Focal: 0.0387, Dice: 0.7015, AuxFocal: 0.0000, AuxDice: 0.0000), Acc = 0.8382, mIoU = 0.2877], LR: 0.000008
2025-05-07 16:25:10,751 - INFO - Epoch 56/20000 [26.81s], Training: [0.7581 (Focal: 0.0405, Dice: 0.7175, AuxFocal: 0.0000, AuxDice: 0.0000)], Validation: [0.7399 (Focal: 0.0382, Dice: 0.7016, AuxFocal: 0.0000, AuxDice: 0.0000), Acc = 0.8373, mIoU = 0.2914], LR: 0.000008
2025-05-07 16:25:11,638 - INFO - 保存最佳模型 (mIoU: 0.2914)
2025-05-07 16:26:09,831 - INFO - Epoch 57/20000 [27.36s], Training: [0.7579 (Focal: 0.0415, Dice: 0.7165, AuxFocal: 0.0000, AuxDice: 0.0000)], Validation: [0.7423 (Focal: 0.0383, Dice: 0.7039, AuxFocal: 0.0000, AuxDice: 0.0000), Acc = 0.8370, mIoU = 0.2884], LR: 0.000008
2025-05-07 16:27:08,185 - INFO - Epoch 58/20000 [27.37s], Training: [0.7558 (Focal: 0.0407, Dice: 0.7151, AuxFocal: 0.0000, AuxDice: 0.0000)], Validation: [0.7370 (Focal: 0.0391, Dice: 0.6978, AuxFocal: 0.0000, AuxDice: 0.0000), Acc = 0.8384, mIoU = 0.2923], LR: 0.000008
2025-05-07 16:27:09,535 - INFO - 保存最佳模型 (mIoU: 0.2923)
2025-05-07 16:28:07,775 - INFO - Epoch 59/20000 [27.27s], Training: [0.7534 (Focal: 0.0398, Dice: 0.7136, AuxFocal: 0.0000, AuxDice: 0.0000)], Validation: [0.7362 (Focal: 0.0385, Dice: 0.6977, AuxFocal: 0.0000, AuxDice: 0.0000), Acc = 0.8371, mIoU = 0.2956], LR: 0.000008
2025-05-07 16:28:08,354 - INFO - 保存最佳模型 (mIoU: 0.2956)
2025-05-07 16:29:06,925 - INFO - Epoch 60/20000 [27.35s], Training: [0.7562 (Focal: 0.0404, Dice: 0.7157, AuxFocal: 0.0000, AuxDice: 0.0000)], Validation: [0.7375 (Focal: 0.0393, Dice: 0.6982, AuxFocal: 0.0000, AuxDice: 0.0000), Acc = 0.8371, mIoU = 0.2933], LR: 0.000008
2025-05-07 16:30:05,313 - INFO - Epoch 61/20000 [27.36s], Training: [0.7526 (Focal: 0.0403, Dice: 0.7124, AuxFocal: 0.0000, AuxDice: 0.0000)], Validation: [0.7362 (Focal: 0.0396, Dice: 0.6966, AuxFocal: 0.0000, AuxDice: 0.0000), Acc = 0.8385, mIoU = 0.2919], LR: 0.000008
2025-05-07 16:31:03,768 - INFO - Epoch 62/20000 [27.46s], Training: [0.7541 (Focal: 0.0410, Dice: 0.7130, AuxFocal: 0.0000, AuxDice: 0.0000)], Validation: [0.7346 (Focal: 0.0393, Dice: 0.6954, AuxFocal: 0.0000, AuxDice: 0.0000), Acc = 0.8370, mIoU = 0.2953], LR: 0.000008
2025-05-07 16:32:02,847 - INFO - Epoch 63/20000 [27.62s], Training: [0.7515 (Focal: 0.0399, Dice: 0.7117, AuxFocal: 0.0000, AuxDice: 0.0000)], Validation: [0.7354 (Focal: 0.0389, Dice: 0.6965, AuxFocal: 0.0000, AuxDice: 0.0000), Acc = 0.8384, mIoU = 0.2966], LR: 0.000008
2025-05-07 16:32:03,381 - INFO - 保存最佳模型 (mIoU: 0.2966)
2025-05-07 16:33:01,944 - INFO - Epoch 64/20000 [27.57s], Training: [0.7521 (Focal: 0.0410, Dice: 0.7111, AuxFocal: 0.0000, AuxDice: 0.0000)], Validation: [0.7338 (Focal: 0.0387, Dice: 0.6951, AuxFocal: 0.0000, AuxDice: 0.0000), Acc = 0.8388, mIoU = 0.2990], LR: 0.000008
2025-05-07 16:33:02,458 - INFO - 保存最佳模型 (mIoU: 0.2990)
2025-05-07 16:34:01,346 - INFO - Epoch 65/20000 [27.66s], Training: [0.7541 (Focal: 0.0407, Dice: 0.7134, AuxFocal: 0.0000, AuxDice: 0.0000)], Validation: [0.7341 (Focal: 0.0389, Dice: 0.6952, AuxFocal: 0.0000, AuxDice: 0.0000), Acc = 0.8378, mIoU = 0.2965], LR: 0.000008
2025-05-07 16:34:59,760 - INFO - Epoch 66/20000 [27.58s], Training: [0.7491 (Focal: 0.0402, Dice: 0.7089, AuxFocal: 0.0000, AuxDice: 0.0000)], Validation: [0.7339 (Focal: 0.0390, Dice: 0.6949, AuxFocal: 0.0000, AuxDice: 0.0000), Acc = 0.8386, mIoU = 0.2992], LR: 0.000008
2025-05-07 16:35:00,334 - INFO - 保存最佳模型 (mIoU: 0.2992)
2025-05-07 16:35:59,293 - INFO - Epoch 67/20000 [27.48s], Training: [0.7500 (Focal: 0.0403, Dice: 0.7098, AuxFocal: 0.0000, AuxDice: 0.0000)], Validation: [0.7338 (Focal: 0.0397, Dice: 0.6941, AuxFocal: 0.0000, AuxDice: 0.0000), Acc = 0.8383, mIoU = 0.2964], LR: 0.000008
2025-05-07 16:36:57,691 - INFO - Epoch 68/20000 [27.45s], Training: [0.7500 (Focal: 0.0404, Dice: 0.7097, AuxFocal: 0.0000, AuxDice: 0.0000)], Validation: [0.7341 (Focal: 0.0391, Dice: 0.6950, AuxFocal: 0.0000, AuxDice: 0.0000), Acc = 0.8380, mIoU = 0.2994], LR: 0.000008
2025-05-07 16:36:58,198 - INFO - 保存最佳模型 (mIoU: 0.2994)
2025-05-07 16:37:56,677 - INFO - Epoch 69/20000 [27.33s], Training: [0.7434 (Focal: 0.0403, Dice: 0.7031, AuxFocal: 0.0000, AuxDice: 0.0000)], Validation: [0.7306 (Focal: 0.0392, Dice: 0.6914, AuxFocal: 0.0000, AuxDice: 0.0000), Acc = 0.8382, mIoU = 0.3009], LR: 0.000008
2025-05-07 16:37:57,178 - INFO - 保存最佳模型 (mIoU: 0.3009)
2025-05-07 16:38:56,053 - INFO - Epoch 70/20000 [27.41s], Training: [0.7482 (Focal: 0.0405, Dice: 0.7077, AuxFocal: 0.0000, AuxDice: 0.0000)], Validation: [0.7311 (Focal: 0.0403, Dice: 0.6908, AuxFocal: 0.0000, AuxDice: 0.0000), Acc = 0.8378, mIoU = 0.2967], LR: 0.000008
2025-05-07 16:39:54,763 - INFO - Epoch 71/20000 [27.43s], Training: [0.7479 (Focal: 0.0409, Dice: 0.7070, AuxFocal: 0.0000, AuxDice: 0.0000)], Validation: [0.7299 (Focal: 0.0391, Dice: 0.6908, AuxFocal: 0.0000, AuxDice: 0.0000), Acc = 0.8391, mIoU = 0.3016], LR: 0.000008
2025-05-07 16:39:56,402 - INFO - 保存最佳模型 (mIoU: 0.3016)
2025-05-07 16:40:55,028 - INFO - Epoch 72/20000 [27.46s], Training: [0.7478 (Focal: 0.0409, Dice: 0.7069, AuxFocal: 0.0000, AuxDice: 0.0000)], Validation: [0.7297 (Focal: 0.0404, Dice: 0.6893, AuxFocal: 0.0000, AuxDice: 0.0000), Acc = 0.8385, mIoU = 0.2973], LR: 0.000007
2025-05-07 16:41:54,229 - INFO - Epoch 73/20000 [27.63s], Training: [0.7507 (Focal: 0.0405, Dice: 0.7101, AuxFocal: 0.0000, AuxDice: 0.0000)], Validation: [0.7286 (Focal: 0.0395, Dice: 0.6890, AuxFocal: 0.0000, AuxDice: 0.0000), Acc = 0.8385, mIoU = 0.3016], LR: 0.000007
2025-05-07 16:42:53,400 - INFO - Epoch 74/20000 [27.83s], Training: [0.7487 (Focal: 0.0429, Dice: 0.7058, AuxFocal: 0.0000, AuxDice: 0.0000)], Validation: [0.7286 (Focal: 0.0393, Dice: 0.6893, AuxFocal: 0.0000, AuxDice: 0.0000), Acc = 0.8391, mIoU = 0.3010], LR: 0.000007
2025-05-07 16:43:52,109 - INFO - Epoch 75/20000 [27.88s], Training: [0.7476 (Focal: 0.0422, Dice: 0.7054, AuxFocal: 0.0000, AuxDice: 0.0000)], Validation: [0.7290 (Focal: 0.0391, Dice: 0.6900, AuxFocal: 0.0000, AuxDice: 0.0000), Acc = 0.8386, mIoU = 0.3049], LR: 0.000007
2025-05-07 16:43:52,717 - INFO - 保存最佳模型 (mIoU: 0.3049)
2025-05-07 16:44:52,545 - INFO - Epoch 76/20000 [28.37s], Training: [0.7469 (Focal: 0.0406, Dice: 0.7062, AuxFocal: 0.0000, AuxDice: 0.0000)], Validation: [0.7267 (Focal: 0.0399, Dice: 0.6867, AuxFocal: 0.0000, AuxDice: 0.0000), Acc = 0.8385, mIoU = 0.3026], LR: 0.000007
2025-05-07 16:45:51,702 - INFO - Epoch 77/20000 [27.99s], Training: [0.7483 (Focal: 0.0405, Dice: 0.7078, AuxFocal: 0.0000, AuxDice: 0.0000)], Validation: [0.7297 (Focal: 0.0399, Dice: 0.6898, AuxFocal: 0.0000, AuxDice: 0.0000), Acc = 0.8379, mIoU = 0.3027], LR: 0.000007
2025-05-07 16:46:50,505 - INFO - Epoch 78/20000 [27.96s], Training: [0.7485 (Focal: 0.0418, Dice: 0.7067, AuxFocal: 0.0000, AuxDice: 0.0000)], Validation: [0.7295 (Focal: 0.0395, Dice: 0.6900, AuxFocal: 0.0000, AuxDice: 0.0000), Acc = 0.8388, mIoU = 0.3017], LR: 0.000007
2025-05-07 16:47:49,813 - INFO - Epoch 79/20000 [28.03s], Training: [0.7422 (Focal: 0.0406, Dice: 0.7017, AuxFocal: 0.0000, AuxDice: 0.0000)], Validation: [0.7298 (Focal: 0.0401, Dice: 0.6897, AuxFocal: 0.0000, AuxDice: 0.0000), Acc = 0.8387, mIoU = 0.3009], LR: 0.000007
2025-05-07 16:48:49,011 - INFO - Epoch 80/20000 [28.23s], Training: [0.7467 (Focal: 0.0412, Dice: 0.7055, AuxFocal: 0.0000, AuxDice: 0.0000)], Validation: [0.7255 (Focal: 0.0396, Dice: 0.6859, AuxFocal: 0.0000, AuxDice: 0.0000), Acc = 0.8388, mIoU = 0.3030], LR: 0.000007
2025-05-07 16:49:48,036 - INFO - Epoch 81/20000 [28.04s], Training: [0.7448 (Focal: 0.0423, Dice: 0.7025, AuxFocal: 0.0000, AuxDice: 0.0000)], Validation: [0.7278 (Focal: 0.0395, Dice: 0.6883, AuxFocal: 0.0000, AuxDice: 0.0000), Acc = 0.8388, mIoU = 0.3048], LR: 0.000007
