2025-05-14 11:10:47,058 - INFO - Main device: cuda:3
2025-05-14 11:10:47,059 - INFO - Loaded ViT-L-14 model config.
2025-05-14 11:12:16,870 - INFO - Epoch 1/20000 [53.12s], Training: [0.9422 (Focal: 0.1940, Dice: 0.7482, AuxFocal: 0.0000, AuxDice: 0.0000)], Validation: [0.8211 (Focal: 0.1164, Dice: 0.7047, AuxFocal: 0.0000, AuxDice: 0.0000), Acc = 0.8273, mIoU = 0.1734], LR: 0.000010
2025-05-14 11:12:18,779 - INFO - 保存最佳模型 (mIoU: 0.1734)
2025-05-14 11:13:42,503 - INFO - Epoch 2/20000 [51.91s], Training: [0.7825 (Focal: 0.0970, Dice: 0.6856, AuxFocal: 0.0000, AuxDice: 0.0000)], Validation: [0.8388 (Focal: 0.1332, Dice: 0.7056, AuxFocal: 0.0000, AuxDice: 0.0000), Acc = 0.8257, mIoU = 0.1771], LR: 0.000010
2025-05-14 11:13:54,924 - INFO - 保存最佳模型 (mIoU: 0.1771)
2025-05-14 11:15:18,550 - INFO - Epoch 3/20000 [52.14s], Training: [0.7784 (Focal: 0.1087, Dice: 0.6697, AuxFocal: 0.0000, AuxDice: 0.0000)], Validation: [0.8008 (Focal: 0.1259, Dice: 0.6749, AuxFocal: 0.0000, AuxDice: 0.0000), Acc = 0.8160, mIoU = 0.1944], LR: 0.000010
2025-05-14 11:15:31,128 - INFO - 保存最佳模型 (mIoU: 0.1944)
2025-05-14 11:16:55,182 - INFO - Epoch 4/20000 [52.50s], Training: [0.7503 (Focal: 0.0931, Dice: 0.6572, AuxFocal: 0.0000, AuxDice: 0.0000)], Validation: [0.8122 (Focal: 0.1210, Dice: 0.6912, AuxFocal: 0.0000, AuxDice: 0.0000), Acc = 0.8308, mIoU = 0.1818], LR: 0.000010
2025-05-14 11:18:19,345 - INFO - Epoch 5/20000 [52.33s], Training: [0.7332 (Focal: 0.0939, Dice: 0.6393, AuxFocal: 0.0000, AuxDice: 0.0000)], Validation: [0.7829 (Focal: 0.1179, Dice: 0.6650, AuxFocal: 0.0000, AuxDice: 0.0000), Acc = 0.8226, mIoU = 0.2053], LR: 0.000010
2025-05-14 11:18:31,747 - INFO - 保存最佳模型 (mIoU: 0.2053)
2025-05-14 11:19:56,372 - INFO - Epoch 6/20000 [52.93s], Training: [0.7391 (Focal: 0.1053, Dice: 0.6339, AuxFocal: 0.0000, AuxDice: 0.0000)], Validation: [0.7765 (Focal: 0.1387, Dice: 0.6378, AuxFocal: 0.0000, AuxDice: 0.0000), Acc = 0.8367, mIoU = 0.2343], LR: 0.000010
2025-05-14 11:20:09,044 - INFO - 保存最佳模型 (mIoU: 0.2343)
2025-05-14 11:21:33,520 - INFO - Epoch 7/20000 [52.59s], Training: [0.7360 (Focal: 0.1066, Dice: 0.6294, AuxFocal: 0.0000, AuxDice: 0.0000)], Validation: [0.7557 (Focal: 0.1201, Dice: 0.6356, AuxFocal: 0.0000, AuxDice: 0.0000), Acc = 0.7897, mIoU = 0.2623], LR: 0.000010
2025-05-14 11:21:45,975 - INFO - 保存最佳模型 (mIoU: 0.2623)
2025-05-14 11:23:10,595 - INFO - Epoch 8/20000 [52.65s], Training: [0.7223 (Focal: 0.0995, Dice: 0.6228, AuxFocal: 0.0000, AuxDice: 0.0000)], Validation: [0.7587 (Focal: 0.1185, Dice: 0.6402, AuxFocal: 0.0000, AuxDice: 0.0000), Acc = 0.8278, mIoU = 0.2260], LR: 0.000010
2025-05-14 11:24:35,393 - INFO - Epoch 9/20000 [52.73s], Training: [0.7045 (Focal: 0.0912, Dice: 0.6133, AuxFocal: 0.0000, AuxDice: 0.0000)], Validation: [0.7297 (Focal: 0.1006, Dice: 0.6290, AuxFocal: 0.0000, AuxDice: 0.0000), Acc = 0.8329, mIoU = 0.2529], LR: 0.000010
2025-05-14 11:26:00,312 - INFO - Epoch 10/20000 [53.06s], Training: [0.6805 (Focal: 0.0821, Dice: 0.5985, AuxFocal: 0.0000, AuxDice: 0.0000)], Validation: [0.7320 (Focal: 0.1148, Dice: 0.6173, AuxFocal: 0.0000, AuxDice: 0.0000), Acc = 0.8228, mIoU = 0.2519], LR: 0.000010
2025-05-14 11:27:25,637 - INFO - Epoch 11/20000 [53.03s], Training: [0.6340 (Focal: 0.0903, Dice: 0.5437, AuxFocal: 0.0000, AuxDice: 0.0000)], Validation: [0.5307 (Focal: 0.1170, Dice: 0.4137, AuxFocal: 0.0000, AuxDice: 0.0000), Acc = 0.8331, mIoU = 0.2443], LR: 0.000010
2025-05-14 11:28:50,290 - INFO - Epoch 12/20000 [52.94s], Training: [0.4881 (Focal: 0.0950, Dice: 0.3932, AuxFocal: 0.0000, AuxDice: 0.0000)], Validation: [0.6013 (Focal: 0.1672, Dice: 0.4340, AuxFocal: 0.0000, AuxDice: 0.0000), Acc = 0.7553, mIoU = 0.2210], LR: 0.000010
2025-05-14 11:30:14,595 - INFO - Epoch 13/20000 [52.66s], Training: [0.4735 (Focal: 0.0943, Dice: 0.3792, AuxFocal: 0.0000, AuxDice: 0.0000)], Validation: [0.4600 (Focal: 0.1209, Dice: 0.3391, AuxFocal: 0.0000, AuxDice: 0.0000), Acc = 0.8379, mIoU = 0.2388], LR: 0.000010
2025-05-14 11:31:39,538 - INFO - Epoch 14/20000 [52.31s], Training: [0.4270 (Focal: 0.0954, Dice: 0.3316, AuxFocal: 0.0000, AuxDice: 0.0000)], Validation: [0.4903 (Focal: 0.1216, Dice: 0.3687, AuxFocal: 0.0000, AuxDice: 0.0000), Acc = 0.8368, mIoU = 0.2050], LR: 0.000010
2025-05-14 11:33:04,292 - INFO - Epoch 15/20000 [52.89s], Training: [0.4535 (Focal: 0.1071, Dice: 0.3465, AuxFocal: 0.0000, AuxDice: 0.0000)], Validation: [0.4909 (Focal: 0.1317, Dice: 0.3593, AuxFocal: 0.0000, AuxDice: 0.0000), Acc = 0.8245, mIoU = 0.2304], LR: 0.000010
2025-05-14 11:34:28,465 - INFO - Epoch 16/20000 [52.30s], Training: [0.4551 (Focal: 0.1086, Dice: 0.3465, AuxFocal: 0.0000, AuxDice: 0.0000)], Validation: [0.4565 (Focal: 0.1157, Dice: 0.3408, AuxFocal: 0.0000, AuxDice: 0.0000), Acc = 0.8348, mIoU = 0.2286], LR: 0.000010
2025-05-14 11:35:52,902 - INFO - Epoch 17/20000 [52.35s], Training: [0.4300 (Focal: 0.0899, Dice: 0.3401, AuxFocal: 0.0000, AuxDice: 0.0000)], Validation: [0.4925 (Focal: 0.1366, Dice: 0.3559, AuxFocal: 0.0000, AuxDice: 0.0000), Acc = 0.7974, mIoU = 0.2182], LR: 0.000010
2025-05-14 11:37:17,345 - INFO - Epoch 18/20000 [52.59s], Training: [0.4485 (Focal: 0.0839, Dice: 0.3646, AuxFocal: 0.0000, AuxDice: 0.0000)], Validation: [0.4624 (Focal: 0.0640, Dice: 0.3984, AuxFocal: 0.0000, AuxDice: 0.0000), Acc = 0.8364, mIoU = 0.2467], LR: 0.000010
2025-05-14 11:38:42,325 - INFO - Epoch 19/20000 [52.60s], Training: [0.4751 (Focal: 0.0642, Dice: 0.4109, AuxFocal: 0.0000, AuxDice: 0.0000)], Validation: [0.4420 (Focal: 0.0556, Dice: 0.3864, AuxFocal: 0.0000, AuxDice: 0.0000), Acc = 0.8348, mIoU = 0.2521], LR: 0.000010
2025-05-14 11:40:07,373 - INFO - Epoch 20/20000 [53.06s], Training: [0.4603 (Focal: 0.0623, Dice: 0.3981, AuxFocal: 0.0000, AuxDice: 0.0000)], Validation: [0.4606 (Focal: 0.0727, Dice: 0.3878, AuxFocal: 0.0000, AuxDice: 0.0000), Acc = 0.8291, mIoU = 0.2556], LR: 0.000010
2025-05-14 11:41:32,035 - INFO - Epoch 21/20000 [52.34s], Training: [0.4582 (Focal: 0.0541, Dice: 0.4041, AuxFocal: 0.0000, AuxDice: 0.0000)], Validation: [0.4563 (Focal: 0.0674, Dice: 0.3890, AuxFocal: 0.0000, AuxDice: 0.0000), Acc = 0.8279, mIoU = 0.2598], LR: 0.000010
2025-05-14 11:42:56,530 - INFO - Epoch 22/20000 [52.67s], Training: [0.4603 (Focal: 0.0591, Dice: 0.4013, AuxFocal: 0.0000, AuxDice: 0.0000)], Validation: [0.4631 (Focal: 0.0589, Dice: 0.4042, AuxFocal: 0.0000, AuxDice: 0.0000), Acc = 0.8397, mIoU = 0.2371], LR: 0.000010
2025-05-14 11:44:21,466 - INFO - Epoch 23/20000 [52.67s], Training: [0.4658 (Focal: 0.0583, Dice: 0.4075, AuxFocal: 0.0000, AuxDice: 0.0000)], Validation: [0.4588 (Focal: 0.0723, Dice: 0.3865, AuxFocal: 0.0000, AuxDice: 0.0000), Acc = 0.8397, mIoU = 0.2596], LR: 0.000010
2025-05-14 11:45:46,244 - INFO - Epoch 24/20000 [52.93s], Training: [0.4553 (Focal: 0.0581, Dice: 0.3971, AuxFocal: 0.0000, AuxDice: 0.0000)], Validation: [0.4455 (Focal: 0.0571, Dice: 0.3884, AuxFocal: 0.0000, AuxDice: 0.0000), Acc = 0.8421, mIoU = 0.2385], LR: 0.000010
2025-05-14 11:47:11,184 - INFO - Epoch 25/20000 [52.75s], Training: [0.4644 (Focal: 0.0523, Dice: 0.4122, AuxFocal: 0.0000, AuxDice: 0.0000)], Validation: [0.4435 (Focal: 0.0654, Dice: 0.3781, AuxFocal: 0.0000, AuxDice: 0.0000), Acc = 0.8334, mIoU = 0.2714], LR: 0.000010
2025-05-14 11:47:23,757 - INFO - 保存最佳模型 (mIoU: 0.2714)
2025-05-14 11:48:48,473 - INFO - Epoch 26/20000 [52.54s], Training: [0.4685 (Focal: 0.0610, Dice: 0.4075, AuxFocal: 0.0000, AuxDice: 0.0000)], Validation: [0.4188 (Focal: 0.0479, Dice: 0.3710, AuxFocal: 0.0000, AuxDice: 0.0000), Acc = 0.8334, mIoU = 0.2810], LR: 0.000010
2025-05-14 11:49:00,977 - INFO - 保存最佳模型 (mIoU: 0.2810)
2025-05-14 11:50:26,169 - INFO - Epoch 27/20000 [52.81s], Training: [0.4426 (Focal: 0.0487, Dice: 0.3940, AuxFocal: 0.0000, AuxDice: 0.0000)], Validation: [0.4426 (Focal: 0.0575, Dice: 0.3851, AuxFocal: 0.0000, AuxDice: 0.0000), Acc = 0.8350, mIoU = 0.2627], LR: 0.000010
2025-05-14 11:51:50,926 - INFO - Epoch 28/20000 [52.96s], Training: [0.4533 (Focal: 0.0490, Dice: 0.4042, AuxFocal: 0.0000, AuxDice: 0.0000)], Validation: [0.4310 (Focal: 0.0540, Dice: 0.3769, AuxFocal: 0.0000, AuxDice: 0.0000), Acc = 0.8231, mIoU = 0.2731], LR: 0.000010
2025-05-14 11:53:15,201 - INFO - Epoch 29/20000 [52.50s], Training: [0.4618 (Focal: 0.0518, Dice: 0.4100, AuxFocal: 0.0000, AuxDice: 0.0000)], Validation: [0.4211 (Focal: 0.0499, Dice: 0.3712, AuxFocal: 0.0000, AuxDice: 0.0000), Acc = 0.8281, mIoU = 0.2842], LR: 0.000010
2025-05-14 11:53:27,677 - INFO - 保存最佳模型 (mIoU: 0.2842)
2025-05-14 11:54:52,478 - INFO - Epoch 30/20000 [52.69s], Training: [0.4293 (Focal: 0.0522, Dice: 0.3771, AuxFocal: 0.0000, AuxDice: 0.0000)], Validation: [0.4236 (Focal: 0.0569, Dice: 0.3667, AuxFocal: 0.0000, AuxDice: 0.0000), Acc = 0.8197, mIoU = 0.2880], LR: 0.000010
2025-05-14 11:55:05,222 - INFO - 保存最佳模型 (mIoU: 0.2880)
2025-05-14 11:56:30,015 - INFO - Epoch 31/20000 [52.71s], Training: [0.4425 (Focal: 0.0502, Dice: 0.3923, AuxFocal: 0.0000, AuxDice: 0.0000)], Validation: [0.4085 (Focal: 0.0528, Dice: 0.3558, AuxFocal: 0.0000, AuxDice: 0.0000), Acc = 0.8307, mIoU = 0.3053], LR: 0.000010
2025-05-14 11:56:43,952 - INFO - 保存最佳模型 (mIoU: 0.3053)
2025-05-14 11:58:08,543 - INFO - Epoch 32/20000 [52.87s], Training: [0.4417 (Focal: 0.0528, Dice: 0.3888, AuxFocal: 0.0000, AuxDice: 0.0000)], Validation: [0.4318 (Focal: 0.0585, Dice: 0.3733, AuxFocal: 0.0000, AuxDice: 0.0000), Acc = 0.8271, mIoU = 0.2668], LR: 0.000009
2025-05-14 11:59:32,810 - INFO - Epoch 33/20000 [52.59s], Training: [0.4382 (Focal: 0.0465, Dice: 0.3917, AuxFocal: 0.0000, AuxDice: 0.0000)], Validation: [0.4272 (Focal: 0.0496, Dice: 0.3776, AuxFocal: 0.0000, AuxDice: 0.0000), Acc = 0.8349, mIoU = 0.2696], LR: 0.000009
2025-05-14 12:00:57,118 - INFO - Epoch 34/20000 [52.32s], Training: [0.4456 (Focal: 0.0512, Dice: 0.3944, AuxFocal: 0.0000, AuxDice: 0.0000)], Validation: [0.4078 (Focal: 0.0483, Dice: 0.3595, AuxFocal: 0.0000, AuxDice: 0.0000), Acc = 0.8279, mIoU = 0.2902], LR: 0.000009
2025-05-14 12:02:22,167 - INFO - Epoch 35/20000 [52.93s], Training: [0.4438 (Focal: 0.0493, Dice: 0.3945, AuxFocal: 0.0000, AuxDice: 0.0000)], Validation: [0.4340 (Focal: 0.0629, Dice: 0.3711, AuxFocal: 0.0000, AuxDice: 0.0000), Acc = 0.8206, mIoU = 0.2707], LR: 0.000009
2025-05-14 12:03:46,602 - INFO - Epoch 36/20000 [52.61s], Training: [0.4374 (Focal: 0.0481, Dice: 0.3893, AuxFocal: 0.0000, AuxDice: 0.0000)], Validation: [0.4029 (Focal: 0.0470, Dice: 0.3559, AuxFocal: 0.0000, AuxDice: 0.0000), Acc = 0.8426, mIoU = 0.2976], LR: 0.000009
2025-05-14 12:05:11,393 - INFO - Epoch 37/20000 [53.08s], Training: [0.4265 (Focal: 0.0443, Dice: 0.3822, AuxFocal: 0.0000, AuxDice: 0.0000)], Validation: [0.4226 (Focal: 0.0549, Dice: 0.3677, AuxFocal: 0.0000, AuxDice: 0.0000), Acc = 0.8412, mIoU = 0.2698], LR: 0.000009
2025-05-14 12:06:36,150 - INFO - Epoch 38/20000 [52.62s], Training: [0.4353 (Focal: 0.0470, Dice: 0.3883, AuxFocal: 0.0000, AuxDice: 0.0000)], Validation: [0.3983 (Focal: 0.0476, Dice: 0.3508, AuxFocal: 0.0000, AuxDice: 0.0000), Acc = 0.8368, mIoU = 0.2966], LR: 0.000009
2025-05-14 12:08:00,540 - INFO - Epoch 39/20000 [52.68s], Training: [0.4236 (Focal: 0.0497, Dice: 0.3739, AuxFocal: 0.0000, AuxDice: 0.0000)], Validation: [0.4307 (Focal: 0.0541, Dice: 0.3767, AuxFocal: 0.0000, AuxDice: 0.0000), Acc = 0.8437, mIoU = 0.2498], LR: 0.000009
2025-05-14 12:09:25,574 - INFO - Epoch 40/20000 [53.01s], Training: [0.4231 (Focal: 0.0474, Dice: 0.3757, AuxFocal: 0.0000, AuxDice: 0.0000)], Validation: [0.4260 (Focal: 0.0546, Dice: 0.3714, AuxFocal: 0.0000, AuxDice: 0.0000), Acc = 0.8438, mIoU = 0.2565], LR: 0.000009
2025-05-14 12:10:49,846 - INFO - Epoch 41/20000 [52.48s], Training: [0.4279 (Focal: 0.0474, Dice: 0.3805, AuxFocal: 0.0000, AuxDice: 0.0000)], Validation: [0.3991 (Focal: 0.0455, Dice: 0.3536, AuxFocal: 0.0000, AuxDice: 0.0000), Acc = 0.8289, mIoU = 0.2974], LR: 0.000009
2025-05-14 12:12:15,132 - INFO - Epoch 42/20000 [53.14s], Training: [0.4161 (Focal: 0.0475, Dice: 0.3687, AuxFocal: 0.0000, AuxDice: 0.0000)], Validation: [0.4110 (Focal: 0.0495, Dice: 0.3615, AuxFocal: 0.0000, AuxDice: 0.0000), Acc = 0.8383, mIoU = 0.2904], LR: 0.000009
2025-05-14 12:13:40,319 - INFO - Epoch 43/20000 [53.18s], Training: [0.4143 (Focal: 0.0455, Dice: 0.3688, AuxFocal: 0.0000, AuxDice: 0.0000)], Validation: [0.4073 (Focal: 0.0470, Dice: 0.3603, AuxFocal: 0.0000, AuxDice: 0.0000), Acc = 0.8398, mIoU = 0.3088], LR: 0.000009
2025-05-14 12:13:53,056 - INFO - 保存最佳模型 (mIoU: 0.3088)
2025-05-14 12:15:18,265 - INFO - Epoch 44/20000 [52.90s], Training: [0.4049 (Focal: 0.0460, Dice: 0.3589, AuxFocal: 0.0000, AuxDice: 0.0000)], Validation: [0.3879 (Focal: 0.0469, Dice: 0.3410, AuxFocal: 0.0000, AuxDice: 0.0000), Acc = 0.8377, mIoU = 0.3051], LR: 0.000009
2025-05-14 12:16:43,149 - INFO - Epoch 45/20000 [52.95s], Training: [0.4075 (Focal: 0.0448, Dice: 0.3627, AuxFocal: 0.0000, AuxDice: 0.0000)], Validation: [0.4149 (Focal: 0.0535, Dice: 0.3614, AuxFocal: 0.0000, AuxDice: 0.0000), Acc = 0.8233, mIoU = 0.2958], LR: 0.000009
2025-05-14 12:18:08,006 - INFO - Epoch 46/20000 [52.97s], Training: [0.4178 (Focal: 0.0441, Dice: 0.3737, AuxFocal: 0.0000, AuxDice: 0.0000)], Validation: [0.3939 (Focal: 0.0456, Dice: 0.3483, AuxFocal: 0.0000, AuxDice: 0.0000), Acc = 0.8371, mIoU = 0.2963], LR: 0.000009
2025-05-14 12:19:32,623 - INFO - Epoch 47/20000 [52.91s], Training: [0.4065 (Focal: 0.0444, Dice: 0.3620, AuxFocal: 0.0000, AuxDice: 0.0000)], Validation: [0.3800 (Focal: 0.0432, Dice: 0.3368, AuxFocal: 0.0000, AuxDice: 0.0000), Acc = 0.8453, mIoU = 0.3203], LR: 0.000009
2025-05-14 12:19:45,266 - INFO - 保存最佳模型 (mIoU: 0.3203)
2025-05-14 12:21:10,516 - INFO - Epoch 48/20000 [52.95s], Training: [0.4148 (Focal: 0.0443, Dice: 0.3705, AuxFocal: 0.0000, AuxDice: 0.0000)], Validation: [0.3923 (Focal: 0.0464, Dice: 0.3459, AuxFocal: 0.0000, AuxDice: 0.0000), Acc = 0.8375, mIoU = 0.3029], LR: 0.000009
2025-05-14 12:22:35,082 - INFO - Epoch 49/20000 [52.80s], Training: [0.4025 (Focal: 0.0428, Dice: 0.3597, AuxFocal: 0.0000, AuxDice: 0.0000)], Validation: [0.4125 (Focal: 0.0576, Dice: 0.3548, AuxFocal: 0.0000, AuxDice: 0.0000), Acc = 0.8308, mIoU = 0.2681], LR: 0.000009
2025-05-14 12:24:00,980 - INFO - Epoch 50/20000 [53.33s], Training: [0.4127 (Focal: 0.0451, Dice: 0.3676, AuxFocal: 0.0000, AuxDice: 0.0000)], Validation: [0.3928 (Focal: 0.0505, Dice: 0.3424, AuxFocal: 0.0000, AuxDice: 0.0000), Acc = 0.8408, mIoU = 0.2955], LR: 0.000009
2025-05-14 12:25:25,827 - INFO - Epoch 51/20000 [52.99s], Training: [0.4081 (Focal: 0.0445, Dice: 0.3636, AuxFocal: 0.0000, AuxDice: 0.0000)], Validation: [0.4185 (Focal: 0.0490, Dice: 0.3696, AuxFocal: 0.0000, AuxDice: 0.0000), Acc = 0.8412, mIoU = 0.2754], LR: 0.000009
2025-05-14 12:26:50,474 - INFO - Epoch 52/20000 [53.02s], Training: [0.3997 (Focal: 0.0417, Dice: 0.3581, AuxFocal: 0.0000, AuxDice: 0.0000)], Validation: [0.3847 (Focal: 0.0474, Dice: 0.3373, AuxFocal: 0.0000, AuxDice: 0.0000), Acc = 0.8346, mIoU = 0.3030], LR: 0.000009
2025-05-14 12:28:14,934 - INFO - Epoch 53/20000 [52.65s], Training: [0.3939 (Focal: 0.0424, Dice: 0.3515, AuxFocal: 0.0000, AuxDice: 0.0000)], Validation: [0.3907 (Focal: 0.0464, Dice: 0.3443, AuxFocal: 0.0000, AuxDice: 0.0000), Acc = 0.8471, mIoU = 0.3241], LR: 0.000009
2025-05-14 12:28:27,771 - INFO - 保存最佳模型 (mIoU: 0.3241)
2025-05-14 12:29:52,759 - INFO - Epoch 54/20000 [52.92s], Training: [0.3878 (Focal: 0.0421, Dice: 0.3457, AuxFocal: 0.0000, AuxDice: 0.0000)], Validation: [0.3744 (Focal: 0.0454, Dice: 0.3290, AuxFocal: 0.0000, AuxDice: 0.0000), Acc = 0.8421, mIoU = 0.3381], LR: 0.000009
2025-05-14 12:30:05,384 - INFO - 保存最佳模型 (mIoU: 0.3381)
2025-05-14 12:31:30,437 - INFO - Epoch 55/20000 [52.96s], Training: [0.3888 (Focal: 0.0421, Dice: 0.3467, AuxFocal: 0.0000, AuxDice: 0.0000)], Validation: [0.3767 (Focal: 0.0470, Dice: 0.3297, AuxFocal: 0.0000, AuxDice: 0.0000), Acc = 0.8379, mIoU = 0.3254], LR: 0.000008
2025-05-14 12:32:55,368 - INFO - Epoch 56/20000 [53.09s], Training: [0.3860 (Focal: 0.0424, Dice: 0.3436, AuxFocal: 0.0000, AuxDice: 0.0000)], Validation: [0.3812 (Focal: 0.0448, Dice: 0.3364, AuxFocal: 0.0000, AuxDice: 0.0000), Acc = 0.8456, mIoU = 0.3275], LR: 0.000008
2025-05-14 12:34:19,597 - INFO - Epoch 57/20000 [52.47s], Training: [0.3989 (Focal: 0.0432, Dice: 0.3557, AuxFocal: 0.0000, AuxDice: 0.0000)], Validation: [0.4016 (Focal: 0.0541, Dice: 0.3476, AuxFocal: 0.0000, AuxDice: 0.0000), Acc = 0.8451, mIoU = 0.2891], LR: 0.000008
2025-05-14 12:35:44,181 - INFO - Epoch 58/20000 [52.92s], Training: [0.3983 (Focal: 0.0429, Dice: 0.3554, AuxFocal: 0.0000, AuxDice: 0.0000)], Validation: [0.3729 (Focal: 0.0473, Dice: 0.3256, AuxFocal: 0.0000, AuxDice: 0.0000), Acc = 0.8462, mIoU = 0.3328], LR: 0.000008
2025-05-14 12:37:08,723 - INFO - Epoch 59/20000 [52.92s], Training: [0.3928 (Focal: 0.0408, Dice: 0.3521, AuxFocal: 0.0000, AuxDice: 0.0000)], Validation: [0.3703 (Focal: 0.0436, Dice: 0.3267, AuxFocal: 0.0000, AuxDice: 0.0000), Acc = 0.8472, mIoU = 0.3277], LR: 0.000008
2025-05-14 12:38:33,618 - INFO - Epoch 60/20000 [52.60s], Training: [0.3695 (Focal: 0.0406, Dice: 0.3289, AuxFocal: 0.0000, AuxDice: 0.0000)], Validation: [0.3699 (Focal: 0.0394, Dice: 0.3305, AuxFocal: 0.0000, AuxDice: 0.0000), Acc = 0.8458, mIoU = 0.3449], LR: 0.000008
2025-05-14 12:38:46,133 - INFO - 保存最佳模型 (mIoU: 0.3449)
2025-05-14 12:40:10,951 - INFO - Epoch 61/20000 [52.79s], Training: [0.3835 (Focal: 0.0407, Dice: 0.3427, AuxFocal: 0.0000, AuxDice: 0.0000)], Validation: [0.3875 (Focal: 0.0431, Dice: 0.3444, AuxFocal: 0.0000, AuxDice: 0.0000), Acc = 0.8432, mIoU = 0.3181], LR: 0.000008
2025-05-14 12:41:36,220 - INFO - Epoch 62/20000 [53.14s], Training: [0.3962 (Focal: 0.0429, Dice: 0.3534, AuxFocal: 0.0000, AuxDice: 0.0000)], Validation: [0.3755 (Focal: 0.0494, Dice: 0.3261, AuxFocal: 0.0000, AuxDice: 0.0000), Acc = 0.8372, mIoU = 0.3333], LR: 0.000008
2025-05-14 12:43:01,219 - INFO - Epoch 63/20000 [53.02s], Training: [0.3852 (Focal: 0.0400, Dice: 0.3453, AuxFocal: 0.0000, AuxDice: 0.0000)], Validation: [0.3731 (Focal: 0.0491, Dice: 0.3240, AuxFocal: 0.0000, AuxDice: 0.0000), Acc = 0.8404, mIoU = 0.3250], LR: 0.000008
2025-05-14 12:44:25,247 - INFO - Epoch 64/20000 [52.45s], Training: [0.3780 (Focal: 0.0427, Dice: 0.3353, AuxFocal: 0.0000, AuxDice: 0.0000)], Validation: [0.3804 (Focal: 0.0454, Dice: 0.3350, AuxFocal: 0.0000, AuxDice: 0.0000), Acc = 0.8451, mIoU = 0.3295], LR: 0.000008
2025-05-14 12:45:49,773 - INFO - Epoch 65/20000 [52.59s], Training: [0.3692 (Focal: 0.0390, Dice: 0.3303, AuxFocal: 0.0000, AuxDice: 0.0000)], Validation: [0.3875 (Focal: 0.0484, Dice: 0.3391, AuxFocal: 0.0000, AuxDice: 0.0000), Acc = 0.8415, mIoU = 0.3078], LR: 0.000008
2025-05-14 12:47:14,698 - INFO - Epoch 66/20000 [53.09s], Training: [0.3959 (Focal: 0.0398, Dice: 0.3560, AuxFocal: 0.0000, AuxDice: 0.0000)], Validation: [0.3719 (Focal: 0.0451, Dice: 0.3269, AuxFocal: 0.0000, AuxDice: 0.0000), Acc = 0.8472, mIoU = 0.3461], LR: 0.000008
2025-05-14 12:47:27,464 - INFO - 保存最佳模型 (mIoU: 0.3461)
2025-05-14 12:48:52,462 - INFO - Epoch 67/20000 [52.94s], Training: [0.3955 (Focal: 0.0395, Dice: 0.3560, AuxFocal: 0.0000, AuxDice: 0.0000)], Validation: [0.3679 (Focal: 0.0454, Dice: 0.3225, AuxFocal: 0.0000, AuxDice: 0.0000), Acc = 0.8468, mIoU = 0.3368], LR: 0.000008
2025-05-14 12:50:17,865 - INFO - Epoch 68/20000 [53.06s], Training: [0.3775 (Focal: 0.0390, Dice: 0.3385, AuxFocal: 0.0000, AuxDice: 0.0000)], Validation: [0.3874 (Focal: 0.0475, Dice: 0.3399, AuxFocal: 0.0000, AuxDice: 0.0000), Acc = 0.8454, mIoU = 0.3321], LR: 0.000008
2025-05-14 12:51:43,165 - INFO - Epoch 69/20000 [52.86s], Training: [0.3699 (Focal: 0.0385, Dice: 0.3314, AuxFocal: 0.0000, AuxDice: 0.0000)], Validation: [0.3674 (Focal: 0.0521, Dice: 0.3153, AuxFocal: 0.0000, AuxDice: 0.0000), Acc = 0.8328, mIoU = 0.3341], LR: 0.000008
2025-05-14 12:53:07,908 - INFO - Epoch 70/20000 [52.71s], Training: [0.3662 (Focal: 0.0386, Dice: 0.3277, AuxFocal: 0.0000, AuxDice: 0.0000)], Validation: [0.3488 (Focal: 0.0402, Dice: 0.3086, AuxFocal: 0.0000, AuxDice: 0.0000), Acc = 0.8482, mIoU = 0.3684], LR: 0.000008
2025-05-14 12:53:20,290 - INFO - 保存最佳模型 (mIoU: 0.3684)
2025-05-14 12:54:45,662 - INFO - Epoch 71/20000 [52.94s], Training: [0.3813 (Focal: 0.0397, Dice: 0.3416, AuxFocal: 0.0000, AuxDice: 0.0000)], Validation: [0.3613 (Focal: 0.0416, Dice: 0.3197, AuxFocal: 0.0000, AuxDice: 0.0000), Acc = 0.8491, mIoU = 0.3429], LR: 0.000008
2025-05-14 12:56:10,909 - INFO - Epoch 72/20000 [52.96s], Training: [0.3724 (Focal: 0.0378, Dice: 0.3345, AuxFocal: 0.0000, AuxDice: 0.0000)], Validation: [0.3669 (Focal: 0.0417, Dice: 0.3253, AuxFocal: 0.0000, AuxDice: 0.0000), Acc = 0.8459, mIoU = 0.3514], LR: 0.000007
2025-05-14 12:57:35,926 - INFO - Epoch 73/20000 [53.01s], Training: [0.3661 (Focal: 0.0383, Dice: 0.3278, AuxFocal: 0.0000, AuxDice: 0.0000)], Validation: [0.3484 (Focal: 0.0410, Dice: 0.3073, AuxFocal: 0.0000, AuxDice: 0.0000), Acc = 0.8484, mIoU = 0.3522], LR: 0.000007
2025-05-14 12:59:01,110 - INFO - Epoch 74/20000 [53.30s], Training: [0.3705 (Focal: 0.0380, Dice: 0.3325, AuxFocal: 0.0000, AuxDice: 0.0000)], Validation: [0.3465 (Focal: 0.0414, Dice: 0.3050, AuxFocal: 0.0000, AuxDice: 0.0000), Acc = 0.8460, mIoU = 0.3666], LR: 0.000007
2025-05-14 13:00:25,914 - INFO - Epoch 75/20000 [52.86s], Training: [0.3748 (Focal: 0.0380, Dice: 0.3368, AuxFocal: 0.0000, AuxDice: 0.0000)], Validation: [0.3672 (Focal: 0.0489, Dice: 0.3183, AuxFocal: 0.0000, AuxDice: 0.0000), Acc = 0.8467, mIoU = 0.3257], LR: 0.000007
2025-05-14 13:01:50,595 - INFO - Epoch 76/20000 [52.90s], Training: [0.3664 (Focal: 0.0400, Dice: 0.3264, AuxFocal: 0.0000, AuxDice: 0.0000)], Validation: [0.3481 (Focal: 0.0410, Dice: 0.3070, AuxFocal: 0.0000, AuxDice: 0.0000), Acc = 0.8474, mIoU = 0.3484], LR: 0.000007
2025-05-14 13:03:15,474 - INFO - Epoch 77/20000 [52.74s], Training: [0.3638 (Focal: 0.0381, Dice: 0.3257, AuxFocal: 0.0000, AuxDice: 0.0000)], Validation: [0.3425 (Focal: 0.0426, Dice: 0.2999, AuxFocal: 0.0000, AuxDice: 0.0000), Acc = 0.8479, mIoU = 0.3677], LR: 0.000007
2025-05-14 13:04:40,271 - INFO - Epoch 78/20000 [53.04s], Training: [0.3638 (Focal: 0.0387, Dice: 0.3250, AuxFocal: 0.0000, AuxDice: 0.0000)], Validation: [0.3419 (Focal: 0.0388, Dice: 0.3030, AuxFocal: 0.0000, AuxDice: 0.0000), Acc = 0.8494, mIoU = 0.3677], LR: 0.000007
2025-05-14 13:06:05,782 - INFO - Epoch 79/20000 [52.88s], Training: [0.3644 (Focal: 0.0365, Dice: 0.3278, AuxFocal: 0.0000, AuxDice: 0.0000)], Validation: [0.3636 (Focal: 0.0412, Dice: 0.3223, AuxFocal: 0.0000, AuxDice: 0.0000), Acc = 0.8470, mIoU = 0.3309], LR: 0.000007
2025-05-14 13:07:30,750 - INFO - Epoch 80/20000 [53.13s], Training: [0.3720 (Focal: 0.0381, Dice: 0.3339, AuxFocal: 0.0000, AuxDice: 0.0000)], Validation: [0.3472 (Focal: 0.0410, Dice: 0.3062, AuxFocal: 0.0000, AuxDice: 0.0000), Acc = 0.8491, mIoU = 0.3632], LR: 0.000007
2025-05-14 13:08:55,633 - INFO - Epoch 81/20000 [52.96s], Training: [0.3620 (Focal: 0.0380, Dice: 0.3240, AuxFocal: 0.0000, AuxDice: 0.0000)], Validation: [0.3711 (Focal: 0.0454, Dice: 0.3256, AuxFocal: 0.0000, AuxDice: 0.0000), Acc = 0.8434, mIoU = 0.3305], LR: 0.000007
2025-05-14 13:10:20,893 - INFO - Epoch 82/20000 [53.33s], Training: [0.3685 (Focal: 0.0385, Dice: 0.3300, AuxFocal: 0.0000, AuxDice: 0.0000)], Validation: [0.3565 (Focal: 0.0401, Dice: 0.3163, AuxFocal: 0.0000, AuxDice: 0.0000), Acc = 0.8441, mIoU = 0.3496], LR: 0.000007
2025-05-14 13:11:46,382 - INFO - Epoch 83/20000 [53.05s], Training: [0.3551 (Focal: 0.0371, Dice: 0.3180, AuxFocal: 0.0000, AuxDice: 0.0000)], Validation: [0.3439 (Focal: 0.0427, Dice: 0.3012, AuxFocal: 0.0000, AuxDice: 0.0000), Acc = 0.8448, mIoU = 0.3701], LR: 0.000007
2025-05-14 13:11:58,984 - INFO - 保存最佳模型 (mIoU: 0.3701)
2025-05-14 13:13:24,429 - INFO - Epoch 84/20000 [53.13s], Training: [0.3458 (Focal: 0.0364, Dice: 0.3094, AuxFocal: 0.0000, AuxDice: 0.0000)], Validation: [0.3615 (Focal: 0.0467, Dice: 0.3148, AuxFocal: 0.0000, AuxDice: 0.0000), Acc = 0.8507, mIoU = 0.3598], LR: 0.000007
2025-05-14 13:14:49,690 - INFO - Epoch 85/20000 [53.15s], Training: [0.3654 (Focal: 0.0365, Dice: 0.3289, AuxFocal: 0.0000, AuxDice: 0.0000)], Validation: [0.3679 (Focal: 0.0470, Dice: 0.3209, AuxFocal: 0.0000, AuxDice: 0.0000), Acc = 0.8465, mIoU = 0.3581], LR: 0.000007
2025-05-14 13:16:15,187 - INFO - Epoch 86/20000 [53.15s], Training: [0.3503 (Focal: 0.0353, Dice: 0.3150, AuxFocal: 0.0000, AuxDice: 0.0000)], Validation: [0.3487 (Focal: 0.0428, Dice: 0.3059, AuxFocal: 0.0000, AuxDice: 0.0000), Acc = 0.8512, mIoU = 0.3615], LR: 0.000007
2025-05-14 13:17:40,140 - INFO - Epoch 87/20000 [53.14s], Training: [0.3583 (Focal: 0.0359, Dice: 0.3224, AuxFocal: 0.0000, AuxDice: 0.0000)], Validation: [0.3426 (Focal: 0.0436, Dice: 0.2990, AuxFocal: 0.0000, AuxDice: 0.0000), Acc = 0.8453, mIoU = 0.3700], LR: 0.000006
2025-05-14 13:19:04,847 - INFO - Epoch 88/20000 [52.93s], Training: [0.3455 (Focal: 0.0346, Dice: 0.3109, AuxFocal: 0.0000, AuxDice: 0.0000)], Validation: [0.3322 (Focal: 0.0386, Dice: 0.2936, AuxFocal: 0.0000, AuxDice: 0.0000), Acc = 0.8508, mIoU = 0.3774], LR: 0.000006
2025-05-14 13:19:17,488 - INFO - 保存最佳模型 (mIoU: 0.3774)
2025-05-14 13:20:42,700 - INFO - Epoch 89/20000 [52.91s], Training: [0.3606 (Focal: 0.0378, Dice: 0.3228, AuxFocal: 0.0000, AuxDice: 0.0000)], Validation: [0.3340 (Focal: 0.0418, Dice: 0.2922, AuxFocal: 0.0000, AuxDice: 0.0000), Acc = 0.8493, mIoU = 0.3860], LR: 0.000006
2025-05-14 13:20:55,523 - INFO - 保存最佳模型 (mIoU: 0.3860)
2025-05-14 13:22:20,327 - INFO - Epoch 90/20000 [52.87s], Training: [0.3475 (Focal: 0.0355, Dice: 0.3121, AuxFocal: 0.0000, AuxDice: 0.0000)], Validation: [0.3403 (Focal: 0.0417, Dice: 0.2986, AuxFocal: 0.0000, AuxDice: 0.0000), Acc = 0.8511, mIoU = 0.3634], LR: 0.000006
2025-05-14 13:23:45,952 - INFO - Epoch 91/20000 [53.28s], Training: [0.3551 (Focal: 0.0347, Dice: 0.3204, AuxFocal: 0.0000, AuxDice: 0.0000)], Validation: [0.3316 (Focal: 0.0365, Dice: 0.2950, AuxFocal: 0.0000, AuxDice: 0.0000), Acc = 0.8523, mIoU = 0.3800], LR: 0.000006
2025-05-14 13:25:11,640 - INFO - Epoch 92/20000 [53.08s], Training: [0.3457 (Focal: 0.0361, Dice: 0.3096, AuxFocal: 0.0000, AuxDice: 0.0000)], Validation: [0.3408 (Focal: 0.0460, Dice: 0.2948, AuxFocal: 0.0000, AuxDice: 0.0000), Acc = 0.8450, mIoU = 0.3584], LR: 0.000006
2025-05-14 13:26:37,055 - INFO - Epoch 93/20000 [53.34s], Training: [0.3236 (Focal: 0.0357, Dice: 0.2878, AuxFocal: 0.0000, AuxDice: 0.0000)], Validation: [0.3361 (Focal: 0.0389, Dice: 0.2973, AuxFocal: 0.0000, AuxDice: 0.0000), Acc = 0.8483, mIoU = 0.3688], LR: 0.000006
2025-05-14 13:28:02,397 - INFO - Epoch 94/20000 [53.32s], Training: [0.3454 (Focal: 0.0347, Dice: 0.3106, AuxFocal: 0.0000, AuxDice: 0.0000)], Validation: [0.3286 (Focal: 0.0375, Dice: 0.2911, AuxFocal: 0.0000, AuxDice: 0.0000), Acc = 0.8504, mIoU = 0.3804], LR: 0.000006
2025-05-14 13:29:27,452 - INFO - Epoch 95/20000 [53.16s], Training: [0.3354 (Focal: 0.0346, Dice: 0.3008, AuxFocal: 0.0000, AuxDice: 0.0000)], Validation: [0.3285 (Focal: 0.0383, Dice: 0.2902, AuxFocal: 0.0000, AuxDice: 0.0000), Acc = 0.8513, mIoU = 0.3750], LR: 0.000006
2025-05-14 13:30:52,720 - INFO - Epoch 96/20000 [53.34s], Training: [0.3471 (Focal: 0.0345, Dice: 0.3125, AuxFocal: 0.0000, AuxDice: 0.0000)], Validation: [0.3334 (Focal: 0.0406, Dice: 0.2928, AuxFocal: 0.0000, AuxDice: 0.0000), Acc = 0.8515, mIoU = 0.3826], LR: 0.000006
2025-05-14 13:32:18,473 - INFO - Epoch 97/20000 [53.41s], Training: [0.3335 (Focal: 0.0351, Dice: 0.2983, AuxFocal: 0.0000, AuxDice: 0.0000)], Validation: [0.3592 (Focal: 0.0411, Dice: 0.3181, AuxFocal: 0.0000, AuxDice: 0.0000), Acc = 0.8505, mIoU = 0.3391], LR: 0.000006
2025-05-14 13:33:43,562 - INFO - Epoch 98/20000 [53.08s], Training: [0.3387 (Focal: 0.0341, Dice: 0.3046, AuxFocal: 0.0000, AuxDice: 0.0000)], Validation: [0.3341 (Focal: 0.0419, Dice: 0.2922, AuxFocal: 0.0000, AuxDice: 0.0000), Acc = 0.8526, mIoU = 0.3742], LR: 0.000006
2025-05-14 13:35:08,464 - INFO - Epoch 99/20000 [53.13s], Training: [0.3490 (Focal: 0.0366, Dice: 0.3124, AuxFocal: 0.0000, AuxDice: 0.0000)], Validation: [0.3430 (Focal: 0.0403, Dice: 0.3027, AuxFocal: 0.0000, AuxDice: 0.0000), Acc = 0.8495, mIoU = 0.3549], LR: 0.000006
2025-05-14 13:36:33,880 - INFO - Epoch 100/20000 [53.14s], Training: [0.3260 (Focal: 0.0338, Dice: 0.2922, AuxFocal: 0.0000, AuxDice: 0.0000)], Validation: [0.3417 (Focal: 0.0431, Dice: 0.2986, AuxFocal: 0.0000, AuxDice: 0.0000), Acc = 0.8494, mIoU = 0.3631], LR: 0.000006
2025-05-14 13:47:18,136 - INFO - Epoch 101/20000 [612.15s], Training: [0.3361 (Focal: 0.0346, Dice: 0.3015, AuxFocal: 0.0000, AuxDice: 0.0000)], Validation: [0.3364 (Focal: 0.0400, Dice: 0.2964, AuxFocal: 0.0000, AuxDice: 0.0000), Acc = 0.8522, mIoU = 0.3686], LR: 0.000005
2025-05-14 14:21:59,668 - INFO - Epoch 102/20000 [53.18s], Training: [0.3280 (Focal: 0.0329, Dice: 0.2951, AuxFocal: 0.0000, AuxDice: 0.0000)], Validation: [0.3282 (Focal: 0.0371, Dice: 0.2911, AuxFocal: 0.0000, AuxDice: 0.0000), Acc = 0.8522, mIoU = 0.3777], LR: 0.000005
2025-05-14 14:23:24,812 - INFO - Epoch 103/20000 [53.17s], Training: [0.3237 (Focal: 0.0331, Dice: 0.2906, AuxFocal: 0.0000, AuxDice: 0.0000)], Validation: [0.3230 (Focal: 0.0359, Dice: 0.2870, AuxFocal: 0.0000, AuxDice: 0.0000), Acc = 0.8510, mIoU = 0.3812], LR: 0.000005
2025-05-14 14:24:50,317 - INFO - Epoch 104/20000 [53.18s], Training: [0.3213 (Focal: 0.0341, Dice: 0.2872, AuxFocal: 0.0000, AuxDice: 0.0000)], Validation: [0.3330 (Focal: 0.0405, Dice: 0.2925, AuxFocal: 0.0000, AuxDice: 0.0000), Acc = 0.8494, mIoU = 0.3718], LR: 0.000005
2025-05-14 14:26:15,388 - INFO - Epoch 105/20000 [53.10s], Training: [0.3175 (Focal: 0.0319, Dice: 0.2855, AuxFocal: 0.0000, AuxDice: 0.0000)], Validation: [0.3272 (Focal: 0.0406, Dice: 0.2867, AuxFocal: 0.0000, AuxDice: 0.0000), Acc = 0.8498, mIoU = 0.3870], LR: 0.000005
2025-05-14 14:26:34,449 - INFO - 保存最佳模型 (mIoU: 0.3870)
2025-05-14 14:27:59,414 - INFO - Epoch 106/20000 [53.18s], Training: [0.3346 (Focal: 0.0335, Dice: 0.3010, AuxFocal: 0.0000, AuxDice: 0.0000)], Validation: [0.3295 (Focal: 0.0360, Dice: 0.2935, AuxFocal: 0.0000, AuxDice: 0.0000), Acc = 0.8530, mIoU = 0.3763], LR: 0.000005
2025-05-14 14:29:24,385 - INFO - Epoch 107/20000 [52.95s], Training: [0.3180 (Focal: 0.0327, Dice: 0.2853, AuxFocal: 0.0000, AuxDice: 0.0000)], Validation: [0.3262 (Focal: 0.0373, Dice: 0.2889, AuxFocal: 0.0000, AuxDice: 0.0000), Acc = 0.8508, mIoU = 0.3756], LR: 0.000005
2025-05-14 14:30:49,585 - INFO - Epoch 108/20000 [53.20s], Training: [0.3150 (Focal: 0.0327, Dice: 0.2823, AuxFocal: 0.0000, AuxDice: 0.0000)], Validation: [0.3308 (Focal: 0.0438, Dice: 0.2869, AuxFocal: 0.0000, AuxDice: 0.0000), Acc = 0.8467, mIoU = 0.3829], LR: 0.000005
2025-05-14 14:32:14,933 - INFO - Epoch 109/20000 [53.20s], Training: [0.3271 (Focal: 0.0337, Dice: 0.2934, AuxFocal: 0.0000, AuxDice: 0.0000)], Validation: [0.3399 (Focal: 0.0399, Dice: 0.3000, AuxFocal: 0.0000, AuxDice: 0.0000), Acc = 0.8526, mIoU = 0.3670], LR: 0.000005
2025-05-14 14:33:40,538 - INFO - Epoch 110/20000 [53.34s], Training: [0.3264 (Focal: 0.0329, Dice: 0.2935, AuxFocal: 0.0000, AuxDice: 0.0000)], Validation: [0.3315 (Focal: 0.0402, Dice: 0.2913, AuxFocal: 0.0000, AuxDice: 0.0000), Acc = 0.8518, mIoU = 0.3728], LR: 0.000005
2025-05-14 14:35:05,783 - INFO - Epoch 111/20000 [52.99s], Training: [0.3100 (Focal: 0.0317, Dice: 0.2783, AuxFocal: 0.0000, AuxDice: 0.0000)], Validation: [0.3230 (Focal: 0.0407, Dice: 0.2823, AuxFocal: 0.0000, AuxDice: 0.0000), Acc = 0.8503, mIoU = 0.3832], LR: 0.000005
2025-05-14 14:36:30,780 - INFO - Epoch 112/20000 [53.18s], Training: [0.3241 (Focal: 0.0324, Dice: 0.2917, AuxFocal: 0.0000, AuxDice: 0.0000)], Validation: [0.3212 (Focal: 0.0338, Dice: 0.2873, AuxFocal: 0.0000, AuxDice: 0.0000), Acc = 0.8526, mIoU = 0.3871], LR: 0.000005
2025-05-14 14:36:43,254 - INFO - 保存最佳模型 (mIoU: 0.3871)
2025-05-14 14:38:08,834 - INFO - Epoch 113/20000 [53.25s], Training: [0.3032 (Focal: 0.0308, Dice: 0.2724, AuxFocal: 0.0000, AuxDice: 0.0000)], Validation: [0.3240 (Focal: 0.0381, Dice: 0.2859, AuxFocal: 0.0000, AuxDice: 0.0000), Acc = 0.8519, mIoU = 0.3809], LR: 0.000005
2025-05-14 14:39:33,778 - INFO - Epoch 114/20000 [53.20s], Training: [0.3359 (Focal: 0.0321, Dice: 0.3039, AuxFocal: 0.0000, AuxDice: 0.0000)], Validation: [0.3352 (Focal: 0.0442, Dice: 0.2910, AuxFocal: 0.0000, AuxDice: 0.0000), Acc = 0.8452, mIoU = 0.3664], LR: 0.000005
2025-05-14 14:40:59,093 - INFO - Epoch 115/20000 [53.23s], Training: [0.3120 (Focal: 0.0322, Dice: 0.2798, AuxFocal: 0.0000, AuxDice: 0.0000)], Validation: [0.3196 (Focal: 0.0377, Dice: 0.2819, AuxFocal: 0.0000, AuxDice: 0.0000), Acc = 0.8534, mIoU = 0.3892], LR: 0.000005
2025-05-14 14:41:11,693 - INFO - 保存最佳模型 (mIoU: 0.3892)
2025-05-14 14:42:36,980 - INFO - Epoch 116/20000 [53.07s], Training: [0.3212 (Focal: 0.0298, Dice: 0.2914, AuxFocal: 0.0000, AuxDice: 0.0000)], Validation: [0.3202 (Focal: 0.0392, Dice: 0.2810, AuxFocal: 0.0000, AuxDice: 0.0000), Acc = 0.8519, mIoU = 0.3868], LR: 0.000004
2025-05-14 14:44:02,119 - INFO - Epoch 117/20000 [53.20s], Training: [0.3018 (Focal: 0.0312, Dice: 0.2705, AuxFocal: 0.0000, AuxDice: 0.0000)], Validation: [0.3379 (Focal: 0.0410, Dice: 0.2969, AuxFocal: 0.0000, AuxDice: 0.0000), Acc = 0.8531, mIoU = 0.3690], LR: 0.000004
2025-05-14 14:45:27,442 - INFO - Epoch 118/20000 [53.26s], Training: [0.3127 (Focal: 0.0304, Dice: 0.2823, AuxFocal: 0.0000, AuxDice: 0.0000)], Validation: [0.3240 (Focal: 0.0434, Dice: 0.2805, AuxFocal: 0.0000, AuxDice: 0.0000), Acc = 0.8467, mIoU = 0.3934], LR: 0.000004
2025-05-14 14:45:40,642 - INFO - 保存最佳模型 (mIoU: 0.3934)
2025-05-14 14:47:05,940 - INFO - Epoch 119/20000 [53.16s], Training: [0.3174 (Focal: 0.0328, Dice: 0.2846, AuxFocal: 0.0000, AuxDice: 0.0000)], Validation: [0.3278 (Focal: 0.0423, Dice: 0.2855, AuxFocal: 0.0000, AuxDice: 0.0000), Acc = 0.8518, mIoU = 0.3842], LR: 0.000004
2025-05-14 14:48:31,026 - INFO - Epoch 120/20000 [53.13s], Training: [0.3087 (Focal: 0.0316, Dice: 0.2771, AuxFocal: 0.0000, AuxDice: 0.0000)], Validation: [0.3112 (Focal: 0.0390, Dice: 0.2722, AuxFocal: 0.0000, AuxDice: 0.0000), Acc = 0.8538, mIoU = 0.3979], LR: 0.000004
2025-05-14 14:48:43,235 - INFO - 保存最佳模型 (mIoU: 0.3979)
2025-05-14 14:50:08,752 - INFO - Epoch 121/20000 [53.47s], Training: [0.3089 (Focal: 0.0310, Dice: 0.2778, AuxFocal: 0.0000, AuxDice: 0.0000)], Validation: [0.3091 (Focal: 0.0364, Dice: 0.2727, AuxFocal: 0.0000, AuxDice: 0.0000), Acc = 0.8533, mIoU = 0.4280], LR: 0.000004
2025-05-14 14:50:21,302 - INFO - 保存最佳模型 (mIoU: 0.4280)
2025-05-14 14:51:46,673 - INFO - Epoch 122/20000 [53.55s], Training: [0.3154 (Focal: 0.0297, Dice: 0.2857, AuxFocal: 0.0000, AuxDice: 0.0000)], Validation: [0.3049 (Focal: 0.0369, Dice: 0.2680, AuxFocal: 0.0000, AuxDice: 0.0000), Acc = 0.8528, mIoU = 0.4191], LR: 0.000004
2025-05-14 14:53:12,860 - INFO - Epoch 123/20000 [53.75s], Training: [0.2964 (Focal: 0.0288, Dice: 0.2677, AuxFocal: 0.0000, AuxDice: 0.0000)], Validation: [0.3051 (Focal: 0.0383, Dice: 0.2669, AuxFocal: 0.0000, AuxDice: 0.0000), Acc = 0.8524, mIoU = 0.4155], LR: 0.000004
2025-05-14 14:54:38,114 - INFO - Epoch 124/20000 [53.30s], Training: [0.3025 (Focal: 0.0309, Dice: 0.2716, AuxFocal: 0.0000, AuxDice: 0.0000)], Validation: [0.3221 (Focal: 0.0402, Dice: 0.2819, AuxFocal: 0.0000, AuxDice: 0.0000), Acc = 0.8506, mIoU = 0.4169], LR: 0.000004
2025-05-14 14:56:03,387 - INFO - Epoch 125/20000 [53.33s], Training: [0.3044 (Focal: 0.0292, Dice: 0.2752, AuxFocal: 0.0000, AuxDice: 0.0000)], Validation: [0.3229 (Focal: 0.0439, Dice: 0.2791, AuxFocal: 0.0000, AuxDice: 0.0000), Acc = 0.8499, mIoU = 0.3885], LR: 0.000004
2025-05-14 14:57:29,309 - INFO - Epoch 126/20000 [53.55s], Training: [0.2995 (Focal: 0.0286, Dice: 0.2709, AuxFocal: 0.0000, AuxDice: 0.0000)], Validation: [0.3229 (Focal: 0.0410, Dice: 0.2819, AuxFocal: 0.0000, AuxDice: 0.0000), Acc = 0.8537, mIoU = 0.3921], LR: 0.000004
2025-05-14 14:58:54,223 - INFO - Epoch 127/20000 [53.18s], Training: [0.2991 (Focal: 0.0304, Dice: 0.2687, AuxFocal: 0.0000, AuxDice: 0.0000)], Validation: [0.3020 (Focal: 0.0374, Dice: 0.2647, AuxFocal: 0.0000, AuxDice: 0.0000), Acc = 0.8521, mIoU = 0.4145], LR: 0.000004
2025-05-14 15:00:19,887 - INFO - Epoch 128/20000 [53.55s], Training: [0.3113 (Focal: 0.0317, Dice: 0.2796, AuxFocal: 0.0000, AuxDice: 0.0000)], Validation: [0.3107 (Focal: 0.0402, Dice: 0.2706, AuxFocal: 0.0000, AuxDice: 0.0000), Acc = 0.8519, mIoU = 0.4004], LR: 0.000004
2025-05-14 15:01:45,372 - INFO - Epoch 129/20000 [53.34s], Training: [0.2948 (Focal: 0.0313, Dice: 0.2635, AuxFocal: 0.0000, AuxDice: 0.0000)], Validation: [0.3165 (Focal: 0.0347, Dice: 0.2818, AuxFocal: 0.0000, AuxDice: 0.0000), Acc = 0.8503, mIoU = 0.3934], LR: 0.000004
2025-05-14 15:03:10,987 - INFO - Epoch 130/20000 [53.35s], Training: [0.2991 (Focal: 0.0289, Dice: 0.2701, AuxFocal: 0.0000, AuxDice: 0.0000)], Validation: [0.3002 (Focal: 0.0375, Dice: 0.2626, AuxFocal: 0.0000, AuxDice: 0.0000), Acc = 0.8527, mIoU = 0.4202], LR: 0.000004
2025-05-14 15:04:36,557 - INFO - Epoch 131/20000 [53.28s], Training: [0.3122 (Focal: 0.0302, Dice: 0.2820, AuxFocal: 0.0000, AuxDice: 0.0000)], Validation: [0.3038 (Focal: 0.0376, Dice: 0.2662, AuxFocal: 0.0000, AuxDice: 0.0000), Acc = 0.8536, mIoU = 0.4240], LR: 0.000003
2025-05-14 15:06:02,289 - INFO - Epoch 132/20000 [53.78s], Training: [0.3038 (Focal: 0.0311, Dice: 0.2727, AuxFocal: 0.0000, AuxDice: 0.0000)], Validation: [0.3181 (Focal: 0.0394, Dice: 0.2787, AuxFocal: 0.0000, AuxDice: 0.0000), Acc = 0.8536, mIoU = 0.3943], LR: 0.000003
2025-05-14 15:07:27,969 - INFO - Epoch 133/20000 [53.27s], Training: [0.3155 (Focal: 0.0308, Dice: 0.2847, AuxFocal: 0.0000, AuxDice: 0.0000)], Validation: [0.3084 (Focal: 0.0380, Dice: 0.2704, AuxFocal: 0.0000, AuxDice: 0.0000), Acc = 0.8541, mIoU = 0.3990], LR: 0.000003
2025-05-14 15:08:53,775 - INFO - Epoch 134/20000 [53.36s], Training: [0.3008 (Focal: 0.0281, Dice: 0.2727, AuxFocal: 0.0000, AuxDice: 0.0000)], Validation: [0.2964 (Focal: 0.0374, Dice: 0.2590, AuxFocal: 0.0000, AuxDice: 0.0000), Acc = 0.8525, mIoU = 0.4370], LR: 0.000003
2025-05-14 15:09:06,348 - INFO - 保存最佳模型 (mIoU: 0.4370)
2025-05-14 15:10:32,392 - INFO - Epoch 135/20000 [53.56s], Training: [0.2896 (Focal: 0.0288, Dice: 0.2608, AuxFocal: 0.0000, AuxDice: 0.0000)], Validation: [0.3056 (Focal: 0.0370, Dice: 0.2686, AuxFocal: 0.0000, AuxDice: 0.0000), Acc = 0.8526, mIoU = 0.4257], LR: 0.000003
2025-05-14 15:11:58,007 - INFO - Epoch 136/20000 [53.55s], Training: [0.2778 (Focal: 0.0288, Dice: 0.2490, AuxFocal: 0.0000, AuxDice: 0.0000)], Validation: [0.3043 (Focal: 0.0404, Dice: 0.2639, AuxFocal: 0.0000, AuxDice: 0.0000), Acc = 0.8527, mIoU = 0.4186], LR: 0.000003
2025-05-14 15:13:23,403 - INFO - Epoch 137/20000 [53.00s], Training: [0.2934 (Focal: 0.0292, Dice: 0.2643, AuxFocal: 0.0000, AuxDice: 0.0000)], Validation: [0.3028 (Focal: 0.0363, Dice: 0.2665, AuxFocal: 0.0000, AuxDice: 0.0000), Acc = 0.8542, mIoU = 0.4332], LR: 0.000003
2025-05-14 15:14:49,330 - INFO - Epoch 138/20000 [53.47s], Training: [0.2893 (Focal: 0.0293, Dice: 0.2599, AuxFocal: 0.0000, AuxDice: 0.0000)], Validation: [0.2997 (Focal: 0.0412, Dice: 0.2584, AuxFocal: 0.0000, AuxDice: 0.0000), Acc = 0.8512, mIoU = 0.4255], LR: 0.000003
2025-05-14 15:16:15,275 - INFO - Epoch 139/20000 [53.46s], Training: [0.3007 (Focal: 0.0306, Dice: 0.2701, AuxFocal: 0.0000, AuxDice: 0.0000)], Validation: [0.2975 (Focal: 0.0383, Dice: 0.2591, AuxFocal: 0.0000, AuxDice: 0.0000), Acc = 0.8550, mIoU = 0.4296], LR: 0.000003
2025-05-14 15:17:41,136 - INFO - Epoch 140/20000 [53.68s], Training: [0.2757 (Focal: 0.0293, Dice: 0.2464, AuxFocal: 0.0000, AuxDice: 0.0000)], Validation: [0.3154 (Focal: 0.0410, Dice: 0.2745, AuxFocal: 0.0000, AuxDice: 0.0000), Acc = 0.8526, mIoU = 0.3919], LR: 0.000003
2025-05-14 15:19:06,437 - INFO - Epoch 141/20000 [53.36s], Training: [0.2895 (Focal: 0.0283, Dice: 0.2611, AuxFocal: 0.0000, AuxDice: 0.0000)], Validation: [0.3069 (Focal: 0.0374, Dice: 0.2695, AuxFocal: 0.0000, AuxDice: 0.0000), Acc = 0.8538, mIoU = 0.4237], LR: 0.000003
2025-05-14 15:20:31,739 - INFO - Epoch 142/20000 [53.41s], Training: [0.2904 (Focal: 0.0282, Dice: 0.2622, AuxFocal: 0.0000, AuxDice: 0.0000)], Validation: [0.2961 (Focal: 0.0364, Dice: 0.2597, AuxFocal: 0.0000, AuxDice: 0.0000), Acc = 0.8545, mIoU = 0.4380], LR: 0.000003
2025-05-14 15:20:44,672 - INFO - 保存最佳模型 (mIoU: 0.4380)
2025-05-14 15:22:10,531 - INFO - Epoch 143/20000 [53.40s], Training: [0.2823 (Focal: 0.0283, Dice: 0.2540, AuxFocal: 0.0000, AuxDice: 0.0000)], Validation: [0.2926 (Focal: 0.0368, Dice: 0.2559, AuxFocal: 0.0000, AuxDice: 0.0000), Acc = 0.8547, mIoU = 0.4387], LR: 0.000003
2025-05-14 15:22:23,169 - INFO - 保存最佳模型 (mIoU: 0.4387)
2025-05-14 15:23:49,513 - INFO - Epoch 144/20000 [53.91s], Training: [0.2866 (Focal: 0.0276, Dice: 0.2589, AuxFocal: 0.0000, AuxDice: 0.0000)], Validation: [0.3030 (Focal: 0.0409, Dice: 0.2621, AuxFocal: 0.0000, AuxDice: 0.0000), Acc = 0.8521, mIoU = 0.4400], LR: 0.000003
2025-05-14 15:24:02,146 - INFO - 保存最佳模型 (mIoU: 0.4400)
2025-05-14 15:25:27,443 - INFO - Epoch 145/20000 [53.35s], Training: [0.2936 (Focal: 0.0295, Dice: 0.2641, AuxFocal: 0.0000, AuxDice: 0.0000)], Validation: [0.3051 (Focal: 0.0381, Dice: 0.2670, AuxFocal: 0.0000, AuxDice: 0.0000), Acc = 0.8549, mIoU = 0.4321], LR: 0.000003
2025-05-14 15:26:53,280 - INFO - Epoch 146/20000 [53.83s], Training: [0.2749 (Focal: 0.0282, Dice: 0.2467, AuxFocal: 0.0000, AuxDice: 0.0000)], Validation: [0.3052 (Focal: 0.0382, Dice: 0.2670, AuxFocal: 0.0000, AuxDice: 0.0000), Acc = 0.8539, mIoU = 0.4045], LR: 0.000003
2025-05-14 15:28:19,564 - INFO - Epoch 147/20000 [53.75s], Training: [0.2832 (Focal: 0.0271, Dice: 0.2561, AuxFocal: 0.0000, AuxDice: 0.0000)], Validation: [0.3059 (Focal: 0.0369, Dice: 0.2690, AuxFocal: 0.0000, AuxDice: 0.0000), Acc = 0.8551, mIoU = 0.4127], LR: 0.000003
2025-05-14 15:29:45,129 - INFO - Epoch 148/20000 [53.46s], Training: [0.2854 (Focal: 0.0262, Dice: 0.2592, AuxFocal: 0.0000, AuxDice: 0.0000)], Validation: [0.2962 (Focal: 0.0394, Dice: 0.2568, AuxFocal: 0.0000, AuxDice: 0.0000), Acc = 0.8539, mIoU = 0.4327], LR: 0.000002
2025-05-14 15:31:10,770 - INFO - Epoch 149/20000 [53.44s], Training: [0.2771 (Focal: 0.0266, Dice: 0.2505, AuxFocal: 0.0000, AuxDice: 0.0000)], Validation: [0.2934 (Focal: 0.0363, Dice: 0.2571, AuxFocal: 0.0000, AuxDice: 0.0000), Acc = 0.8549, mIoU = 0.4417], LR: 0.000002
2025-05-14 15:31:23,428 - INFO - 保存最佳模型 (mIoU: 0.4417)
2025-05-14 15:32:48,678 - INFO - Epoch 150/20000 [53.52s], Training: [0.2828 (Focal: 0.0281, Dice: 0.2547, AuxFocal: 0.0000, AuxDice: 0.0000)], Validation: [0.2945 (Focal: 0.0362, Dice: 0.2584, AuxFocal: 0.0000, AuxDice: 0.0000), Acc = 0.8550, mIoU = 0.4383], LR: 0.000002
2025-05-14 15:34:14,776 - INFO - Epoch 151/20000 [53.77s], Training: [0.3053 (Focal: 0.0281, Dice: 0.2773, AuxFocal: 0.0000, AuxDice: 0.0000)], Validation: [0.3015 (Focal: 0.0373, Dice: 0.2643, AuxFocal: 0.0000, AuxDice: 0.0000), Acc = 0.8550, mIoU = 0.4314], LR: 0.000002
2025-05-14 15:35:40,635 - INFO - Epoch 152/20000 [53.56s], Training: [0.2693 (Focal: 0.0263, Dice: 0.2430, AuxFocal: 0.0000, AuxDice: 0.0000)], Validation: [0.3002 (Focal: 0.0370, Dice: 0.2632, AuxFocal: 0.0000, AuxDice: 0.0000), Acc = 0.8543, mIoU = 0.4270], LR: 0.000002
2025-05-14 15:37:05,906 - INFO - Epoch 153/20000 [53.46s], Training: [0.2924 (Focal: 0.0293, Dice: 0.2630, AuxFocal: 0.0000, AuxDice: 0.0000)], Validation: [0.2985 (Focal: 0.0370, Dice: 0.2615, AuxFocal: 0.0000, AuxDice: 0.0000), Acc = 0.8541, mIoU = 0.4287], LR: 0.000002
2025-05-14 15:38:31,809 - INFO - Epoch 154/20000 [53.75s], Training: [0.2650 (Focal: 0.0260, Dice: 0.2390, AuxFocal: 0.0000, AuxDice: 0.0000)], Validation: [0.3048 (Focal: 0.0406, Dice: 0.2642, AuxFocal: 0.0000, AuxDice: 0.0000), Acc = 0.8543, mIoU = 0.4266], LR: 0.000002
2025-05-14 15:39:57,811 - INFO - Epoch 155/20000 [53.45s], Training: [0.2725 (Focal: 0.0264, Dice: 0.2461, AuxFocal: 0.0000, AuxDice: 0.0000)], Validation: [0.2967 (Focal: 0.0360, Dice: 0.2607, AuxFocal: 0.0000, AuxDice: 0.0000), Acc = 0.8554, mIoU = 0.4352], LR: 0.000002
2025-05-14 15:41:23,662 - INFO - Epoch 156/20000 [53.37s], Training: [0.2644 (Focal: 0.0262, Dice: 0.2382, AuxFocal: 0.0000, AuxDice: 0.0000)], Validation: [0.2982 (Focal: 0.0368, Dice: 0.2614, AuxFocal: 0.0000, AuxDice: 0.0000), Acc = 0.8542, mIoU = 0.4318], LR: 0.000002
2025-05-14 15:42:49,163 - INFO - Epoch 157/20000 [53.46s], Training: [0.2672 (Focal: 0.0256, Dice: 0.2416, AuxFocal: 0.0000, AuxDice: 0.0000)], Validation: [0.3132 (Focal: 0.0406, Dice: 0.2726, AuxFocal: 0.0000, AuxDice: 0.0000), Acc = 0.8545, mIoU = 0.4070], LR: 0.000002
2025-05-14 15:44:15,357 - INFO - Epoch 158/20000 [53.83s], Training: [0.2867 (Focal: 0.0282, Dice: 0.2585, AuxFocal: 0.0000, AuxDice: 0.0000)], Validation: [0.3120 (Focal: 0.0398, Dice: 0.2722, AuxFocal: 0.0000, AuxDice: 0.0000), Acc = 0.8549, mIoU = 0.3990], LR: 0.000002
2025-05-14 15:45:41,419 - INFO - Epoch 159/20000 [53.75s], Training: [0.2588 (Focal: 0.0250, Dice: 0.2338, AuxFocal: 0.0000, AuxDice: 0.0000)], Validation: [0.2947 (Focal: 0.0381, Dice: 0.2566, AuxFocal: 0.0000, AuxDice: 0.0000), Acc = 0.8552, mIoU = 0.4385], LR: 0.000002
2025-05-14 15:47:06,929 - INFO - Epoch 160/20000 [53.25s], Training: [0.2898 (Focal: 0.0280, Dice: 0.2618, AuxFocal: 0.0000, AuxDice: 0.0000)], Validation: [0.2939 (Focal: 0.0376, Dice: 0.2563, AuxFocal: 0.0000, AuxDice: 0.0000), Acc = 0.8537, mIoU = 0.4420], LR: 0.000002
2025-05-14 15:47:19,614 - INFO - 保存最佳模型 (mIoU: 0.4420)
2025-05-14 15:48:45,410 - INFO - Epoch 161/20000 [53.49s], Training: [0.2790 (Focal: 0.0259, Dice: 0.2531, AuxFocal: 0.0000, AuxDice: 0.0000)], Validation: [0.3012 (Focal: 0.0399, Dice: 0.2613, AuxFocal: 0.0000, AuxDice: 0.0000), Acc = 0.8537, mIoU = 0.4278], LR: 0.000002
2025-05-14 15:50:10,796 - INFO - Epoch 162/20000 [53.44s], Training: [0.2814 (Focal: 0.0265, Dice: 0.2549, AuxFocal: 0.0000, AuxDice: 0.0000)], Validation: [0.2959 (Focal: 0.0369, Dice: 0.2591, AuxFocal: 0.0000, AuxDice: 0.0000), Acc = 0.8545, mIoU = 0.4408], LR: 0.000002
2025-05-14 15:51:36,325 - INFO - Epoch 163/20000 [53.42s], Training: [0.2823 (Focal: 0.0258, Dice: 0.2564, AuxFocal: 0.0000, AuxDice: 0.0000)], Validation: [0.2974 (Focal: 0.0373, Dice: 0.2600, AuxFocal: 0.0000, AuxDice: 0.0000), Acc = 0.8556, mIoU = 0.4409], LR: 0.000002
2025-05-14 15:53:02,364 - INFO - Epoch 164/20000 [53.47s], Training: [0.2894 (Focal: 0.0255, Dice: 0.2639, AuxFocal: 0.0000, AuxDice: 0.0000)], Validation: [0.2913 (Focal: 0.0359, Dice: 0.2554, AuxFocal: 0.0000, AuxDice: 0.0000), Acc = 0.8532, mIoU = 0.4443], LR: 0.000002
2025-05-14 15:53:15,109 - INFO - 保存最佳模型 (mIoU: 0.4443)
2025-05-14 15:54:40,858 - INFO - Epoch 165/20000 [53.49s], Training: [0.2698 (Focal: 0.0277, Dice: 0.2421, AuxFocal: 0.0000, AuxDice: 0.0000)], Validation: [0.2949 (Focal: 0.0372, Dice: 0.2576, AuxFocal: 0.0000, AuxDice: 0.0000), Acc = 0.8551, mIoU = 0.4422], LR: 0.000002
2025-05-14 15:56:06,881 - INFO - Epoch 166/20000 [53.69s], Training: [0.2755 (Focal: 0.0268, Dice: 0.2487, AuxFocal: 0.0000, AuxDice: 0.0000)], Validation: [0.2906 (Focal: 0.0361, Dice: 0.2545, AuxFocal: 0.0000, AuxDice: 0.0000), Acc = 0.8549, mIoU = 0.4482], LR: 0.000002
2025-05-14 15:56:19,365 - INFO - 保存最佳模型 (mIoU: 0.4482)
2025-05-14 15:57:44,842 - INFO - Epoch 167/20000 [53.32s], Training: [0.2813 (Focal: 0.0267, Dice: 0.2545, AuxFocal: 0.0000, AuxDice: 0.0000)], Validation: [0.3017 (Focal: 0.0391, Dice: 0.2626, AuxFocal: 0.0000, AuxDice: 0.0000), Acc = 0.8547, mIoU = 0.4378], LR: 0.000002
2025-05-14 15:59:10,430 - INFO - Epoch 168/20000 [53.33s], Training: [0.2712 (Focal: 0.0258, Dice: 0.2453, AuxFocal: 0.0000, AuxDice: 0.0000)], Validation: [0.2969 (Focal: 0.0379, Dice: 0.2590, AuxFocal: 0.0000, AuxDice: 0.0000), Acc = 0.8549, mIoU = 0.4427], LR: 0.000002
2025-05-14 16:00:36,328 - INFO - Epoch 169/20000 [53.79s], Training: [0.2864 (Focal: 0.0254, Dice: 0.2611, AuxFocal: 0.0000, AuxDice: 0.0000)], Validation: [0.2970 (Focal: 0.0378, Dice: 0.2592, AuxFocal: 0.0000, AuxDice: 0.0000), Acc = 0.8549, mIoU = 0.4319], LR: 0.000002
2025-05-14 16:02:02,253 - INFO - Epoch 170/20000 [53.76s], Training: [0.2864 (Focal: 0.0251, Dice: 0.2613, AuxFocal: 0.0000, AuxDice: 0.0000)], Validation: [0.2953 (Focal: 0.0372, Dice: 0.2581, AuxFocal: 0.0000, AuxDice: 0.0000), Acc = 0.8543, mIoU = 0.4370], LR: 0.000002
2025-05-14 16:03:28,059 - INFO - Epoch 171/20000 [53.19s], Training: [0.2677 (Focal: 0.0240, Dice: 0.2438, AuxFocal: 0.0000, AuxDice: 0.0000)], Validation: [0.2926 (Focal: 0.0390, Dice: 0.2537, AuxFocal: 0.0000, AuxDice: 0.0000), Acc = 0.8554, mIoU = 0.4406], LR: 0.000001
2025-05-14 16:04:53,489 - INFO - Epoch 172/20000 [53.55s], Training: [0.2846 (Focal: 0.0265, Dice: 0.2581, AuxFocal: 0.0000, AuxDice: 0.0000)], Validation: [0.3028 (Focal: 0.0383, Dice: 0.2645, AuxFocal: 0.0000, AuxDice: 0.0000), Acc = 0.8542, mIoU = 0.4376], LR: 0.000001
2025-05-14 16:06:18,827 - INFO - Epoch 173/20000 [53.59s], Training: [0.2574 (Focal: 0.0241, Dice: 0.2333, AuxFocal: 0.0000, AuxDice: 0.0000)], Validation: [0.2924 (Focal: 0.0377, Dice: 0.2548, AuxFocal: 0.0000, AuxDice: 0.0000), Acc = 0.8554, mIoU = 0.4442], LR: 0.000001
2025-05-14 16:07:44,218 - INFO - Epoch 174/20000 [53.58s], Training: [0.2759 (Focal: 0.0265, Dice: 0.2494, AuxFocal: 0.0000, AuxDice: 0.0000)], Validation: [0.2972 (Focal: 0.0403, Dice: 0.2569, AuxFocal: 0.0000, AuxDice: 0.0000), Acc = 0.8547, mIoU = 0.4333], LR: 0.000001
2025-05-14 16:09:10,424 - INFO - Epoch 175/20000 [53.72s], Training: [0.2713 (Focal: 0.0271, Dice: 0.2443, AuxFocal: 0.0000, AuxDice: 0.0000)], Validation: [0.2985 (Focal: 0.0387, Dice: 0.2599, AuxFocal: 0.0000, AuxDice: 0.0000), Acc = 0.8531, mIoU = 0.4449], LR: 0.000001
2025-05-14 16:10:36,077 - INFO - Epoch 176/20000 [53.49s], Training: [0.2671 (Focal: 0.0253, Dice: 0.2418, AuxFocal: 0.0000, AuxDice: 0.0000)], Validation: [0.2917 (Focal: 0.0392, Dice: 0.2525, AuxFocal: 0.0000, AuxDice: 0.0000), Acc = 0.8546, mIoU = 0.4448], LR: 0.000001
2025-05-14 16:12:02,229 - INFO - Epoch 177/20000 [53.78s], Training: [0.2484 (Focal: 0.0255, Dice: 0.2230, AuxFocal: 0.0000, AuxDice: 0.0000)], Validation: [0.2955 (Focal: 0.0392, Dice: 0.2563, AuxFocal: 0.0000, AuxDice: 0.0000), Acc = 0.8539, mIoU = 0.4399], LR: 0.000001
2025-05-14 16:13:27,787 - INFO - Epoch 178/20000 [53.63s], Training: [0.2663 (Focal: 0.0249, Dice: 0.2414, AuxFocal: 0.0000, AuxDice: 0.0000)], Validation: [0.2949 (Focal: 0.0418, Dice: 0.2531, AuxFocal: 0.0000, AuxDice: 0.0000), Acc = 0.8548, mIoU = 0.4463], LR: 0.000001
2025-05-14 16:14:54,081 - INFO - Epoch 179/20000 [53.73s], Training: [0.2694 (Focal: 0.0242, Dice: 0.2453, AuxFocal: 0.0000, AuxDice: 0.0000)], Validation: [0.2947 (Focal: 0.0381, Dice: 0.2566, AuxFocal: 0.0000, AuxDice: 0.0000), Acc = 0.8557, mIoU = 0.4389], LR: 0.000001
2025-05-14 16:16:20,323 - INFO - Epoch 180/20000 [53.76s], Training: [0.2564 (Focal: 0.0245, Dice: 0.2319, AuxFocal: 0.0000, AuxDice: 0.0000)], Validation: [0.2918 (Focal: 0.0370, Dice: 0.2548, AuxFocal: 0.0000, AuxDice: 0.0000), Acc = 0.8554, mIoU = 0.4413], LR: 0.000001
2025-05-14 16:17:46,577 - INFO - Epoch 181/20000 [53.78s], Training: [0.2684 (Focal: 0.0244, Dice: 0.2440, AuxFocal: 0.0000, AuxDice: 0.0000)], Validation: [0.2958 (Focal: 0.0389, Dice: 0.2570, AuxFocal: 0.0000, AuxDice: 0.0000), Acc = 0.8545, mIoU = 0.4465], LR: 0.000001
2025-05-14 16:19:13,365 - INFO - Epoch 182/20000 [53.93s], Training: [0.2808 (Focal: 0.0262, Dice: 0.2547, AuxFocal: 0.0000, AuxDice: 0.0000)], Validation: [0.2964 (Focal: 0.0389, Dice: 0.2575, AuxFocal: 0.0000, AuxDice: 0.0000), Acc = 0.8552, mIoU = 0.4436], LR: 0.000001
2025-05-14 16:20:39,074 - INFO - Epoch 183/20000 [53.78s], Training: [0.2630 (Focal: 0.0242, Dice: 0.2388, AuxFocal: 0.0000, AuxDice: 0.0000)], Validation: [0.2955 (Focal: 0.0384, Dice: 0.2571, AuxFocal: 0.0000, AuxDice: 0.0000), Acc = 0.8555, mIoU = 0.4389], LR: 0.000001
2025-05-14 16:22:04,723 - INFO - Epoch 184/20000 [53.74s], Training: [0.2658 (Focal: 0.0248, Dice: 0.2410, AuxFocal: 0.0000, AuxDice: 0.0000)], Validation: [0.2957 (Focal: 0.0387, Dice: 0.2570, AuxFocal: 0.0000, AuxDice: 0.0000), Acc = 0.8545, mIoU = 0.4392], LR: 0.000001
2025-05-14 16:23:31,465 - INFO - Epoch 185/20000 [54.22s], Training: [0.2758 (Focal: 0.0242, Dice: 0.2516, AuxFocal: 0.0000, AuxDice: 0.0000)], Validation: [0.2917 (Focal: 0.0390, Dice: 0.2527, AuxFocal: 0.0000, AuxDice: 0.0000), Acc = 0.8545, mIoU = 0.4415], LR: 0.000001
2025-05-14 16:24:57,354 - INFO - Epoch 186/20000 [53.97s], Training: [0.2608 (Focal: 0.0253, Dice: 0.2355, AuxFocal: 0.0000, AuxDice: 0.0000)], Validation: [0.2948 (Focal: 0.0380, Dice: 0.2568, AuxFocal: 0.0000, AuxDice: 0.0000), Acc = 0.8534, mIoU = 0.4455], LR: 0.000001
2025-05-14 16:26:24,053 - INFO - Epoch 187/20000 [53.82s], Training: [0.2695 (Focal: 0.0234, Dice: 0.2461, AuxFocal: 0.0000, AuxDice: 0.0000)], Validation: [0.2956 (Focal: 0.0392, Dice: 0.2564, AuxFocal: 0.0000, AuxDice: 0.0000), Acc = 0.8551, mIoU = 0.4443], LR: 0.000001
2025-05-14 16:27:50,894 - INFO - Epoch 188/20000 [53.93s], Training: [0.2587 (Focal: 0.0228, Dice: 0.2359, AuxFocal: 0.0000, AuxDice: 0.0000)], Validation: [0.2976 (Focal: 0.0379, Dice: 0.2598, AuxFocal: 0.0000, AuxDice: 0.0000), Acc = 0.8541, mIoU = 0.4388], LR: 0.000001
2025-05-14 16:29:17,843 - INFO - Epoch 189/20000 [54.14s], Training: [0.2632 (Focal: 0.0235, Dice: 0.2396, AuxFocal: 0.0000, AuxDice: 0.0000)], Validation: [0.2964 (Focal: 0.0404, Dice: 0.2561, AuxFocal: 0.0000, AuxDice: 0.0000), Acc = 0.8542, mIoU = 0.4458], LR: 0.000001
2025-05-14 16:30:43,948 - INFO - Epoch 190/20000 [53.95s], Training: [0.2686 (Focal: 0.0233, Dice: 0.2453, AuxFocal: 0.0000, AuxDice: 0.0000)], Validation: [0.2931 (Focal: 0.0401, Dice: 0.2529, AuxFocal: 0.0000, AuxDice: 0.0000), Acc = 0.8544, mIoU = 0.4437], LR: 0.000001
2025-05-14 16:32:09,914 - INFO - Epoch 191/20000 [53.75s], Training: [0.2695 (Focal: 0.0229, Dice: 0.2466, AuxFocal: 0.0000, AuxDice: 0.0000)], Validation: [0.2952 (Focal: 0.0378, Dice: 0.2574, AuxFocal: 0.0000, AuxDice: 0.0000), Acc = 0.8550, mIoU = 0.4373], LR: 0.000001
2025-05-14 16:33:36,122 - INFO - Epoch 192/20000 [54.02s], Training: [0.2477 (Focal: 0.0228, Dice: 0.2249, AuxFocal: 0.0000, AuxDice: 0.0000)], Validation: [0.2969 (Focal: 0.0388, Dice: 0.2581, AuxFocal: 0.0000, AuxDice: 0.0000), Acc = 0.8550, mIoU = 0.4368], LR: 0.000001
2025-05-14 16:35:02,308 - INFO - Epoch 193/20000 [54.18s], Training: [0.2823 (Focal: 0.0251, Dice: 0.2571, AuxFocal: 0.0000, AuxDice: 0.0000)], Validation: [0.2980 (Focal: 0.0394, Dice: 0.2586, AuxFocal: 0.0000, AuxDice: 0.0000), Acc = 0.8561, mIoU = 0.4398], LR: 0.000001
2025-05-14 16:36:28,059 - INFO - Epoch 194/20000 [53.58s], Training: [0.2594 (Focal: 0.0231, Dice: 0.2363, AuxFocal: 0.0000, AuxDice: 0.0000)], Validation: [0.2926 (Focal: 0.0379, Dice: 0.2547, AuxFocal: 0.0000, AuxDice: 0.0000), Acc = 0.8555, mIoU = 0.4442], LR: 0.000001
2025-05-14 16:37:54,670 - INFO - Epoch 195/20000 [53.97s], Training: [0.2718 (Focal: 0.0246, Dice: 0.2472, AuxFocal: 0.0000, AuxDice: 0.0000)], Validation: [0.2941 (Focal: 0.0394, Dice: 0.2548, AuxFocal: 0.0000, AuxDice: 0.0000), Acc = 0.8547, mIoU = 0.4481], LR: 0.000001
2025-05-14 16:39:20,736 - INFO - Epoch 196/20000 [53.74s], Training: [0.2603 (Focal: 0.0237, Dice: 0.2366, AuxFocal: 0.0000, AuxDice: 0.0000)], Validation: [0.2968 (Focal: 0.0379, Dice: 0.2589, AuxFocal: 0.0000, AuxDice: 0.0000), Acc = 0.8552, mIoU = 0.4363], LR: 0.000001
2025-05-14 16:40:46,901 - INFO - Epoch 197/20000 [54.07s], Training: [0.2591 (Focal: 0.0256, Dice: 0.2335, AuxFocal: 0.0000, AuxDice: 0.0000)], Validation: [0.2933 (Focal: 0.0384, Dice: 0.2550, AuxFocal: 0.0000, AuxDice: 0.0000), Acc = 0.8554, mIoU = 0.4412], LR: 0.000001
2025-05-14 16:42:13,607 - INFO - Epoch 198/20000 [53.98s], Training: [0.2797 (Focal: 0.0244, Dice: 0.2553, AuxFocal: 0.0000, AuxDice: 0.0000)], Validation: [0.2935 (Focal: 0.0387, Dice: 0.2548, AuxFocal: 0.0000, AuxDice: 0.0000), Acc = 0.8557, mIoU = 0.4412], LR: 0.000001
2025-05-14 16:43:39,397 - INFO - Epoch 199/20000 [53.82s], Training: [0.2484 (Focal: 0.0228, Dice: 0.2256, AuxFocal: 0.0000, AuxDice: 0.0000)], Validation: [0.2925 (Focal: 0.0396, Dice: 0.2529, AuxFocal: 0.0000, AuxDice: 0.0000), Acc = 0.8558, mIoU = 0.4453], LR: 0.000001
2025-05-14 16:45:06,017 - INFO - Epoch 200/20000 [53.98s], Training: [0.2444 (Focal: 0.0226, Dice: 0.2218, AuxFocal: 0.0000, AuxDice: 0.0000)], Validation: [0.2944 (Focal: 0.0381, Dice: 0.2563, AuxFocal: 0.0000, AuxDice: 0.0000), Acc = 0.8548, mIoU = 0.4373], LR: 0.000001
2025-05-14 16:46:32,466 - INFO - Epoch 201/20000 [54.21s], Training: [0.2829 (Focal: 0.0307, Dice: 0.2522, AuxFocal: 0.0000, AuxDice: 0.0000)], Validation: [0.3343 (Focal: 0.0486, Dice: 0.2857, AuxFocal: 0.0000, AuxDice: 0.0000), Acc = 0.8530, mIoU = 0.3800], LR: 0.000010
2025-05-14 16:47:58,106 - INFO - Epoch 202/20000 [53.56s], Training: [0.2982 (Focal: 0.0340, Dice: 0.2642, AuxFocal: 0.0000, AuxDice: 0.0000)], Validation: [0.3180 (Focal: 0.0453, Dice: 0.2727, AuxFocal: 0.0000, AuxDice: 0.0000), Acc = 0.8533, mIoU = 0.4170], LR: 0.000010
2025-05-14 16:49:24,913 - INFO - Epoch 203/20000 [53.96s], Training: [0.3243 (Focal: 0.0375, Dice: 0.2867, AuxFocal: 0.0000, AuxDice: 0.0000)], Validation: [0.3620 (Focal: 0.0520, Dice: 0.3100, AuxFocal: 0.0000, AuxDice: 0.0000), Acc = 0.8489, mIoU = 0.3519], LR: 0.000010
2025-05-14 16:50:51,766 - INFO - Epoch 204/20000 [54.15s], Training: [0.3198 (Focal: 0.0344, Dice: 0.2854, AuxFocal: 0.0000, AuxDice: 0.0000)], Validation: [0.3106 (Focal: 0.0451, Dice: 0.2655, AuxFocal: 0.0000, AuxDice: 0.0000), Acc = 0.8507, mIoU = 0.4177], LR: 0.000010
2025-05-14 16:52:18,043 - INFO - Epoch 205/20000 [54.26s], Training: [0.3120 (Focal: 0.0343, Dice: 0.2776, AuxFocal: 0.0000, AuxDice: 0.0000)], Validation: [0.3462 (Focal: 0.0529, Dice: 0.2934, AuxFocal: 0.0000, AuxDice: 0.0000), Acc = 0.8482, mIoU = 0.3565], LR: 0.000010
2025-05-14 16:53:44,629 - INFO - Epoch 206/20000 [53.86s], Training: [0.3304 (Focal: 0.0365, Dice: 0.2940, AuxFocal: 0.0000, AuxDice: 0.0000)], Validation: [0.3127 (Focal: 0.0426, Dice: 0.2701, AuxFocal: 0.0000, AuxDice: 0.0000), Acc = 0.8525, mIoU = 0.4080], LR: 0.000010
2025-05-14 16:55:10,887 - INFO - Epoch 207/20000 [53.54s], Training: [0.3055 (Focal: 0.0331, Dice: 0.2724, AuxFocal: 0.0000, AuxDice: 0.0000)], Validation: [0.3334 (Focal: 0.0518, Dice: 0.2816, AuxFocal: 0.0000, AuxDice: 0.0000), Acc = 0.8426, mIoU = 0.4171], LR: 0.000010
2025-05-14 16:56:36,587 - INFO - Epoch 208/20000 [53.73s], Training: [0.3254 (Focal: 0.0362, Dice: 0.2892, AuxFocal: 0.0000, AuxDice: 0.0000)], Validation: [0.3048 (Focal: 0.0427, Dice: 0.2622, AuxFocal: 0.0000, AuxDice: 0.0000), Acc = 0.8535, mIoU = 0.4167], LR: 0.000010
2025-05-14 16:58:02,593 - INFO - Epoch 209/20000 [54.06s], Training: [0.2942 (Focal: 0.0317, Dice: 0.2626, AuxFocal: 0.0000, AuxDice: 0.0000)], Validation: [0.3575 (Focal: 0.0504, Dice: 0.3071, AuxFocal: 0.0000, AuxDice: 0.0000), Acc = 0.8515, mIoU = 0.3539], LR: 0.000010
2025-05-14 16:59:28,885 - INFO - Epoch 210/20000 [53.75s], Training: [0.3192 (Focal: 0.0381, Dice: 0.2811, AuxFocal: 0.0000, AuxDice: 0.0000)], Validation: [0.3298 (Focal: 0.0452, Dice: 0.2846, AuxFocal: 0.0000, AuxDice: 0.0000), Acc = 0.8524, mIoU = 0.3829], LR: 0.000010
2025-05-14 17:00:54,794 - INFO - Epoch 211/20000 [53.85s], Training: [0.3175 (Focal: 0.0405, Dice: 0.2770, AuxFocal: 0.0000, AuxDice: 0.0000)], Validation: [0.3140 (Focal: 0.0478, Dice: 0.2662, AuxFocal: 0.0000, AuxDice: 0.0000), Acc = 0.8482, mIoU = 0.4230], LR: 0.000010
2025-05-14 17:02:20,853 - INFO - Epoch 212/20000 [54.13s], Training: [0.3134 (Focal: 0.0335, Dice: 0.2799, AuxFocal: 0.0000, AuxDice: 0.0000)], Validation: [0.3408 (Focal: 0.0540, Dice: 0.2868, AuxFocal: 0.0000, AuxDice: 0.0000), Acc = 0.8520, mIoU = 0.3720], LR: 0.000010
2025-05-14 17:03:47,258 - INFO - Epoch 213/20000 [53.82s], Training: [0.3048 (Focal: 0.0345, Dice: 0.2703, AuxFocal: 0.0000, AuxDice: 0.0000)], Validation: [0.3209 (Focal: 0.0452, Dice: 0.2757, AuxFocal: 0.0000, AuxDice: 0.0000), Acc = 0.8525, mIoU = 0.3895], LR: 0.000010
2025-05-14 17:05:13,197 - INFO - Epoch 214/20000 [53.81s], Training: [0.2991 (Focal: 0.0331, Dice: 0.2660, AuxFocal: 0.0000, AuxDice: 0.0000)], Validation: [0.3067 (Focal: 0.0457, Dice: 0.2610, AuxFocal: 0.0000, AuxDice: 0.0000), Acc = 0.8530, mIoU = 0.4162], LR: 0.000010
2025-05-14 17:06:39,863 - INFO - Epoch 215/20000 [53.94s], Training: [0.2989 (Focal: 0.0316, Dice: 0.2673, AuxFocal: 0.0000, AuxDice: 0.0000)], Validation: [0.3109 (Focal: 0.0406, Dice: 0.2703, AuxFocal: 0.0000, AuxDice: 0.0000), Acc = 0.8530, mIoU = 0.3964], LR: 0.000010
2025-05-14 17:08:06,026 - INFO - Epoch 216/20000 [53.95s], Training: [0.2985 (Focal: 0.0311, Dice: 0.2674, AuxFocal: 0.0000, AuxDice: 0.0000)], Validation: [0.3265 (Focal: 0.0548, Dice: 0.2717, AuxFocal: 0.0000, AuxDice: 0.0000), Acc = 0.8500, mIoU = 0.4115], LR: 0.000010
2025-05-14 17:09:31,917 - INFO - Epoch 217/20000 [53.85s], Training: [0.2912 (Focal: 0.0302, Dice: 0.2609, AuxFocal: 0.0000, AuxDice: 0.0000)], Validation: [0.3448 (Focal: 0.0505, Dice: 0.2943, AuxFocal: 0.0000, AuxDice: 0.0000), Acc = 0.8484, mIoU = 0.3508], LR: 0.000010
2025-05-14 17:10:57,997 - INFO - Epoch 218/20000 [53.44s], Training: [0.3101 (Focal: 0.0337, Dice: 0.2764, AuxFocal: 0.0000, AuxDice: 0.0000)], Validation: [0.3244 (Focal: 0.0531, Dice: 0.2714, AuxFocal: 0.0000, AuxDice: 0.0000), Acc = 0.8508, mIoU = 0.3915], LR: 0.000010
2025-05-14 17:12:24,398 - INFO - Epoch 219/20000 [54.26s], Training: [0.2977 (Focal: 0.0332, Dice: 0.2645, AuxFocal: 0.0000, AuxDice: 0.0000)], Validation: [0.3212 (Focal: 0.0470, Dice: 0.2742, AuxFocal: 0.0000, AuxDice: 0.0000), Acc = 0.8545, mIoU = 0.3988], LR: 0.000010
2025-05-14 17:13:50,243 - INFO - Epoch 220/20000 [53.82s], Training: [0.3088 (Focal: 0.0317, Dice: 0.2770, AuxFocal: 0.0000, AuxDice: 0.0000)], Validation: [0.3161 (Focal: 0.0463, Dice: 0.2698, AuxFocal: 0.0000, AuxDice: 0.0000), Acc = 0.8529, mIoU = 0.4296], LR: 0.000010
2025-05-14 17:15:16,388 - INFO - Epoch 221/20000 [53.96s], Training: [0.3030 (Focal: 0.0330, Dice: 0.2700, AuxFocal: 0.0000, AuxDice: 0.0000)], Validation: [0.3048 (Focal: 0.0449, Dice: 0.2599, AuxFocal: 0.0000, AuxDice: 0.0000), Acc = 0.8503, mIoU = 0.4341], LR: 0.000010
2025-05-14 17:16:42,498 - INFO - Epoch 222/20000 [54.14s], Training: [0.2904 (Focal: 0.0290, Dice: 0.2614, AuxFocal: 0.0000, AuxDice: 0.0000)], Validation: [0.3248 (Focal: 0.0494, Dice: 0.2755, AuxFocal: 0.0000, AuxDice: 0.0000), Acc = 0.8534, mIoU = 0.4214], LR: 0.000010
2025-05-14 17:18:08,472 - INFO - Epoch 223/20000 [53.93s], Training: [0.2908 (Focal: 0.0323, Dice: 0.2585, AuxFocal: 0.0000, AuxDice: 0.0000)], Validation: [0.3075 (Focal: 0.0445, Dice: 0.2630, AuxFocal: 0.0000, AuxDice: 0.0000), Acc = 0.8535, mIoU = 0.4197], LR: 0.000010
2025-05-14 17:19:34,577 - INFO - Epoch 224/20000 [54.09s], Training: [0.2966 (Focal: 0.0306, Dice: 0.2660, AuxFocal: 0.0000, AuxDice: 0.0000)], Validation: [0.3239 (Focal: 0.0463, Dice: 0.2776, AuxFocal: 0.0000, AuxDice: 0.0000), Acc = 0.8540, mIoU = 0.3947], LR: 0.000010
2025-05-14 17:21:01,045 - INFO - Epoch 225/20000 [54.28s], Training: [0.2752 (Focal: 0.0292, Dice: 0.2460, AuxFocal: 0.0000, AuxDice: 0.0000)], Validation: [0.3311 (Focal: 0.0465, Dice: 0.2846, AuxFocal: 0.0000, AuxDice: 0.0000), Acc = 0.8538, mIoU = 0.4044], LR: 0.000010
2025-05-14 17:22:50,729 - INFO - Epoch 226/20000 [77.03s], Training: [0.2844 (Focal: 0.0321, Dice: 0.2524, AuxFocal: 0.0000, AuxDice: 0.0000)], Validation: [0.3023 (Focal: 0.0438, Dice: 0.2585, AuxFocal: 0.0000, AuxDice: 0.0000), Acc = 0.8527, mIoU = 0.4273], LR: 0.000010
