2024-12-02 17:38:12,995 - INFO - Loaded RN50 model config.
2024-12-02 17:38:15,443 - INFO - 使用 4 个GPU训练
2024-12-02 17:38:15,444 - INFO - 开始训练 - 总轮次: 2000
2024-12-02 17:41:01,992 - INFO - Epoch 1/2000 [119.16s], Training: [2.9483 (Focal: 1.9825, Dice: 0.9657)], Validation: [2.0317 (Focal: 1.0697, Dice: 0.9620), Acc = 0.1310, mIoU = 0.0330], LR: 0.000100
2024-12-02 17:41:03,571 - INFO - 保存最佳模型 (mIoU: 0.0330)
2024-12-02 17:43:28,418 - INFO - Epoch 2/2000 [109.35s], Training: [2.1272 (Focal: 1.1848, Dice: 0.9425)], Validation: [2.2051 (Focal: 1.2621, Dice: 0.9430), Acc = 0.2780, mIoU = 0.0558], LR: 0.000100
2024-12-02 17:43:37,897 - INFO - 保存最佳模型 (mIoU: 0.0558)
2024-12-02 17:45:43,415 - INFO - Epoch 3/2000 [90.39s], Training: [1.4499 (Focal: 0.5285, Dice: 0.9213)], Validation: [1.4209 (Focal: 0.4849, Dice: 0.9360), Acc = 0.3469, mIoU = 0.0610], LR: 0.000100
2024-12-02 17:45:59,415 - INFO - 保存最佳模型 (mIoU: 0.0610)
2024-12-02 17:48:04,863 - INFO - Epoch 4/2000 [90.18s], Training: [1.2752 (Focal: 0.3604, Dice: 0.9149)], Validation: [1.1594 (Focal: 0.2387, Dice: 0.9207), Acc = 0.6459, mIoU = 0.1100], LR: 0.000100
2024-12-02 17:48:16,592 - INFO - 保存最佳模型 (mIoU: 0.1100)
2024-12-02 17:50:22,257 - INFO - Epoch 5/2000 [90.48s], Training: [1.1609 (Focal: 0.2537, Dice: 0.9072)], Validation: [1.0466 (Focal: 0.1424, Dice: 0.9042), Acc = 0.7835, mIoU = 0.1230], LR: 0.000100
2024-12-02 17:50:30,095 - INFO - 保存最佳模型 (mIoU: 0.1230)
2024-12-02 17:52:35,622 - INFO - Epoch 6/2000 [90.21s], Training: [1.1083 (Focal: 0.2058, Dice: 0.9025)], Validation: [1.0266 (Focal: 0.1288, Dice: 0.8979), Acc = 0.7844, mIoU = 0.1239], LR: 0.000100
2024-12-02 17:52:49,265 - INFO - 保存最佳模型 (mIoU: 0.1239)
2024-12-02 17:54:55,003 - INFO - Epoch 7/2000 [90.30s], Training: [1.0750 (Focal: 0.1769, Dice: 0.8981)], Validation: [0.9947 (Focal: 0.1038, Dice: 0.8908), Acc = 0.7853, mIoU = 0.1242], LR: 0.000100
2024-12-02 17:55:03,495 - INFO - 保存最佳模型 (mIoU: 0.1242)
2024-12-02 17:57:08,882 - INFO - Epoch 8/2000 [90.21s], Training: [1.0592 (Focal: 0.1631, Dice: 0.8961)], Validation: [0.9999 (Focal: 0.1141, Dice: 0.8858), Acc = 0.7855, mIoU = 0.1246], LR: 0.000100
2024-12-02 17:57:16,430 - INFO - 保存最佳模型 (mIoU: 0.1246)
2024-12-02 17:59:22,132 - INFO - Epoch 9/2000 [90.54s], Training: [1.0521 (Focal: 0.1570, Dice: 0.8951)], Validation: [0.9844 (Focal: 0.1013, Dice: 0.8831), Acc = 0.7855, mIoU = 0.1248], LR: 0.000100
2024-12-02 17:59:29,739 - INFO - 保存最佳模型 (mIoU: 0.1248)
2024-12-02 18:01:35,486 - INFO - Epoch 10/2000 [90.32s], Training: [1.0424 (Focal: 0.1490, Dice: 0.8934)], Validation: [0.9787 (Focal: 0.0977, Dice: 0.8809), Acc = 0.7856, mIoU = 0.1257], LR: 0.000100
2024-12-02 18:01:47,547 - INFO - 保存最佳模型 (mIoU: 0.1257)
2024-12-02 18:03:53,025 - INFO - Epoch 11/2000 [90.12s], Training: [1.0312 (Focal: 0.1389, Dice: 0.8923)], Validation: [0.9805 (Focal: 0.0988, Dice: 0.8818), Acc = 0.7856, mIoU = 0.1263], LR: 0.000099
2024-12-02 18:04:05,892 - INFO - 保存最佳模型 (mIoU: 0.1263)
2024-12-02 18:06:11,446 - INFO - Epoch 12/2000 [90.22s], Training: [1.0254 (Focal: 0.1333, Dice: 0.8920)], Validation: [0.9735 (Focal: 0.0938, Dice: 0.8797), Acc = 0.7856, mIoU = 0.1267], LR: 0.000099
2024-12-02 18:06:22,127 - INFO - 保存最佳模型 (mIoU: 0.1267)
2024-12-02 18:08:27,646 - INFO - Epoch 13/2000 [90.18s], Training: [1.0209 (Focal: 0.1295, Dice: 0.8914)], Validation: [0.9715 (Focal: 0.0936, Dice: 0.8779), Acc = 0.7857, mIoU = 0.1272], LR: 0.000099
2024-12-02 18:08:35,066 - INFO - 保存最佳模型 (mIoU: 0.1272)
2024-12-02 18:10:40,841 - INFO - Epoch 14/2000 [90.18s], Training: [1.0199 (Focal: 0.1293, Dice: 0.8906)], Validation: [0.9707 (Focal: 0.0927, Dice: 0.8780), Acc = 0.7857, mIoU = 0.1274], LR: 0.000099
2024-12-02 18:10:50,349 - INFO - 保存最佳模型 (mIoU: 0.1274)
2024-12-02 18:12:55,868 - INFO - Epoch 15/2000 [90.42s], Training: [1.0183 (Focal: 0.1274, Dice: 0.8909)], Validation: [0.9702 (Focal: 0.0931, Dice: 0.8771), Acc = 0.7857, mIoU = 0.1281], LR: 0.000099
2024-12-02 18:13:06,378 - INFO - 保存最佳模型 (mIoU: 0.1281)
2024-12-02 18:15:11,962 - INFO - Epoch 16/2000 [90.50s], Training: [1.0138 (Focal: 0.1241, Dice: 0.8897)], Validation: [0.9677 (Focal: 0.0924, Dice: 0.8753), Acc = 0.7857, mIoU = 0.1291], LR: 0.000099
2024-12-02 18:15:23,151 - INFO - 保存最佳模型 (mIoU: 0.1291)
2024-12-02 18:17:28,698 - INFO - Epoch 17/2000 [90.46s], Training: [1.0122 (Focal: 0.1230, Dice: 0.8892)], Validation: [0.9658 (Focal: 0.0929, Dice: 0.8729), Acc = 0.7858, mIoU = 0.1298], LR: 0.000098
2024-12-02 18:17:41,123 - INFO - 保存最佳模型 (mIoU: 0.1298)
2024-12-02 18:19:47,031 - INFO - Epoch 18/2000 [90.36s], Training: [1.0175 (Focal: 0.1282, Dice: 0.8893)], Validation: [0.9664 (Focal: 0.0926, Dice: 0.8738), Acc = 0.7858, mIoU = 0.1295], LR: 0.000098
2024-12-02 18:21:52,484 - INFO - Epoch 19/2000 [90.18s], Training: [1.0149 (Focal: 0.1265, Dice: 0.8885)], Validation: [0.9602 (Focal: 0.0903, Dice: 0.8699), Acc = 0.7859, mIoU = 0.1330], LR: 0.000098
2024-12-02 18:22:03,544 - INFO - 保存最佳模型 (mIoU: 0.1330)
2024-12-02 18:24:09,402 - INFO - Epoch 20/2000 [90.52s], Training: [1.0093 (Focal: 0.1223, Dice: 0.8870)], Validation: [0.9474 (Focal: 0.0898, Dice: 0.8576), Acc = 0.7865, mIoU = 0.1404], LR: 0.000098
2024-12-02 18:24:21,574 - INFO - 保存最佳模型 (mIoU: 0.1404)
2024-12-02 18:26:26,820 - INFO - Epoch 21/2000 [90.11s], Training: [1.0015 (Focal: 0.1219, Dice: 0.8796)], Validation: [0.9390 (Focal: 0.0898, Dice: 0.8492), Acc = 0.7869, mIoU = 0.1435], LR: 0.000098
2024-12-02 18:26:38,538 - INFO - 保存最佳模型 (mIoU: 0.1435)
2024-12-02 18:28:44,122 - INFO - Epoch 22/2000 [90.44s], Training: [0.9953 (Focal: 0.1211, Dice: 0.8742)], Validation: [0.9343 (Focal: 0.0900, Dice: 0.8444), Acc = 0.7870, mIoU = 0.1488], LR: 0.000097
2024-12-02 18:28:53,650 - INFO - 保存最佳模型 (mIoU: 0.1488)
2024-12-02 18:30:59,396 - INFO - Epoch 23/2000 [90.37s], Training: [0.9987 (Focal: 0.1241, Dice: 0.8746)], Validation: [0.9339 (Focal: 0.0908, Dice: 0.8432), Acc = 0.7870, mIoU = 0.1504], LR: 0.000097
2024-12-02 18:31:06,960 - INFO - 保存最佳模型 (mIoU: 0.1504)
2024-12-02 18:33:12,579 - INFO - Epoch 24/2000 [90.48s], Training: [0.9937 (Focal: 0.1220, Dice: 0.8717)], Validation: [0.9312 (Focal: 0.0929, Dice: 0.8383), Acc = 0.7871, mIoU = 0.1502], LR: 0.000097
2024-12-02 18:35:18,122 - INFO - Epoch 25/2000 [90.54s], Training: [0.9915 (Focal: 0.1222, Dice: 0.8693)], Validation: [0.9299 (Focal: 0.0920, Dice: 0.8379), Acc = 0.7869, mIoU = 0.1448], LR: 0.000097
2024-12-02 18:37:23,894 - INFO - Epoch 26/2000 [90.57s], Training: [0.9871 (Focal: 0.1215, Dice: 0.8656)], Validation: [0.9270 (Focal: 0.0906, Dice: 0.8363), Acc = 0.7871, mIoU = 0.1520], LR: 0.000096
2024-12-02 18:37:30,751 - INFO - 保存最佳模型 (mIoU: 0.1520)
2024-12-02 18:39:36,738 - INFO - Epoch 27/2000 [90.48s], Training: [0.9865 (Focal: 0.1220, Dice: 0.8645)], Validation: [0.9289 (Focal: 0.0929, Dice: 0.8359), Acc = 0.7869, mIoU = 0.1448], LR: 0.000096
2024-12-02 18:41:42,896 - INFO - Epoch 28/2000 [91.10s], Training: [0.9824 (Focal: 0.1187, Dice: 0.8637)], Validation: [0.9263 (Focal: 0.0927, Dice: 0.8336), Acc = 0.7871, mIoU = 0.1556], LR: 0.000096
2024-12-02 18:41:54,319 - INFO - 保存最佳模型 (mIoU: 0.1556)
2024-12-02 18:43:59,843 - INFO - Epoch 29/2000 [90.34s], Training: [0.9830 (Focal: 0.1188, Dice: 0.8641)], Validation: [0.9254 (Focal: 0.0921, Dice: 0.8333), Acc = 0.7871, mIoU = 0.1541], LR: 0.000095
2024-12-02 18:46:05,831 - INFO - Epoch 30/2000 [90.26s], Training: [0.9790 (Focal: 0.1194, Dice: 0.8596)], Validation: [0.9259 (Focal: 0.0905, Dice: 0.8354), Acc = 0.7871, mIoU = 0.1556], LR: 0.000095
2024-12-02 18:46:13,169 - INFO - 保存最佳模型 (mIoU: 0.1556)
2024-12-02 18:48:18,890 - INFO - Epoch 31/2000 [90.46s], Training: [0.9805 (Focal: 0.1216, Dice: 0.8590)], Validation: [0.9245 (Focal: 0.0901, Dice: 0.8343), Acc = 0.7871, mIoU = 0.1564], LR: 0.000095
2024-12-02 18:48:26,255 - INFO - 保存最佳模型 (mIoU: 0.1564)
2024-12-02 18:50:31,950 - INFO - Epoch 32/2000 [90.48s], Training: [0.9767 (Focal: 0.1197, Dice: 0.8570)], Validation: [0.9231 (Focal: 0.0934, Dice: 0.8298), Acc = 0.7872, mIoU = 0.1530], LR: 0.000094
2024-12-02 18:52:37,753 - INFO - Epoch 33/2000 [90.45s], Training: [0.9852 (Focal: 0.1200, Dice: 0.8651)], Validation: [0.9283 (Focal: 0.0980, Dice: 0.8303), Acc = 0.7872, mIoU = 0.1541], LR: 0.000094
2024-12-02 18:54:44,373 - INFO - Epoch 34/2000 [91.02s], Training: [0.9785 (Focal: 0.1210, Dice: 0.8575)], Validation: [0.9242 (Focal: 0.0929, Dice: 0.8313), Acc = 0.7871, mIoU = 0.1531], LR: 0.000093
2024-12-02 18:56:50,405 - INFO - Epoch 35/2000 [90.59s], Training: [0.9789 (Focal: 0.1173, Dice: 0.8616)], Validation: [0.9215 (Focal: 0.0911, Dice: 0.8304), Acc = 0.7872, mIoU = 0.1530], LR: 0.000093
2024-12-02 18:58:56,429 - INFO - Epoch 36/2000 [90.51s], Training: [0.9730 (Focal: 0.1171, Dice: 0.8559)], Validation: [0.9211 (Focal: 0.0914, Dice: 0.8298), Acc = 0.7872, mIoU = 0.1569], LR: 0.000093
2024-12-02 18:59:03,780 - INFO - 保存最佳模型 (mIoU: 0.1569)
2024-12-02 19:01:09,477 - INFO - Epoch 37/2000 [90.36s], Training: [0.9785 (Focal: 0.1167, Dice: 0.8618)], Validation: [0.9208 (Focal: 0.0921, Dice: 0.8286), Acc = 0.7873, mIoU = 0.1543], LR: 0.000092
2024-12-02 19:03:14,827 - INFO - Epoch 38/2000 [90.23s], Training: [0.9732 (Focal: 0.1154, Dice: 0.8577)], Validation: [0.9204 (Focal: 0.0911, Dice: 0.8293), Acc = 0.7873, mIoU = 0.1564], LR: 0.000092
2024-12-02 19:05:20,914 - INFO - Epoch 39/2000 [90.55s], Training: [0.9775 (Focal: 0.1187, Dice: 0.8589)], Validation: [0.9203 (Focal: 0.0910, Dice: 0.8293), Acc = 0.7872, mIoU = 0.1585], LR: 0.000091
2024-12-02 19:05:28,294 - INFO - 保存最佳模型 (mIoU: 0.1585)
2024-12-02 19:07:34,240 - INFO - Epoch 40/2000 [90.33s], Training: [0.9710 (Focal: 0.1147, Dice: 0.8563)], Validation: [0.9203 (Focal: 0.0903, Dice: 0.8299), Acc = 0.7872, mIoU = 0.1576], LR: 0.000091
2024-12-02 19:09:39,680 - INFO - Epoch 41/2000 [90.34s], Training: [0.9723 (Focal: 0.1171, Dice: 0.8552)], Validation: [0.9209 (Focal: 0.0927, Dice: 0.8282), Acc = 0.7872, mIoU = 0.1550], LR: 0.000091
2024-12-02 19:11:45,495 - INFO - Epoch 42/2000 [90.42s], Training: [0.9699 (Focal: 0.1156, Dice: 0.8542)], Validation: [0.9198 (Focal: 0.0904, Dice: 0.8294), Acc = 0.7872, mIoU = 0.1554], LR: 0.000090
2024-12-02 19:13:51,995 - INFO - Epoch 43/2000 [90.75s], Training: [0.9717 (Focal: 0.1150, Dice: 0.8567)], Validation: [0.9183 (Focal: 0.0895, Dice: 0.8288), Acc = 0.7872, mIoU = 0.1590], LR: 0.000090
2024-12-02 19:13:59,553 - INFO - 保存最佳模型 (mIoU: 0.1590)
2024-12-02 19:16:05,034 - INFO - Epoch 44/2000 [90.33s], Training: [0.9706 (Focal: 0.1153, Dice: 0.8553)], Validation: [0.9192 (Focal: 0.0906, Dice: 0.8287), Acc = 0.7872, mIoU = 0.1586], LR: 0.000089
2024-12-02 19:18:10,663 - INFO - Epoch 45/2000 [90.37s], Training: [0.9657 (Focal: 0.1138, Dice: 0.8519)], Validation: [0.9187 (Focal: 0.0920, Dice: 0.8267), Acc = 0.7872, mIoU = 0.1582], LR: 0.000089
2024-12-02 19:20:16,612 - INFO - Epoch 46/2000 [90.42s], Training: [0.9690 (Focal: 0.1124, Dice: 0.8566)], Validation: [0.9214 (Focal: 0.0902, Dice: 0.8312), Acc = 0.7871, mIoU = 0.1605], LR: 0.000088
2024-12-02 19:20:23,994 - INFO - 保存最佳模型 (mIoU: 0.1605)
2024-12-02 19:22:29,260 - INFO - Epoch 47/2000 [90.16s], Training: [0.9678 (Focal: 0.1127, Dice: 0.8550)], Validation: [0.9182 (Focal: 0.0907, Dice: 0.8275), Acc = 0.7872, mIoU = 0.1609], LR: 0.000088
2024-12-02 19:22:38,981 - INFO - 保存最佳模型 (mIoU: 0.1609)
2024-12-02 19:24:45,467 - INFO - Epoch 48/2000 [90.76s], Training: [0.9653 (Focal: 0.1128, Dice: 0.8526)], Validation: [0.9205 (Focal: 0.0916, Dice: 0.8289), Acc = 0.7872, mIoU = 0.1603], LR: 0.000087
2024-12-02 19:26:52,239 - INFO - Epoch 49/2000 [90.91s], Training: [0.9687 (Focal: 0.1146, Dice: 0.8541)], Validation: [0.9177 (Focal: 0.0901, Dice: 0.8276), Acc = 0.7873, mIoU = 0.1613], LR: 0.000087
2024-12-02 19:26:59,667 - INFO - 保存最佳模型 (mIoU: 0.1613)
2024-12-02 19:29:06,264 - INFO - Epoch 50/2000 [91.18s], Training: [0.9667 (Focal: 0.1142, Dice: 0.8526)], Validation: [0.9210 (Focal: 0.0929, Dice: 0.8281), Acc = 0.7872, mIoU = 0.1617], LR: 0.000086
2024-12-02 19:29:13,921 - INFO - 保存最佳模型 (mIoU: 0.1617)
2024-12-02 19:31:20,618 - INFO - Epoch 51/2000 [91.13s], Training: [0.9661 (Focal: 0.1143, Dice: 0.8518)], Validation: [0.9170 (Focal: 0.0898, Dice: 0.8272), Acc = 0.7873, mIoU = 0.1621], LR: 0.000086
2024-12-02 19:31:28,697 - INFO - 保存最佳模型 (mIoU: 0.1621)
2024-12-02 19:33:35,422 - INFO - Epoch 52/2000 [91.26s], Training: [0.9655 (Focal: 0.1139, Dice: 0.8516)], Validation: [0.9173 (Focal: 0.0908, Dice: 0.8265), Acc = 0.7873, mIoU = 0.1598], LR: 0.000085
2024-12-02 19:35:42,851 - INFO - Epoch 53/2000 [91.46s], Training: [0.9603 (Focal: 0.1121, Dice: 0.8482)], Validation: [0.9161 (Focal: 0.0895, Dice: 0.8267), Acc = 0.7873, mIoU = 0.1627], LR: 0.000084
2024-12-02 19:35:50,194 - INFO - 保存最佳模型 (mIoU: 0.1627)
2024-12-02 19:37:56,835 - INFO - Epoch 54/2000 [91.26s], Training: [0.9639 (Focal: 0.1132, Dice: 0.8507)], Validation: [0.9182 (Focal: 0.0906, Dice: 0.8276), Acc = 0.7872, mIoU = 0.1593], LR: 0.000084
2024-12-02 19:40:03,752 - INFO - Epoch 55/2000 [91.52s], Training: [0.9620 (Focal: 0.1089, Dice: 0.8530)], Validation: [0.9166 (Focal: 0.0917, Dice: 0.8250), Acc = 0.7873, mIoU = 0.1624], LR: 0.000083
2024-12-02 19:42:11,167 - INFO - Epoch 56/2000 [91.37s], Training: [0.9591 (Focal: 0.1094, Dice: 0.8496)], Validation: [0.9171 (Focal: 0.0908, Dice: 0.8262), Acc = 0.7872, mIoU = 0.1599], LR: 0.000083
2024-12-02 19:44:18,746 - INFO - Epoch 57/2000 [91.83s], Training: [0.9582 (Focal: 0.1137, Dice: 0.8445)], Validation: [0.9172 (Focal: 0.0902, Dice: 0.8270), Acc = 0.7872, mIoU = 0.1626], LR: 0.000082
2024-12-02 19:46:25,807 - INFO - Epoch 58/2000 [91.45s], Training: [0.9572 (Focal: 0.1109, Dice: 0.8463)], Validation: [0.9163 (Focal: 0.0906, Dice: 0.8257), Acc = 0.7873, mIoU = 0.1625], LR: 0.000081
2024-12-02 19:48:32,190 - INFO - Epoch 59/2000 [90.98s], Training: [0.9576 (Focal: 0.1114, Dice: 0.8462)], Validation: [0.9154 (Focal: 0.0896, Dice: 0.8258), Acc = 0.7873, mIoU = 0.1612], LR: 0.000081
2024-12-02 19:50:38,496 - INFO - Epoch 60/2000 [91.08s], Training: [0.9598 (Focal: 0.1108, Dice: 0.8490)], Validation: [0.9153 (Focal: 0.0901, Dice: 0.8251), Acc = 0.7873, mIoU = 0.1585], LR: 0.000080
2024-12-02 19:52:45,071 - INFO - Epoch 61/2000 [90.99s], Training: [0.9594 (Focal: 0.1111, Dice: 0.8483)], Validation: [0.9185 (Focal: 0.0902, Dice: 0.8283), Acc = 0.7871, mIoU = 0.1558], LR: 0.000080
2024-12-02 19:54:51,937 - INFO - Epoch 62/2000 [91.03s], Training: [0.9549 (Focal: 0.1094, Dice: 0.8455)], Validation: [0.9160 (Focal: 0.0902, Dice: 0.8258), Acc = 0.7873, mIoU = 0.1645], LR: 0.000079
2024-12-02 19:54:59,111 - INFO - 保存最佳模型 (mIoU: 0.1645)
2024-12-02 19:57:04,927 - INFO - Epoch 63/2000 [90.41s], Training: [0.9546 (Focal: 0.1087, Dice: 0.8459)], Validation: [0.9174 (Focal: 0.0904, Dice: 0.8270), Acc = 0.7872, mIoU = 0.1591], LR: 0.000078
2024-12-02 19:59:11,187 - INFO - Epoch 64/2000 [90.87s], Training: [0.9592 (Focal: 0.1083, Dice: 0.8509)], Validation: [0.9159 (Focal: 0.0893, Dice: 0.8266), Acc = 0.7872, mIoU = 0.1629], LR: 0.000078
2024-12-02 20:01:16,925 - INFO - Epoch 65/2000 [90.47s], Training: [0.9497 (Focal: 0.1077, Dice: 0.8420)], Validation: [0.9162 (Focal: 0.0894, Dice: 0.8268), Acc = 0.7872, mIoU = 0.1643], LR: 0.000077
2024-12-02 20:03:22,690 - INFO - Epoch 66/2000 [90.61s], Training: [0.9522 (Focal: 0.1086, Dice: 0.8436)], Validation: [0.9157 (Focal: 0.0899, Dice: 0.8258), Acc = 0.7873, mIoU = 0.1613], LR: 0.000076
2024-12-02 20:05:28,257 - INFO - Epoch 67/2000 [90.34s], Training: [0.9507 (Focal: 0.1076, Dice: 0.8431)], Validation: [0.9149 (Focal: 0.0894, Dice: 0.8255), Acc = 0.7874, mIoU = 0.1620], LR: 0.000076
2024-12-02 20:07:34,013 - INFO - Epoch 68/2000 [90.62s], Training: [0.9578 (Focal: 0.1071, Dice: 0.8506)], Validation: [0.9178 (Focal: 0.0911, Dice: 0.8268), Acc = 0.7872, mIoU = 0.1610], LR: 0.000075
2024-12-02 20:09:39,736 - INFO - Epoch 69/2000 [90.31s], Training: [0.9518 (Focal: 0.1067, Dice: 0.8451)], Validation: [0.9148 (Focal: 0.0894, Dice: 0.8254), Acc = 0.7873, mIoU = 0.1635], LR: 0.000074
2024-12-02 20:11:45,926 - INFO - Epoch 70/2000 [90.78s], Training: [0.9504 (Focal: 0.1083, Dice: 0.8421)], Validation: [0.9162 (Focal: 0.0895, Dice: 0.8267), Acc = 0.7872, mIoU = 0.1604], LR: 0.000074
2024-12-02 20:13:52,121 - INFO - Epoch 71/2000 [90.65s], Training: [0.9533 (Focal: 0.1084, Dice: 0.8450)], Validation: [0.9129 (Focal: 0.0889, Dice: 0.8240), Acc = 0.7874, mIoU = 0.1654], LR: 0.000073
2024-12-02 20:13:59,736 - INFO - 保存最佳模型 (mIoU: 0.1654)
2024-12-02 20:16:05,339 - INFO - Epoch 72/2000 [90.42s], Training: [0.9518 (Focal: 0.1067, Dice: 0.8451)], Validation: [0.9144 (Focal: 0.0887, Dice: 0.8257), Acc = 0.7873, mIoU = 0.1645], LR: 0.000072
2024-12-02 20:18:11,484 - INFO - Epoch 73/2000 [90.92s], Training: [0.9524 (Focal: 0.1066, Dice: 0.8458)], Validation: [0.9150 (Focal: 0.0891, Dice: 0.8259), Acc = 0.7873, mIoU = 0.1641], LR: 0.000072
2024-12-02 20:20:17,514 - INFO - Epoch 74/2000 [90.57s], Training: [0.9530 (Focal: 0.1078, Dice: 0.8452)], Validation: [0.9154 (Focal: 0.0890, Dice: 0.8263), Acc = 0.7872, mIoU = 0.1644], LR: 0.000071
2024-12-02 20:22:23,754 - INFO - Epoch 75/2000 [90.60s], Training: [0.9496 (Focal: 0.1055, Dice: 0.8441)], Validation: [0.9164 (Focal: 0.0903, Dice: 0.8261), Acc = 0.7872, mIoU = 0.1577], LR: 0.000070
2024-12-02 20:24:29,896 - INFO - Epoch 76/2000 [90.69s], Training: [0.9508 (Focal: 0.1074, Dice: 0.8433)], Validation: [0.9149 (Focal: 0.0881, Dice: 0.8268), Acc = 0.7872, mIoU = 0.1648], LR: 0.000069
2024-12-02 20:26:36,350 - INFO - Epoch 77/2000 [90.78s], Training: [0.9508 (Focal: 0.1064, Dice: 0.8445)], Validation: [0.9152 (Focal: 0.0904, Dice: 0.8248), Acc = 0.7872, mIoU = 0.1637], LR: 0.000069
2024-12-02 20:28:43,118 - INFO - Epoch 78/2000 [91.11s], Training: [0.9460 (Focal: 0.1061, Dice: 0.8399)], Validation: [0.9131 (Focal: 0.0894, Dice: 0.8237), Acc = 0.7874, mIoU = 0.1639], LR: 0.000068
2024-12-02 20:30:49,654 - INFO - Epoch 79/2000 [91.05s], Training: [0.9467 (Focal: 0.1065, Dice: 0.8402)], Validation: [0.9189 (Focal: 0.0914, Dice: 0.8275), Acc = 0.7871, mIoU = 0.1641], LR: 0.000067
2024-12-02 20:32:56,001 - INFO - Epoch 80/2000 [90.84s], Training: [0.9448 (Focal: 0.1059, Dice: 0.8389)], Validation: [0.9175 (Focal: 0.0894, Dice: 0.8281), Acc = 0.7871, mIoU = 0.1636], LR: 0.000067
2024-12-02 20:35:02,667 - INFO - Epoch 81/2000 [91.01s], Training: [0.9427 (Focal: 0.1069, Dice: 0.8358)], Validation: [0.9128 (Focal: 0.0899, Dice: 0.8230), Acc = 0.7873, mIoU = 0.1657], LR: 0.000066
2024-12-02 20:35:10,725 - INFO - 保存最佳模型 (mIoU: 0.1657)
2024-12-02 20:37:16,855 - INFO - Epoch 82/2000 [90.97s], Training: [0.9438 (Focal: 0.1066, Dice: 0.8371)], Validation: [0.9139 (Focal: 0.0899, Dice: 0.8241), Acc = 0.7873, mIoU = 0.1615], LR: 0.000065
2024-12-02 20:39:23,292 - INFO - Epoch 83/2000 [90.96s], Training: [0.9422 (Focal: 0.1049, Dice: 0.8373)], Validation: [0.9121 (Focal: 0.0890, Dice: 0.8231), Acc = 0.7873, mIoU = 0.1667], LR: 0.000064
2024-12-02 20:39:30,757 - INFO - 保存最佳模型 (mIoU: 0.1667)
2024-12-02 20:41:37,456 - INFO - Epoch 84/2000 [91.20s], Training: [0.9456 (Focal: 0.1057, Dice: 0.8399)], Validation: [0.9130 (Focal: 0.0893, Dice: 0.8237), Acc = 0.7873, mIoU = 0.1656], LR: 0.000064
2024-12-02 20:43:44,058 - INFO - Epoch 85/2000 [91.12s], Training: [0.9467 (Focal: 0.1063, Dice: 0.8404)], Validation: [0.9143 (Focal: 0.0886, Dice: 0.8257), Acc = 0.7873, mIoU = 0.1663], LR: 0.000063
2024-12-02 20:45:50,575 - INFO - Epoch 86/2000 [90.78s], Training: [0.9435 (Focal: 0.1044, Dice: 0.8391)], Validation: [0.9120 (Focal: 0.0891, Dice: 0.8228), Acc = 0.7873, mIoU = 0.1653], LR: 0.000062
2024-12-02 20:47:57,133 - INFO - Epoch 87/2000 [91.27s], Training: [0.9405 (Focal: 0.1040, Dice: 0.8365)], Validation: [0.9139 (Focal: 0.0888, Dice: 0.8251), Acc = 0.7872, mIoU = 0.1637], LR: 0.000061
2024-12-02 20:50:03,751 - INFO - Epoch 88/2000 [91.11s], Training: [0.9458 (Focal: 0.1034, Dice: 0.8424)], Validation: [0.9150 (Focal: 0.0900, Dice: 0.8250), Acc = 0.7872, mIoU = 0.1634], LR: 0.000061
2024-12-02 20:52:10,506 - INFO - Epoch 89/2000 [91.04s], Training: [0.9457 (Focal: 0.1037, Dice: 0.8420)], Validation: [0.9128 (Focal: 0.0895, Dice: 0.8233), Acc = 0.7872, mIoU = 0.1635], LR: 0.000060
2024-12-02 20:54:16,881 - INFO - Epoch 90/2000 [90.94s], Training: [0.9411 (Focal: 0.1040, Dice: 0.8372)], Validation: [0.9139 (Focal: 0.0884, Dice: 0.8255), Acc = 0.7872, mIoU = 0.1651], LR: 0.000059
2024-12-02 20:56:22,826 - INFO - Epoch 91/2000 [90.57s], Training: [0.9414 (Focal: 0.1036, Dice: 0.8378)], Validation: [0.9134 (Focal: 0.0896, Dice: 0.8238), Acc = 0.7873, mIoU = 0.1654], LR: 0.000058
2024-12-02 20:58:29,477 - INFO - Epoch 92/2000 [91.11s], Training: [0.9465 (Focal: 0.1063, Dice: 0.8402)], Validation: [0.9138 (Focal: 0.0898, Dice: 0.8240), Acc = 0.7873, mIoU = 0.1649], LR: 0.000057
2024-12-02 21:00:35,707 - INFO - Epoch 93/2000 [90.64s], Training: [0.9433 (Focal: 0.1036, Dice: 0.8397)], Validation: [0.9136 (Focal: 0.0889, Dice: 0.8247), Acc = 0.7872, mIoU = 0.1645], LR: 0.000057
2024-12-02 21:02:42,279 - INFO - Epoch 94/2000 [90.96s], Training: [0.9430 (Focal: 0.1045, Dice: 0.8385)], Validation: [0.9138 (Focal: 0.0894, Dice: 0.8244), Acc = 0.7873, mIoU = 0.1646], LR: 0.000056
2024-12-02 21:04:48,836 - INFO - Epoch 95/2000 [90.90s], Training: [0.9456 (Focal: 0.1048, Dice: 0.8408)], Validation: [0.9135 (Focal: 0.0898, Dice: 0.8238), Acc = 0.7873, mIoU = 0.1642], LR: 0.000055
2024-12-02 21:06:54,693 - INFO - Epoch 96/2000 [90.54s], Training: [0.9399 (Focal: 0.1029, Dice: 0.8370)], Validation: [0.9130 (Focal: 0.0895, Dice: 0.8235), Acc = 0.7873, mIoU = 0.1637], LR: 0.000054
2024-12-02 21:09:01,091 - INFO - Epoch 97/2000 [90.69s], Training: [0.9342 (Focal: 0.1036, Dice: 0.8306)], Validation: [0.9146 (Focal: 0.0895, Dice: 0.8251), Acc = 0.7872, mIoU = 0.1635], LR: 0.000054
2024-12-02 21:11:06,901 - INFO - Epoch 98/2000 [90.58s], Training: [0.9392 (Focal: 0.1034, Dice: 0.8358)], Validation: [0.9148 (Focal: 0.0902, Dice: 0.8246), Acc = 0.7872, mIoU = 0.1619], LR: 0.000053
2024-12-02 21:13:12,244 - INFO - Epoch 99/2000 [90.17s], Training: [0.9455 (Focal: 0.1035, Dice: 0.8420)], Validation: [0.9147 (Focal: 0.0888, Dice: 0.8259), Acc = 0.7872, mIoU = 0.1636], LR: 0.000052
2024-12-02 21:15:17,905 - INFO - Epoch 100/2000 [90.27s], Training: [0.9377 (Focal: 0.1019, Dice: 0.8357)], Validation: [0.9154 (Focal: 0.0898, Dice: 0.8256), Acc = 0.7872, mIoU = 0.1632], LR: 0.000051
2024-12-02 21:17:23,899 - INFO - Epoch 101/2000 [90.65s], Training: [0.9385 (Focal: 0.1050, Dice: 0.8335)], Validation: [0.9164 (Focal: 0.0901, Dice: 0.8262), Acc = 0.7872, mIoU = 0.1636], LR: 0.000051
2024-12-02 21:19:30,162 - INFO - Epoch 102/2000 [90.71s], Training: [0.9413 (Focal: 0.1037, Dice: 0.8376)], Validation: [0.9147 (Focal: 0.0905, Dice: 0.8242), Acc = 0.7872, mIoU = 0.1623], LR: 0.000050
2024-12-02 21:21:36,149 - INFO - Epoch 103/2000 [90.47s], Training: [0.9396 (Focal: 0.1032, Dice: 0.8364)], Validation: [0.9185 (Focal: 0.0893, Dice: 0.8292), Acc = 0.7871, mIoU = 0.1620], LR: 0.000049
2024-12-02 21:23:41,952 - INFO - Epoch 104/2000 [90.44s], Training: [0.9370 (Focal: 0.1032, Dice: 0.8337)], Validation: [0.9129 (Focal: 0.0895, Dice: 0.8233), Acc = 0.7873, mIoU = 0.1654], LR: 0.000048
2024-12-02 21:25:47,880 - INFO - Epoch 105/2000 [90.55s], Training: [0.9436 (Focal: 0.1019, Dice: 0.8417)], Validation: [0.9128 (Focal: 0.0887, Dice: 0.8241), Acc = 0.7873, mIoU = 0.1651], LR: 0.000047
2024-12-02 21:27:53,647 - INFO - Epoch 106/2000 [90.16s], Training: [0.9379 (Focal: 0.1021, Dice: 0.8358)], Validation: [0.9155 (Focal: 0.0904, Dice: 0.8251), Acc = 0.7872, mIoU = 0.1599], LR: 0.000047
2024-12-02 21:29:59,101 - INFO - Epoch 107/2000 [90.22s], Training: [0.9388 (Focal: 0.1030, Dice: 0.8359)], Validation: [0.9145 (Focal: 0.0894, Dice: 0.8251), Acc = 0.7872, mIoU = 0.1644], LR: 0.000046
2024-12-02 21:32:05,061 - INFO - Epoch 108/2000 [90.17s], Training: [0.9415 (Focal: 0.1031, Dice: 0.8384)], Validation: [0.9130 (Focal: 0.0891, Dice: 0.8239), Acc = 0.7873, mIoU = 0.1644], LR: 0.000045
2024-12-02 21:34:10,696 - INFO - Epoch 109/2000 [90.09s], Training: [0.9395 (Focal: 0.1023, Dice: 0.8371)], Validation: [0.9155 (Focal: 0.0888, Dice: 0.8267), Acc = 0.7871, mIoU = 0.1641], LR: 0.000044
2024-12-02 21:36:16,805 - INFO - Epoch 110/2000 [90.62s], Training: [0.9411 (Focal: 0.1016, Dice: 0.8396)], Validation: [0.9134 (Focal: 0.0887, Dice: 0.8247), Acc = 0.7872, mIoU = 0.1650], LR: 0.000044
2024-12-02 21:38:22,529 - INFO - Epoch 111/2000 [90.52s], Training: [0.9364 (Focal: 0.1019, Dice: 0.8345)], Validation: [0.9137 (Focal: 0.0886, Dice: 0.8251), Acc = 0.7872, mIoU = 0.1639], LR: 0.000043
2024-12-02 21:40:28,088 - INFO - Epoch 112/2000 [90.62s], Training: [0.9408 (Focal: 0.1025, Dice: 0.8383)], Validation: [0.9157 (Focal: 0.0898, Dice: 0.8259), Acc = 0.7870, mIoU = 0.1636], LR: 0.000042
2024-12-02 21:42:33,609 - INFO - Epoch 113/2000 [90.36s], Training: [0.9436 (Focal: 0.1015, Dice: 0.8422)], Validation: [0.9123 (Focal: 0.0887, Dice: 0.8236), Acc = 0.7872, mIoU = 0.1654], LR: 0.000041
2024-12-02 21:44:39,054 - INFO - Epoch 114/2000 [90.13s], Training: [0.9365 (Focal: 0.1027, Dice: 0.8339)], Validation: [0.9153 (Focal: 0.0889, Dice: 0.8264), Acc = 0.7871, mIoU = 0.1651], LR: 0.000040
2024-12-02 21:46:44,510 - INFO - Epoch 115/2000 [90.36s], Training: [0.9345 (Focal: 0.1013, Dice: 0.8332)], Validation: [0.9156 (Focal: 0.0900, Dice: 0.8255), Acc = 0.7871, mIoU = 0.1603], LR: 0.000040
2024-12-02 21:48:49,484 - INFO - Epoch 116/2000 [89.76s], Training: [0.9332 (Focal: 0.1016, Dice: 0.8315)], Validation: [0.9173 (Focal: 0.0910, Dice: 0.8263), Acc = 0.7870, mIoU = 0.1570], LR: 0.000039
2024-12-02 21:50:54,795 - INFO - Epoch 117/2000 [90.23s], Training: [0.9358 (Focal: 0.1014, Dice: 0.8344)], Validation: [0.9155 (Focal: 0.0898, Dice: 0.8257), Acc = 0.7869, mIoU = 0.1638], LR: 0.000038
2024-12-02 21:53:00,304 - INFO - Epoch 118/2000 [90.39s], Training: [0.9418 (Focal: 0.1026, Dice: 0.8392)], Validation: [0.9141 (Focal: 0.0900, Dice: 0.8241), Acc = 0.7871, mIoU = 0.1637], LR: 0.000037
2024-12-02 21:55:05,372 - INFO - Epoch 119/2000 [89.93s], Training: [0.9429 (Focal: 0.1019, Dice: 0.8410)], Validation: [0.9132 (Focal: 0.0889, Dice: 0.8244), Acc = 0.7870, mIoU = 0.1647], LR: 0.000037
2024-12-02 21:57:11,008 - INFO - Epoch 120/2000 [90.24s], Training: [0.9336 (Focal: 0.1004, Dice: 0.8332)], Validation: [0.9127 (Focal: 0.0893, Dice: 0.8235), Acc = 0.7872, mIoU = 0.1629], LR: 0.000036
2024-12-02 21:59:16,491 - INFO - Epoch 121/2000 [90.48s], Training: [0.9323 (Focal: 0.1007, Dice: 0.8316)], Validation: [0.9140 (Focal: 0.0893, Dice: 0.8247), Acc = 0.7872, mIoU = 0.1642], LR: 0.000035
2024-12-02 22:01:21,905 - INFO - Epoch 122/2000 [90.23s], Training: [0.9319 (Focal: 0.1008, Dice: 0.8311)], Validation: [0.9135 (Focal: 0.0904, Dice: 0.8231), Acc = 0.7870, mIoU = 0.1633], LR: 0.000034
2024-12-02 22:03:27,086 - INFO - Epoch 123/2000 [90.04s], Training: [0.9350 (Focal: 0.1021, Dice: 0.8330)], Validation: [0.9142 (Focal: 0.0899, Dice: 0.8243), Acc = 0.7871, mIoU = 0.1635], LR: 0.000034
2024-12-02 22:05:32,959 - INFO - Epoch 124/2000 [90.27s], Training: [0.9397 (Focal: 0.1031, Dice: 0.8366)], Validation: [0.9138 (Focal: 0.0891, Dice: 0.8247), Acc = 0.7870, mIoU = 0.1640], LR: 0.000033
2024-12-02 22:07:38,359 - INFO - Epoch 125/2000 [90.22s], Training: [0.9284 (Focal: 0.0996, Dice: 0.8288)], Validation: [0.9145 (Focal: 0.0892, Dice: 0.8254), Acc = 0.7870, mIoU = 0.1639], LR: 0.000032
2024-12-02 22:09:43,679 - INFO - Epoch 126/2000 [90.24s], Training: [0.9329 (Focal: 0.1006, Dice: 0.8323)], Validation: [0.9139 (Focal: 0.0895, Dice: 0.8245), Acc = 0.7870, mIoU = 0.1642], LR: 0.000032
2024-12-02 22:11:49,433 - INFO - Epoch 127/2000 [90.36s], Training: [0.9262 (Focal: 0.1010, Dice: 0.8252)], Validation: [0.9135 (Focal: 0.0897, Dice: 0.8237), Acc = 0.7871, mIoU = 0.1641], LR: 0.000031
2024-12-02 22:13:54,997 - INFO - Epoch 128/2000 [90.25s], Training: [0.9381 (Focal: 0.1026, Dice: 0.8354)], Validation: [0.9132 (Focal: 0.0899, Dice: 0.8234), Acc = 0.7871, mIoU = 0.1636], LR: 0.000030
2024-12-02 22:16:00,744 - INFO - Epoch 129/2000 [90.26s], Training: [0.9293 (Focal: 0.0991, Dice: 0.8302)], Validation: [0.9140 (Focal: 0.0894, Dice: 0.8247), Acc = 0.7870, mIoU = 0.1636], LR: 0.000029
2024-12-02 22:18:06,823 - INFO - Epoch 130/2000 [90.43s], Training: [0.9379 (Focal: 0.1017, Dice: 0.8362)], Validation: [0.9132 (Focal: 0.0897, Dice: 0.8235), Acc = 0.7869, mIoU = 0.1639], LR: 0.000029
2024-12-02 22:20:11,965 - INFO - Epoch 131/2000 [90.13s], Training: [0.9314 (Focal: 0.1010, Dice: 0.8304)], Validation: [0.9153 (Focal: 0.0896, Dice: 0.8258), Acc = 0.7869, mIoU = 0.1642], LR: 0.000028
2024-12-02 22:22:17,192 - INFO - Epoch 132/2000 [89.99s], Training: [0.9290 (Focal: 0.1011, Dice: 0.8279)], Validation: [0.9135 (Focal: 0.0898, Dice: 0.8237), Acc = 0.7870, mIoU = 0.1635], LR: 0.000027
2024-12-02 22:24:22,418 - INFO - Epoch 133/2000 [90.14s], Training: [0.9328 (Focal: 0.1003, Dice: 0.8325)], Validation: [0.9143 (Focal: 0.0897, Dice: 0.8246), Acc = 0.7870, mIoU = 0.1637], LR: 0.000027
2024-12-02 22:26:28,722 - INFO - Epoch 134/2000 [90.77s], Training: [0.9362 (Focal: 0.1012, Dice: 0.8350)], Validation: [0.9157 (Focal: 0.0900, Dice: 0.8257), Acc = 0.7870, mIoU = 0.1628], LR: 0.000026
2024-12-02 22:28:34,343 - INFO - Epoch 135/2000 [90.31s], Training: [0.9379 (Focal: 0.1011, Dice: 0.8368)], Validation: [0.9140 (Focal: 0.0894, Dice: 0.8247), Acc = 0.7868, mIoU = 0.1640], LR: 0.000025
2024-12-02 22:30:40,727 - INFO - Epoch 136/2000 [90.91s], Training: [0.9393 (Focal: 0.1005, Dice: 0.8388)], Validation: [0.9143 (Focal: 0.0891, Dice: 0.8252), Acc = 0.7868, mIoU = 0.1639], LR: 0.000025
2024-12-02 22:32:45,953 - INFO - Epoch 137/2000 [90.25s], Training: [0.9305 (Focal: 0.0995, Dice: 0.8310)], Validation: [0.9121 (Focal: 0.0891, Dice: 0.8231), Acc = 0.7873, mIoU = 0.1637], LR: 0.000024
2024-12-02 22:34:51,500 - INFO - Epoch 138/2000 [90.36s], Training: [0.9309 (Focal: 0.1011, Dice: 0.8298)], Validation: [0.9131 (Focal: 0.0894, Dice: 0.8237), Acc = 0.7868, mIoU = 0.1645], LR: 0.000023
2024-12-02 22:36:57,147 - INFO - Epoch 139/2000 [90.32s], Training: [0.9279 (Focal: 0.0986, Dice: 0.8292)], Validation: [0.9128 (Focal: 0.0891, Dice: 0.8237), Acc = 0.7869, mIoU = 0.1641], LR: 0.000023
2024-12-02 22:39:02,836 - INFO - Epoch 140/2000 [90.61s], Training: [0.9311 (Focal: 0.1000, Dice: 0.8311)], Validation: [0.9131 (Focal: 0.0891, Dice: 0.8240), Acc = 0.7870, mIoU = 0.1646], LR: 0.000022
2024-12-02 22:41:07,899 - INFO - Epoch 141/2000 [89.97s], Training: [0.9326 (Focal: 0.1010, Dice: 0.8316)], Validation: [0.9139 (Focal: 0.0888, Dice: 0.8251), Acc = 0.7870, mIoU = 0.1649], LR: 0.000021
2024-12-02 22:43:13,660 - INFO - Epoch 142/2000 [90.56s], Training: [0.9314 (Focal: 0.0999, Dice: 0.8315)], Validation: [0.9133 (Focal: 0.0893, Dice: 0.8239), Acc = 0.7870, mIoU = 0.1641], LR: 0.000021
2024-12-02 22:45:19,010 - INFO - Epoch 143/2000 [90.27s], Training: [0.9318 (Focal: 0.1003, Dice: 0.8315)], Validation: [0.9128 (Focal: 0.0889, Dice: 0.8240), Acc = 0.7871, mIoU = 0.1635], LR: 0.000020
2024-12-02 22:47:24,487 - INFO - Epoch 144/2000 [90.44s], Training: [0.9367 (Focal: 0.1014, Dice: 0.8354)], Validation: [0.9128 (Focal: 0.0894, Dice: 0.8234), Acc = 0.7870, mIoU = 0.1646], LR: 0.000020
2024-12-02 22:49:30,918 - INFO - Epoch 145/2000 [90.49s], Training: [0.9284 (Focal: 0.1017, Dice: 0.8268)], Validation: [0.9131 (Focal: 0.0891, Dice: 0.8240), Acc = 0.7869, mIoU = 0.1651], LR: 0.000019
2024-12-02 22:51:36,509 - INFO - Epoch 146/2000 [90.32s], Training: [0.9307 (Focal: 0.1002, Dice: 0.8305)], Validation: [0.9134 (Focal: 0.0897, Dice: 0.8236), Acc = 0.7871, mIoU = 0.1635], LR: 0.000018
2024-12-02 22:53:42,019 - INFO - Epoch 147/2000 [90.27s], Training: [0.9321 (Focal: 0.1000, Dice: 0.8321)], Validation: [0.9120 (Focal: 0.0893, Dice: 0.8228), Acc = 0.7872, mIoU = 0.1651], LR: 0.000018
2024-12-02 22:55:47,437 - INFO - Epoch 148/2000 [90.12s], Training: [0.9361 (Focal: 0.1012, Dice: 0.8350)], Validation: [0.9159 (Focal: 0.0904, Dice: 0.8255), Acc = 0.7873, mIoU = 0.1593], LR: 0.000017
2024-12-02 22:57:52,771 - INFO - Epoch 149/2000 [90.23s], Training: [0.9292 (Focal: 0.0999, Dice: 0.8293)], Validation: [0.9133 (Focal: 0.0891, Dice: 0.8242), Acc = 0.7868, mIoU = 0.1651], LR: 0.000017
2024-12-02 22:59:58,437 - INFO - Epoch 150/2000 [90.33s], Training: [0.9303 (Focal: 0.0995, Dice: 0.8308)], Validation: [0.9133 (Focal: 0.0897, Dice: 0.8236), Acc = 0.7870, mIoU = 0.1647], LR: 0.000016
2024-12-02 23:02:04,280 - INFO - Epoch 151/2000 [90.38s], Training: [0.9290 (Focal: 0.0993, Dice: 0.8297)], Validation: [0.9134 (Focal: 0.0895, Dice: 0.8239), Acc = 0.7872, mIoU = 0.1643], LR: 0.000015
2024-12-02 23:04:11,384 - INFO - Epoch 152/2000 [91.59s], Training: [0.9282 (Focal: 0.1003, Dice: 0.8279)], Validation: [0.9137 (Focal: 0.0893, Dice: 0.8244), Acc = 0.7871, mIoU = 0.1648], LR: 0.000015
2024-12-02 23:06:17,323 - INFO - Epoch 153/2000 [90.64s], Training: [0.9363 (Focal: 0.1015, Dice: 0.8348)], Validation: [0.9143 (Focal: 0.0896, Dice: 0.8247), Acc = 0.7867, mIoU = 0.1658], LR: 0.000014
2024-12-02 23:08:23,311 - INFO - Epoch 154/2000 [90.58s], Training: [0.9363 (Focal: 0.0997, Dice: 0.8366)], Validation: [0.9133 (Focal: 0.0891, Dice: 0.8241), Acc = 0.7872, mIoU = 0.1646], LR: 0.000014
2024-12-02 23:10:29,268 - INFO - Epoch 155/2000 [90.56s], Training: [0.9267 (Focal: 0.0984, Dice: 0.8283)], Validation: [0.9132 (Focal: 0.0889, Dice: 0.8243), Acc = 0.7872, mIoU = 0.1647], LR: 0.000013
2024-12-02 23:12:35,571 - INFO - Epoch 156/2000 [90.54s], Training: [0.9298 (Focal: 0.1003, Dice: 0.8296)], Validation: [0.9133 (Focal: 0.0899, Dice: 0.8234), Acc = 0.7873, mIoU = 0.1641], LR: 0.000013
2024-12-02 23:14:41,139 - INFO - Epoch 157/2000 [90.33s], Training: [0.9297 (Focal: 0.0998, Dice: 0.8299)], Validation: [0.9133 (Focal: 0.0893, Dice: 0.8240), Acc = 0.7869, mIoU = 0.1649], LR: 0.000012
2024-12-02 23:16:47,034 - INFO - Epoch 158/2000 [90.56s], Training: [0.9349 (Focal: 0.1011, Dice: 0.8338)], Validation: [0.9137 (Focal: 0.0903, Dice: 0.8233), Acc = 0.7871, mIoU = 0.1649], LR: 0.000012
2024-12-02 23:18:52,954 - INFO - Epoch 159/2000 [90.64s], Training: [0.9281 (Focal: 0.0993, Dice: 0.8287)], Validation: [0.9129 (Focal: 0.0894, Dice: 0.8234), Acc = 0.7871, mIoU = 0.1652], LR: 0.000011
2024-12-02 23:20:58,860 - INFO - Epoch 160/2000 [90.69s], Training: [0.9347 (Focal: 0.1007, Dice: 0.8339)], Validation: [0.9133 (Focal: 0.0893, Dice: 0.8240), Acc = 0.7872, mIoU = 0.1651], LR: 0.000011
2024-12-02 23:23:04,888 - INFO - Epoch 161/2000 [90.61s], Training: [0.9322 (Focal: 0.0996, Dice: 0.8326)], Validation: [0.9131 (Focal: 0.0892, Dice: 0.8239), Acc = 0.7872, mIoU = 0.1652], LR: 0.000010
2024-12-02 23:25:11,282 - INFO - Epoch 162/2000 [90.89s], Training: [0.9294 (Focal: 0.1001, Dice: 0.8293)], Validation: [0.9132 (Focal: 0.0897, Dice: 0.8235), Acc = 0.7870, mIoU = 0.1658], LR: 0.000010
2024-12-02 23:27:17,438 - INFO - Epoch 163/2000 [90.88s], Training: [0.9334 (Focal: 0.0996, Dice: 0.8338)], Validation: [0.9129 (Focal: 0.0895, Dice: 0.8234), Acc = 0.7872, mIoU = 0.1652], LR: 0.000010
2024-12-02 23:29:23,269 - INFO - Epoch 164/2000 [90.53s], Training: [0.9324 (Focal: 0.0988, Dice: 0.8336)], Validation: [0.9131 (Focal: 0.0897, Dice: 0.8234), Acc = 0.7873, mIoU = 0.1645], LR: 0.000009
2024-12-02 23:31:29,403 - INFO - Epoch 165/2000 [90.70s], Training: [0.9257 (Focal: 0.0993, Dice: 0.8263)], Validation: [0.9126 (Focal: 0.0892, Dice: 0.8234), Acc = 0.7872, mIoU = 0.1654], LR: 0.000009
2024-12-02 23:33:35,238 - INFO - Epoch 166/2000 [90.56s], Training: [0.9297 (Focal: 0.1004, Dice: 0.8293)], Validation: [0.9133 (Focal: 0.0897, Dice: 0.8236), Acc = 0.7873, mIoU = 0.1648], LR: 0.000008
2024-12-02 23:35:41,129 - INFO - Epoch 167/2000 [90.45s], Training: [0.9322 (Focal: 0.1003, Dice: 0.8319)], Validation: [0.9130 (Focal: 0.0897, Dice: 0.8234), Acc = 0.7870, mIoU = 0.1658], LR: 0.000008
2024-12-02 23:37:47,217 - INFO - Epoch 168/2000 [90.70s], Training: [0.9292 (Focal: 0.1005, Dice: 0.8287)], Validation: [0.9133 (Focal: 0.0891, Dice: 0.8241), Acc = 0.7873, mIoU = 0.1647], LR: 0.000008
2024-12-02 23:39:52,921 - INFO - Epoch 169/2000 [90.46s], Training: [0.9309 (Focal: 0.1003, Dice: 0.8306)], Validation: [0.9127 (Focal: 0.0894, Dice: 0.8233), Acc = 0.7873, mIoU = 0.1653], LR: 0.000007
2024-12-02 23:41:58,784 - INFO - Epoch 170/2000 [90.66s], Training: [0.9317 (Focal: 0.1002, Dice: 0.8314)], Validation: [0.9135 (Focal: 0.0895, Dice: 0.8240), Acc = 0.7870, mIoU = 0.1648], LR: 0.000007
2024-12-02 23:44:04,486 - INFO - Epoch 171/2000 [90.28s], Training: [0.9341 (Focal: 0.0998, Dice: 0.8343)], Validation: [0.9134 (Focal: 0.0895, Dice: 0.8239), Acc = 0.7871, mIoU = 0.1656], LR: 0.000006
2024-12-02 23:46:11,128 - INFO - Epoch 172/2000 [90.94s], Training: [0.9302 (Focal: 0.0992, Dice: 0.8310)], Validation: [0.9128 (Focal: 0.0895, Dice: 0.8233), Acc = 0.7872, mIoU = 0.1655], LR: 0.000006
2024-12-02 23:48:17,045 - INFO - Epoch 173/2000 [90.58s], Training: [0.9226 (Focal: 0.0988, Dice: 0.8239)], Validation: [0.9132 (Focal: 0.0895, Dice: 0.8237), Acc = 0.7872, mIoU = 0.1651], LR: 0.000006
2024-12-02 23:50:23,047 - INFO - Epoch 174/2000 [90.77s], Training: [0.9288 (Focal: 0.0997, Dice: 0.8291)], Validation: [0.9130 (Focal: 0.0896, Dice: 0.8234), Acc = 0.7873, mIoU = 0.1656], LR: 0.000005
2024-12-02 23:52:28,567 - INFO - Epoch 175/2000 [90.20s], Training: [0.9309 (Focal: 0.0998, Dice: 0.8311)], Validation: [0.9131 (Focal: 0.0897, Dice: 0.8233), Acc = 0.7871, mIoU = 0.1657], LR: 0.000005
2024-12-02 23:54:34,849 - INFO - Epoch 176/2000 [90.69s], Training: [0.9320 (Focal: 0.1006, Dice: 0.8314)], Validation: [0.9130 (Focal: 0.0897, Dice: 0.8233), Acc = 0.7873, mIoU = 0.1654], LR: 0.000005
2024-12-02 23:56:40,430 - INFO - Epoch 177/2000 [90.41s], Training: [0.9339 (Focal: 0.0993, Dice: 0.8346)], Validation: [0.9124 (Focal: 0.0894, Dice: 0.8230), Acc = 0.7873, mIoU = 0.1657], LR: 0.000004
2024-12-02 23:58:46,465 - INFO - Epoch 178/2000 [90.61s], Training: [0.9317 (Focal: 0.1002, Dice: 0.8315)], Validation: [0.9127 (Focal: 0.0892, Dice: 0.8235), Acc = 0.7873, mIoU = 0.1658], LR: 0.000004
2024-12-03 00:00:52,439 - INFO - Epoch 179/2000 [90.75s], Training: [0.9294 (Focal: 0.0990, Dice: 0.8305)], Validation: [0.9128 (Focal: 0.0891, Dice: 0.8238), Acc = 0.7874, mIoU = 0.1658], LR: 0.000004
2024-12-03 00:02:58,641 - INFO - Epoch 180/2000 [90.98s], Training: [0.9243 (Focal: 0.0996, Dice: 0.8247)], Validation: [0.9131 (Focal: 0.0897, Dice: 0.8233), Acc = 0.7873, mIoU = 0.1657], LR: 0.000004
2024-12-03 00:05:04,869 - INFO - Epoch 181/2000 [90.64s], Training: [0.9306 (Focal: 0.0985, Dice: 0.8321)], Validation: [0.9133 (Focal: 0.0903, Dice: 0.8230), Acc = 0.7873, mIoU = 0.1652], LR: 0.000003
2024-12-03 00:07:10,649 - INFO - Epoch 182/2000 [90.58s], Training: [0.9289 (Focal: 0.0986, Dice: 0.8302)], Validation: [0.9130 (Focal: 0.0900, Dice: 0.8230), Acc = 0.7872, mIoU = 0.1655], LR: 0.000003
2024-12-03 00:09:17,317 - INFO - Epoch 183/2000 [90.85s], Training: [0.9285 (Focal: 0.0982, Dice: 0.8303)], Validation: [0.9131 (Focal: 0.0900, Dice: 0.8231), Acc = 0.7872, mIoU = 0.1656], LR: 0.000003
2024-12-03 00:11:22,919 - INFO - Epoch 184/2000 [90.21s], Training: [0.9320 (Focal: 0.0995, Dice: 0.8325)], Validation: [0.9132 (Focal: 0.0899, Dice: 0.8234), Acc = 0.7873, mIoU = 0.1653], LR: 0.000003
2024-12-03 00:13:28,957 - INFO - Epoch 185/2000 [90.67s], Training: [0.9330 (Focal: 0.0994, Dice: 0.8336)], Validation: [0.9134 (Focal: 0.0900, Dice: 0.8233), Acc = 0.7872, mIoU = 0.1653], LR: 0.000003
2024-12-03 00:15:34,622 - INFO - Epoch 186/2000 [90.41s], Training: [0.9265 (Focal: 0.0998, Dice: 0.8267)], Validation: [0.9136 (Focal: 0.0898, Dice: 0.8238), Acc = 0.7872, mIoU = 0.1654], LR: 0.000002
2024-12-03 00:17:41,001 - INFO - Epoch 187/2000 [90.77s], Training: [0.9265 (Focal: 0.0982, Dice: 0.8283)], Validation: [0.9130 (Focal: 0.0893, Dice: 0.8236), Acc = 0.7872, mIoU = 0.1657], LR: 0.000002
2024-12-03 00:19:47,269 - INFO - Epoch 188/2000 [90.73s], Training: [0.9310 (Focal: 0.0998, Dice: 0.8312)], Validation: [0.9127 (Focal: 0.0891, Dice: 0.8236), Acc = 0.7874, mIoU = 0.1656], LR: 0.000002
2024-12-03 00:21:52,834 - INFO - Epoch 189/2000 [90.47s], Training: [0.9381 (Focal: 0.0990, Dice: 0.8392)], Validation: [0.9132 (Focal: 0.0896, Dice: 0.8236), Acc = 0.7873, mIoU = 0.1656], LR: 0.000002
2024-12-03 00:23:58,564 - INFO - Epoch 190/2000 [90.55s], Training: [0.9321 (Focal: 0.0998, Dice: 0.8323)], Validation: [0.9129 (Focal: 0.0891, Dice: 0.8238), Acc = 0.7873, mIoU = 0.1658], LR: 0.000002
2024-12-03 00:26:04,937 - INFO - Epoch 191/2000 [90.83s], Training: [0.9311 (Focal: 0.0989, Dice: 0.8322)], Validation: [0.9133 (Focal: 0.0897, Dice: 0.8235), Acc = 0.7872, mIoU = 0.1655], LR: 0.000002
2024-12-03 00:28:10,855 - INFO - Epoch 192/2000 [90.52s], Training: [0.9289 (Focal: 0.0999, Dice: 0.8291)], Validation: [0.9131 (Focal: 0.0892, Dice: 0.8239), Acc = 0.7873, mIoU = 0.1655], LR: 0.000001
2024-12-03 00:30:16,914 - INFO - Epoch 193/2000 [90.67s], Training: [0.9392 (Focal: 0.0993, Dice: 0.8399)], Validation: [0.9129 (Focal: 0.0892, Dice: 0.8237), Acc = 0.7873, mIoU = 0.1656], LR: 0.000001
2024-12-03 00:32:23,169 - INFO - Epoch 194/2000 [90.78s], Training: [0.9304 (Focal: 0.0993, Dice: 0.8311)], Validation: [0.9131 (Focal: 0.0896, Dice: 0.8234), Acc = 0.7873, mIoU = 0.1654], LR: 0.000001
2024-12-03 00:34:28,954 - INFO - Epoch 195/2000 [90.36s], Training: [0.9312 (Focal: 0.0976, Dice: 0.8336)], Validation: [0.9132 (Focal: 0.0896, Dice: 0.8235), Acc = 0.7872, mIoU = 0.1655], LR: 0.000001
2024-12-03 00:36:35,599 - INFO - Epoch 196/2000 [90.94s], Training: [0.9253 (Focal: 0.0989, Dice: 0.8264)], Validation: [0.9127 (Focal: 0.0891, Dice: 0.8236), Acc = 0.7873, mIoU = 0.1658], LR: 0.000001
2024-12-03 00:38:41,421 - INFO - Epoch 197/2000 [90.44s], Training: [0.9300 (Focal: 0.0996, Dice: 0.8305)], Validation: [0.9131 (Focal: 0.0895, Dice: 0.8236), Acc = 0.7873, mIoU = 0.1656], LR: 0.000001
2024-12-03 00:40:47,611 - INFO - Epoch 198/2000 [90.90s], Training: [0.9278 (Focal: 0.0996, Dice: 0.8282)], Validation: [0.9134 (Focal: 0.0898, Dice: 0.8235), Acc = 0.7873, mIoU = 0.1655], LR: 0.000001
2024-12-03 00:42:53,760 - INFO - Epoch 199/2000 [90.60s], Training: [0.9262 (Focal: 0.1001, Dice: 0.8261)], Validation: [0.9131 (Focal: 0.0896, Dice: 0.8236), Acc = 0.7873, mIoU = 0.1656], LR: 0.000001
2024-12-03 00:45:00,210 - INFO - Epoch 200/2000 [90.95s], Training: [0.9307 (Focal: 0.0999, Dice: 0.8308)], Validation: [0.9130 (Focal: 0.0892, Dice: 0.8238), Acc = 0.7873, mIoU = 0.1656], LR: 0.000001
2024-12-03 00:47:06,262 - INFO - Epoch 201/2000 [90.47s], Training: [0.9333 (Focal: 0.1005, Dice: 0.8328)], Validation: [0.9638 (Focal: 0.1041, Dice: 0.8597), Acc = 0.7776, mIoU = 0.1202], LR: 0.000100
2024-12-03 00:49:12,604 - INFO - Epoch 202/2000 [90.87s], Training: [0.9392 (Focal: 0.1034, Dice: 0.8358)], Validation: [4.8235 (Focal: 3.8570, Dice: 0.9666), Acc = 0.1384, mIoU = 0.0213], LR: 0.000100
2024-12-03 00:51:18,835 - INFO - Epoch 203/2000 [90.92s], Training: [0.9431 (Focal: 0.1021, Dice: 0.8410)], Validation: [0.9208 (Focal: 0.0894, Dice: 0.8314), Acc = 0.7871, mIoU = 0.1606], LR: 0.000100
2024-12-03 00:53:25,220 - INFO - Epoch 204/2000 [90.96s], Training: [0.9386 (Focal: 0.0995, Dice: 0.8390)], Validation: [0.9158 (Focal: 0.0888, Dice: 0.8270), Acc = 0.7872, mIoU = 0.1629], LR: 0.000100
2024-12-03 00:55:31,351 - INFO - Epoch 205/2000 [90.63s], Training: [0.9448 (Focal: 0.1012, Dice: 0.8437)], Validation: [0.9167 (Focal: 0.0897, Dice: 0.8269), Acc = 0.7872, mIoU = 0.1625], LR: 0.000100
2024-12-03 00:57:37,623 - INFO - Epoch 206/2000 [90.67s], Training: [0.9320 (Focal: 0.0983, Dice: 0.8336)], Validation: [0.9116 (Focal: 0.0880, Dice: 0.8237), Acc = 0.7872, mIoU = 0.1652], LR: 0.000100
2024-12-03 00:59:43,567 - INFO - Epoch 207/2000 [90.72s], Training: [0.9307 (Focal: 0.0998, Dice: 0.8310)], Validation: [0.9110 (Focal: 0.0890, Dice: 0.8220), Acc = 0.7873, mIoU = 0.1650], LR: 0.000100
2024-12-03 01:01:49,601 - INFO - Epoch 208/2000 [90.68s], Training: [0.9419 (Focal: 0.1000, Dice: 0.8419)], Validation: [0.9149 (Focal: 0.0894, Dice: 0.8255), Acc = 0.7873, mIoU = 0.1639], LR: 0.000100
2024-12-03 01:03:55,508 - INFO - Epoch 209/2000 [90.28s], Training: [0.9323 (Focal: 0.0979, Dice: 0.8343)], Validation: [0.9129 (Focal: 0.0887, Dice: 0.8242), Acc = 0.7875, mIoU = 0.1651], LR: 0.000100
2024-12-03 01:06:01,796 - INFO - Epoch 210/2000 [90.88s], Training: [0.9381 (Focal: 0.0997, Dice: 0.8384)], Validation: [0.9135 (Focal: 0.0905, Dice: 0.8230), Acc = 0.7875, mIoU = 0.1653], LR: 0.000100
2024-12-03 01:08:07,598 - INFO - Epoch 211/2000 [90.31s], Training: [0.9334 (Focal: 0.0995, Dice: 0.8339)], Validation: [0.9123 (Focal: 0.0888, Dice: 0.8235), Acc = 0.7870, mIoU = 0.1662], LR: 0.000100
2024-12-03 01:10:13,383 - INFO - Epoch 212/2000 [90.37s], Training: [0.9438 (Focal: 0.0995, Dice: 0.8442)], Validation: [0.9138 (Focal: 0.0891, Dice: 0.8247), Acc = 0.7871, mIoU = 0.1658], LR: 0.000100
2024-12-03 01:12:19,391 - INFO - Epoch 213/2000 [90.60s], Training: [0.9313 (Focal: 0.0990, Dice: 0.8322)], Validation: [0.9126 (Focal: 0.0895, Dice: 0.8230), Acc = 0.7867, mIoU = 0.1662], LR: 0.000100
2024-12-03 01:14:25,371 - INFO - Epoch 214/2000 [90.67s], Training: [0.9300 (Focal: 0.0986, Dice: 0.8314)], Validation: [0.9145 (Focal: 0.0894, Dice: 0.8250), Acc = 0.7873, mIoU = 0.1656], LR: 0.000100
2024-12-03 01:16:31,296 - INFO - Epoch 215/2000 [90.37s], Training: [0.9306 (Focal: 0.0977, Dice: 0.8329)], Validation: [0.9105 (Focal: 0.0883, Dice: 0.8222), Acc = 0.7876, mIoU = 0.1672], LR: 0.000100
2024-12-03 01:16:39,031 - INFO - 保存最佳模型 (mIoU: 0.1672)
2024-12-03 01:18:44,804 - INFO - Epoch 216/2000 [90.52s], Training: [0.9244 (Focal: 0.0969, Dice: 0.8275)], Validation: [0.9456 (Focal: 0.1146, Dice: 0.8310), Acc = 0.6492, mIoU = 0.1582], LR: 0.000100
2024-12-03 01:20:50,893 - INFO - Epoch 217/2000 [90.69s], Training: [0.9367 (Focal: 0.0988, Dice: 0.8379)], Validation: [0.9103 (Focal: 0.0886, Dice: 0.8216), Acc = 0.7877, mIoU = 0.1676], LR: 0.000100
2024-12-03 01:20:58,083 - INFO - 保存最佳模型 (mIoU: 0.1676)
2024-12-03 01:23:03,565 - INFO - Epoch 218/2000 [90.26s], Training: [0.9317 (Focal: 0.0984, Dice: 0.8333)], Validation: [0.9114 (Focal: 0.0891, Dice: 0.8223), Acc = 0.7876, mIoU = 0.1652], LR: 0.000100
2024-12-03 01:25:09,565 - INFO - Epoch 219/2000 [90.82s], Training: [0.9270 (Focal: 0.0968, Dice: 0.8302)], Validation: [0.9118 (Focal: 0.0896, Dice: 0.8222), Acc = 0.7876, mIoU = 0.1656], LR: 0.000100
2024-12-03 01:27:15,318 - INFO - Epoch 220/2000 [90.61s], Training: [0.9242 (Focal: 0.0960, Dice: 0.8283)], Validation: [0.9142 (Focal: 0.0903, Dice: 0.8238), Acc = 0.7876, mIoU = 0.1612], LR: 0.000099
2024-12-03 01:29:21,559 - INFO - Epoch 221/2000 [90.86s], Training: [0.9317 (Focal: 0.0992, Dice: 0.8325)], Validation: [0.9113 (Focal: 0.0888, Dice: 0.8225), Acc = 0.7869, mIoU = 0.1673], LR: 0.000099
2024-12-03 01:31:27,468 - INFO - Epoch 222/2000 [90.74s], Training: [0.9295 (Focal: 0.0987, Dice: 0.8309)], Validation: [0.9101 (Focal: 0.0885, Dice: 0.8216), Acc = 0.7874, mIoU = 0.1677], LR: 0.000099
2024-12-03 01:31:34,869 - INFO - 保存最佳模型 (mIoU: 0.1677)
2024-12-03 01:33:40,482 - INFO - Epoch 223/2000 [90.39s], Training: [0.9355 (Focal: 0.0980, Dice: 0.8375)], Validation: [0.9100 (Focal: 0.0877, Dice: 0.8223), Acc = 0.7877, mIoU = 0.1642], LR: 0.000099
2024-12-03 01:35:46,473 - INFO - Epoch 224/2000 [90.37s], Training: [0.9264 (Focal: 0.0963, Dice: 0.8302)], Validation: [0.9100 (Focal: 0.0893, Dice: 0.8207), Acc = 0.7880, mIoU = 0.1682], LR: 0.000099
2024-12-03 01:35:53,287 - INFO - 保存最佳模型 (mIoU: 0.1682)
2024-12-03 01:37:59,056 - INFO - Epoch 225/2000 [90.39s], Training: [0.9254 (Focal: 0.0957, Dice: 0.8297)], Validation: [0.9102 (Focal: 0.0890, Dice: 0.8212), Acc = 0.7878, mIoU = 0.1683], LR: 0.000099
2024-12-03 01:38:06,518 - INFO - 保存最佳模型 (mIoU: 0.1683)
2024-12-03 01:40:11,978 - INFO - Epoch 226/2000 [90.37s], Training: [0.9317 (Focal: 0.0991, Dice: 0.8326)], Validation: [0.9108 (Focal: 0.0888, Dice: 0.8220), Acc = 0.7877, mIoU = 0.1670], LR: 0.000099
2024-12-03 01:42:17,740 - INFO - Epoch 227/2000 [90.40s], Training: [0.9313 (Focal: 0.0969, Dice: 0.8344)], Validation: [0.9106 (Focal: 0.0894, Dice: 0.8212), Acc = 0.7874, mIoU = 0.1689], LR: 0.000099
2024-12-03 01:42:25,157 - INFO - 保存最佳模型 (mIoU: 0.1689)
2024-12-03 01:44:30,640 - INFO - Epoch 228/2000 [90.26s], Training: [0.9245 (Focal: 0.0972, Dice: 0.8274)], Validation: [0.9115 (Focal: 0.0887, Dice: 0.8228), Acc = 0.7875, mIoU = 0.1680], LR: 0.000099
2024-12-03 01:46:36,829 - INFO - Epoch 229/2000 [90.51s], Training: [0.9250 (Focal: 0.0966, Dice: 0.8284)], Validation: [0.9118 (Focal: 0.0886, Dice: 0.8232), Acc = 0.7878, mIoU = 0.1678], LR: 0.000099
2024-12-03 01:48:42,115 - INFO - Epoch 230/2000 [90.01s], Training: [0.9221 (Focal: 0.0963, Dice: 0.8259)], Validation: [0.9141 (Focal: 0.0900, Dice: 0.8242), Acc = 0.7875, mIoU = 0.1629], LR: 0.000099
2024-12-03 01:50:47,713 - INFO - Epoch 231/2000 [90.24s], Training: [0.9331 (Focal: 0.0960, Dice: 0.8371)], Validation: [0.9093 (Focal: 0.0891, Dice: 0.8202), Acc = 0.7879, mIoU = 0.1686], LR: 0.000099
2024-12-03 01:52:52,843 - INFO - Epoch 232/2000 [90.17s], Training: [0.9320 (Focal: 0.0973, Dice: 0.8347)], Validation: [0.9108 (Focal: 0.0887, Dice: 0.8221), Acc = 0.7879, mIoU = 0.1652], LR: 0.000099
2024-12-03 01:54:57,732 - INFO - Epoch 233/2000 [89.90s], Training: [0.9298 (Focal: 0.0957, Dice: 0.8341)], Validation: [0.9109 (Focal: 0.0891, Dice: 0.8218), Acc = 0.7878, mIoU = 0.1663], LR: 0.000098
2024-12-03 01:57:03,099 - INFO - Epoch 234/2000 [90.26s], Training: [0.9271 (Focal: 0.0953, Dice: 0.8319)], Validation: [0.9110 (Focal: 0.0880, Dice: 0.8230), Acc = 0.7880, mIoU = 0.1675], LR: 0.000098
2024-12-03 01:59:08,531 - INFO - Epoch 235/2000 [90.38s], Training: [0.9287 (Focal: 0.0976, Dice: 0.8312)], Validation: [0.9097 (Focal: 0.0890, Dice: 0.8208), Acc = 0.7877, mIoU = 0.1680], LR: 0.000098
2024-12-03 02:01:13,989 - INFO - Epoch 236/2000 [90.32s], Training: [0.9276 (Focal: 0.0955, Dice: 0.8321)], Validation: [0.9113 (Focal: 0.0889, Dice: 0.8224), Acc = 0.7877, mIoU = 0.1652], LR: 0.000098
2024-12-03 02:03:20,101 - INFO - Epoch 237/2000 [90.63s], Training: [0.9227 (Focal: 0.0965, Dice: 0.8262)], Validation: [0.9113 (Focal: 0.0894, Dice: 0.8220), Acc = 0.7876, mIoU = 0.1683], LR: 0.000098
2024-12-03 02:05:25,977 - INFO - Epoch 238/2000 [90.50s], Training: [0.9215 (Focal: 0.0955, Dice: 0.8260)], Validation: [0.9105 (Focal: 0.0886, Dice: 0.8219), Acc = 0.7881, mIoU = 0.1669], LR: 0.000098
2024-12-03 02:07:31,530 - INFO - Epoch 239/2000 [90.33s], Training: [0.9287 (Focal: 0.0963, Dice: 0.8324)], Validation: [0.9117 (Focal: 0.0894, Dice: 0.8223), Acc = 0.7877, mIoU = 0.1697], LR: 0.000098
2024-12-03 02:07:38,978 - INFO - 保存最佳模型 (mIoU: 0.1697)
2024-12-03 02:09:44,690 - INFO - Epoch 240/2000 [90.57s], Training: [0.9289 (Focal: 0.0965, Dice: 0.8324)], Validation: [0.9101 (Focal: 0.0887, Dice: 0.8214), Acc = 0.7880, mIoU = 0.1692], LR: 0.000098
2024-12-03 02:11:50,304 - INFO - Epoch 241/2000 [90.39s], Training: [0.9278 (Focal: 0.0941, Dice: 0.8337)], Validation: [0.9091 (Focal: 0.0885, Dice: 0.8207), Acc = 0.7882, mIoU = 0.1689], LR: 0.000098
2024-12-03 02:13:56,084 - INFO - Epoch 242/2000 [90.29s], Training: [0.9243 (Focal: 0.0955, Dice: 0.8287)], Validation: [0.9085 (Focal: 0.0889, Dice: 0.8196), Acc = 0.7883, mIoU = 0.1692], LR: 0.000097
2024-12-03 02:16:01,631 - INFO - Epoch 243/2000 [90.32s], Training: [0.9273 (Focal: 0.0963, Dice: 0.8310)], Validation: [0.9117 (Focal: 0.0895, Dice: 0.8222), Acc = 0.7882, mIoU = 0.1667], LR: 0.000097
2024-12-03 02:18:06,437 - INFO - Epoch 244/2000 [89.92s], Training: [0.9256 (Focal: 0.0956, Dice: 0.8299)], Validation: [0.9101 (Focal: 0.0896, Dice: 0.8205), Acc = 0.7873, mIoU = 0.1698], LR: 0.000097
2024-12-03 02:18:14,075 - INFO - 保存最佳模型 (mIoU: 0.1698)
2024-12-03 02:20:19,472 - INFO - Epoch 245/2000 [90.34s], Training: [0.9233 (Focal: 0.0954, Dice: 0.8279)], Validation: [0.9168 (Focal: 0.0918, Dice: 0.8250), Acc = 0.7814, mIoU = 0.1700], LR: 0.000097
2024-12-03 02:20:28,439 - INFO - 保存最佳模型 (mIoU: 0.1700)
2024-12-03 02:22:34,351 - INFO - Epoch 246/2000 [90.77s], Training: [0.9213 (Focal: 0.0951, Dice: 0.8263)], Validation: [0.9115 (Focal: 0.0892, Dice: 0.8223), Acc = 0.7881, mIoU = 0.1667], LR: 0.000097
2024-12-03 02:24:40,381 - INFO - Epoch 247/2000 [90.55s], Training: [0.9289 (Focal: 0.0970, Dice: 0.8319)], Validation: [0.9090 (Focal: 0.0891, Dice: 0.8199), Acc = 0.7881, mIoU = 0.1687], LR: 0.000097
2024-12-03 02:26:46,344 - INFO - Epoch 248/2000 [90.46s], Training: [0.9279 (Focal: 0.0947, Dice: 0.8332)], Validation: [0.9573 (Focal: 0.1014, Dice: 0.8559), Acc = 0.7809, mIoU = 0.1260], LR: 0.000097
2024-12-03 02:28:51,949 - INFO - Epoch 249/2000 [90.44s], Training: [0.9284 (Focal: 0.0967, Dice: 0.8317)], Validation: [0.9134 (Focal: 0.0888, Dice: 0.8246), Acc = 0.7878, mIoU = 0.1640], LR: 0.000097
2024-12-03 02:30:57,881 - INFO - Epoch 250/2000 [90.65s], Training: [0.9341 (Focal: 0.0971, Dice: 0.8370)], Validation: [1.0446 (Focal: 0.1638, Dice: 0.8808), Acc = 0.7522, mIoU = 0.1036], LR: 0.000096
2024-12-03 02:33:04,050 - INFO - Epoch 251/2000 [90.75s], Training: [0.9341 (Focal: 0.0966, Dice: 0.8375)], Validation: [0.9145 (Focal: 0.0900, Dice: 0.8245), Acc = 0.7874, mIoU = 0.1610], LR: 0.000096
2024-12-03 02:35:10,187 - INFO - Epoch 252/2000 [90.92s], Training: [0.9239 (Focal: 0.0950, Dice: 0.8288)], Validation: [0.9120 (Focal: 0.0882, Dice: 0.8238), Acc = 0.7879, mIoU = 0.1672], LR: 0.000096
2024-12-03 02:37:15,837 - INFO - Epoch 253/2000 [90.25s], Training: [0.9243 (Focal: 0.0960, Dice: 0.8283)], Validation: [0.9113 (Focal: 0.0892, Dice: 0.8222), Acc = 0.7879, mIoU = 0.1676], LR: 0.000096
2024-12-03 02:39:21,578 - INFO - Epoch 254/2000 [90.47s], Training: [0.9328 (Focal: 0.0959, Dice: 0.8369)], Validation: [0.9102 (Focal: 0.0883, Dice: 0.8219), Acc = 0.7877, mIoU = 0.1701], LR: 0.000096
2024-12-03 02:39:28,945 - INFO - 保存最佳模型 (mIoU: 0.1701)
2024-12-03 02:41:35,168 - INFO - Epoch 255/2000 [90.46s], Training: [0.9200 (Focal: 0.0944, Dice: 0.8256)], Validation: [0.9092 (Focal: 0.0886, Dice: 0.8206), Acc = 0.7882, mIoU = 0.1686], LR: 0.000096
2024-12-03 02:43:41,107 - INFO - Epoch 256/2000 [90.56s], Training: [0.9203 (Focal: 0.0945, Dice: 0.8258)], Validation: [0.9102 (Focal: 0.0893, Dice: 0.8209), Acc = 0.7882, mIoU = 0.1685], LR: 0.000095
2024-12-03 02:45:47,145 - INFO - Epoch 257/2000 [90.38s], Training: [0.9193 (Focal: 0.0957, Dice: 0.8236)], Validation: [0.9094 (Focal: 0.0896, Dice: 0.8197), Acc = 0.7877, mIoU = 0.1706], LR: 0.000095
2024-12-03 02:45:54,578 - INFO - 保存最佳模型 (mIoU: 0.1706)
2024-12-03 02:48:00,654 - INFO - Epoch 258/2000 [90.58s], Training: [0.9172 (Focal: 0.0947, Dice: 0.8225)], Validation: [0.9099 (Focal: 0.0884, Dice: 0.8215), Acc = 0.7881, mIoU = 0.1698], LR: 0.000095
2024-12-03 02:50:06,484 - INFO - Epoch 259/2000 [90.48s], Training: [0.9246 (Focal: 0.0963, Dice: 0.8283)], Validation: [0.9154 (Focal: 0.0915, Dice: 0.8240), Acc = 0.7879, mIoU = 0.1626], LR: 0.000095
2024-12-03 02:52:11,758 - INFO - Epoch 260/2000 [90.11s], Training: [0.9232 (Focal: 0.0941, Dice: 0.8291)], Validation: [0.9110 (Focal: 0.0894, Dice: 0.8216), Acc = 0.7878, mIoU = 0.1693], LR: 0.000095
2024-12-03 02:54:17,301 - INFO - Epoch 261/2000 [90.34s], Training: [0.9236 (Focal: 0.0956, Dice: 0.8280)], Validation: [0.9090 (Focal: 0.0881, Dice: 0.8208), Acc = 0.7882, mIoU = 0.1703], LR: 0.000095
2024-12-03 02:56:22,927 - INFO - Epoch 262/2000 [90.39s], Training: [0.9191 (Focal: 0.0938, Dice: 0.8254)], Validation: [0.9102 (Focal: 0.0890, Dice: 0.8212), Acc = 0.7884, mIoU = 0.1698], LR: 0.000094
2024-12-03 02:58:28,513 - INFO - Epoch 263/2000 [90.31s], Training: [0.9203 (Focal: 0.0952, Dice: 0.8251)], Validation: [0.9093 (Focal: 0.0876, Dice: 0.8217), Acc = 0.7882, mIoU = 0.1679], LR: 0.000094
2024-12-03 03:00:34,129 - INFO - Epoch 264/2000 [90.36s], Training: [0.9238 (Focal: 0.0948, Dice: 0.8289)], Validation: [0.9107 (Focal: 0.0887, Dice: 0.8220), Acc = 0.7880, mIoU = 0.1710], LR: 0.000094
2024-12-03 03:00:41,190 - INFO - 保存最佳模型 (mIoU: 0.1710)
2024-12-03 03:02:46,893 - INFO - Epoch 265/2000 [90.33s], Training: [0.9188 (Focal: 0.0930, Dice: 0.8259)], Validation: [0.9087 (Focal: 0.0884, Dice: 0.8203), Acc = 0.7884, mIoU = 0.1683], LR: 0.000094
2024-12-03 03:04:52,732 - INFO - Epoch 266/2000 [90.56s], Training: [0.9260 (Focal: 0.0945, Dice: 0.8315)], Validation: [0.9091 (Focal: 0.0888, Dice: 0.8203), Acc = 0.7882, mIoU = 0.1712], LR: 0.000094
2024-12-03 03:04:59,918 - INFO - 保存最佳模型 (mIoU: 0.1712)
2024-12-03 03:07:05,378 - INFO - Epoch 267/2000 [90.25s], Training: [0.9169 (Focal: 0.0943, Dice: 0.8226)], Validation: [0.9091 (Focal: 0.0880, Dice: 0.8211), Acc = 0.7882, mIoU = 0.1704], LR: 0.000093
2024-12-03 03:09:10,983 - INFO - Epoch 268/2000 [90.04s], Training: [0.9144 (Focal: 0.0926, Dice: 0.8218)], Validation: [0.9096 (Focal: 0.0885, Dice: 0.8210), Acc = 0.7886, mIoU = 0.1703], LR: 0.000093
2024-12-03 03:11:16,563 - INFO - Epoch 269/2000 [90.18s], Training: [0.9189 (Focal: 0.0941, Dice: 0.8248)], Validation: [0.9085 (Focal: 0.0889, Dice: 0.8195), Acc = 0.7881, mIoU = 0.1699], LR: 0.000093
2024-12-03 03:13:21,621 - INFO - Epoch 270/2000 [90.13s], Training: [0.9181 (Focal: 0.0938, Dice: 0.8243)], Validation: [0.9092 (Focal: 0.0881, Dice: 0.8210), Acc = 0.7887, mIoU = 0.1715], LR: 0.000093
2024-12-03 03:13:28,578 - INFO - 保存最佳模型 (mIoU: 0.1715)
2024-12-03 03:15:33,892 - INFO - Epoch 271/2000 [90.24s], Training: [0.9146 (Focal: 0.0930, Dice: 0.8217)], Validation: [0.9101 (Focal: 0.0885, Dice: 0.8217), Acc = 0.7885, mIoU = 0.1696], LR: 0.000093
2024-12-03 03:17:39,414 - INFO - Epoch 272/2000 [90.20s], Training: [0.9201 (Focal: 0.0952, Dice: 0.8249)], Validation: [0.9082 (Focal: 0.0878, Dice: 0.8204), Acc = 0.7883, mIoU = 0.1708], LR: 0.000093
2024-12-03 03:19:44,617 - INFO - Epoch 273/2000 [90.21s], Training: [0.9226 (Focal: 0.0932, Dice: 0.8294)], Validation: [0.9099 (Focal: 0.0890, Dice: 0.8209), Acc = 0.7879, mIoU = 0.1707], LR: 0.000092
2024-12-03 03:21:50,115 - INFO - Epoch 274/2000 [90.13s], Training: [0.9212 (Focal: 0.0938, Dice: 0.8274)], Validation: [0.9092 (Focal: 0.0883, Dice: 0.8209), Acc = 0.7883, mIoU = 0.1678], LR: 0.000092
2024-12-03 03:23:55,572 - INFO - Epoch 275/2000 [90.21s], Training: [0.9228 (Focal: 0.0931, Dice: 0.8296)], Validation: [0.9088 (Focal: 0.0892, Dice: 0.8196), Acc = 0.7875, mIoU = 0.1728], LR: 0.000092
2024-12-03 03:24:03,063 - INFO - 保存最佳模型 (mIoU: 0.1728)
2024-12-03 03:26:08,749 - INFO - Epoch 276/2000 [90.37s], Training: [0.9219 (Focal: 0.0946, Dice: 0.8273)], Validation: [0.9100 (Focal: 0.0906, Dice: 0.8194), Acc = 0.7870, mIoU = 0.1726], LR: 0.000092
2024-12-03 03:28:14,095 - INFO - Epoch 277/2000 [90.42s], Training: [0.9205 (Focal: 0.0930, Dice: 0.8276)], Validation: [0.9085 (Focal: 0.0893, Dice: 0.8192), Acc = 0.7885, mIoU = 0.1693], LR: 0.000091
2024-12-03 03:30:19,982 - INFO - Epoch 278/2000 [90.38s], Training: [0.9185 (Focal: 0.0936, Dice: 0.8249)], Validation: [0.9073 (Focal: 0.0878, Dice: 0.8195), Acc = 0.7885, mIoU = 0.1719], LR: 0.000091
2024-12-03 03:32:25,394 - INFO - Epoch 279/2000 [90.09s], Training: [0.9222 (Focal: 0.0934, Dice: 0.8288)], Validation: [0.9076 (Focal: 0.0885, Dice: 0.8192), Acc = 0.7880, mIoU = 0.1723], LR: 0.000091
2024-12-03 03:34:30,726 - INFO - Epoch 280/2000 [90.01s], Training: [0.9189 (Focal: 0.0937, Dice: 0.8252)], Validation: [0.9070 (Focal: 0.0881, Dice: 0.8189), Acc = 0.7885, mIoU = 0.1712], LR: 0.000091
2024-12-03 03:36:35,872 - INFO - Epoch 281/2000 [90.00s], Training: [0.9234 (Focal: 0.0939, Dice: 0.8295)], Validation: [0.9080 (Focal: 0.0884, Dice: 0.8196), Acc = 0.7883, mIoU = 0.1717], LR: 0.000091
2024-12-03 03:38:41,670 - INFO - Epoch 282/2000 [90.26s], Training: [0.9223 (Focal: 0.0923, Dice: 0.8301)], Validation: [0.9069 (Focal: 0.0874, Dice: 0.8194), Acc = 0.7886, mIoU = 0.1718], LR: 0.000090
2024-12-03 03:40:47,076 - INFO - Epoch 283/2000 [90.31s], Training: [0.9168 (Focal: 0.0941, Dice: 0.8227)], Validation: [0.9082 (Focal: 0.0882, Dice: 0.8200), Acc = 0.7884, mIoU = 0.1713], LR: 0.000090
2024-12-03 03:42:52,286 - INFO - Epoch 284/2000 [90.21s], Training: [0.9229 (Focal: 0.0927, Dice: 0.8302)], Validation: [0.9091 (Focal: 0.0889, Dice: 0.8202), Acc = 0.7879, mIoU = 0.1715], LR: 0.000090
2024-12-03 03:44:57,627 - INFO - Epoch 285/2000 [90.22s], Training: [0.9179 (Focal: 0.0933, Dice: 0.8246)], Validation: [0.9089 (Focal: 0.0888, Dice: 0.8201), Acc = 0.7880, mIoU = 0.1727], LR: 0.000090
2024-12-03 03:47:03,303 - INFO - Epoch 286/2000 [90.31s], Training: [0.9180 (Focal: 0.0932, Dice: 0.8248)], Validation: [0.9086 (Focal: 0.0878, Dice: 0.8207), Acc = 0.7885, mIoU = 0.1707], LR: 0.000089
2024-12-03 03:49:08,591 - INFO - Epoch 287/2000 [90.30s], Training: [0.9158 (Focal: 0.0924, Dice: 0.8234)], Validation: [0.9086 (Focal: 0.0885, Dice: 0.8201), Acc = 0.7885, mIoU = 0.1706], LR: 0.000089
2024-12-03 03:51:14,243 - INFO - Epoch 288/2000 [90.43s], Training: [0.9181 (Focal: 0.0934, Dice: 0.8247)], Validation: [0.9131 (Focal: 0.0905, Dice: 0.8226), Acc = 0.7879, mIoU = 0.1658], LR: 0.000089
2024-12-03 03:53:19,988 - INFO - Epoch 289/2000 [90.29s], Training: [0.9190 (Focal: 0.0933, Dice: 0.8257)], Validation: [0.9081 (Focal: 0.0880, Dice: 0.8202), Acc = 0.7886, mIoU = 0.1687], LR: 0.000089
2024-12-03 03:55:25,698 - INFO - Epoch 290/2000 [90.29s], Training: [0.9146 (Focal: 0.0928, Dice: 0.8218)], Validation: [0.9083 (Focal: 0.0888, Dice: 0.8194), Acc = 0.7886, mIoU = 0.1718], LR: 0.000088
2024-12-03 03:57:31,526 - INFO - Epoch 291/2000 [90.47s], Training: [0.9209 (Focal: 0.0930, Dice: 0.8279)], Validation: [0.9081 (Focal: 0.0880, Dice: 0.8201), Acc = 0.7887, mIoU = 0.1715], LR: 0.000088
2024-12-03 03:59:37,392 - INFO - Epoch 292/2000 [90.66s], Training: [0.9130 (Focal: 0.0926, Dice: 0.8205)], Validation: [0.9077 (Focal: 0.0886, Dice: 0.8191), Acc = 0.7886, mIoU = 0.1715], LR: 0.000088
2024-12-03 04:01:43,105 - INFO - Epoch 293/2000 [90.61s], Training: [0.9196 (Focal: 0.0933, Dice: 0.8264)], Validation: [0.9091 (Focal: 0.0889, Dice: 0.8202), Acc = 0.7878, mIoU = 0.1721], LR: 0.000088
2024-12-03 04:03:48,697 - INFO - Epoch 294/2000 [90.53s], Training: [0.9182 (Focal: 0.0925, Dice: 0.8257)], Validation: [0.9071 (Focal: 0.0882, Dice: 0.8190), Acc = 0.7887, mIoU = 0.1719], LR: 0.000087
2024-12-03 04:05:54,131 - INFO - Epoch 295/2000 [90.33s], Training: [0.9158 (Focal: 0.0926, Dice: 0.8232)], Validation: [0.9092 (Focal: 0.0895, Dice: 0.8197), Acc = 0.7879, mIoU = 0.1724], LR: 0.000087
2024-12-03 04:07:59,695 - INFO - Epoch 296/2000 [90.15s], Training: [0.9195 (Focal: 0.0923, Dice: 0.8272)], Validation: [0.9078 (Focal: 0.0886, Dice: 0.8192), Acc = 0.7885, mIoU = 0.1738], LR: 0.000087
2024-12-03 04:08:07,119 - INFO - 保存最佳模型 (mIoU: 0.1738)
2024-12-03 04:10:12,341 - INFO - Epoch 297/2000 [90.23s], Training: [0.9179 (Focal: 0.0924, Dice: 0.8256)], Validation: [0.9073 (Focal: 0.0885, Dice: 0.8188), Acc = 0.7884, mIoU = 0.1716], LR: 0.000087
2024-12-03 04:12:17,646 - INFO - Epoch 298/2000 [90.37s], Training: [0.9166 (Focal: 0.0926, Dice: 0.8240)], Validation: [0.9069 (Focal: 0.0887, Dice: 0.8182), Acc = 0.7887, mIoU = 0.1725], LR: 0.000086
2024-12-03 04:14:22,953 - INFO - Epoch 299/2000 [90.16s], Training: [0.9268 (Focal: 0.0923, Dice: 0.8345)], Validation: [0.9977 (Focal: 0.1644, Dice: 0.8333), Acc = 0.5889, mIoU = 0.1501], LR: 0.000086
2024-12-03 04:16:28,601 - INFO - Epoch 300/2000 [90.48s], Training: [0.9264 (Focal: 0.0929, Dice: 0.8335)], Validation: [0.9151 (Focal: 0.0904, Dice: 0.8248), Acc = 0.7883, mIoU = 0.1630], LR: 0.000086
2024-12-03 04:18:33,966 - INFO - Epoch 301/2000 [90.30s], Training: [0.9196 (Focal: 0.0941, Dice: 0.8255)], Validation: [0.9076 (Focal: 0.0880, Dice: 0.8197), Acc = 0.7884, mIoU = 0.1727], LR: 0.000086
2024-12-03 04:20:39,297 - INFO - Epoch 302/2000 [90.27s], Training: [0.9191 (Focal: 0.0933, Dice: 0.8258)], Validation: [0.9070 (Focal: 0.0878, Dice: 0.8192), Acc = 0.7889, mIoU = 0.1708], LR: 0.000085
2024-12-03 04:22:44,793 - INFO - Epoch 303/2000 [90.44s], Training: [0.9191 (Focal: 0.0929, Dice: 0.8262)], Validation: [0.9084 (Focal: 0.0891, Dice: 0.8193), Acc = 0.7873, mIoU = 0.1736], LR: 0.000085
2024-12-03 04:24:50,594 - INFO - Epoch 304/2000 [90.58s], Training: [0.9196 (Focal: 0.0922, Dice: 0.8274)], Validation: [0.9055 (Focal: 0.0871, Dice: 0.8183), Acc = 0.7890, mIoU = 0.1729], LR: 0.000085
2024-12-03 04:26:57,131 - INFO - Epoch 305/2000 [90.97s], Training: [0.9215 (Focal: 0.0922, Dice: 0.8293)], Validation: [0.9080 (Focal: 0.0883, Dice: 0.8197), Acc = 0.7885, mIoU = 0.1720], LR: 0.000084
2024-12-03 04:29:03,165 - INFO - Epoch 306/2000 [90.57s], Training: [0.9162 (Focal: 0.0916, Dice: 0.8246)], Validation: [0.9102 (Focal: 0.0902, Dice: 0.8200), Acc = 0.7866, mIoU = 0.1737], LR: 0.000084
2024-12-03 04:31:09,553 - INFO - Epoch 307/2000 [90.78s], Training: [0.9162 (Focal: 0.0923, Dice: 0.8239)], Validation: [0.9053 (Focal: 0.0877, Dice: 0.8176), Acc = 0.7889, mIoU = 0.1731], LR: 0.000084
2024-12-03 04:33:14,951 - INFO - Epoch 308/2000 [90.12s], Training: [0.9212 (Focal: 0.0925, Dice: 0.8287)], Validation: [0.9061 (Focal: 0.0873, Dice: 0.8188), Acc = 0.7890, mIoU = 0.1734], LR: 0.000084
2024-12-03 04:35:20,454 - INFO - Epoch 309/2000 [90.30s], Training: [0.9188 (Focal: 0.0921, Dice: 0.8267)], Validation: [0.9063 (Focal: 0.0879, Dice: 0.8184), Acc = 0.7886, mIoU = 0.1736], LR: 0.000083
2024-12-03 04:37:26,184 - INFO - Epoch 310/2000 [90.30s], Training: [0.9131 (Focal: 0.0915, Dice: 0.8216)], Validation: [0.9085 (Focal: 0.0902, Dice: 0.8183), Acc = 0.7869, mIoU = 0.1743], LR: 0.000083
2024-12-03 04:37:33,662 - INFO - 保存最佳模型 (mIoU: 0.1743)
2024-12-03 04:39:38,928 - INFO - Epoch 311/2000 [90.17s], Training: [0.9172 (Focal: 0.0918, Dice: 0.8254)], Validation: [0.9073 (Focal: 0.0881, Dice: 0.8193), Acc = 0.7885, mIoU = 0.1735], LR: 0.000083
2024-12-03 04:41:44,702 - INFO - Epoch 312/2000 [90.32s], Training: [0.9200 (Focal: 0.0926, Dice: 0.8274)], Validation: [0.9074 (Focal: 0.0883, Dice: 0.8191), Acc = 0.7891, mIoU = 0.1727], LR: 0.000082
2024-12-03 04:43:50,510 - INFO - Epoch 313/2000 [90.49s], Training: [0.9204 (Focal: 0.0913, Dice: 0.8291)], Validation: [0.9077 (Focal: 0.0883, Dice: 0.8194), Acc = 0.7892, mIoU = 0.1720], LR: 0.000082
2024-12-03 04:45:56,045 - INFO - Epoch 314/2000 [90.42s], Training: [0.9204 (Focal: 0.0920, Dice: 0.8284)], Validation: [0.9072 (Focal: 0.0880, Dice: 0.8192), Acc = 0.7891, mIoU = 0.1724], LR: 0.000082
2024-12-03 04:48:01,331 - INFO - Epoch 315/2000 [90.06s], Training: [0.9166 (Focal: 0.0921, Dice: 0.8245)], Validation: [0.9076 (Focal: 0.0882, Dice: 0.8194), Acc = 0.7886, mIoU = 0.1730], LR: 0.000081
2024-12-03 04:50:06,531 - INFO - Epoch 316/2000 [90.00s], Training: [0.9174 (Focal: 0.0917, Dice: 0.8257)], Validation: [0.9069 (Focal: 0.0887, Dice: 0.8182), Acc = 0.7888, mIoU = 0.1730], LR: 0.000081
2024-12-03 04:52:11,981 - INFO - Epoch 317/2000 [90.23s], Training: [0.9190 (Focal: 0.0923, Dice: 0.8267)], Validation: [0.9059 (Focal: 0.0873, Dice: 0.8186), Acc = 0.7890, mIoU = 0.1733], LR: 0.000081
2024-12-03 04:54:17,588 - INFO - Epoch 318/2000 [90.25s], Training: [0.9227 (Focal: 0.0911, Dice: 0.8315)], Validation: [0.9061 (Focal: 0.0883, Dice: 0.8178), Acc = 0.7883, mIoU = 0.1740], LR: 0.000081
2024-12-03 04:56:23,122 - INFO - Epoch 319/2000 [90.34s], Training: [0.9160 (Focal: 0.0924, Dice: 0.8236)], Validation: [0.9061 (Focal: 0.0877, Dice: 0.8184), Acc = 0.7893, mIoU = 0.1718], LR: 0.000080
2024-12-03 04:58:28,884 - INFO - Epoch 320/2000 [90.43s], Training: [0.9120 (Focal: 0.0923, Dice: 0.8197)], Validation: [0.9139 (Focal: 0.0940, Dice: 0.8199), Acc = 0.7807, mIoU = 0.1745], LR: 0.000080
2024-12-03 04:58:36,638 - INFO - 保存最佳模型 (mIoU: 0.1745)
2024-12-03 05:00:42,537 - INFO - Epoch 321/2000 [90.18s], Training: [0.9153 (Focal: 0.0924, Dice: 0.8229)], Validation: [0.9095 (Focal: 0.0889, Dice: 0.8206), Acc = 0.7879, mIoU = 0.1744], LR: 0.000080
2024-12-03 05:02:48,100 - INFO - Epoch 322/2000 [90.31s], Training: [0.9148 (Focal: 0.0923, Dice: 0.8224)], Validation: [0.9083 (Focal: 0.0891, Dice: 0.8193), Acc = 0.7891, mIoU = 0.1696], LR: 0.000079
2024-12-03 05:04:54,391 - INFO - Epoch 323/2000 [90.60s], Training: [0.9135 (Focal: 0.0903, Dice: 0.8232)], Validation: [0.9064 (Focal: 0.0879, Dice: 0.8185), Acc = 0.7888, mIoU = 0.1738], LR: 0.000079
2024-12-03 05:07:00,008 - INFO - Epoch 324/2000 [90.38s], Training: [0.9211 (Focal: 0.0912, Dice: 0.8299)], Validation: [0.9072 (Focal: 0.0886, Dice: 0.8186), Acc = 0.7887, mIoU = 0.1735], LR: 0.000079
2024-12-03 05:09:05,246 - INFO - Epoch 325/2000 [90.05s], Training: [0.9179 (Focal: 0.0916, Dice: 0.8263)], Validation: [0.9061 (Focal: 0.0877, Dice: 0.8184), Acc = 0.7885, mIoU = 0.1747], LR: 0.000078
2024-12-03 05:09:12,726 - INFO - 保存最佳模型 (mIoU: 0.1747)
2024-12-03 05:11:18,312 - INFO - Epoch 326/2000 [90.30s], Training: [0.9100 (Focal: 0.0914, Dice: 0.8186)], Validation: [0.9064 (Focal: 0.0875, Dice: 0.8188), Acc = 0.7891, mIoU = 0.1729], LR: 0.000078
2024-12-03 05:13:23,866 - INFO - Epoch 327/2000 [90.16s], Training: [0.9106 (Focal: 0.0915, Dice: 0.8192)], Validation: [0.9065 (Focal: 0.0880, Dice: 0.8185), Acc = 0.7887, mIoU = 0.1736], LR: 0.000078
2024-12-03 05:15:29,909 - INFO - Epoch 328/2000 [90.57s], Training: [0.9155 (Focal: 0.0909, Dice: 0.8246)], Validation: [0.9074 (Focal: 0.0891, Dice: 0.8183), Acc = 0.7879, mIoU = 0.1738], LR: 0.000077
2024-12-03 05:17:35,900 - INFO - Epoch 329/2000 [90.78s], Training: [0.9087 (Focal: 0.0917, Dice: 0.8170)], Validation: [0.9081 (Focal: 0.0897, Dice: 0.8184), Acc = 0.7877, mIoU = 0.1734], LR: 0.000077
2024-12-03 05:19:41,907 - INFO - Epoch 330/2000 [90.63s], Training: [0.9161 (Focal: 0.0909, Dice: 0.8252)], Validation: [0.9079 (Focal: 0.0888, Dice: 0.8191), Acc = 0.7884, mIoU = 0.1743], LR: 0.000077
2024-12-03 05:21:47,593 - INFO - Epoch 331/2000 [90.48s], Training: [0.9105 (Focal: 0.0918, Dice: 0.8187)], Validation: [0.9061 (Focal: 0.0884, Dice: 0.8177), Acc = 0.7891, mIoU = 0.1728], LR: 0.000076
2024-12-03 05:23:53,321 - INFO - Epoch 332/2000 [90.47s], Training: [0.9133 (Focal: 0.0917, Dice: 0.8216)], Validation: [0.9065 (Focal: 0.0881, Dice: 0.8185), Acc = 0.7886, mIoU = 0.1736], LR: 0.000076
2024-12-03 05:25:58,670 - INFO - Epoch 333/2000 [90.08s], Training: [0.9165 (Focal: 0.0910, Dice: 0.8255)], Validation: [0.9067 (Focal: 0.0883, Dice: 0.8184), Acc = 0.7881, mIoU = 0.1747], LR: 0.000076
2024-12-03 05:28:04,729 - INFO - Epoch 334/2000 [90.59s], Training: [0.9169 (Focal: 0.0919, Dice: 0.8250)], Validation: [0.9135 (Focal: 0.0922, Dice: 0.8214), Acc = 0.7850, mIoU = 0.1737], LR: 0.000075
2024-12-03 05:30:10,631 - INFO - Epoch 335/2000 [90.17s], Training: [0.9142 (Focal: 0.0921, Dice: 0.8221)], Validation: [0.9098 (Focal: 0.0881, Dice: 0.8217), Acc = 0.7888, mIoU = 0.1712], LR: 0.000075
2024-12-03 05:32:16,506 - INFO - Epoch 336/2000 [90.53s], Training: [0.9135 (Focal: 0.0912, Dice: 0.8223)], Validation: [0.9070 (Focal: 0.0881, Dice: 0.8188), Acc = 0.7888, mIoU = 0.1746], LR: 0.000075
2024-12-03 05:34:22,191 - INFO - Epoch 337/2000 [90.32s], Training: [0.9135 (Focal: 0.0922, Dice: 0.8213)], Validation: [0.9076 (Focal: 0.0885, Dice: 0.8191), Acc = 0.7888, mIoU = 0.1729], LR: 0.000074
2024-12-03 05:36:28,005 - INFO - Epoch 338/2000 [90.22s], Training: [0.9112 (Focal: 0.0924, Dice: 0.8188)], Validation: [0.9064 (Focal: 0.0885, Dice: 0.8179), Acc = 0.7883, mIoU = 0.1746], LR: 0.000074
2024-12-03 05:38:33,693 - INFO - Epoch 339/2000 [90.46s], Training: [0.9079 (Focal: 0.0917, Dice: 0.8162)], Validation: [0.9065 (Focal: 0.0879, Dice: 0.8186), Acc = 0.7894, mIoU = 0.1723], LR: 0.000074
2024-12-03 05:40:39,727 - INFO - Epoch 340/2000 [90.53s], Training: [0.9195 (Focal: 0.0923, Dice: 0.8273)], Validation: [0.9081 (Focal: 0.0893, Dice: 0.8188), Acc = 0.7874, mIoU = 0.1751], LR: 0.000073
2024-12-03 05:40:47,164 - INFO - 保存最佳模型 (mIoU: 0.1751)
2024-12-03 05:42:52,592 - INFO - Epoch 341/2000 [90.35s], Training: [0.9147 (Focal: 0.0913, Dice: 0.8234)], Validation: [0.9068 (Focal: 0.0881, Dice: 0.8187), Acc = 0.7885, mIoU = 0.1741], LR: 0.000073
2024-12-03 05:44:58,441 - INFO - Epoch 342/2000 [90.58s], Training: [0.9137 (Focal: 0.0916, Dice: 0.8221)], Validation: [0.9076 (Focal: 0.0878, Dice: 0.8198), Acc = 0.7894, mIoU = 0.1717], LR: 0.000073
2024-12-03 05:47:04,251 - INFO - Epoch 343/2000 [90.44s], Training: [0.9175 (Focal: 0.0908, Dice: 0.8267)], Validation: [0.9072 (Focal: 0.0892, Dice: 0.8180), Acc = 0.7883, mIoU = 0.1744], LR: 0.000072
2024-12-03 05:49:10,047 - INFO - Epoch 344/2000 [90.24s], Training: [0.9153 (Focal: 0.0913, Dice: 0.8241)], Validation: [0.9070 (Focal: 0.0892, Dice: 0.8179), Acc = 0.7883, mIoU = 0.1753], LR: 0.000072
2024-12-03 05:49:17,689 - INFO - 保存最佳模型 (mIoU: 0.1753)
2024-12-03 05:51:23,182 - INFO - Epoch 345/2000 [90.37s], Training: [0.9188 (Focal: 0.0920, Dice: 0.8267)], Validation: [0.9066 (Focal: 0.0883, Dice: 0.8183), Acc = 0.7892, mIoU = 0.1742], LR: 0.000072
2024-12-03 05:53:28,991 - INFO - Epoch 346/2000 [90.46s], Training: [0.9189 (Focal: 0.0914, Dice: 0.8275)], Validation: [0.9053 (Focal: 0.0873, Dice: 0.8180), Acc = 0.7893, mIoU = 0.1739], LR: 0.000071
2024-12-03 05:55:34,807 - INFO - Epoch 347/2000 [90.50s], Training: [0.9148 (Focal: 0.0914, Dice: 0.8235)], Validation: [0.9095 (Focal: 0.0903, Dice: 0.8192), Acc = 0.7869, mIoU = 0.1760], LR: 0.000071
2024-12-03 05:55:42,331 - INFO - 保存最佳模型 (mIoU: 0.1760)
2024-12-03 05:57:47,923 - INFO - Epoch 348/2000 [90.25s], Training: [0.9078 (Focal: 0.0922, Dice: 0.8157)], Validation: [0.9063 (Focal: 0.0878, Dice: 0.8185), Acc = 0.7893, mIoU = 0.1739], LR: 0.000071
2024-12-03 05:59:53,710 - INFO - Epoch 349/2000 [90.49s], Training: [0.9142 (Focal: 0.0914, Dice: 0.8228)], Validation: [0.9070 (Focal: 0.0879, Dice: 0.8192), Acc = 0.7886, mIoU = 0.1745], LR: 0.000070
2024-12-03 06:01:59,213 - INFO - Epoch 350/2000 [90.33s], Training: [0.9143 (Focal: 0.0902, Dice: 0.8242)], Validation: [0.9070 (Focal: 0.0881, Dice: 0.8189), Acc = 0.7893, mIoU = 0.1732], LR: 0.000070
2024-12-03 06:04:04,495 - INFO - Epoch 351/2000 [90.15s], Training: [0.9238 (Focal: 0.0915, Dice: 0.8322)], Validation: [0.9059 (Focal: 0.0879, Dice: 0.8180), Acc = 0.7890, mIoU = 0.1741], LR: 0.000069
2024-12-03 06:06:10,275 - INFO - Epoch 352/2000 [90.21s], Training: [0.9214 (Focal: 0.0908, Dice: 0.8306)], Validation: [0.9062 (Focal: 0.0881, Dice: 0.8181), Acc = 0.7891, mIoU = 0.1747], LR: 0.000069
2024-12-03 06:08:16,263 - INFO - Epoch 353/2000 [90.26s], Training: [0.9123 (Focal: 0.0915, Dice: 0.8208)], Validation: [0.9074 (Focal: 0.0891, Dice: 0.8183), Acc = 0.7883, mIoU = 0.1733], LR: 0.000069
2024-12-03 06:10:21,815 - INFO - Epoch 354/2000 [90.46s], Training: [0.9110 (Focal: 0.0911, Dice: 0.8199)], Validation: [0.9051 (Focal: 0.0874, Dice: 0.8177), Acc = 0.7895, mIoU = 0.1741], LR: 0.000068
2024-12-03 06:12:27,404 - INFO - Epoch 355/2000 [90.42s], Training: [0.9077 (Focal: 0.0911, Dice: 0.8165)], Validation: [0.9074 (Focal: 0.0897, Dice: 0.8177), Acc = 0.7885, mIoU = 0.1748], LR: 0.000068
2024-12-03 06:14:33,010 - INFO - Epoch 356/2000 [90.29s], Training: [0.9179 (Focal: 0.0920, Dice: 0.8259)], Validation: [0.9054 (Focal: 0.0883, Dice: 0.8171), Acc = 0.7888, mIoU = 0.1742], LR: 0.000068
2024-12-03 06:16:38,983 - INFO - Epoch 357/2000 [90.47s], Training: [0.9120 (Focal: 0.0912, Dice: 0.8207)], Validation: [0.9067 (Focal: 0.0885, Dice: 0.8182), Acc = 0.7887, mIoU = 0.1740], LR: 0.000067
2024-12-03 06:18:44,713 - INFO - Epoch 358/2000 [90.42s], Training: [0.9125 (Focal: 0.0905, Dice: 0.8220)], Validation: [0.9059 (Focal: 0.0873, Dice: 0.8186), Acc = 0.7895, mIoU = 0.1746], LR: 0.000067
2024-12-03 06:20:50,648 - INFO - Epoch 359/2000 [90.31s], Training: [0.9159 (Focal: 0.0900, Dice: 0.8259)], Validation: [0.9065 (Focal: 0.0884, Dice: 0.8181), Acc = 0.7885, mIoU = 0.1741], LR: 0.000067
2024-12-03 06:22:56,774 - INFO - Epoch 360/2000 [90.41s], Training: [0.9125 (Focal: 0.0916, Dice: 0.8210)], Validation: [0.9095 (Focal: 0.0906, Dice: 0.8189), Acc = 0.7873, mIoU = 0.1747], LR: 0.000066
2024-12-03 06:25:02,530 - INFO - Epoch 361/2000 [90.72s], Training: [0.9153 (Focal: 0.0914, Dice: 0.8239)], Validation: [0.9063 (Focal: 0.0885, Dice: 0.8178), Acc = 0.7886, mIoU = 0.1749], LR: 0.000066
2024-12-03 06:27:08,001 - INFO - Epoch 362/2000 [90.40s], Training: [0.9088 (Focal: 0.0910, Dice: 0.8178)], Validation: [0.9060 (Focal: 0.0882, Dice: 0.8178), Acc = 0.7891, mIoU = 0.1742], LR: 0.000065
2024-12-03 06:29:13,972 - INFO - Epoch 363/2000 [90.53s], Training: [0.9123 (Focal: 0.0908, Dice: 0.8214)], Validation: [0.9088 (Focal: 0.0908, Dice: 0.8179), Acc = 0.7872, mIoU = 0.1754], LR: 0.000065
2024-12-03 06:31:20,038 - INFO - Epoch 364/2000 [90.44s], Training: [0.9126 (Focal: 0.0913, Dice: 0.8214)], Validation: [0.9080 (Focal: 0.0889, Dice: 0.8191), Acc = 0.7885, mIoU = 0.1739], LR: 0.000065
2024-12-03 06:33:25,953 - INFO - Epoch 365/2000 [90.31s], Training: [0.9139 (Focal: 0.0907, Dice: 0.8232)], Validation: [0.9065 (Focal: 0.0890, Dice: 0.8175), Acc = 0.7888, mIoU = 0.1733], LR: 0.000064
2024-12-03 06:35:32,223 - INFO - Epoch 366/2000 [90.83s], Training: [0.9103 (Focal: 0.0909, Dice: 0.8194)], Validation: [0.9055 (Focal: 0.0886, Dice: 0.8169), Acc = 0.7893, mIoU = 0.1726], LR: 0.000064
2024-12-03 06:37:38,286 - INFO - Epoch 367/2000 [90.62s], Training: [0.9110 (Focal: 0.0909, Dice: 0.8202)], Validation: [0.9063 (Focal: 0.0887, Dice: 0.8177), Acc = 0.7885, mIoU = 0.1754], LR: 0.000064
2024-12-03 06:39:43,369 - INFO - Epoch 368/2000 [90.07s], Training: [0.9166 (Focal: 0.0919, Dice: 0.8248)], Validation: [0.9057 (Focal: 0.0878, Dice: 0.8179), Acc = 0.7893, mIoU = 0.1748], LR: 0.000063
2024-12-03 06:41:48,944 - INFO - Epoch 369/2000 [90.23s], Training: [0.9121 (Focal: 0.0904, Dice: 0.8217)], Validation: [0.9066 (Focal: 0.0887, Dice: 0.8179), Acc = 0.7882, mIoU = 0.1756], LR: 0.000063
2024-12-03 06:43:54,699 - INFO - Epoch 370/2000 [90.23s], Training: [0.9126 (Focal: 0.0918, Dice: 0.8208)], Validation: [0.9050 (Focal: 0.0878, Dice: 0.8173), Acc = 0.7887, mIoU = 0.1739], LR: 0.000062
2024-12-03 06:46:00,324 - INFO - Epoch 371/2000 [90.29s], Training: [0.9162 (Focal: 0.0907, Dice: 0.8256)], Validation: [0.9053 (Focal: 0.0875, Dice: 0.8178), Acc = 0.7896, mIoU = 0.1750], LR: 0.000062
2024-12-03 06:48:05,759 - INFO - Epoch 372/2000 [90.25s], Training: [0.9184 (Focal: 0.0901, Dice: 0.8283)], Validation: [0.9046 (Focal: 0.0878, Dice: 0.8168), Acc = 0.7891, mIoU = 0.1749], LR: 0.000062
2024-12-03 06:50:11,154 - INFO - Epoch 373/2000 [90.10s], Training: [0.9145 (Focal: 0.0910, Dice: 0.8235)], Validation: [0.9050 (Focal: 0.0888, Dice: 0.8162), Acc = 0.7883, mIoU = 0.1749], LR: 0.000061
2024-12-03 06:52:16,774 - INFO - Epoch 374/2000 [90.28s], Training: [0.9166 (Focal: 0.0899, Dice: 0.8267)], Validation: [0.9054 (Focal: 0.0878, Dice: 0.8176), Acc = 0.7890, mIoU = 0.1733], LR: 0.000061
2024-12-03 06:54:22,439 - INFO - Epoch 375/2000 [90.25s], Training: [0.9233 (Focal: 0.0902, Dice: 0.8332)], Validation: [0.9155 (Focal: 0.0971, Dice: 0.8184), Acc = 0.7712, mIoU = 0.1751], LR: 0.000061
2024-12-03 06:56:27,643 - INFO - Epoch 376/2000 [90.10s], Training: [0.9176 (Focal: 0.0909, Dice: 0.8266)], Validation: [0.9092 (Focal: 0.0898, Dice: 0.8194), Acc = 0.7882, mIoU = 0.1719], LR: 0.000060
2024-12-03 06:58:33,374 - INFO - Epoch 377/2000 [90.27s], Training: [0.9142 (Focal: 0.0918, Dice: 0.8225)], Validation: [0.9061 (Focal: 0.0885, Dice: 0.8176), Acc = 0.7884, mIoU = 0.1757], LR: 0.000060
2024-12-03 07:00:38,986 - INFO - Epoch 378/2000 [90.50s], Training: [0.9127 (Focal: 0.0914, Dice: 0.8213)], Validation: [0.9053 (Focal: 0.0877, Dice: 0.8176), Acc = 0.7895, mIoU = 0.1728], LR: 0.000059
2024-12-03 07:02:44,813 - INFO - Epoch 379/2000 [90.35s], Training: [0.9092 (Focal: 0.0904, Dice: 0.8188)], Validation: [0.9070 (Focal: 0.0899, Dice: 0.8171), Acc = 0.7873, mIoU = 0.1758], LR: 0.000059
2024-12-03 07:04:50,148 - INFO - Epoch 380/2000 [90.17s], Training: [0.9223 (Focal: 0.0904, Dice: 0.8319)], Validation: [0.9059 (Focal: 0.0884, Dice: 0.8175), Acc = 0.7889, mIoU = 0.1756], LR: 0.000059
2024-12-03 07:06:55,684 - INFO - Epoch 381/2000 [90.27s], Training: [0.9106 (Focal: 0.0904, Dice: 0.8202)], Validation: [0.9071 (Focal: 0.0897, Dice: 0.8175), Acc = 0.7892, mIoU = 0.1719], LR: 0.000058
2024-12-03 07:09:01,091 - INFO - Epoch 382/2000 [90.18s], Training: [0.9133 (Focal: 0.0920, Dice: 0.8213)], Validation: [0.9060 (Focal: 0.0887, Dice: 0.8174), Acc = 0.7891, mIoU = 0.1759], LR: 0.000058
2024-12-03 07:11:06,786 - INFO - Epoch 383/2000 [90.31s], Training: [0.9138 (Focal: 0.0902, Dice: 0.8236)], Validation: [0.9062 (Focal: 0.0884, Dice: 0.8178), Acc = 0.7883, mIoU = 0.1757], LR: 0.000057
2024-12-03 07:13:12,042 - INFO - Epoch 384/2000 [90.14s], Training: [0.9148 (Focal: 0.0904, Dice: 0.8244)], Validation: [0.9093 (Focal: 0.0914, Dice: 0.8179), Acc = 0.7868, mIoU = 0.1761], LR: 0.000057
2024-12-03 07:13:19,721 - INFO - 保存最佳模型 (mIoU: 0.1761)
2024-12-03 07:15:24,698 - INFO - Epoch 385/2000 [90.02s], Training: [0.9118 (Focal: 0.0904, Dice: 0.8214)], Validation: [0.9073 (Focal: 0.0891, Dice: 0.8182), Acc = 0.7882, mIoU = 0.1753], LR: 0.000057
2024-12-03 07:17:29,964 - INFO - Epoch 386/2000 [89.79s], Training: [0.9143 (Focal: 0.0903, Dice: 0.8240)], Validation: [0.9058 (Focal: 0.0879, Dice: 0.8179), Acc = 0.7893, mIoU = 0.1749], LR: 0.000056
2024-12-03 07:19:34,699 - INFO - Epoch 387/2000 [89.79s], Training: [0.9181 (Focal: 0.0899, Dice: 0.8282)], Validation: [0.9063 (Focal: 0.0895, Dice: 0.8168), Acc = 0.7885, mIoU = 0.1758], LR: 0.000056
2024-12-03 07:21:39,961 - INFO - Epoch 388/2000 [89.92s], Training: [0.9147 (Focal: 0.0903, Dice: 0.8245)], Validation: [0.9070 (Focal: 0.0885, Dice: 0.8185), Acc = 0.7887, mIoU = 0.1745], LR: 0.000056
2024-12-03 07:23:44,764 - INFO - Epoch 389/2000 [89.86s], Training: [0.9153 (Focal: 0.0906, Dice: 0.8247)], Validation: [0.9057 (Focal: 0.0872, Dice: 0.8185), Acc = 0.7896, mIoU = 0.1742], LR: 0.000055
2024-12-03 07:25:50,116 - INFO - Epoch 390/2000 [89.75s], Training: [0.9129 (Focal: 0.0895, Dice: 0.8234)], Validation: [0.9058 (Focal: 0.0877, Dice: 0.8181), Acc = 0.7895, mIoU = 0.1738], LR: 0.000055
2024-12-03 07:27:54,857 - INFO - Epoch 391/2000 [89.65s], Training: [0.9191 (Focal: 0.0907, Dice: 0.8284)], Validation: [0.9061 (Focal: 0.0885, Dice: 0.8176), Acc = 0.7889, mIoU = 0.1748], LR: 0.000054
2024-12-03 07:30:00,397 - INFO - Epoch 392/2000 [90.17s], Training: [0.9130 (Focal: 0.0899, Dice: 0.8231)], Validation: [0.9075 (Focal: 0.0895, Dice: 0.8181), Acc = 0.7880, mIoU = 0.1754], LR: 0.000054
2024-12-03 07:32:05,021 - INFO - Epoch 393/2000 [89.57s], Training: [0.9139 (Focal: 0.0900, Dice: 0.8239)], Validation: [0.9066 (Focal: 0.0885, Dice: 0.8181), Acc = 0.7888, mIoU = 0.1743], LR: 0.000054
2024-12-03 07:34:10,688 - INFO - Epoch 394/2000 [89.76s], Training: [0.9129 (Focal: 0.0903, Dice: 0.8226)], Validation: [0.9074 (Focal: 0.0896, Dice: 0.8177), Acc = 0.7884, mIoU = 0.1747], LR: 0.000053
2024-12-03 07:36:15,551 - INFO - Epoch 395/2000 [89.87s], Training: [0.9090 (Focal: 0.0903, Dice: 0.8187)], Validation: [0.9070 (Focal: 0.0890, Dice: 0.8180), Acc = 0.7887, mIoU = 0.1759], LR: 0.000053
2024-12-03 07:38:20,843 - INFO - Epoch 396/2000 [90.15s], Training: [0.9082 (Focal: 0.0902, Dice: 0.8179)], Validation: [0.9064 (Focal: 0.0889, Dice: 0.8175), Acc = 0.7888, mIoU = 0.1750], LR: 0.000052
2024-12-03 07:40:25,775 - INFO - Epoch 397/2000 [89.74s], Training: [0.9104 (Focal: 0.0905, Dice: 0.8198)], Validation: [0.9056 (Focal: 0.0875, Dice: 0.8181), Acc = 0.7896, mIoU = 0.1738], LR: 0.000052
2024-12-03 07:42:31,054 - INFO - Epoch 398/2000 [89.55s], Training: [0.9111 (Focal: 0.0895, Dice: 0.8216)], Validation: [0.9058 (Focal: 0.0885, Dice: 0.8173), Acc = 0.7890, mIoU = 0.1750], LR: 0.000052
2024-12-03 07:44:36,121 - INFO - Epoch 399/2000 [89.78s], Training: [0.9212 (Focal: 0.0896, Dice: 0.8316)], Validation: [0.9102 (Focal: 0.0923, Dice: 0.8179), Acc = 0.7861, mIoU = 0.1762], LR: 0.000051
2024-12-03 07:44:43,722 - INFO - 保存最佳模型 (mIoU: 0.1762)
2024-12-03 07:46:48,943 - INFO - Epoch 400/2000 [89.77s], Training: [0.9110 (Focal: 0.0899, Dice: 0.8211)], Validation: [0.9056 (Focal: 0.0885, Dice: 0.8171), Acc = 0.7894, mIoU = 0.1739], LR: 0.000051
2024-12-03 07:48:53,936 - INFO - Epoch 401/2000 [89.82s], Training: [0.9160 (Focal: 0.0905, Dice: 0.8255)], Validation: [0.9058 (Focal: 0.0884, Dice: 0.8174), Acc = 0.7894, mIoU = 0.1735], LR: 0.000051
2024-12-03 07:50:58,926 - INFO - Epoch 402/2000 [89.89s], Training: [0.9178 (Focal: 0.0907, Dice: 0.8271)], Validation: [0.9154 (Focal: 0.0955, Dice: 0.8199), Acc = 0.7785, mIoU = 0.1758], LR: 0.000050
2024-12-03 07:53:03,812 - INFO - Epoch 403/2000 [89.64s], Training: [0.9150 (Focal: 0.0907, Dice: 0.8243)], Validation: [0.9069 (Focal: 0.0901, Dice: 0.8167), Acc = 0.7884, mIoU = 0.1751], LR: 0.000050
2024-12-03 07:55:08,657 - INFO - Epoch 404/2000 [89.75s], Training: [0.9111 (Focal: 0.0899, Dice: 0.8211)], Validation: [0.9053 (Focal: 0.0880, Dice: 0.8173), Acc = 0.7891, mIoU = 0.1752], LR: 0.000049
2024-12-03 07:57:13,485 - INFO - Epoch 405/2000 [89.97s], Training: [0.9162 (Focal: 0.0903, Dice: 0.8258)], Validation: [0.9071 (Focal: 0.0889, Dice: 0.8181), Acc = 0.7888, mIoU = 0.1749], LR: 0.000049
2024-12-03 07:59:18,210 - INFO - Epoch 406/2000 [89.70s], Training: [0.9080 (Focal: 0.0899, Dice: 0.8180)], Validation: [0.9068 (Focal: 0.0897, Dice: 0.8172), Acc = 0.7881, mIoU = 0.1756], LR: 0.000049
2024-12-03 08:01:23,544 - INFO - Epoch 407/2000 [89.86s], Training: [0.9122 (Focal: 0.0908, Dice: 0.8214)], Validation: [0.9064 (Focal: 0.0882, Dice: 0.8182), Acc = 0.7896, mIoU = 0.1742], LR: 0.000048
2024-12-03 08:03:28,218 - INFO - Epoch 408/2000 [89.92s], Training: [0.9170 (Focal: 0.0898, Dice: 0.8272)], Validation: [0.9048 (Focal: 0.0879, Dice: 0.8168), Acc = 0.7895, mIoU = 0.1755], LR: 0.000048
2024-12-03 08:05:33,243 - INFO - Epoch 409/2000 [89.82s], Training: [0.9137 (Focal: 0.0905, Dice: 0.8231)], Validation: [0.9063 (Focal: 0.0881, Dice: 0.8183), Acc = 0.7893, mIoU = 0.1730], LR: 0.000047
2024-12-03 08:07:38,669 - INFO - Epoch 410/2000 [90.13s], Training: [0.9127 (Focal: 0.0905, Dice: 0.8222)], Validation: [0.9074 (Focal: 0.0899, Dice: 0.8175), Acc = 0.7884, mIoU = 0.1754], LR: 0.000047
2024-12-03 08:09:43,207 - INFO - Epoch 411/2000 [89.48s], Training: [0.9098 (Focal: 0.0898, Dice: 0.8200)], Validation: [0.9077 (Focal: 0.0901, Dice: 0.8176), Acc = 0.7882, mIoU = 0.1752], LR: 0.000047
2024-12-03 08:11:47,494 - INFO - Epoch 412/2000 [89.39s], Training: [0.9164 (Focal: 0.0915, Dice: 0.8249)], Validation: [0.9069 (Focal: 0.0887, Dice: 0.8182), Acc = 0.7890, mIoU = 0.1759], LR: 0.000046
2024-12-03 08:13:51,961 - INFO - Epoch 413/2000 [89.57s], Training: [0.9103 (Focal: 0.0898, Dice: 0.8205)], Validation: [0.9055 (Focal: 0.0877, Dice: 0.8178), Acc = 0.7893, mIoU = 0.1749], LR: 0.000046
2024-12-03 08:15:56,842 - INFO - Epoch 414/2000 [89.81s], Training: [0.9132 (Focal: 0.0907, Dice: 0.8225)], Validation: [0.9061 (Focal: 0.0886, Dice: 0.8176), Acc = 0.7893, mIoU = 0.1753], LR: 0.000045
2024-12-03 08:18:01,594 - INFO - Epoch 415/2000 [89.50s], Training: [0.9084 (Focal: 0.0900, Dice: 0.8184)], Validation: [0.9068 (Focal: 0.0887, Dice: 0.8180), Acc = 0.7890, mIoU = 0.1752], LR: 0.000045
2024-12-03 08:20:06,150 - INFO - Epoch 416/2000 [89.33s], Training: [0.9105 (Focal: 0.0904, Dice: 0.8201)], Validation: [0.9058 (Focal: 0.0889, Dice: 0.8169), Acc = 0.7891, mIoU = 0.1758], LR: 0.000045
2024-12-03 08:22:11,106 - INFO - Epoch 417/2000 [89.65s], Training: [0.9046 (Focal: 0.0906, Dice: 0.8140)], Validation: [0.9074 (Focal: 0.0904, Dice: 0.8169), Acc = 0.7879, mIoU = 0.1753], LR: 0.000044
2024-12-03 08:24:15,779 - INFO - Epoch 418/2000 [89.50s], Training: [0.9144 (Focal: 0.0900, Dice: 0.8244)], Validation: [0.9067 (Focal: 0.0893, Dice: 0.8174), Acc = 0.7892, mIoU = 0.1747], LR: 0.000044
2024-12-03 08:26:20,283 - INFO - Epoch 419/2000 [89.66s], Training: [0.9134 (Focal: 0.0901, Dice: 0.8232)], Validation: [0.9065 (Focal: 0.0889, Dice: 0.8177), Acc = 0.7892, mIoU = 0.1748], LR: 0.000044
2024-12-03 08:28:24,912 - INFO - Epoch 420/2000 [89.59s], Training: [0.9138 (Focal: 0.0891, Dice: 0.8248)], Validation: [0.9079 (Focal: 0.0893, Dice: 0.8186), Acc = 0.7888, mIoU = 0.1736], LR: 0.000043
2024-12-03 08:30:29,991 - INFO - Epoch 421/2000 [89.84s], Training: [0.9154 (Focal: 0.0896, Dice: 0.8257)], Validation: [0.9065 (Focal: 0.0892, Dice: 0.8173), Acc = 0.7888, mIoU = 0.1761], LR: 0.000043
2024-12-03 08:32:34,895 - INFO - Epoch 422/2000 [89.64s], Training: [0.9143 (Focal: 0.0901, Dice: 0.8241)], Validation: [0.9065 (Focal: 0.0893, Dice: 0.8171), Acc = 0.7893, mIoU = 0.1747], LR: 0.000042
2024-12-03 08:34:39,807 - INFO - Epoch 423/2000 [89.72s], Training: [0.9195 (Focal: 0.0891, Dice: 0.8303)], Validation: [0.9079 (Focal: 0.0905, Dice: 0.8175), Acc = 0.7884, mIoU = 0.1754], LR: 0.000042
2024-12-03 08:36:44,330 - INFO - Epoch 424/2000 [89.57s], Training: [0.9151 (Focal: 0.0896, Dice: 0.8254)], Validation: [0.9082 (Focal: 0.0913, Dice: 0.8169), Acc = 0.7876, mIoU = 0.1757], LR: 0.000042
2024-12-03 08:38:48,871 - INFO - Epoch 425/2000 [89.57s], Training: [0.9117 (Focal: 0.0893, Dice: 0.8223)], Validation: [0.9057 (Focal: 0.0883, Dice: 0.8174), Acc = 0.7894, mIoU = 0.1743], LR: 0.000041
2024-12-03 08:40:53,640 - INFO - Epoch 426/2000 [89.81s], Training: [0.9164 (Focal: 0.0904, Dice: 0.8261)], Validation: [0.9067 (Focal: 0.0899, Dice: 0.8168), Acc = 0.7886, mIoU = 0.1754], LR: 0.000041
2024-12-03 08:42:58,541 - INFO - Epoch 427/2000 [89.66s], Training: [0.9128 (Focal: 0.0908, Dice: 0.8221)], Validation: [0.9069 (Focal: 0.0896, Dice: 0.8172), Acc = 0.7885, mIoU = 0.1763], LR: 0.000040
2024-12-03 08:43:06,376 - INFO - 保存最佳模型 (mIoU: 0.1763)
2024-12-03 08:45:11,078 - INFO - Epoch 428/2000 [89.52s], Training: [0.9131 (Focal: 0.0903, Dice: 0.8228)], Validation: [0.9071 (Focal: 0.0899, Dice: 0.8171), Acc = 0.7887, mIoU = 0.1754], LR: 0.000040
2024-12-03 08:47:15,730 - INFO - Epoch 429/2000 [89.49s], Training: [0.9118 (Focal: 0.0905, Dice: 0.8212)], Validation: [0.9054 (Focal: 0.0879, Dice: 0.8175), Acc = 0.7895, mIoU = 0.1752], LR: 0.000040
2024-12-03 08:49:20,477 - INFO - Epoch 430/2000 [89.45s], Training: [0.9149 (Focal: 0.0901, Dice: 0.8248)], Validation: [0.9079 (Focal: 0.0905, Dice: 0.8175), Acc = 0.7885, mIoU = 0.1755], LR: 0.000039
2024-12-03 08:51:25,082 - INFO - Epoch 431/2000 [89.67s], Training: [0.9087 (Focal: 0.0895, Dice: 0.8191)], Validation: [0.9084 (Focal: 0.0912, Dice: 0.8172), Acc = 0.7883, mIoU = 0.1756], LR: 0.000039
2024-12-03 08:53:30,122 - INFO - Epoch 432/2000 [89.56s], Training: [0.9209 (Focal: 0.0906, Dice: 0.8303)], Validation: [0.9071 (Focal: 0.0900, Dice: 0.8171), Acc = 0.7888, mIoU = 0.1748], LR: 0.000039
2024-12-03 08:55:35,451 - INFO - Epoch 433/2000 [89.81s], Training: [0.9123 (Focal: 0.0902, Dice: 0.8221)], Validation: [0.9078 (Focal: 0.0896, Dice: 0.8181), Acc = 0.7889, mIoU = 0.1745], LR: 0.000038
2024-12-03 08:57:40,604 - INFO - Epoch 434/2000 [90.10s], Training: [0.9137 (Focal: 0.0900, Dice: 0.8236)], Validation: [0.9066 (Focal: 0.0890, Dice: 0.8176), Acc = 0.7889, mIoU = 0.1755], LR: 0.000038
2024-12-03 08:59:45,512 - INFO - Epoch 435/2000 [89.79s], Training: [0.9152 (Focal: 0.0898, Dice: 0.8254)], Validation: [0.9059 (Focal: 0.0880, Dice: 0.8179), Acc = 0.7893, mIoU = 0.1753], LR: 0.000037
2024-12-03 09:01:50,051 - INFO - Epoch 436/2000 [89.54s], Training: [0.9133 (Focal: 0.0884, Dice: 0.8249)], Validation: [0.9091 (Focal: 0.0916, Dice: 0.8175), Acc = 0.7880, mIoU = 0.1755], LR: 0.000037
2024-12-03 09:03:54,847 - INFO - Epoch 437/2000 [89.69s], Training: [0.9091 (Focal: 0.0898, Dice: 0.8192)], Validation: [0.9070 (Focal: 0.0896, Dice: 0.8173), Acc = 0.7887, mIoU = 0.1752], LR: 0.000037
2024-12-03 09:05:59,771 - INFO - Epoch 438/2000 [89.71s], Training: [0.9142 (Focal: 0.0896, Dice: 0.8246)], Validation: [0.9099 (Focal: 0.0916, Dice: 0.8183), Acc = 0.7873, mIoU = 0.1760], LR: 0.000036
2024-12-03 09:08:04,513 - INFO - Epoch 439/2000 [89.46s], Training: [0.9108 (Focal: 0.0893, Dice: 0.8214)], Validation: [0.9064 (Focal: 0.0889, Dice: 0.8175), Acc = 0.7889, mIoU = 0.1747], LR: 0.000036
2024-12-03 09:10:09,239 - INFO - Epoch 440/2000 [89.58s], Training: [0.9108 (Focal: 0.0902, Dice: 0.8206)], Validation: [0.9057 (Focal: 0.0887, Dice: 0.8170), Acc = 0.7893, mIoU = 0.1758], LR: 0.000036
2024-12-03 09:12:14,189 - INFO - Epoch 441/2000 [89.73s], Training: [0.9104 (Focal: 0.0889, Dice: 0.8215)], Validation: [0.9066 (Focal: 0.0891, Dice: 0.8175), Acc = 0.7889, mIoU = 0.1753], LR: 0.000035
2024-12-03 09:14:19,062 - INFO - Epoch 442/2000 [89.73s], Training: [0.9095 (Focal: 0.0894, Dice: 0.8201)], Validation: [0.9081 (Focal: 0.0908, Dice: 0.8173), Acc = 0.7881, mIoU = 0.1764], LR: 0.000035
2024-12-03 09:14:26,498 - INFO - 保存最佳模型 (mIoU: 0.1764)
2024-12-03 09:16:31,370 - INFO - Epoch 443/2000 [89.78s], Training: [0.9154 (Focal: 0.0901, Dice: 0.8252)], Validation: [0.9063 (Focal: 0.0892, Dice: 0.8171), Acc = 0.7891, mIoU = 0.1754], LR: 0.000034
2024-12-03 09:18:36,141 - INFO - Epoch 444/2000 [89.77s], Training: [0.9082 (Focal: 0.0893, Dice: 0.8188)], Validation: [0.9066 (Focal: 0.0884, Dice: 0.8182), Acc = 0.7894, mIoU = 0.1750], LR: 0.000034
2024-12-03 09:20:41,081 - INFO - Epoch 445/2000 [89.52s], Training: [0.9147 (Focal: 0.0896, Dice: 0.8251)], Validation: [0.9113 (Focal: 0.0933, Dice: 0.8180), Acc = 0.7868, mIoU = 0.1752], LR: 0.000034
2024-12-03 09:22:46,325 - INFO - Epoch 446/2000 [89.83s], Training: [0.9099 (Focal: 0.0898, Dice: 0.8201)], Validation: [0.9086 (Focal: 0.0906, Dice: 0.8180), Acc = 0.7882, mIoU = 0.1756], LR: 0.000033
2024-12-03 09:24:51,655 - INFO - Epoch 447/2000 [90.08s], Training: [0.9131 (Focal: 0.0891, Dice: 0.8240)], Validation: [0.9070 (Focal: 0.0891, Dice: 0.8179), Acc = 0.7890, mIoU = 0.1758], LR: 0.000033
2024-12-03 09:26:56,515 - INFO - Epoch 448/2000 [89.83s], Training: [0.9134 (Focal: 0.0899, Dice: 0.8235)], Validation: [0.9065 (Focal: 0.0889, Dice: 0.8176), Acc = 0.7892, mIoU = 0.1755], LR: 0.000033
2024-12-03 09:29:01,683 - INFO - Epoch 449/2000 [89.67s], Training: [0.9134 (Focal: 0.0894, Dice: 0.8240)], Validation: [0.9085 (Focal: 0.0913, Dice: 0.8172), Acc = 0.7880, mIoU = 0.1765], LR: 0.000032
2024-12-03 09:29:23,879 - INFO - 保存最佳模型 (mIoU: 0.1765)
2024-12-03 09:31:28,967 - INFO - Epoch 450/2000 [89.83s], Training: [0.9186 (Focal: 0.0897, Dice: 0.8290)], Validation: [0.9074 (Focal: 0.0898, Dice: 0.8176), Acc = 0.7890, mIoU = 0.1754], LR: 0.000032
2024-12-03 09:33:19,398 - INFO - 训练被手动中断，保存当前模型...
