2024-12-06 15:20:52,379 - INFO - Loaded RN50 model config.
2024-12-06 15:20:54,010 - INFO - 使用 4 个GPU训练
2024-12-06 15:20:54,011 - INFO - 开始训练 - 总轮次: 2000
2024-12-06 15:20:54,717 - ERROR - 训练出错: Caught ValueError in DataLoader worker process 0.
Original Traceback (most recent call last):
  File "/home/nw/.conda/envs/pytorch/lib/python3.9/site-packages/torch/utils/data/_utils/worker.py", line 308, in _worker_loop
    data = fetcher.fetch(index)
  File "/home/nw/.conda/envs/pytorch/lib/python3.9/site-packages/torch/utils/data/_utils/fetch.py", line 49, in fetch
    data = self.dataset.__getitems__(possibly_batched_index)
  File "/home/nw/.conda/envs/pytorch/lib/python3.9/site-packages/torch/utils/data/dataset.py", line 399, in __getitems__
    return [self.dataset[self.indices[idx]] for idx in indices]
  File "/home/nw/.conda/envs/pytorch/lib/python3.9/site-packages/torch/utils/data/dataset.py", line 399, in <listcomp>
    return [self.dataset[self.indices[idx]] for idx in indices]
  File "/home/nw/Codes/RemoteCLIP/Image_segementation/dataset.py", line 94, in __getitem__
    image = self.preprocess_func(image)
  File "/home/nw/Codes/RemoteCLIP/Image_segementation/dataset.py", line 41, in __call__
    raise ValueError(f"图像通道数为 {img.size(0)}，无法处理。")
ValueError: 图像通道数为 224，无法处理。

2024-12-06 15:20:54,717 - ERROR - 程序出错: Caught ValueError in DataLoader worker process 0.
Original Traceback (most recent call last):
  File "/home/nw/.conda/envs/pytorch/lib/python3.9/site-packages/torch/utils/data/_utils/worker.py", line 308, in _worker_loop
    data = fetcher.fetch(index)
  File "/home/nw/.conda/envs/pytorch/lib/python3.9/site-packages/torch/utils/data/_utils/fetch.py", line 49, in fetch
    data = self.dataset.__getitems__(possibly_batched_index)
  File "/home/nw/.conda/envs/pytorch/lib/python3.9/site-packages/torch/utils/data/dataset.py", line 399, in __getitems__
    return [self.dataset[self.indices[idx]] for idx in indices]
  File "/home/nw/.conda/envs/pytorch/lib/python3.9/site-packages/torch/utils/data/dataset.py", line 399, in <listcomp>
    return [self.dataset[self.indices[idx]] for idx in indices]
  File "/home/nw/Codes/RemoteCLIP/Image_segementation/dataset.py", line 94, in __getitem__
    image = self.preprocess_func(image)
  File "/home/nw/Codes/RemoteCLIP/Image_segementation/dataset.py", line 41, in __call__
    raise ValueError(f"图像通道数为 {img.size(0)}，无法处理。")
ValueError: 图像通道数为 224，无法处理。

