2024-12-06 15:48:42,881 - INFO - Loaded RN50 model config.
2024-12-06 15:48:44,519 - INFO - 使用 4 个GPU训练
2024-12-06 15:48:44,520 - INFO - 开始训练 - 总轮次: 2000
2024-12-06 15:49:05,400 - ERROR - 训练出错: Caught RuntimeError in DataLoader worker process 0.
Original Traceback (most recent call last):
  File "/home/nw/.conda/envs/pytorch/lib/python3.9/site-packages/torch/utils/data/_utils/worker.py", line 308, in _worker_loop
    data = fetcher.fetch(index)
  File "/home/nw/.conda/envs/pytorch/lib/python3.9/site-packages/torch/utils/data/_utils/fetch.py", line 49, in fetch
    data = self.dataset.__getitems__(possibly_batched_index)
  File "/home/nw/.conda/envs/pytorch/lib/python3.9/site-packages/torch/utils/data/dataset.py", line 399, in __getitems__
    return [self.dataset[self.indices[idx]] for idx in indices]
  File "/home/nw/.conda/envs/pytorch/lib/python3.9/site-packages/torch/utils/data/dataset.py", line 399, in <listcomp>
    return [self.dataset[self.indices[idx]] for idx in indices]
  File "/home/nw/Codes/RemoteCLIP/Image_segementation/dataset.py", line 94, in __getitem__
    image = self.preprocess_func(image)
  File "/home/nw/Codes/RemoteCLIP/Image_segementation/dataset.py", line 50, in __call__
    img = F.normalize(img, mean=self.mean, std=self.std)
  File "/home/nw/.conda/envs/pytorch/lib/python3.9/site-packages/torchvision/transforms/functional.py", line 349, in normalize
    return F_t.normalize(tensor, mean=mean, std=std, inplace=inplace)
  File "/home/nw/.conda/envs/pytorch/lib/python3.9/site-packages/torchvision/transforms/_functional_tensor.py", line 926, in normalize
    return tensor.sub_(mean).div_(std)
RuntimeError: The size of tensor a (4) must match the size of tensor b (3) at non-singleton dimension 0

2024-12-06 15:49:05,401 - ERROR - 程序出错: Caught RuntimeError in DataLoader worker process 0.
Original Traceback (most recent call last):
  File "/home/nw/.conda/envs/pytorch/lib/python3.9/site-packages/torch/utils/data/_utils/worker.py", line 308, in _worker_loop
    data = fetcher.fetch(index)
  File "/home/nw/.conda/envs/pytorch/lib/python3.9/site-packages/torch/utils/data/_utils/fetch.py", line 49, in fetch
    data = self.dataset.__getitems__(possibly_batched_index)
  File "/home/nw/.conda/envs/pytorch/lib/python3.9/site-packages/torch/utils/data/dataset.py", line 399, in __getitems__
    return [self.dataset[self.indices[idx]] for idx in indices]
  File "/home/nw/.conda/envs/pytorch/lib/python3.9/site-packages/torch/utils/data/dataset.py", line 399, in <listcomp>
    return [self.dataset[self.indices[idx]] for idx in indices]
  File "/home/nw/Codes/RemoteCLIP/Image_segementation/dataset.py", line 94, in __getitem__
    image = self.preprocess_func(image)
  File "/home/nw/Codes/RemoteCLIP/Image_segementation/dataset.py", line 50, in __call__
    img = F.normalize(img, mean=self.mean, std=self.std)
  File "/home/nw/.conda/envs/pytorch/lib/python3.9/site-packages/torchvision/transforms/functional.py", line 349, in normalize
    return F_t.normalize(tensor, mean=mean, std=std, inplace=inplace)
  File "/home/nw/.conda/envs/pytorch/lib/python3.9/site-packages/torchvision/transforms/_functional_tensor.py", line 926, in normalize
    return tensor.sub_(mean).div_(std)
RuntimeError: The size of tensor a (4) must match the size of tensor b (3) at non-singleton dimension 0

