2025-04-29 16:36:40,079 - INFO - Loaded RN50 model config.
2025-04-29 16:37:08,604 - INFO - 使用 4 个GPU训练
2025-04-29 16:37:08,604 - INFO - 开始训练 - 总轮次: 20000
2025-04-29 16:37:12,842 - ERROR - 训练出错: Caught ValueError in replica 0 on device 0.
Original Traceback (most recent call last):
  File "/home/nw/.conda/envs/pytorch/lib/python3.9/site-packages/torch/nn/parallel/parallel_apply.py", line 83, in _worker
    output = module(*input, **kwargs)
  File "/home/nw/.conda/envs/pytorch/lib/python3.9/site-packages/torch/nn/modules/module.py", line 1511, in _wrapped_call_impl
    return self._call_impl(*args, **kwargs)
  File "/home/nw/.conda/envs/pytorch/lib/python3.9/site-packages/torch/nn/modules/module.py", line 1520, in _call_impl
    return forward_call(*args, **kwargs)
  File "/home/nw/Codes/Jobs/RemoteCLIP/Image_segementation/seg_rn50_unet/seg_rn50_unet_model.py", line 227, in forward
    self._validate_input(x)
  File "/home/nw/Codes/Jobs/RemoteCLIP/Image_segementation/seg_rn50_unet/seg_rn50_unet_model.py", line 280, in _validate_input
    raise ValueError(f"期望3个通道，实际获得{x.shape[1]}个通道")
ValueError: 期望3个通道，实际获得4个通道

2025-04-29 16:37:12,843 - ERROR - 程序出错: Caught ValueError in replica 0 on device 0.
Original Traceback (most recent call last):
  File "/home/nw/.conda/envs/pytorch/lib/python3.9/site-packages/torch/nn/parallel/parallel_apply.py", line 83, in _worker
    output = module(*input, **kwargs)
  File "/home/nw/.conda/envs/pytorch/lib/python3.9/site-packages/torch/nn/modules/module.py", line 1511, in _wrapped_call_impl
    return self._call_impl(*args, **kwargs)
  File "/home/nw/.conda/envs/pytorch/lib/python3.9/site-packages/torch/nn/modules/module.py", line 1520, in _call_impl
    return forward_call(*args, **kwargs)
  File "/home/nw/Codes/Jobs/RemoteCLIP/Image_segementation/seg_rn50_unet/seg_rn50_unet_model.py", line 227, in forward
    self._validate_input(x)
  File "/home/nw/Codes/Jobs/RemoteCLIP/Image_segementation/seg_rn50_unet/seg_rn50_unet_model.py", line 280, in _validate_input
    raise ValueError(f"期望3个通道，实际获得{x.shape[1]}个通道")
ValueError: 期望3个通道，实际获得4个通道

