2024-12-02 13:49:06,001 - INFO - Loaded RN50 model config.
2024-12-02 13:49:08,628 - INFO - 使用 4 个GPU训练
2024-12-02 13:49:08,628 - INFO - 开始训练 - 总轮次: 2000
2024-12-02 13:54:46,520 - INFO - Epoch 1/2000 [268.93s], Training: [2.2720 (Focal: 1.3207, Dice: 0.9513)], Validation: [1.6931 (Focal: 0.7563, Dice: 0.9368), Acc = 0.3819, mIoU = 0.0623], LR: 0.000100
2024-12-02 13:54:48,051 - INFO - 保存最佳模型 (mIoU: 0.0623)
2024-12-02 13:59:38,869 - INFO - Epoch 2/2000 [222.24s], Training: [1.4351 (Focal: 0.5116, Dice: 0.9234)], Validation: [1.2868 (Focal: 0.3558, Dice: 0.9310), Acc = 0.5996, mIoU = 0.0811], LR: 0.000100
2024-12-02 13:59:46,383 - INFO - 保存最佳模型 (mIoU: 0.0811)
2024-12-02 14:04:36,719 - INFO - Epoch 3/2000 [221.93s], Training: [1.1496 (Focal: 0.2427, Dice: 0.9069)], Validation: [1.0444 (Focal: 0.1419, Dice: 0.9024), Acc = 0.7774, mIoU = 0.1101], LR: 0.000100
2024-12-02 14:04:44,087 - INFO - 保存最佳模型 (mIoU: 0.1101)
2024-12-02 14:09:34,661 - INFO - Epoch 4/2000 [222.06s], Training: [1.0812 (Focal: 0.1812, Dice: 0.9001)], Validation: [1.0062 (Focal: 0.1122, Dice: 0.8941), Acc = 0.7788, mIoU = 0.1111], LR: 0.000100
2024-12-02 14:09:41,588 - INFO - 保存最佳模型 (mIoU: 0.1111)
2024-12-02 14:14:32,514 - INFO - Epoch 5/2000 [222.14s], Training: [1.0508 (Focal: 0.1550, Dice: 0.8959)], Validation: [0.9966 (Focal: 0.1078, Dice: 0.8889), Acc = 0.7789, mIoU = 0.1115], LR: 0.000100
2024-12-02 14:14:40,020 - INFO - 保存最佳模型 (mIoU: 0.1115)
2024-12-02 14:19:30,751 - INFO - Epoch 6/2000 [222.53s], Training: [1.0339 (Focal: 0.1413, Dice: 0.8927)], Validation: [0.9930 (Focal: 0.1058, Dice: 0.8872), Acc = 0.7789, mIoU = 0.1123], LR: 0.000100
2024-12-02 14:19:38,209 - INFO - 保存最佳模型 (mIoU: 0.1123)
2024-12-02 14:24:28,204 - INFO - Epoch 7/2000 [222.22s], Training: [1.0319 (Focal: 0.1390, Dice: 0.8929)], Validation: [0.9932 (Focal: 0.1088, Dice: 0.8844), Acc = 0.7789, mIoU = 0.1130], LR: 0.000100
2024-12-02 14:24:35,700 - INFO - 保存最佳模型 (mIoU: 0.1130)
2024-12-02 14:29:25,619 - INFO - Epoch 8/2000 [222.04s], Training: [1.0189 (Focal: 0.1277, Dice: 0.8912)], Validation: [0.9799 (Focal: 0.0946, Dice: 0.8853), Acc = 0.7789, mIoU = 0.1131], LR: 0.000100
2024-12-02 14:29:33,212 - INFO - 保存最佳模型 (mIoU: 0.1131)
2024-12-02 14:34:23,758 - INFO - Epoch 9/2000 [222.03s], Training: [1.0138 (Focal: 0.1241, Dice: 0.8897)], Validation: [0.9772 (Focal: 0.0915, Dice: 0.8857), Acc = 0.7789, mIoU = 0.1134], LR: 0.000100
2024-12-02 14:34:31,117 - INFO - 保存最佳模型 (mIoU: 0.1134)
2024-12-02 14:39:22,634 - INFO - Epoch 10/2000 [223.05s], Training: [1.0098 (Focal: 0.1208, Dice: 0.8890)], Validation: [0.9753 (Focal: 0.0892, Dice: 0.8861), Acc = 0.7789, mIoU = 0.1140], LR: 0.000100
2024-12-02 14:39:29,505 - INFO - 保存最佳模型 (mIoU: 0.1140)
2024-12-02 14:44:20,160 - INFO - Epoch 11/2000 [222.28s], Training: [1.0028 (Focal: 0.1152, Dice: 0.8876)], Validation: [0.9742 (Focal: 0.0955, Dice: 0.8787), Acc = 0.7789, mIoU = 0.1141], LR: 0.000099
2024-12-02 14:44:27,391 - INFO - 保存最佳模型 (mIoU: 0.1141)
2024-12-02 14:49:18,376 - INFO - Epoch 12/2000 [222.86s], Training: [1.0023 (Focal: 0.1158, Dice: 0.8866)], Validation: [0.9709 (Focal: 0.0913, Dice: 0.8796), Acc = 0.7790, mIoU = 0.1146], LR: 0.000099
2024-12-02 14:49:25,964 - INFO - 保存最佳模型 (mIoU: 0.1146)
2024-12-02 14:54:17,904 - INFO - Epoch 13/2000 [223.12s], Training: [1.0033 (Focal: 0.1158, Dice: 0.8874)], Validation: [0.9711 (Focal: 0.0944, Dice: 0.8768), Acc = 0.7790, mIoU = 0.1146], LR: 0.000099
2024-12-02 14:59:08,469 - INFO - Epoch 14/2000 [222.72s], Training: [1.0060 (Focal: 0.1197, Dice: 0.8863)], Validation: [0.9677 (Focal: 0.0915, Dice: 0.8762), Acc = 0.7790, mIoU = 0.1156], LR: 0.000099
2024-12-02 14:59:15,861 - INFO - 保存最佳模型 (mIoU: 0.1156)
2024-12-02 15:04:07,301 - INFO - Epoch 15/2000 [222.76s], Training: [0.9985 (Focal: 0.1165, Dice: 0.8819)], Validation: [0.9565 (Focal: 0.0954, Dice: 0.8611), Acc = 0.7791, mIoU = 0.1208], LR: 0.000099
2024-12-02 15:04:14,798 - INFO - 保存最佳模型 (mIoU: 0.1208)
2024-12-02 15:09:04,990 - INFO - Epoch 16/2000 [222.49s], Training: [0.9908 (Focal: 0.1120, Dice: 0.8787)], Validation: [0.9517 (Focal: 0.0924, Dice: 0.8593), Acc = 0.7793, mIoU = 0.1248], LR: 0.000099
2024-12-02 15:09:12,450 - INFO - 保存最佳模型 (mIoU: 0.1248)
2024-12-02 15:14:01,359 - INFO - Epoch 17/2000 [221.56s], Training: [0.9872 (Focal: 0.1136, Dice: 0.8736)], Validation: [0.9625 (Focal: 0.0963, Dice: 0.8662), Acc = 0.7780, mIoU = 0.1176], LR: 0.000098
2024-12-02 15:18:51,300 - INFO - Epoch 18/2000 [221.64s], Training: [0.9834 (Focal: 0.1119, Dice: 0.8716)], Validation: [0.9522 (Focal: 0.0935, Dice: 0.8587), Acc = 0.7793, mIoU = 0.1288], LR: 0.000098
2024-12-02 15:18:59,853 - INFO - 保存最佳模型 (mIoU: 0.1288)
2024-12-02 15:23:50,330 - INFO - Epoch 19/2000 [222.32s], Training: [0.9778 (Focal: 0.1116, Dice: 0.8662)], Validation: [0.9632 (Focal: 0.0927, Dice: 0.8705), Acc = 0.7788, mIoU = 0.1218], LR: 0.000098
2024-12-02 15:28:41,011 - INFO - Epoch 20/2000 [222.60s], Training: [0.9789 (Focal: 0.1109, Dice: 0.8680)], Validation: [0.9441 (Focal: 0.0917, Dice: 0.8523), Acc = 0.7794, mIoU = 0.1271], LR: 0.000098
2024-12-02 15:33:31,573 - INFO - Epoch 21/2000 [222.48s], Training: [0.9788 (Focal: 0.1103, Dice: 0.8685)], Validation: [0.9530 (Focal: 0.0989, Dice: 0.8541), Acc = 0.7791, mIoU = 0.1250], LR: 0.000098
2024-12-02 15:38:21,653 - INFO - Epoch 22/2000 [222.15s], Training: [0.9785 (Focal: 0.1117, Dice: 0.8668)], Validation: [0.9432 (Focal: 0.0915, Dice: 0.8517), Acc = 0.7792, mIoU = 0.1260], LR: 0.000097
2024-12-02 15:43:11,643 - INFO - Epoch 23/2000 [222.47s], Training: [0.9735 (Focal: 0.1099, Dice: 0.8636)], Validation: [0.9431 (Focal: 0.0920, Dice: 0.8511), Acc = 0.7792, mIoU = 0.1268], LR: 0.000097
2024-12-02 15:48:02,410 - INFO - Epoch 24/2000 [222.06s], Training: [0.9716 (Focal: 0.1100, Dice: 0.8616)], Validation: [0.9419 (Focal: 0.0914, Dice: 0.8504), Acc = 0.7793, mIoU = 0.1258], LR: 0.000097
2024-12-02 15:52:52,499 - INFO - Epoch 25/2000 [221.99s], Training: [0.9725 (Focal: 0.1075, Dice: 0.8650)], Validation: [0.9410 (Focal: 0.0910, Dice: 0.8500), Acc = 0.7793, mIoU = 0.1272], LR: 0.000097
2024-12-02 15:57:42,654 - INFO - Epoch 26/2000 [221.93s], Training: [0.9687 (Focal: 0.1099, Dice: 0.8588)], Validation: [0.9409 (Focal: 0.0900, Dice: 0.8509), Acc = 0.7792, mIoU = 0.1265], LR: 0.000096
2024-12-02 16:02:33,042 - INFO - Epoch 27/2000 [222.73s], Training: [0.9647 (Focal: 0.1068, Dice: 0.8578)], Validation: [0.9431 (Focal: 0.0920, Dice: 0.8511), Acc = 0.7794, mIoU = 0.1288], LR: 0.000096
2024-12-02 16:02:40,467 - INFO - 保存最佳模型 (mIoU: 0.1288)
2024-12-02 16:07:31,241 - INFO - Epoch 28/2000 [222.20s], Training: [0.9691 (Focal: 0.1084, Dice: 0.8607)], Validation: [0.9428 (Focal: 0.0936, Dice: 0.8492), Acc = 0.7791, mIoU = 0.1255], LR: 0.000096
2024-12-02 16:12:21,453 - INFO - Epoch 29/2000 [222.23s], Training: [0.9678 (Focal: 0.1062, Dice: 0.8616)], Validation: [0.9397 (Focal: 0.0900, Dice: 0.8497), Acc = 0.7794, mIoU = 0.1303], LR: 0.000095
2024-12-02 16:12:28,855 - INFO - 保存最佳模型 (mIoU: 0.1303)
2024-12-02 16:17:20,231 - INFO - Epoch 30/2000 [223.03s], Training: [0.9672 (Focal: 0.1061, Dice: 0.8611)], Validation: [0.9452 (Focal: 0.0909, Dice: 0.8543), Acc = 0.7788, mIoU = 0.1225], LR: 0.000095
2024-12-02 16:22:10,599 - INFO - Epoch 31/2000 [222.52s], Training: [0.9586 (Focal: 0.1043, Dice: 0.8543)], Validation: [0.9420 (Focal: 0.0925, Dice: 0.8494), Acc = 0.7791, mIoU = 0.1266], LR: 0.000095
2024-12-02 16:27:00,779 - INFO - Epoch 32/2000 [222.11s], Training: [0.9631 (Focal: 0.1065, Dice: 0.8567)], Validation: [0.9390 (Focal: 0.0894, Dice: 0.8496), Acc = 0.7793, mIoU = 0.1299], LR: 0.000094
2024-12-02 16:31:50,728 - INFO - Epoch 33/2000 [221.64s], Training: [0.9654 (Focal: 0.1071, Dice: 0.8583)], Validation: [0.9388 (Focal: 0.0899, Dice: 0.8490), Acc = 0.7793, mIoU = 0.1284], LR: 0.000094
2024-12-02 16:36:40,201 - INFO - Epoch 34/2000 [220.98s], Training: [0.9583 (Focal: 0.1064, Dice: 0.8520)], Validation: [0.9389 (Focal: 0.0906, Dice: 0.8483), Acc = 0.7793, mIoU = 0.1286], LR: 0.000093
2024-12-02 16:41:30,009 - INFO - Epoch 35/2000 [222.06s], Training: [0.9567 (Focal: 0.1037, Dice: 0.8529)], Validation: [0.9383 (Focal: 0.0911, Dice: 0.8472), Acc = 0.7794, mIoU = 0.1306], LR: 0.000093
2024-12-02 16:41:41,902 - INFO - 保存最佳模型 (mIoU: 0.1306)
2024-12-02 16:46:32,887 - INFO - Epoch 36/2000 [222.78s], Training: [0.9557 (Focal: 0.1043, Dice: 0.8514)], Validation: [0.9414 (Focal: 0.0920, Dice: 0.8494), Acc = 0.7792, mIoU = 0.1253], LR: 0.000093
2024-12-02 16:51:22,958 - INFO - Epoch 37/2000 [222.69s], Training: [0.9613 (Focal: 0.1049, Dice: 0.8564)], Validation: [0.9394 (Focal: 0.0901, Dice: 0.8493), Acc = 0.7791, mIoU = 0.1267], LR: 0.000092
2024-12-02 16:56:13,240 - INFO - Epoch 38/2000 [221.99s], Training: [0.9595 (Focal: 0.1052, Dice: 0.8543)], Validation: [0.9407 (Focal: 0.0908, Dice: 0.8499), Acc = 0.7791, mIoU = 0.1272], LR: 0.000092
2024-12-02 17:01:04,957 - INFO - Epoch 39/2000 [222.79s], Training: [0.9593 (Focal: 0.1040, Dice: 0.8553)], Validation: [0.9382 (Focal: 0.0908, Dice: 0.8474), Acc = 0.7793, mIoU = 0.1293], LR: 0.000091
2024-12-02 17:05:55,586 - INFO - Epoch 40/2000 [222.34s], Training: [0.9593 (Focal: 0.1038, Dice: 0.8555)], Validation: [0.9372 (Focal: 0.0913, Dice: 0.8459), Acc = 0.7793, mIoU = 0.1306], LR: 0.000091
2024-12-02 17:06:12,050 - INFO - 保存最佳模型 (mIoU: 0.1306)
2024-12-02 17:11:03,283 - INFO - Epoch 41/2000 [223.30s], Training: [0.9509 (Focal: 0.1027, Dice: 0.8482)], Validation: [0.9372 (Focal: 0.0910, Dice: 0.8463), Acc = 0.7793, mIoU = 0.1322], LR: 0.000091
2024-12-02 17:11:15,168 - INFO - 保存最佳模型 (mIoU: 0.1322)
2024-12-02 17:16:05,640 - INFO - Epoch 42/2000 [222.66s], Training: [0.9572 (Focal: 0.1036, Dice: 0.8537)], Validation: [0.9378 (Focal: 0.0911, Dice: 0.8467), Acc = 0.7793, mIoU = 0.1319], LR: 0.000090
2024-12-02 17:20:55,874 - INFO - Epoch 43/2000 [221.75s], Training: [0.9548 (Focal: 0.1029, Dice: 0.8519)], Validation: [0.9448 (Focal: 0.0911, Dice: 0.8537), Acc = 0.7786, mIoU = 0.1236], LR: 0.000090
2024-12-02 17:25:45,908 - INFO - Epoch 44/2000 [221.56s], Training: [0.9490 (Focal: 0.1019, Dice: 0.8471)], Validation: [0.9441 (Focal: 0.0900, Dice: 0.8541), Acc = 0.7793, mIoU = 0.1281], LR: 0.000089
2024-12-02 17:30:36,455 - INFO - Epoch 45/2000 [222.06s], Training: [0.9565 (Focal: 0.1047, Dice: 0.8518)], Validation: [0.9367 (Focal: 0.0913, Dice: 0.8454), Acc = 0.7793, mIoU = 0.1314], LR: 0.000089
2024-12-02 17:35:27,103 - INFO - Epoch 46/2000 [222.51s], Training: [0.9555 (Focal: 0.1022, Dice: 0.8533)], Validation: [0.9404 (Focal: 0.0914, Dice: 0.8490), Acc = 0.7790, mIoU = 0.1272], LR: 0.000088
2024-12-02 17:36:54,264 - INFO - 训练被手动中断，保存当前模型...
