2024-12-06 15:39:59,218 - INFO - Loaded RN50 model config.
2024-12-06 15:40:00,976 - INFO - 使用 4 个GPU训练
2024-12-06 15:40:00,977 - INFO - 开始训练 - 总轮次: 2000
2024-12-06 15:41:05,833 - ERROR - 训练出错: Caught ValueError in replica 0 on device 0.
Original Traceback (most recent call last):
  File "/home/nw/.conda/envs/pytorch/lib/python3.9/site-packages/torch/nn/parallel/parallel_apply.py", line 83, in _worker
    output = module(*input, **kwargs)
  File "/home/nw/.conda/envs/pytorch/lib/python3.9/site-packages/torch/nn/modules/module.py", line 1511, in _wrapped_call_impl
    return self._call_impl(*args, **kwargs)
  File "/home/nw/.conda/envs/pytorch/lib/python3.9/site-packages/torch/nn/modules/module.py", line 1520, in _call_impl
    return forward_call(*args, **kwargs)
  File "/home/nw/Codes/RemoteCLIP/Image_segementation/clip_segmentation.py", line 70, in forward
    self._validate_input(x)
  File "/home/nw/Codes/RemoteCLIP/Image_segementation/clip_segmentation.py", line 104, in _validate_input
    raise ValueError(f"期望 4 个通道，实际获得 {x.shape[1]} 个通道")
ValueError: 期望 4 个通道，实际获得 3 个通道

2024-12-06 15:41:05,833 - ERROR - 程序出错: Caught ValueError in replica 0 on device 0.
Original Traceback (most recent call last):
  File "/home/nw/.conda/envs/pytorch/lib/python3.9/site-packages/torch/nn/parallel/parallel_apply.py", line 83, in _worker
    output = module(*input, **kwargs)
  File "/home/nw/.conda/envs/pytorch/lib/python3.9/site-packages/torch/nn/modules/module.py", line 1511, in _wrapped_call_impl
    return self._call_impl(*args, **kwargs)
  File "/home/nw/.conda/envs/pytorch/lib/python3.9/site-packages/torch/nn/modules/module.py", line 1520, in _call_impl
    return forward_call(*args, **kwargs)
  File "/home/nw/Codes/RemoteCLIP/Image_segementation/clip_segmentation.py", line 70, in forward
    self._validate_input(x)
  File "/home/nw/Codes/RemoteCLIP/Image_segementation/clip_segmentation.py", line 104, in _validate_input
    raise ValueError(f"期望 4 个通道，实际获得 {x.shape[1]} 个通道")
ValueError: 期望 4 个通道，实际获得 3 个通道

