2025-04-29 14:56:22,566 - INFO - Main device: cuda:1
2025-04-29 14:56:58,688 - INFO - Loaded RN50 model config.
2025-04-29 14:57:05,687 - INFO - 加载CLIP权重: /home/nw/Assets/RemoteCLIP/ckpt/RemoteCLIP-RN50.pt
2025-04-29 14:57:06,015 - INFO - 使用多GPU: [1, 2, 3]
2025-04-29 14:57:06,015 - INFO - CLIP视觉主干初始化完成。
2025-04-29 14:57:55,225 - INFO - Epoch 1/20000 [25.49s], Training: [1.6636 (Focal: 0.7074, Dice: 0.9562)], Validation: [1.6361 (Focal: 0.6803, Dice: 0.9558), Acc = 0.3034, mIoU = 0.0574], LR: 0.000010
2025-04-29 14:57:55,968 - INFO - 保存最佳模型 (mIoU: 0.0574)
2025-04-29 14:58:43,684 - INFO - Epoch 2/20000 [23.86s], Training: [1.4673 (Focal: 0.5250, Dice: 0.9423)], Validation: [1.3951 (Focal: 0.4583, Dice: 0.9368), Acc = 0.7483, mIoU = 0.1407], LR: 0.000010
2025-04-29 14:58:44,241 - INFO - 保存最佳模型 (mIoU: 0.1407)
2025-04-29 14:59:31,718 - INFO - Epoch 3/20000 [23.85s], Training: [1.3036 (Focal: 0.3757, Dice: 0.9279)], Validation: [1.2379 (Focal: 0.3176, Dice: 0.9203), Acc = 0.7983, mIoU = 0.1528], LR: 0.000010
2025-04-29 14:59:32,292 - INFO - 保存最佳模型 (mIoU: 0.1528)
2025-04-29 15:00:20,074 - INFO - Epoch 4/20000 [24.12s], Training: [1.1761 (Focal: 0.2624, Dice: 0.9137)], Validation: [1.1269 (Focal: 0.2213, Dice: 0.9057), Acc = 0.8060, mIoU = 0.1560], LR: 0.000010
2025-04-29 15:00:20,662 - INFO - 保存最佳模型 (mIoU: 0.1560)
2025-04-29 15:01:08,602 - INFO - Epoch 5/20000 [23.90s], Training: [1.0851 (Focal: 0.1847, Dice: 0.9005)], Validation: [1.0513 (Focal: 0.1589, Dice: 0.8924), Acc = 0.8145, mIoU = 0.1632], LR: 0.000010
2025-04-29 15:01:09,160 - INFO - 保存最佳模型 (mIoU: 0.1632)
2025-04-29 15:01:56,592 - INFO - Epoch 6/20000 [23.75s], Training: [1.0193 (Focal: 0.1324, Dice: 0.8868)], Validation: [0.9978 (Focal: 0.1188, Dice: 0.8790), Acc = 0.8198, mIoU = 0.1686], LR: 0.000010
2025-04-29 15:01:57,150 - INFO - 保存最佳模型 (mIoU: 0.1686)
2025-04-29 15:02:45,104 - INFO - Epoch 7/20000 [23.92s], Training: [0.9766 (Focal: 0.1021, Dice: 0.8746)], Validation: [0.9627 (Focal: 0.0948, Dice: 0.8680), Acc = 0.8204, mIoU = 0.1688], LR: 0.000010
2025-04-29 15:02:45,670 - INFO - 保存最佳模型 (mIoU: 0.1688)
2025-04-29 15:03:33,047 - INFO - Epoch 8/20000 [23.82s], Training: [0.9454 (Focal: 0.0821, Dice: 0.8633)], Validation: [0.9370 (Focal: 0.0796, Dice: 0.8574), Acc = 0.8225, mIoU = 0.1708], LR: 0.000010
2025-04-29 15:03:34,078 - INFO - 保存最佳模型 (mIoU: 0.1708)
2025-04-29 15:04:22,044 - INFO - Epoch 9/20000 [24.14s], Training: [0.9246 (Focal: 0.0700, Dice: 0.8545)], Validation: [0.9195 (Focal: 0.0694, Dice: 0.8501), Acc = 0.8219, mIoU = 0.1701], LR: 0.000010
2025-04-29 15:05:10,006 - INFO - Epoch 10/20000 [23.85s], Training: [0.9091 (Focal: 0.0623, Dice: 0.8468)], Validation: [0.9046 (Focal: 0.0617, Dice: 0.8429), Acc = 0.8240, mIoU = 0.1725], LR: 0.000010
2025-04-29 15:05:10,597 - INFO - 保存最佳模型 (mIoU: 0.1725)
2025-04-29 15:05:58,705 - INFO - Epoch 11/20000 [23.89s], Training: [0.8970 (Focal: 0.0562, Dice: 0.8407)], Validation: [0.8926 (Focal: 0.0560, Dice: 0.8367), Acc = 0.8235, mIoU = 0.1719], LR: 0.000010
2025-04-29 15:06:47,073 - INFO - Epoch 12/20000 [23.84s], Training: [0.8854 (Focal: 0.0512, Dice: 0.8342)], Validation: [0.8788 (Focal: 0.0505, Dice: 0.8283), Acc = 0.8243, mIoU = 0.1746], LR: 0.000010
2025-04-29 15:06:47,591 - INFO - 保存最佳模型 (mIoU: 0.1746)
2025-04-29 15:07:35,544 - INFO - Epoch 13/20000 [23.91s], Training: [0.8752 (Focal: 0.0480, Dice: 0.8272)], Validation: [0.8663 (Focal: 0.0481, Dice: 0.8181), Acc = 0.8246, mIoU = 0.2128], LR: 0.000010
2025-04-29 15:07:36,103 - INFO - 保存最佳模型 (mIoU: 0.2128)
