2025-04-30 15:39:35,698 - INFO - Main device: cuda:1
2025-04-30 15:39:35,700 - INFO - Loaded RN50 model config.
2025-04-30 15:39:38,197 - INFO - [Factory] Enabled multi-GPU DataParallel on devices: [1, 2, 3]
2025-04-30 15:40:37,323 - INFO - Epoch 1/20000 [33.48s], Training: [2.6697 (Focal: 0.8181, Dice: 0.9343, AuxFocal: 1.4728, AuxDice: 0.8207)], Validation: [1.6620 (Focal: 0.3299, Dice: 0.9207, AuxFocal: 0.1601, AuxDice: 0.8683), Acc = 0.6189, mIoU = 0.1080], LR: 0.000010
2025-04-30 15:40:42,156 - INFO - 保存最佳模型 (mIoU: 0.1080)
2025-04-30 15:41:39,582 - INFO - Epoch 2/20000 [31.49s], Training: [1.9075 (Focal: 0.4884, Dice: 0.9100, AuxFocal: 0.5253, AuxDice: 0.7475)], Validation: [1.5090 (Focal: 0.2562, Dice: 0.8863, AuxFocal: 0.1760, AuxDice: 0.7404), Acc = 0.7859, mIoU = 0.1633], LR: 0.000010
2025-04-30 15:41:42,198 - INFO - 保存最佳模型 (mIoU: 0.1633)
2025-04-30 15:42:39,981 - INFO - Epoch 3/20000 [31.52s], Training: [1.7000 (Focal: 0.3633, Dice: 0.8920, AuxFocal: 0.3993, AuxDice: 0.7124)], Validation: [1.4347 (Focal: 0.1917, Dice: 0.8562, AuxFocal: 0.2574, AuxDice: 0.7095), Acc = 0.8167, mIoU = 0.1746], LR: 0.000010
2025-04-30 15:42:42,600 - INFO - 保存最佳模型 (mIoU: 0.1746)
2025-04-30 15:43:41,187 - INFO - Epoch 4/20000 [31.70s], Training: [1.5839 (Focal: 0.2912, Dice: 0.8753, AuxFocal: 0.3354, AuxDice: 0.7084)], Validation: [1.4174 (Focal: 0.1627, Dice: 0.8373, AuxFocal: 0.3310, AuxDice: 0.7125), Acc = 0.8294, mIoU = 0.1820], LR: 0.000010
2025-04-30 15:43:44,320 - INFO - 保存最佳模型 (mIoU: 0.1820)
2025-04-30 15:44:41,913 - INFO - Epoch 5/20000 [31.38s], Training: [1.4989 (Focal: 0.2392, Dice: 0.8599, AuxFocal: 0.3047, AuxDice: 0.6946)], Validation: [1.5963 (Focal: 0.1498, Dice: 0.8264, AuxFocal: 0.8420, AuxDice: 0.7082), Acc = 0.8322, mIoU = 0.1833], LR: 0.000010
2025-04-30 15:44:44,599 - INFO - 保存最佳模型 (mIoU: 0.1833)
2025-04-30 15:45:42,911 - INFO - Epoch 6/20000 [31.68s], Training: [1.4416 (Focal: 0.2097, Dice: 0.8522, AuxFocal: 0.2627, AuxDice: 0.6868)], Validation: [1.3079 (Focal: 0.1145, Dice: 0.8212, AuxFocal: 0.2416, AuxDice: 0.6887), Acc = 0.8376, mIoU = 0.1900], LR: 0.000010
2025-04-30 15:45:45,640 - INFO - 保存最佳模型 (mIoU: 0.1900)
2025-04-30 15:46:43,271 - INFO - Epoch 7/20000 [31.57s], Training: [1.4219 (Focal: 0.1956, Dice: 0.8469, AuxFocal: 0.2597, AuxDice: 0.6888)], Validation: [1.2600 (Focal: 0.1100, Dice: 0.8167, AuxFocal: 0.1708, AuxDice: 0.6624), Acc = 0.8386, mIoU = 0.1907], LR: 0.000010
2025-04-30 15:46:46,018 - INFO - 保存最佳模型 (mIoU: 0.1907)
2025-04-30 15:47:43,615 - INFO - Epoch 8/20000 [31.54s], Training: [1.3772 (Focal: 0.1740, Dice: 0.8426, AuxFocal: 0.2282, AuxDice: 0.6733)], Validation: [1.3092 (Focal: 0.1113, Dice: 0.8132, AuxFocal: 0.3064, AuxDice: 0.6553), Acc = 0.8387, mIoU = 0.1919], LR: 0.000010
2025-04-30 15:47:46,533 - INFO - 保存最佳模型 (mIoU: 0.1919)
2025-04-30 15:48:44,582 - INFO - Epoch 9/20000 [31.78s], Training: [1.3616 (Focal: 0.1696, Dice: 0.8388, AuxFocal: 0.2186, AuxDice: 0.6643)], Validation: [1.2086 (Focal: 0.0941, Dice: 0.8118, AuxFocal: 0.1314, AuxDice: 0.6255), Acc = 0.8388, mIoU = 0.1966], LR: 0.000010
2025-04-30 15:48:47,855 - INFO - 保存最佳模型 (mIoU: 0.1966)
2025-04-30 15:49:45,712 - INFO - Epoch 10/20000 [31.40s], Training: [1.3528 (Focal: 0.1600, Dice: 0.8379, AuxFocal: 0.2229, AuxDice: 0.6644)], Validation: [1.2120 (Focal: 0.0977, Dice: 0.8076, AuxFocal: 0.1332, AuxDice: 0.6336), Acc = 0.8400, mIoU = 0.1964], LR: 0.000010
2025-04-30 15:50:43,967 - INFO - Epoch 11/20000 [31.32s], Training: [1.3282 (Focal: 0.1491, Dice: 0.8334, AuxFocal: 0.2052, AuxDice: 0.6589)], Validation: [1.2549 (Focal: 0.1039, Dice: 0.8064, AuxFocal: 0.1849, AuxDice: 0.6768), Acc = 0.8401, mIoU = 0.1952], LR: 0.000010
2025-04-30 15:51:41,918 - INFO - Epoch 12/20000 [31.60s], Training: [1.3193 (Focal: 0.1479, Dice: 0.8324, AuxFocal: 0.1969, AuxDice: 0.6507)], Validation: [1.2019 (Focal: 0.0940, Dice: 0.8036, AuxFocal: 0.1338, AuxDice: 0.6271), Acc = 0.8409, mIoU = 0.2059], LR: 0.000010
2025-04-30 15:51:44,643 - INFO - 保存最佳模型 (mIoU: 0.2059)
2025-04-30 15:52:42,680 - INFO - Epoch 13/20000 [31.53s], Training: [1.3006 (Focal: 0.1362, Dice: 0.8309, AuxFocal: 0.1862, AuxDice: 0.6476)], Validation: [1.1830 (Focal: 0.0848, Dice: 0.8004, AuxFocal: 0.1232, AuxDice: 0.6215), Acc = 0.8410, mIoU = 0.2204], LR: 0.000010
2025-04-30 15:52:45,530 - INFO - 保存最佳模型 (mIoU: 0.2204)
2025-04-30 15:53:43,570 - INFO - Epoch 14/20000 [31.60s], Training: [1.2943 (Focal: 0.1331, Dice: 0.8276, AuxFocal: 0.1881, AuxDice: 0.6460)], Validation: [1.1928 (Focal: 0.0791, Dice: 0.7981, AuxFocal: 0.1505, AuxDice: 0.6387), Acc = 0.8407, mIoU = 0.2225], LR: 0.000010
2025-04-30 15:53:46,534 - INFO - 保存最佳模型 (mIoU: 0.2225)
2025-04-30 15:54:44,515 - INFO - Epoch 15/20000 [31.53s], Training: [1.2770 (Focal: 0.1226, Dice: 0.8243, AuxFocal: 0.1821, AuxDice: 0.6432)], Validation: [1.1760 (Focal: 0.0931, Dice: 0.7947, AuxFocal: 0.1096, AuxDice: 0.6108), Acc = 0.8417, mIoU = 0.2219], LR: 0.000010
2025-04-30 15:55:42,458 - INFO - Epoch 16/20000 [31.52s], Training: [1.2833 (Focal: 0.1243, Dice: 0.8239, AuxFocal: 0.1906, AuxDice: 0.6470)], Validation: [1.2102 (Focal: 0.0738, Dice: 0.7948, AuxFocal: 0.2086, AuxDice: 0.6454), Acc = 0.8392, mIoU = 0.2197], LR: 0.000010
2025-04-30 15:56:40,338 - INFO - Epoch 17/20000 [31.44s], Training: [1.2651 (Focal: 0.1131, Dice: 0.8201, AuxFocal: 0.1829, AuxDice: 0.6468)], Validation: [1.1686 (Focal: 0.0758, Dice: 0.7886, AuxFocal: 0.1470, AuxDice: 0.6134), Acc = 0.8424, mIoU = 0.2251], LR: 0.000010
2025-04-30 15:56:42,970 - INFO - 保存最佳模型 (mIoU: 0.2251)
2025-04-30 15:57:41,807 - INFO - Epoch 18/20000 [31.70s], Training: [1.2619 (Focal: 0.1144, Dice: 0.8189, AuxFocal: 0.1838, AuxDice: 0.6376)], Validation: [1.1851 (Focal: 0.0722, Dice: 0.7882, AuxFocal: 0.1752, AuxDice: 0.6363), Acc = 0.8421, mIoU = 0.2225], LR: 0.000010
2025-04-30 15:58:39,842 - INFO - Epoch 19/20000 [31.27s], Training: [1.2540 (Focal: 0.1078, Dice: 0.8191, AuxFocal: 0.1811, AuxDice: 0.6365)], Validation: [1.1784 (Focal: 0.0821, Dice: 0.7857, AuxFocal: 0.1528, AuxDice: 0.6236), Acc = 0.8427, mIoU = 0.2235], LR: 0.000010
2025-04-30 15:59:37,627 - INFO - Epoch 20/20000 [31.26s], Training: [1.2378 (Focal: 0.1067, Dice: 0.8162, AuxFocal: 0.1592, AuxDice: 0.6280)], Validation: [1.2997 (Focal: 0.0817, Dice: 0.7869, AuxFocal: 0.4103, AuxDice: 0.6675), Acc = 0.8427, mIoU = 0.2221], LR: 0.000010
2025-04-30 16:13:14,347 - INFO - Epoch 21/20000 [790.13s], Training: [1.2468 (Focal: 0.1078, Dice: 0.8168, AuxFocal: 0.1742, AuxDice: 0.6313)], Validation: [1.1885 (Focal: 0.0726, Dice: 0.7832, AuxFocal: 0.1942, AuxDice: 0.6375), Acc = 0.8434, mIoU = 0.2239], LR: 0.000010
2025-04-30 16:14:12,062 - INFO - Epoch 22/20000 [31.26s], Training: [1.2336 (Focal: 0.1014, Dice: 0.8147, AuxFocal: 0.1609, AuxDice: 0.6330)], Validation: [1.1400 (Focal: 0.0703, Dice: 0.7813, AuxFocal: 0.1135, AuxDice: 0.6075), Acc = 0.8419, mIoU = 0.2227], LR: 0.000010
2025-04-30 16:15:09,869 - INFO - Epoch 23/20000 [31.28s], Training: [1.2325 (Focal: 0.1005, Dice: 0.8135, AuxFocal: 0.1665, AuxDice: 0.6296)], Validation: [1.1445 (Focal: 0.0753, Dice: 0.7792, AuxFocal: 0.1236, AuxDice: 0.6016), Acc = 0.8432, mIoU = 0.2237], LR: 0.000010
2025-04-30 16:16:07,631 - INFO - Epoch 24/20000 [31.37s], Training: [1.2171 (Focal: 0.0995, Dice: 0.8098, AuxFocal: 0.1512, AuxDice: 0.6183)], Validation: [1.1648 (Focal: 0.0656, Dice: 0.7808, AuxFocal: 0.1667, AuxDice: 0.6292), Acc = 0.8436, mIoU = 0.2236], LR: 0.000010
2025-04-30 16:17:05,838 - INFO - Epoch 25/20000 [31.64s], Training: [1.2243 (Focal: 0.0971, Dice: 0.8094, AuxFocal: 0.1680, AuxDice: 0.6266)], Validation: [1.1506 (Focal: 0.0678, Dice: 0.7803, AuxFocal: 0.1423, AuxDice: 0.6140), Acc = 0.8430, mIoU = 0.2242], LR: 0.000010
2025-04-30 16:18:04,590 - INFO - Epoch 26/20000 [31.80s], Training: [1.2134 (Focal: 0.0903, Dice: 0.8073, AuxFocal: 0.1599, AuxDice: 0.6295)], Validation: [1.2537 (Focal: 0.0677, Dice: 0.7756, AuxFocal: 0.4011, AuxDice: 0.6249), Acc = 0.8445, mIoU = 0.2265], LR: 0.000010
2025-04-30 16:18:07,242 - INFO - 保存最佳模型 (mIoU: 0.2265)
2025-04-30 16:19:04,913 - INFO - Epoch 27/20000 [31.37s], Training: [1.2019 (Focal: 0.0902, Dice: 0.8069, AuxFocal: 0.1518, AuxDice: 0.6105)], Validation: [1.1381 (Focal: 0.0779, Dice: 0.7740, AuxFocal: 0.1159, AuxDice: 0.5998), Acc = 0.8437, mIoU = 0.2261], LR: 0.000010
2025-04-30 16:20:03,121 - INFO - Epoch 28/20000 [31.50s], Training: [1.2065 (Focal: 0.0954, Dice: 0.8047, AuxFocal: 0.1566, AuxDice: 0.6094)], Validation: [1.2016 (Focal: 0.0646, Dice: 0.7722, AuxFocal: 0.2195, AuxDice: 0.6927), Acc = 0.8442, mIoU = 0.2254], LR: 0.000010
2025-04-30 16:21:00,853 - INFO - Epoch 29/20000 [31.38s], Training: [1.2044 (Focal: 0.0903, Dice: 0.8045, AuxFocal: 0.1576, AuxDice: 0.6165)], Validation: [1.3100 (Focal: 0.0636, Dice: 0.7724, AuxFocal: 0.5605, AuxDice: 0.6245), Acc = 0.8454, mIoU = 0.2293], LR: 0.000010
2025-04-30 16:21:03,562 - INFO - 保存最佳模型 (mIoU: 0.2293)
2025-04-30 16:22:01,715 - INFO - Epoch 30/20000 [31.36s], Training: [1.1948 (Focal: 0.0871, Dice: 0.8014, AuxFocal: 0.1472, AuxDice: 0.6186)], Validation: [1.2035 (Focal: 0.0702, Dice: 0.7715, AuxFocal: 0.2811, AuxDice: 0.6234), Acc = 0.8449, mIoU = 0.2289], LR: 0.000010
2025-04-30 16:22:59,952 - INFO - Epoch 31/20000 [31.51s], Training: [1.1974 (Focal: 0.0887, Dice: 0.8015, AuxFocal: 0.1466, AuxDice: 0.6216)], Validation: [1.1149 (Focal: 0.0697, Dice: 0.7695, AuxFocal: 0.1023, AuxDice: 0.5869), Acc = 0.8451, mIoU = 0.2312], LR: 0.000010
2025-04-30 16:23:02,689 - INFO - 保存最佳模型 (mIoU: 0.2312)
2025-04-30 16:24:00,662 - INFO - Epoch 32/20000 [31.34s], Training: [1.1922 (Focal: 0.0892, Dice: 0.8006, AuxFocal: 0.1444, AuxDice: 0.6115)], Validation: [1.1441 (Focal: 0.0706, Dice: 0.7730, AuxFocal: 0.1275, AuxDice: 0.6240), Acc = 0.8433, mIoU = 0.2243], LR: 0.000009
2025-04-30 16:24:58,861 - INFO - Epoch 33/20000 [31.57s], Training: [1.1899 (Focal: 0.0841, Dice: 0.8006, AuxFocal: 0.1460, AuxDice: 0.6170)], Validation: [1.1150 (Focal: 0.0637, Dice: 0.7680, AuxFocal: 0.1085, AuxDice: 0.5996), Acc = 0.8446, mIoU = 0.2287], LR: 0.000009
2025-04-30 16:25:57,239 - INFO - Epoch 34/20000 [31.68s], Training: [1.1774 (Focal: 0.0799, Dice: 0.7957, AuxFocal: 0.1447, AuxDice: 0.6101)], Validation: [1.2383 (Focal: 0.0735, Dice: 0.7716, AuxFocal: 0.3533, AuxDice: 0.6297), Acc = 0.8435, mIoU = 0.2263], LR: 0.000009
2025-04-30 16:26:55,720 - INFO - Epoch 35/20000 [31.68s], Training: [1.1815 (Focal: 0.0852, Dice: 0.7977, AuxFocal: 0.1407, AuxDice: 0.6057)], Validation: [1.1116 (Focal: 0.0571, Dice: 0.7648, AuxFocal: 0.1163, AuxDice: 0.6079), Acc = 0.8456, mIoU = 0.2347], LR: 0.000009
2025-04-30 16:26:58,464 - INFO - 保存最佳模型 (mIoU: 0.2347)
2025-04-30 16:27:56,856 - INFO - Epoch 36/20000 [31.37s], Training: [1.1774 (Focal: 0.0797, Dice: 0.7945, AuxFocal: 0.1489, AuxDice: 0.6093)], Validation: [1.1351 (Focal: 0.0712, Dice: 0.7643, AuxFocal: 0.1236, AuxDice: 0.6254), Acc = 0.8444, mIoU = 0.2318], LR: 0.000009
2025-04-30 16:28:55,164 - INFO - Epoch 37/20000 [31.41s], Training: [1.1722 (Focal: 0.0815, Dice: 0.7927, AuxFocal: 0.1374, AuxDice: 0.6074)], Validation: [1.1546 (Focal: 0.0648, Dice: 0.7693, AuxFocal: 0.1410, AuxDice: 0.6604), Acc = 0.8442, mIoU = 0.2300], LR: 0.000009
2025-04-30 16:29:53,591 - INFO - Epoch 38/20000 [31.24s], Training: [1.1687 (Focal: 0.0812, Dice: 0.7951, AuxFocal: 0.1306, AuxDice: 0.6004)], Validation: [1.0983 (Focal: 0.0580, Dice: 0.7628, AuxFocal: 0.1063, AuxDice: 0.5876), Acc = 0.8455, mIoU = 0.2325], LR: 0.000009
2025-04-30 16:30:51,501 - INFO - Epoch 39/20000 [31.59s], Training: [1.1596 (Focal: 0.0751, Dice: 0.7899, AuxFocal: 0.1360, AuxDice: 0.6005)], Validation: [1.2248 (Focal: 0.0766, Dice: 0.7732, AuxFocal: 0.2829, AuxDice: 0.6547), Acc = 0.8400, mIoU = 0.2224], LR: 0.000009
2025-04-30 16:31:49,761 - INFO - Epoch 40/20000 [31.54s], Training: [1.1609 (Focal: 0.0789, Dice: 0.7919, AuxFocal: 0.1277, AuxDice: 0.5976)], Validation: [1.1048 (Focal: 0.0636, Dice: 0.7609, AuxFocal: 0.1006, AuxDice: 0.6001), Acc = 0.8454, mIoU = 0.2330], LR: 0.000009
2025-04-30 16:32:47,464 - INFO - Epoch 41/20000 [31.17s], Training: [1.1631 (Focal: 0.0796, Dice: 0.7914, AuxFocal: 0.1258, AuxDice: 0.6044)], Validation: [1.1285 (Focal: 0.0666, Dice: 0.7651, AuxFocal: 0.1308, AuxDice: 0.6112), Acc = 0.8453, mIoU = 0.2332], LR: 0.000009
2025-04-30 16:33:45,636 - INFO - Epoch 42/20000 [31.44s], Training: [1.1477 (Focal: 0.0752, Dice: 0.7862, AuxFocal: 0.1305, AuxDice: 0.5851)], Validation: [1.1055 (Focal: 0.0628, Dice: 0.7604, AuxFocal: 0.1082, AuxDice: 0.5974), Acc = 0.8461, mIoU = 0.2332], LR: 0.000009
2025-04-30 16:34:43,703 - INFO - Epoch 43/20000 [31.31s], Training: [1.1554 (Focal: 0.0739, Dice: 0.7876, AuxFocal: 0.1388, AuxDice: 0.5959)], Validation: [1.1160 (Focal: 0.0612, Dice: 0.7576, AuxFocal: 0.1383, AuxDice: 0.6049), Acc = 0.8469, mIoU = 0.2356], LR: 0.000009
2025-04-30 16:34:46,416 - INFO - 保存最佳模型 (mIoU: 0.2356)
2025-04-30 16:35:44,242 - INFO - Epoch 44/20000 [31.29s], Training: [1.1499 (Focal: 0.0746, Dice: 0.7864, AuxFocal: 0.1259, AuxDice: 0.5966)], Validation: [1.1085 (Focal: 0.0601, Dice: 0.7562, AuxFocal: 0.1446, AuxDice: 0.5860), Acc = 0.8454, mIoU = 0.2373], LR: 0.000009
2025-04-30 16:35:47,158 - INFO - 保存最佳模型 (mIoU: 0.2373)
2025-04-30 16:36:45,214 - INFO - Epoch 45/20000 [31.27s], Training: [1.1516 (Focal: 0.0796, Dice: 0.7880, AuxFocal: 0.1224, AuxDice: 0.5875)], Validation: [1.1284 (Focal: 0.0661, Dice: 0.7667, AuxFocal: 0.1281, AuxDice: 0.6109), Acc = 0.8424, mIoU = 0.2261], LR: 0.000009
2025-04-30 16:37:43,524 - INFO - Epoch 46/20000 [31.29s], Training: [1.1481 (Focal: 0.0740, Dice: 0.7862, AuxFocal: 0.1252, AuxDice: 0.5946)], Validation: [1.1207 (Focal: 0.0677, Dice: 0.7545, AuxFocal: 0.1365, AuxDice: 0.6100), Acc = 0.8468, mIoU = 0.2345], LR: 0.000009
2025-04-30 16:38:41,584 - INFO - Epoch 47/20000 [31.40s], Training: [1.1482 (Focal: 0.0767, Dice: 0.7847, AuxFocal: 0.1208, AuxDice: 0.5963)], Validation: [1.1364 (Focal: 0.0579, Dice: 0.7620, AuxFocal: 0.1595, AuxDice: 0.6318), Acc = 0.8458, mIoU = 0.2354], LR: 0.000009
2025-04-30 16:39:39,633 - INFO - Epoch 48/20000 [31.52s], Training: [1.1440 (Focal: 0.0735, Dice: 0.7819, AuxFocal: 0.1296, AuxDice: 0.5918)], Validation: [1.2007 (Focal: 0.0600, Dice: 0.7567, AuxFocal: 0.3624, AuxDice: 0.5975), Acc = 0.8455, mIoU = 0.2381], LR: 0.000009
2025-04-30 16:39:42,364 - INFO - 保存最佳模型 (mIoU: 0.2381)
2025-04-30 16:40:40,360 - INFO - Epoch 49/20000 [31.47s], Training: [1.1339 (Focal: 0.0718, Dice: 0.7802, AuxFocal: 0.1186, AuxDice: 0.5860)], Validation: [1.1105 (Focal: 0.0600, Dice: 0.7611, AuxFocal: 0.1258, AuxDice: 0.5977), Acc = 0.8466, mIoU = 0.2358], LR: 0.000009
2025-04-30 16:41:38,579 - INFO - Epoch 50/20000 [31.48s], Training: [1.1388 (Focal: 0.0751, Dice: 0.7802, AuxFocal: 0.1254, AuxDice: 0.5834)], Validation: [1.0927 (Focal: 0.0617, Dice: 0.7533, AuxFocal: 0.1141, AuxDice: 0.5802), Acc = 0.8473, mIoU = 0.2410], LR: 0.000009
2025-04-30 16:41:41,477 - INFO - 保存最佳模型 (mIoU: 0.2410)
2025-04-30 16:42:39,998 - INFO - Epoch 51/20000 [31.69s], Training: [1.1398 (Focal: 0.0730, Dice: 0.7787, AuxFocal: 0.1264, AuxDice: 0.5941)], Validation: [1.0937 (Focal: 0.0566, Dice: 0.7563, AuxFocal: 0.1000, AuxDice: 0.6019), Acc = 0.8482, mIoU = 0.2378], LR: 0.000009
