2025-04-29 17:24:32,378 - INFO - Loaded RN50 model config.
2025-04-29 17:24:34,927 - INFO - 使用 4 个GPU训练
2025-04-29 17:24:34,927 - INFO - 开始训练 - 总轮次: 20000
2025-04-29 17:24:39,193 - ERROR - 训练出错: Caught RuntimeError in replica 0 on device 0.
Original Traceback (most recent call last):
  File "/home/nw/.conda/envs/pytorch/lib/python3.9/site-packages/torch/nn/parallel/parallel_apply.py", line 83, in _worker
    output = module(*input, **kwargs)
  File "/home/nw/.conda/envs/pytorch/lib/python3.9/site-packages/torch/nn/modules/module.py", line 1511, in _wrapped_call_impl
    return self._call_impl(*args, **kwargs)
  File "/home/nw/.conda/envs/pytorch/lib/python3.9/site-packages/torch/nn/modules/module.py", line 1520, in _call_impl
    return forward_call(*args, **kwargs)
  File "/home/nw/Codes/Jobs/RemoteCLIP/Image_segementation/seg_rn50_unet/seg_rn50_unet_model.py", line 187, in forward
    features = self.extract_features(x)
  File "/home/nw/Codes/Jobs/RemoteCLIP/Image_segementation/seg_rn50_unet/seg_rn50_unet_model.py", line 174, in extract_features
    x = self.visual_encoder.layer1(x)
  File "/home/nw/.conda/envs/pytorch/lib/python3.9/site-packages/torch/nn/modules/module.py", line 1511, in _wrapped_call_impl
    return self._call_impl(*args, **kwargs)
  File "/home/nw/.conda/envs/pytorch/lib/python3.9/site-packages/torch/nn/modules/module.py", line 1520, in _call_impl
    return forward_call(*args, **kwargs)
  File "/home/nw/.conda/envs/pytorch/lib/python3.9/site-packages/torch/nn/modules/container.py", line 217, in forward
    input = module(input)
  File "/home/nw/.conda/envs/pytorch/lib/python3.9/site-packages/torch/nn/modules/module.py", line 1511, in _wrapped_call_impl
    return self._call_impl(*args, **kwargs)
  File "/home/nw/.conda/envs/pytorch/lib/python3.9/site-packages/torch/nn/modules/module.py", line 1520, in _call_impl
    return forward_call(*args, **kwargs)
  File "/home/nw/.conda/envs/pytorch/lib/python3.9/site-packages/open_clip/modified_resnet.py", line 45, in forward
    out = self.act1(self.bn1(self.conv1(x)))
  File "/home/nw/.conda/envs/pytorch/lib/python3.9/site-packages/torch/nn/modules/module.py", line 1511, in _wrapped_call_impl
    return self._call_impl(*args, **kwargs)
  File "/home/nw/.conda/envs/pytorch/lib/python3.9/site-packages/torch/nn/modules/module.py", line 1520, in _call_impl
    return forward_call(*args, **kwargs)
  File "/home/nw/.conda/envs/pytorch/lib/python3.9/site-packages/torch/nn/modules/conv.py", line 460, in forward
    return self._conv_forward(input, self.weight, self.bias)
  File "/home/nw/.conda/envs/pytorch/lib/python3.9/site-packages/torch/nn/modules/conv.py", line 456, in _conv_forward
    return F.conv2d(input, weight, bias, self.stride,
RuntimeError: Given groups=1, weight of size [64, 64, 1, 1], expected input[24, 32, 112, 112] to have 64 channels, but got 32 channels instead

2025-04-29 17:24:39,193 - ERROR - 程序出错: Caught RuntimeError in replica 0 on device 0.
Original Traceback (most recent call last):
  File "/home/nw/.conda/envs/pytorch/lib/python3.9/site-packages/torch/nn/parallel/parallel_apply.py", line 83, in _worker
    output = module(*input, **kwargs)
  File "/home/nw/.conda/envs/pytorch/lib/python3.9/site-packages/torch/nn/modules/module.py", line 1511, in _wrapped_call_impl
    return self._call_impl(*args, **kwargs)
  File "/home/nw/.conda/envs/pytorch/lib/python3.9/site-packages/torch/nn/modules/module.py", line 1520, in _call_impl
    return forward_call(*args, **kwargs)
  File "/home/nw/Codes/Jobs/RemoteCLIP/Image_segementation/seg_rn50_unet/seg_rn50_unet_model.py", line 187, in forward
    features = self.extract_features(x)
  File "/home/nw/Codes/Jobs/RemoteCLIP/Image_segementation/seg_rn50_unet/seg_rn50_unet_model.py", line 174, in extract_features
    x = self.visual_encoder.layer1(x)
  File "/home/nw/.conda/envs/pytorch/lib/python3.9/site-packages/torch/nn/modules/module.py", line 1511, in _wrapped_call_impl
    return self._call_impl(*args, **kwargs)
  File "/home/nw/.conda/envs/pytorch/lib/python3.9/site-packages/torch/nn/modules/module.py", line 1520, in _call_impl
    return forward_call(*args, **kwargs)
  File "/home/nw/.conda/envs/pytorch/lib/python3.9/site-packages/torch/nn/modules/container.py", line 217, in forward
    input = module(input)
  File "/home/nw/.conda/envs/pytorch/lib/python3.9/site-packages/torch/nn/modules/module.py", line 1511, in _wrapped_call_impl
    return self._call_impl(*args, **kwargs)
  File "/home/nw/.conda/envs/pytorch/lib/python3.9/site-packages/torch/nn/modules/module.py", line 1520, in _call_impl
    return forward_call(*args, **kwargs)
  File "/home/nw/.conda/envs/pytorch/lib/python3.9/site-packages/open_clip/modified_resnet.py", line 45, in forward
    out = self.act1(self.bn1(self.conv1(x)))
  File "/home/nw/.conda/envs/pytorch/lib/python3.9/site-packages/torch/nn/modules/module.py", line 1511, in _wrapped_call_impl
    return self._call_impl(*args, **kwargs)
  File "/home/nw/.conda/envs/pytorch/lib/python3.9/site-packages/torch/nn/modules/module.py", line 1520, in _call_impl
    return forward_call(*args, **kwargs)
  File "/home/nw/.conda/envs/pytorch/lib/python3.9/site-packages/torch/nn/modules/conv.py", line 460, in forward
    return self._conv_forward(input, self.weight, self.bias)
  File "/home/nw/.conda/envs/pytorch/lib/python3.9/site-packages/torch/nn/modules/conv.py", line 456, in _conv_forward
    return F.conv2d(input, weight, bias, self.stride,
RuntimeError: Given groups=1, weight of size [64, 64, 1, 1], expected input[24, 32, 112, 112] to have 64 channels, but got 32 channels instead

