2024-12-03 10:16:55,654 - INFO - Loaded RN50 model config.
2024-12-03 10:16:57,991 - INFO - 使用 4 个GPU训练
2024-12-03 10:16:57,992 - INFO - 开始训练 - 总轮次: 2000
2024-12-03 10:19:10,163 - INFO - Epoch 1/2000 [98.25s], Training: [2.5684 (Focal: 1.6249, Dice: 0.9435)], Validation: [1.5792 (Focal: 0.6977, Dice: 0.8815), Acc = 0.5384, mIoU = 0.1070], LR: 0.000100
2024-12-03 10:19:11,709 - INFO - 保存最佳模型 (mIoU: 0.1070)
2024-12-03 10:21:13,199 - INFO - Epoch 2/2000 [87.42s], Training: [1.6276 (Focal: 0.7532, Dice: 0.8743)], Validation: [1.7379 (Focal: 0.8969, Dice: 0.8409), Acc = 0.7771, mIoU = 0.1421], LR: 0.000100
2024-12-03 10:21:20,635 - INFO - 保存最佳模型 (mIoU: 0.1421)
2024-12-03 10:23:22,232 - INFO - Epoch 3/2000 [87.46s], Training: [1.0299 (Focal: 0.2005, Dice: 0.8294)], Validation: [0.8891 (Focal: 0.0674, Dice: 0.8217), Acc = 0.8325, mIoU = 0.1682], LR: 0.000100
2024-12-03 10:23:29,708 - INFO - 保存最佳模型 (mIoU: 0.1682)
2024-12-03 10:25:31,333 - INFO - Epoch 4/2000 [87.60s], Training: [0.9359 (Focal: 0.1150, Dice: 0.8210)], Validation: [0.9109 (Focal: 0.0936, Dice: 0.8173), Acc = 0.8344, mIoU = 0.1879], LR: 0.000100
2024-12-03 10:25:41,994 - INFO - 保存最佳模型 (mIoU: 0.1879)
2024-12-03 10:27:43,855 - INFO - Epoch 5/2000 [87.61s], Training: [0.9020 (Focal: 0.0909, Dice: 0.8110)], Validation: [0.8550 (Focal: 0.0389, Dice: 0.8161), Acc = 0.8328, mIoU = 0.2290], LR: 0.000100
2024-12-03 10:27:51,060 - INFO - 保存最佳模型 (mIoU: 0.2290)
2024-12-03 10:29:52,724 - INFO - Epoch 6/2000 [87.67s], Training: [0.8811 (Focal: 0.0784, Dice: 0.8027)], Validation: [0.8290 (Focal: 0.0359, Dice: 0.7931), Acc = 0.8318, mIoU = 0.2255], LR: 0.000100
2024-12-03 10:31:54,480 - INFO - Epoch 7/2000 [87.59s], Training: [0.8570 (Focal: 0.0699, Dice: 0.7870)], Validation: [0.8154 (Focal: 0.0359, Dice: 0.7795), Acc = 0.8303, mIoU = 0.2295], LR: 0.000100
2024-12-03 10:32:01,859 - INFO - 保存最佳模型 (mIoU: 0.2295)
2024-12-03 10:34:03,655 - INFO - Epoch 8/2000 [87.65s], Training: [0.8571 (Focal: 0.0762, Dice: 0.7809)], Validation: [0.8349 (Focal: 0.0442, Dice: 0.7907), Acc = 0.8048, mIoU = 0.2176], LR: 0.000100
2024-12-03 10:36:05,549 - INFO - Epoch 9/2000 [87.66s], Training: [0.8354 (Focal: 0.0609, Dice: 0.7744)], Validation: [0.8081 (Focal: 0.0400, Dice: 0.7680), Acc = 0.8195, mIoU = 0.2226], LR: 0.000100
2024-12-03 10:38:07,448 - INFO - Epoch 10/2000 [87.73s], Training: [0.8294 (Focal: 0.0602, Dice: 0.7692)], Validation: [0.8043 (Focal: 0.0477, Dice: 0.7566), Acc = 0.8262, mIoU = 0.2317], LR: 0.000100
2024-12-03 10:38:15,931 - INFO - 保存最佳模型 (mIoU: 0.2317)
2024-12-03 10:40:17,738 - INFO - Epoch 11/2000 [87.72s], Training: [0.8168 (Focal: 0.0595, Dice: 0.7573)], Validation: [0.8071 (Focal: 0.0413, Dice: 0.7658), Acc = 0.8155, mIoU = 0.2289], LR: 0.000099
2024-12-03 10:42:19,605 - INFO - Epoch 12/2000 [87.73s], Training: [0.8116 (Focal: 0.0575, Dice: 0.7541)], Validation: [0.7780 (Focal: 0.0387, Dice: 0.7394), Acc = 0.8275, mIoU = 0.2443], LR: 0.000099
2024-12-03 10:42:27,011 - INFO - 保存最佳模型 (mIoU: 0.2443)
2024-12-03 10:44:28,616 - INFO - Epoch 13/2000 [87.60s], Training: [0.7961 (Focal: 0.0544, Dice: 0.7417)], Validation: [0.7566 (Focal: 0.0421, Dice: 0.7145), Acc = 0.8437, mIoU = 0.2470], LR: 0.000099
2024-12-03 10:44:36,195 - INFO - 保存最佳模型 (mIoU: 0.2470)
2024-12-03 10:46:38,057 - INFO - Epoch 14/2000 [87.83s], Training: [0.7946 (Focal: 0.0567, Dice: 0.7379)], Validation: [0.8262 (Focal: 0.0639, Dice: 0.7624), Acc = 0.7684, mIoU = 0.2210], LR: 0.000099
2024-12-03 10:48:39,944 - INFO - Epoch 15/2000 [87.66s], Training: [0.7923 (Focal: 0.0596, Dice: 0.7327)], Validation: [0.7589 (Focal: 0.0404, Dice: 0.7185), Acc = 0.8230, mIoU = 0.2677], LR: 0.000099
2024-12-03 10:48:47,852 - INFO - 保存最佳模型 (mIoU: 0.2677)
2024-12-03 10:50:49,593 - INFO - Epoch 16/2000 [87.69s], Training: [0.7773 (Focal: 0.0600, Dice: 0.7173)], Validation: [0.7426 (Focal: 0.0490, Dice: 0.6936), Acc = 0.8354, mIoU = 0.2827], LR: 0.000099
2024-12-03 10:50:57,226 - INFO - 保存最佳模型 (mIoU: 0.2827)
2024-12-03 10:52:58,664 - INFO - Epoch 17/2000 [87.57s], Training: [0.7672 (Focal: 0.0581, Dice: 0.7091)], Validation: [0.7312 (Focal: 0.0458, Dice: 0.6853), Acc = 0.8463, mIoU = 0.3037], LR: 0.000098
2024-12-03 10:53:08,888 - INFO - 保存最佳模型 (mIoU: 0.3037)
2024-12-03 10:55:10,889 - INFO - Epoch 18/2000 [87.74s], Training: [0.7546 (Focal: 0.0557, Dice: 0.6988)], Validation: [0.7278 (Focal: 0.0451, Dice: 0.6827), Acc = 0.8372, mIoU = 0.2806], LR: 0.000098
2024-12-03 10:57:12,336 - INFO - Epoch 19/2000 [87.24s], Training: [0.7424 (Focal: 0.0617, Dice: 0.6807)], Validation: [0.7136 (Focal: 0.0456, Dice: 0.6680), Acc = 0.8434, mIoU = 0.3007], LR: 0.000098
2024-12-03 10:59:13,973 - INFO - Epoch 20/2000 [87.61s], Training: [0.7338 (Focal: 0.0559, Dice: 0.6779)], Validation: [0.7084 (Focal: 0.0462, Dice: 0.6622), Acc = 0.8400, mIoU = 0.3084], LR: 0.000098
2024-12-03 10:59:30,584 - INFO - 保存最佳模型 (mIoU: 0.3084)
2024-12-03 11:01:32,435 - INFO - Epoch 21/2000 [87.81s], Training: [0.7331 (Focal: 0.0565, Dice: 0.6766)], Validation: [0.7248 (Focal: 0.0513, Dice: 0.6735), Acc = 0.8341, mIoU = 0.2868], LR: 0.000098
2024-12-03 11:03:34,202 - INFO - Epoch 22/2000 [87.69s], Training: [0.7164 (Focal: 0.0516, Dice: 0.6648)], Validation: [0.7076 (Focal: 0.0364, Dice: 0.6712), Acc = 0.8326, mIoU = 0.3150], LR: 0.000097
2024-12-03 11:03:47,129 - INFO - 保存最佳模型 (mIoU: 0.3150)
2024-12-03 11:05:48,767 - INFO - Epoch 23/2000 [87.72s], Training: [0.7080 (Focal: 0.0504, Dice: 0.6576)], Validation: [0.6964 (Focal: 0.0380, Dice: 0.6584), Acc = 0.8413, mIoU = 0.3170], LR: 0.000097
2024-12-03 11:06:06,732 - INFO - 保存最佳模型 (mIoU: 0.3170)
