2024-11-29 13:35:57,414 - INFO - Loaded RN50 model config.
2024-11-29 13:36:00,121 - INFO - 使用 4 个GPU训练
2024-11-29 13:36:00,121 - INFO - 开始训练 - 总轮次: 2000
2024-11-29 13:41:08,519 - INFO - Epoch 1/2000 [239.91s], Training: [2.9507 (Focal: 1.9866, Dice: 0.9641)], Validation: [2.2608 (Focal: 1.2945, Dice: 0.9663), Acc = 0.0424, mIoU = 0.0123], LR: 0.000100
2024-11-29 13:41:10,325 - INFO - 保存最佳模型 (mIoU: 0.0123)
2024-11-29 13:46:06,804 - INFO - Epoch 2/2000 [227.27s], Training: [1.6192 (Focal: 0.6907, Dice: 0.9285)], Validation: [1.4035 (Focal: 0.4645, Dice: 0.9390), Acc = 0.5711, mIoU = 0.0814], LR: 0.000100
2024-11-29 13:46:28,115 - INFO - 保存最佳模型 (mIoU: 0.0814)
2024-11-29 13:51:23,398 - INFO - Epoch 3/2000 [226.72s], Training: [1.1804 (Focal: 0.2734, Dice: 0.9069)], Validation: [1.1042 (Focal: 0.1940, Dice: 0.9102), Acc = 0.7754, mIoU = 0.1100], LR: 0.000100
2024-11-29 13:51:38,415 - INFO - 保存最佳模型 (mIoU: 0.1100)
2024-11-29 13:56:33,433 - INFO - Epoch 4/2000 [226.54s], Training: [1.1089 (Focal: 0.2092, Dice: 0.8997)], Validation: [1.0383 (Focal: 0.1365, Dice: 0.9018), Acc = 0.7784, mIoU = 0.1119], LR: 0.000100
2024-11-29 13:56:53,767 - INFO - 保存最佳模型 (mIoU: 0.1119)
2024-11-29 14:01:48,902 - INFO - Epoch 5/2000 [226.58s], Training: [1.0735 (Focal: 0.1774, Dice: 0.8962)], Validation: [1.0066 (Focal: 0.1143, Dice: 0.8923), Acc = 0.7789, mIoU = 0.1125], LR: 0.000100
2024-11-29 14:02:11,742 - INFO - 保存最佳模型 (mIoU: 0.1125)
2024-11-29 14:07:07,483 - INFO - Epoch 6/2000 [226.68s], Training: [1.0539 (Focal: 0.1606, Dice: 0.8933)], Validation: [1.0102 (Focal: 0.1213, Dice: 0.8889), Acc = 0.7789, mIoU = 0.1131], LR: 0.000100
2024-11-29 14:07:23,403 - INFO - 保存最佳模型 (mIoU: 0.1131)
2024-11-29 14:12:18,282 - INFO - Epoch 7/2000 [226.23s], Training: [1.0400 (Focal: 0.1481, Dice: 0.8919)], Validation: [0.9896 (Focal: 0.1049, Dice: 0.8847), Acc = 0.7789, mIoU = 0.1135], LR: 0.000100
2024-11-29 14:12:39,916 - INFO - 保存最佳模型 (mIoU: 0.1135)
2024-11-29 14:17:35,485 - INFO - Epoch 8/2000 [226.85s], Training: [1.0263 (Focal: 0.1365, Dice: 0.8898)], Validation: [0.9803 (Focal: 0.0965, Dice: 0.8838), Acc = 0.7789, mIoU = 0.1140], LR: 0.000100
2024-11-29 14:17:50,337 - INFO - 保存最佳模型 (mIoU: 0.1140)
2024-11-29 14:22:46,596 - INFO - Epoch 9/2000 [227.05s], Training: [1.0167 (Focal: 0.1290, Dice: 0.8876)], Validation: [0.9792 (Focal: 0.0929, Dice: 0.8863), Acc = 0.7789, mIoU = 0.1143], LR: 0.000100
2024-11-29 14:23:13,489 - INFO - 保存最佳模型 (mIoU: 0.1143)
2024-11-29 14:28:09,433 - INFO - Epoch 10/2000 [226.29s], Training: [1.0146 (Focal: 0.1271, Dice: 0.8876)], Validation: [0.9747 (Focal: 0.0922, Dice: 0.8825), Acc = 0.7789, mIoU = 0.1146], LR: 0.000100
2024-11-29 14:28:32,696 - INFO - 保存最佳模型 (mIoU: 0.1146)
2024-11-29 14:33:46,031 - INFO - Epoch 11/2000 [227.05s], Training: [1.0074 (Focal: 0.1228, Dice: 0.8846)], Validation: [0.9721 (Focal: 0.0931, Dice: 0.8790), Acc = 0.7790, mIoU = 0.1150], LR: 0.000099
2024-11-29 14:34:03,539 - INFO - 保存最佳模型 (mIoU: 0.1150)
2024-11-29 14:45:29,370 - INFO - Epoch 12/2000 [516.55s], Training: [1.0122 (Focal: 0.1266, Dice: 0.8856)], Validation: [0.9925 (Focal: 0.1116, Dice: 0.8809), Acc = 0.7739, mIoU = 0.1159], LR: 0.000099
2024-11-29 14:45:45,635 - INFO - 保存最佳模型 (mIoU: 0.1159)
2024-11-29 15:03:09,389 - INFO - Epoch 13/2000 [770.67s], Training: [1.0066 (Focal: 0.1240, Dice: 0.8826)], Validation: [0.9647 (Focal: 0.0908, Dice: 0.8739), Acc = 0.7791, mIoU = 0.1187], LR: 0.000099
2024-11-29 15:03:30,597 - INFO - 保存最佳模型 (mIoU: 0.1187)
2024-11-29 15:19:35,177 - INFO - Epoch 14/2000 [790.56s], Training: [0.9968 (Focal: 0.1196, Dice: 0.8773)], Validation: [0.9539 (Focal: 0.0923, Dice: 0.8616), Acc = 0.7791, mIoU = 0.1207], LR: 0.000099
2024-11-29 15:19:49,329 - INFO - 保存最佳模型 (mIoU: 0.1207)
2024-11-29 15:28:25,002 - INFO - Epoch 15/2000 [446.35s], Training: [0.9941 (Focal: 0.1231, Dice: 0.8710)], Validation: [0.9510 (Focal: 0.0911, Dice: 0.8599), Acc = 0.7793, mIoU = 0.1233], LR: 0.000099
2024-11-29 15:28:36,364 - INFO - 保存最佳模型 (mIoU: 0.1233)
2024-11-29 15:33:41,774 - INFO - Epoch 16/2000 [235.64s], Training: [0.9872 (Focal: 0.1185, Dice: 0.8688)], Validation: [0.9470 (Focal: 0.0945, Dice: 0.8525), Acc = 0.7793, mIoU = 0.1243], LR: 0.000099
2024-11-29 15:34:12,689 - INFO - 保存最佳模型 (mIoU: 0.1243)
2024-11-29 15:39:15,117 - INFO - Epoch 17/2000 [232.11s], Training: [0.9836 (Focal: 0.1167, Dice: 0.8670)], Validation: [0.9456 (Focal: 0.0945, Dice: 0.8511), Acc = 0.7794, mIoU = 0.1277], LR: 0.000098
2024-11-29 15:39:31,711 - INFO - 保存最佳模型 (mIoU: 0.1277)
2024-11-29 15:48:11,333 - INFO - Epoch 18/2000 [398.53s], Training: [0.9835 (Focal: 0.1180, Dice: 0.8655)], Validation: [0.9446 (Focal: 0.0939, Dice: 0.8508), Acc = 0.7794, mIoU = 0.1288], LR: 0.000098
2024-11-29 15:48:45,218 - INFO - 保存最佳模型 (mIoU: 0.1288)
2024-11-29 16:02:11,388 - INFO - Epoch 19/2000 [634.33s], Training: [0.9779 (Focal: 0.1144, Dice: 0.8635)], Validation: [0.9431 (Focal: 0.0926, Dice: 0.8505), Acc = 0.7794, mIoU = 0.1296], LR: 0.000098
2024-11-29 16:02:29,211 - INFO - 保存最佳模型 (mIoU: 0.1296)
2024-11-29 16:16:58,975 - INFO - Epoch 20/2000 [751.26s], Training: [0.9772 (Focal: 0.1131, Dice: 0.8641)], Validation: [0.9482 (Focal: 0.0992, Dice: 0.8491), Acc = 0.7794, mIoU = 0.1290], LR: 0.000098
2024-11-29 16:24:01,389 - INFO - Epoch 21/2000 [340.18s], Training: [0.9767 (Focal: 0.1170, Dice: 0.8597)], Validation: [0.9436 (Focal: 0.0930, Dice: 0.8506), Acc = 0.7792, mIoU = 0.1248], LR: 0.000098
2024-11-29 16:31:12,355 - INFO - Epoch 22/2000 [341.12s], Training: [0.9746 (Focal: 0.1136, Dice: 0.8610)], Validation: [0.9409 (Focal: 0.0916, Dice: 0.8492), Acc = 0.7793, mIoU = 0.1280], LR: 0.000097
2024-11-29 16:38:24,028 - INFO - Epoch 23/2000 [340.88s], Training: [0.9756 (Focal: 0.1115, Dice: 0.8641)], Validation: [0.9403 (Focal: 0.0913, Dice: 0.8489), Acc = 0.7793, mIoU = 0.1271], LR: 0.000097
2024-11-29 16:45:35,474 - INFO - Epoch 24/2000 [340.66s], Training: [0.9707 (Focal: 0.1108, Dice: 0.8599)], Validation: [0.9399 (Focal: 0.0929, Dice: 0.8469), Acc = 0.7794, mIoU = 0.1280], LR: 0.000097
2024-11-29 16:46:41,077 - INFO - 训练被手动中断，保存当前模型...
