2025-05-07 14:52:09,853 - INFO - Main device: cuda:0
2025-05-07 14:52:09,854 - INFO - Loaded RN50 model config.
2025-05-07 14:52:11,664 - INFO - [Factory] Enabled multi-GPU DataParallel on devices: [0, 1]
2025-05-07 14:53:10,850 - INFO - Epoch 1/20000 [28.59s], Training: [1.6288 (Focal: 0.6737, Dice: 0.9551, AuxFocal: 0.0000, AuxDice: 0.0000)], Validation: [1.6214 (Focal: 0.6667, Dice: 0.9546, AuxFocal: 0.0000, AuxDice: 0.0000), Acc = 0.4035, mIoU = 0.0662], LR: 0.000010
2025-05-07 14:53:11,092 - INFO - 保存最佳模型 (mIoU: 0.0662)
2025-05-07 14:54:07,874 - INFO - Epoch 2/20000 [26.53s], Training: [1.4308 (Focal: 0.4904, Dice: 0.9404, AuxFocal: 0.0000, AuxDice: 0.0000)], Validation: [1.3560 (Focal: 0.4231, Dice: 0.9329, AuxFocal: 0.0000, AuxDice: 0.0000), Acc = 0.7996, mIoU = 0.1464], LR: 0.000010
2025-05-07 14:54:08,782 - INFO - 保存最佳模型 (mIoU: 0.1464)
2025-05-07 14:55:05,851 - INFO - Epoch 3/20000 [26.60s], Training: [1.2708 (Focal: 0.3462, Dice: 0.9246, AuxFocal: 0.0000, AuxDice: 0.0000)], Validation: [1.2086 (Focal: 0.2922, Dice: 0.9164, AuxFocal: 0.0000, AuxDice: 0.0000), Acc = 0.8155, mIoU = 0.1474], LR: 0.000010
2025-05-07 14:55:06,488 - INFO - 保存最佳模型 (mIoU: 0.1474)
2025-05-07 14:56:03,537 - INFO - Epoch 4/20000 [26.82s], Training: [1.1473 (Focal: 0.2385, Dice: 0.9088, AuxFocal: 0.0000, AuxDice: 0.0000)], Validation: [1.0977 (Focal: 0.1981, Dice: 0.8996, AuxFocal: 0.0000, AuxDice: 0.0000), Acc = 0.8201, mIoU = 0.1527], LR: 0.000010
2025-05-07 14:56:04,138 - INFO - 保存最佳模型 (mIoU: 0.1527)
2025-05-07 14:57:01,649 - INFO - Epoch 5/20000 [26.84s], Training: [1.0580 (Focal: 0.1650, Dice: 0.8931, AuxFocal: 0.0000, AuxDice: 0.0000)], Validation: [1.0268 (Focal: 0.1423, Dice: 0.8846, AuxFocal: 0.0000, AuxDice: 0.0000), Acc = 0.8261, mIoU = 0.1587], LR: 0.000010
2025-05-07 14:57:02,141 - INFO - 保存最佳模型 (mIoU: 0.1587)
2025-05-07 14:57:59,261 - INFO - Epoch 6/20000 [26.66s], Training: [0.9969 (Focal: 0.1183, Dice: 0.8786, AuxFocal: 0.0000, AuxDice: 0.0000)], Validation: [0.9728 (Focal: 0.1041, Dice: 0.8687, AuxFocal: 0.0000, AuxDice: 0.0000), Acc = 0.8321, mIoU = 0.1637], LR: 0.000010
2025-05-07 14:57:59,772 - INFO - 保存最佳模型 (mIoU: 0.1637)
2025-05-07 14:58:56,948 - INFO - Epoch 7/20000 [26.64s], Training: [0.9565 (Focal: 0.0912, Dice: 0.8653, AuxFocal: 0.0000, AuxDice: 0.0000)], Validation: [0.9403 (Focal: 0.0832, Dice: 0.8571, AuxFocal: 0.0000, AuxDice: 0.0000), Acc = 0.8338, mIoU = 0.1650], LR: 0.000010
2025-05-07 14:58:57,467 - INFO - 保存最佳模型 (mIoU: 0.1650)
2025-05-07 14:59:54,508 - INFO - Epoch 8/20000 [26.66s], Training: [0.9263 (Focal: 0.0729, Dice: 0.8534, AuxFocal: 0.0000, AuxDice: 0.0000)], Validation: [0.9143 (Focal: 0.0688, Dice: 0.8455, AuxFocal: 0.0000, AuxDice: 0.0000), Acc = 0.8359, mIoU = 0.1658], LR: 0.000010
2025-05-07 14:59:55,118 - INFO - 保存最佳模型 (mIoU: 0.1658)
2025-05-07 15:00:52,326 - INFO - Epoch 9/20000 [26.67s], Training: [0.9061 (Focal: 0.0616, Dice: 0.8445, AuxFocal: 0.0000, AuxDice: 0.0000)], Validation: [0.8931 (Focal: 0.0576, Dice: 0.8355, AuxFocal: 0.0000, AuxDice: 0.0000), Acc = 0.8365, mIoU = 0.1659], LR: 0.000010
2025-05-07 15:00:53,119 - INFO - 保存最佳模型 (mIoU: 0.1659)
2025-05-07 15:01:51,055 - INFO - Epoch 10/20000 [27.77s], Training: [0.8903 (Focal: 0.0544, Dice: 0.8360, AuxFocal: 0.0000, AuxDice: 0.0000)], Validation: [0.8763 (Focal: 0.0501, Dice: 0.8263, AuxFocal: 0.0000, AuxDice: 0.0000), Acc = 0.8368, mIoU = 0.1661], LR: 0.000010
2025-05-07 15:01:51,703 - INFO - 保存最佳模型 (mIoU: 0.1661)
2025-05-07 15:02:48,736 - INFO - Epoch 11/20000 [26.77s], Training: [0.8731 (Focal: 0.0477, Dice: 0.8254, AuxFocal: 0.0000, AuxDice: 0.0000)], Validation: [0.8596 (Focal: 0.0456, Dice: 0.8139, AuxFocal: 0.0000, AuxDice: 0.0000), Acc = 0.8369, mIoU = 0.2017], LR: 0.000010
2025-05-07 15:02:49,293 - INFO - 保存最佳模型 (mIoU: 0.2017)
2025-05-07 15:03:46,503 - INFO - Epoch 12/20000 [26.87s], Training: [0.8618 (Focal: 0.0449, Dice: 0.8169, AuxFocal: 0.0000, AuxDice: 0.0000)], Validation: [0.8497 (Focal: 0.0446, Dice: 0.8051, AuxFocal: 0.0000, AuxDice: 0.0000), Acc = 0.8358, mIoU = 0.2062], LR: 0.000010
2025-05-07 15:03:47,120 - INFO - 保存最佳模型 (mIoU: 0.2062)
2025-05-07 15:04:44,735 - INFO - Epoch 13/20000 [26.94s], Training: [0.8532 (Focal: 0.0440, Dice: 0.8092, AuxFocal: 0.0000, AuxDice: 0.0000)], Validation: [0.8404 (Focal: 0.0440, Dice: 0.7965, AuxFocal: 0.0000, AuxDice: 0.0000), Acc = 0.8364, mIoU = 0.2066], LR: 0.000010
2025-05-07 15:04:45,517 - INFO - 保存最佳模型 (mIoU: 0.2066)
2025-05-07 15:05:43,257 - INFO - Epoch 14/20000 [27.35s], Training: [0.8429 (Focal: 0.0416, Dice: 0.8013, AuxFocal: 0.0000, AuxDice: 0.0000)], Validation: [0.8319 (Focal: 0.0430, Dice: 0.7889, AuxFocal: 0.0000, AuxDice: 0.0000), Acc = 0.8364, mIoU = 0.2100], LR: 0.000010
2025-05-07 15:05:43,842 - INFO - 保存最佳模型 (mIoU: 0.2100)
2025-05-07 15:06:41,929 - INFO - Epoch 15/20000 [27.10s], Training: [0.8363 (Focal: 0.0413, Dice: 0.7950, AuxFocal: 0.0000, AuxDice: 0.0000)], Validation: [0.8256 (Focal: 0.0427, Dice: 0.7829, AuxFocal: 0.0000, AuxDice: 0.0000), Acc = 0.8364, mIoU = 0.2107], LR: 0.000010
2025-05-07 15:06:42,663 - INFO - 保存最佳模型 (mIoU: 0.2107)
2025-05-07 15:07:40,161 - INFO - Epoch 16/20000 [27.10s], Training: [0.8350 (Focal: 0.0432, Dice: 0.7918, AuxFocal: 0.0000, AuxDice: 0.0000)], Validation: [0.8210 (Focal: 0.0425, Dice: 0.7785, AuxFocal: 0.0000, AuxDice: 0.0000), Acc = 0.8356, mIoU = 0.2140], LR: 0.000010
2025-05-07 15:07:40,652 - INFO - 保存最佳模型 (mIoU: 0.2140)
2025-05-07 15:08:38,521 - INFO - Epoch 17/20000 [27.19s], Training: [0.8263 (Focal: 0.0411, Dice: 0.7852, AuxFocal: 0.0000, AuxDice: 0.0000)], Validation: [0.8166 (Focal: 0.0423, Dice: 0.7743, AuxFocal: 0.0000, AuxDice: 0.0000), Acc = 0.8358, mIoU = 0.2138], LR: 0.000010
2025-05-07 15:09:36,444 - INFO - Epoch 18/20000 [27.54s], Training: [0.8206 (Focal: 0.0413, Dice: 0.7793, AuxFocal: 0.0000, AuxDice: 0.0000)], Validation: [0.8115 (Focal: 0.0417, Dice: 0.7698, AuxFocal: 0.0000, AuxDice: 0.0000), Acc = 0.8366, mIoU = 0.2175], LR: 0.000010
2025-05-07 15:09:37,270 - INFO - 保存最佳模型 (mIoU: 0.2175)
2025-05-07 15:10:34,974 - INFO - Epoch 19/20000 [27.35s], Training: [0.8143 (Focal: 0.0406, Dice: 0.7737, AuxFocal: 0.0000, AuxDice: 0.0000)], Validation: [0.8080 (Focal: 0.0419, Dice: 0.7661, AuxFocal: 0.0000, AuxDice: 0.0000), Acc = 0.8358, mIoU = 0.2190], LR: 0.000010
2025-05-07 15:10:35,493 - INFO - 保存最佳模型 (mIoU: 0.2190)
2025-05-07 15:11:33,665 - INFO - Epoch 20/20000 [27.17s], Training: [0.8136 (Focal: 0.0413, Dice: 0.7722, AuxFocal: 0.0000, AuxDice: 0.0000)], Validation: [0.8038 (Focal: 0.0418, Dice: 0.7620, AuxFocal: 0.0000, AuxDice: 0.0000), Acc = 0.8364, mIoU = 0.2193], LR: 0.000010
2025-05-07 15:11:34,262 - INFO - 保存最佳模型 (mIoU: 0.2193)
2025-05-07 15:12:32,309 - INFO - Epoch 21/20000 [27.36s], Training: [0.8093 (Focal: 0.0407, Dice: 0.7686, AuxFocal: 0.0000, AuxDice: 0.0000)], Validation: [0.8000 (Focal: 0.0418, Dice: 0.7582, AuxFocal: 0.0000, AuxDice: 0.0000), Acc = 0.8360, mIoU = 0.2207], LR: 0.000010
2025-05-07 15:12:32,799 - INFO - 保存最佳模型 (mIoU: 0.2207)
2025-05-07 15:13:30,911 - INFO - Epoch 22/20000 [27.23s], Training: [0.8062 (Focal: 0.0405, Dice: 0.7657, AuxFocal: 0.0000, AuxDice: 0.0000)], Validation: [0.7963 (Focal: 0.0413, Dice: 0.7550, AuxFocal: 0.0000, AuxDice: 0.0000), Acc = 0.8365, mIoU = 0.2213], LR: 0.000010
2025-05-07 15:13:31,613 - INFO - 保存最佳模型 (mIoU: 0.2213)
2025-05-07 15:14:29,446 - INFO - Epoch 23/20000 [27.36s], Training: [0.8031 (Focal: 0.0402, Dice: 0.7629, AuxFocal: 0.0000, AuxDice: 0.0000)], Validation: [0.7942 (Focal: 0.0409, Dice: 0.7532, AuxFocal: 0.0000, AuxDice: 0.0000), Acc = 0.8364, mIoU = 0.2225], LR: 0.000010
2025-05-07 15:14:29,898 - INFO - 保存最佳模型 (mIoU: 0.2225)
2025-05-07 15:15:27,825 - INFO - Epoch 24/20000 [27.19s], Training: [0.8010 (Focal: 0.0416, Dice: 0.7594, AuxFocal: 0.0000, AuxDice: 0.0000)], Validation: [0.7909 (Focal: 0.0414, Dice: 0.7496, AuxFocal: 0.0000, AuxDice: 0.0000), Acc = 0.8362, mIoU = 0.2223], LR: 0.000010
2025-05-07 15:16:25,933 - INFO - Epoch 25/20000 [27.14s], Training: [0.7977 (Focal: 0.0402, Dice: 0.7575, AuxFocal: 0.0000, AuxDice: 0.0000)], Validation: [0.7885 (Focal: 0.0418, Dice: 0.7467, AuxFocal: 0.0000, AuxDice: 0.0000), Acc = 0.8362, mIoU = 0.2225], LR: 0.000010
2025-05-07 15:17:23,494 - INFO - Epoch 26/20000 [27.13s], Training: [0.7966 (Focal: 0.0406, Dice: 0.7560, AuxFocal: 0.0000, AuxDice: 0.0000)], Validation: [0.7864 (Focal: 0.0414, Dice: 0.7450, AuxFocal: 0.0000, AuxDice: 0.0000), Acc = 0.8366, mIoU = 0.2225], LR: 0.000010
2025-05-07 15:17:24,070 - INFO - 保存最佳模型 (mIoU: 0.2225)
2025-05-07 15:18:22,846 - INFO - Epoch 27/20000 [27.59s], Training: [0.7935 (Focal: 0.0405, Dice: 0.7530, AuxFocal: 0.0000, AuxDice: 0.0000)], Validation: [0.7843 (Focal: 0.0415, Dice: 0.7428, AuxFocal: 0.0000, AuxDice: 0.0000), Acc = 0.8367, mIoU = 0.2224], LR: 0.000010
2025-05-07 15:19:21,219 - INFO - Epoch 28/20000 [27.43s], Training: [0.7923 (Focal: 0.0397, Dice: 0.7526, AuxFocal: 0.0000, AuxDice: 0.0000)], Validation: [0.7810 (Focal: 0.0410, Dice: 0.7400, AuxFocal: 0.0000, AuxDice: 0.0000), Acc = 0.8362, mIoU = 0.2248], LR: 0.000010
2025-05-07 15:19:21,794 - INFO - 保存最佳模型 (mIoU: 0.2248)
2025-05-07 15:20:20,203 - INFO - Epoch 29/20000 [27.44s], Training: [0.7891 (Focal: 0.0414, Dice: 0.7477, AuxFocal: 0.0000, AuxDice: 0.0000)], Validation: [0.7833 (Focal: 0.0393, Dice: 0.7440, AuxFocal: 0.0000, AuxDice: 0.0000), Acc = 0.8362, mIoU = 0.2251], LR: 0.000010
2025-05-07 15:20:20,691 - INFO - 保存最佳模型 (mIoU: 0.2251)
2025-05-07 15:21:19,490 - INFO - Epoch 30/20000 [27.71s], Training: [0.7889 (Focal: 0.0413, Dice: 0.7476, AuxFocal: 0.0000, AuxDice: 0.0000)], Validation: [0.7773 (Focal: 0.0414, Dice: 0.7359, AuxFocal: 0.0000, AuxDice: 0.0000), Acc = 0.8359, mIoU = 0.2261], LR: 0.000010
2025-05-07 15:21:19,982 - INFO - 保存最佳模型 (mIoU: 0.2261)
2025-05-07 15:22:18,309 - INFO - Epoch 31/20000 [27.42s], Training: [0.7884 (Focal: 0.0407, Dice: 0.7476, AuxFocal: 0.0000, AuxDice: 0.0000)], Validation: [0.7754 (Focal: 0.0412, Dice: 0.7341, AuxFocal: 0.0000, AuxDice: 0.0000), Acc = 0.8358, mIoU = 0.2265], LR: 0.000010
2025-05-07 15:22:18,833 - INFO - 保存最佳模型 (mIoU: 0.2265)
2025-05-07 15:23:16,985 - INFO - Epoch 32/20000 [27.40s], Training: [0.7820 (Focal: 0.0396, Dice: 0.7424, AuxFocal: 0.0000, AuxDice: 0.0000)], Validation: [0.7737 (Focal: 0.0408, Dice: 0.7329, AuxFocal: 0.0000, AuxDice: 0.0000), Acc = 0.8355, mIoU = 0.2289], LR: 0.000009
2025-05-07 15:23:17,575 - INFO - 保存最佳模型 (mIoU: 0.2289)
2025-05-07 15:24:16,133 - INFO - Epoch 33/20000 [27.65s], Training: [0.7825 (Focal: 0.0410, Dice: 0.7414, AuxFocal: 0.0000, AuxDice: 0.0000)], Validation: [0.7712 (Focal: 0.0406, Dice: 0.7306, AuxFocal: 0.0000, AuxDice: 0.0000), Acc = 0.8364, mIoU = 0.2281], LR: 0.000009
2025-05-07 15:25:15,491 - INFO - Epoch 34/20000 [27.97s], Training: [0.7787 (Focal: 0.0399, Dice: 0.7388, AuxFocal: 0.0000, AuxDice: 0.0000)], Validation: [0.7703 (Focal: 0.0401, Dice: 0.7301, AuxFocal: 0.0000, AuxDice: 0.0000), Acc = 0.8359, mIoU = 0.2292], LR: 0.000009
2025-05-07 15:25:16,056 - INFO - 保存最佳模型 (mIoU: 0.2292)
2025-05-07 15:26:14,725 - INFO - Epoch 35/20000 [27.72s], Training: [0.7830 (Focal: 0.0419, Dice: 0.7411, AuxFocal: 0.0000, AuxDice: 0.0000)], Validation: [0.7670 (Focal: 0.0405, Dice: 0.7265, AuxFocal: 0.0000, AuxDice: 0.0000), Acc = 0.8353, mIoU = 0.2311], LR: 0.000009
2025-05-07 15:26:15,316 - INFO - 保存最佳模型 (mIoU: 0.2311)
2025-05-07 15:27:13,767 - INFO - Epoch 36/20000 [27.85s], Training: [0.7802 (Focal: 0.0408, Dice: 0.7395, AuxFocal: 0.0000, AuxDice: 0.0000)], Validation: [0.7663 (Focal: 0.0410, Dice: 0.7253, AuxFocal: 0.0000, AuxDice: 0.0000), Acc = 0.8349, mIoU = 0.2328], LR: 0.000009
2025-05-07 15:27:14,328 - INFO - 保存最佳模型 (mIoU: 0.2328)
