2024-11-25 14:41:56,971 - INFO - Loaded RN50 model config.
2024-11-25 14:41:59,843 - INFO - 使用 4 个GPU训练
2024-11-25 14:42:03,107 - INFO - 开始训练 - 总轮次: 500
2024-11-25 14:43:44,316 - INFO - 
Epoch 1/500 [64.91s]
训练损失: 0.6595 (Focal: 0.2850, Dice: 0.9092)
验证损失: 72.1037 (Focal: 178.8004, Dice: 0.9726)
验证指标: Acc = 0.0493, mIoU = 0.0119
学习率: 0.001000
2024-11-25 14:43:46,367 - INFO - 保存最佳模型 (mIoU: 0.0119)
2024-11-25 14:49:16,193 - INFO - 
Epoch 2/500 [53.94s]
训练损失: 0.5589 (Focal: 0.0799, Dice: 0.8782)
验证损失: 3.8206 (Focal: 8.0747, Dice: 0.9846)
验证指标: Acc = 0.0907, mIoU = 0.0145
学习率: 0.000999
2024-11-25 14:49:29,710 - INFO - 保存最佳模型 (mIoU: 0.0145)
2024-11-25 14:50:47,444 - INFO - 
Epoch 3/500 [53.84s]
训练损失: 0.5443 (Focal: 0.0485, Dice: 0.8749)
验证损失: 1.0053 (Focal: 1.0731, Dice: 0.9601)
验证指标: Acc = 0.1794, mIoU = 0.0359
学习率: 0.000996
2024-11-25 14:51:05,135 - INFO - 保存最佳模型 (mIoU: 0.0359)
2024-11-25 14:52:22,732 - INFO - 
Epoch 4/500 [54.00s]
训练损失: 0.5379 (Focal: 0.0396, Dice: 0.8702)
验证损失: 0.5408 (Focal: 0.0335, Dice: 0.8789)
验证指标: Acc = 0.7681, mIoU = 0.2155
学习率: 0.000991
2024-11-25 14:52:50,817 - INFO - 保存最佳模型 (mIoU: 0.2155)
2024-11-25 14:54:08,382 - INFO - 
Epoch 5/500 [53.90s]
训练损失: 0.5359 (Focal: 0.0380, Dice: 0.8678)
验证损失: 0.5517 (Focal: 0.0613, Dice: 0.8786)
验证指标: Acc = 0.7399, mIoU = 0.1998
学习率: 0.000984
2024-11-25 14:55:26,485 - INFO - 
Epoch 6/500 [54.08s]
训练损失: 0.5328 (Focal: 0.0325, Dice: 0.8663)
验证损失: 0.5451 (Focal: 0.0445, Dice: 0.8787)
验证指标: Acc = 0.7335, mIoU = 0.1998
学习率: 0.000976
2024-11-25 14:56:44,647 - INFO - 
Epoch 7/500 [54.15s]
训练损失: 0.5303 (Focal: 0.0304, Dice: 0.8636)
验证损失: 0.5300 (Focal: 0.0264, Dice: 0.8658)
验证指标: Acc = 0.8144, mIoU = 0.2376
学习率: 0.000965
2024-11-25 14:57:07,511 - INFO - 保存最佳模型 (mIoU: 0.2376)
2024-11-25 14:58:25,247 - INFO - 
Epoch 8/500 [53.94s]
训练损失: 0.5315 (Focal: 0.0317, Dice: 0.8647)
验证损失: 0.5287 (Focal: 0.0223, Dice: 0.8663)
验证指标: Acc = 0.8335, mIoU = 0.2442
学习率: 0.000952
2024-11-25 14:58:54,882 - INFO - 保存最佳模型 (mIoU: 0.2442)
2024-11-25 15:00:13,296 - INFO - 
Epoch 9/500 [54.53s]
训练损失: 0.5298 (Focal: 0.0285, Dice: 0.8640)
验证损失: 0.5286 (Focal: 0.0229, Dice: 0.8658)
验证指标: Acc = 0.8177, mIoU = 0.2369
学习率: 0.000938
2024-11-25 15:01:31,456 - INFO - 
Epoch 10/500 [54.16s]
训练损失: 0.5275 (Focal: 0.0266, Dice: 0.8613)
验证损失: 0.5262 (Focal: 0.0188, Dice: 0.8644)
验证指标: Acc = 0.8339, mIoU = 0.2669
学习率: 0.000922
2024-11-25 15:01:50,152 - INFO - 保存最佳模型 (mIoU: 0.2669)
2024-11-25 15:03:08,346 - INFO - 
Epoch 11/500 [54.13s]
训练损失: 0.5306 (Focal: 0.0334, Dice: 0.8620)
验证损失: 0.5459 (Focal: 0.0661, Dice: 0.8657)
验证指标: Acc = 0.8081, mIoU = 0.2451
学习率: 0.000905
2024-11-25 15:04:26,340 - INFO - 
Epoch 12/500 [54.16s]
训练损失: 0.5324 (Focal: 0.0350, Dice: 0.8640)
验证损失: 0.5290 (Focal: 0.0233, Dice: 0.8662)
验证指标: Acc = 0.8250, mIoU = 0.2247
学习率: 0.000885
2024-11-25 15:05:44,502 - INFO - 
Epoch 13/500 [54.12s]
训练损失: 0.5297 (Focal: 0.0296, Dice: 0.8630)
验证损失: 0.5262 (Focal: 0.0173, Dice: 0.8655)
验证指标: Acc = 0.8344, mIoU = 0.2501
学习率: 0.000865
2024-11-25 15:07:02,358 - INFO - 
Epoch 14/500 [54.16s]
训练损失: 0.5279 (Focal: 0.0283, Dice: 0.8611)
验证损失: 0.5257 (Focal: 0.0171, Dice: 0.8647)
验证指标: Acc = 0.8308, mIoU = 0.2597
学习率: 0.000842
2024-11-25 15:08:20,426 - INFO - 
Epoch 15/500 [54.10s]
训练损失: 0.5274 (Focal: 0.0265, Dice: 0.8614)
验证损失: 0.5249 (Focal: 0.0143, Dice: 0.8652)
验证指标: Acc = 0.8332, mIoU = 0.2521
学习率: 0.000819
2024-11-25 15:09:37,982 - INFO - 
Epoch 16/500 [53.71s]
训练损失: 0.5259 (Focal: 0.0253, Dice: 0.8597)
验证损失: 0.5251 (Focal: 0.0156, Dice: 0.8648)
验证指标: Acc = 0.8364, mIoU = 0.2576
学习率: 0.000794
2024-11-25 15:10:56,184 - INFO - 
Epoch 17/500 [54.13s]
训练损失: 0.5263 (Focal: 0.0259, Dice: 0.8598)
验证损失: 0.5245 (Focal: 0.0157, Dice: 0.8636)
验证指标: Acc = 0.8346, mIoU = 0.2566
学习率: 0.000768
2024-11-25 15:12:14,108 - INFO - 
Epoch 18/500 [53.98s]
训练损失: 0.5251 (Focal: 0.0260, Dice: 0.8578)
验证损失: 0.5244 (Focal: 0.0160, Dice: 0.8633)
验证指标: Acc = 0.8375, mIoU = 0.2622
学习率: 0.000741
2024-11-25 15:13:31,909 - INFO - 
Epoch 19/500 [53.97s]
训练损失: 0.5241 (Focal: 0.0228, Dice: 0.8583)
验证损失: 0.5259 (Focal: 0.0183, Dice: 0.8642)
验证指标: Acc = 0.8401, mIoU = 0.2639
学习率: 0.000713
2024-11-25 15:14:50,311 - INFO - 
Epoch 20/500 [54.19s]
训练损失: 0.5256 (Focal: 0.0258, Dice: 0.8589)
验证损失: 0.5240 (Focal: 0.0169, Dice: 0.8620)
验证指标: Acc = 0.8323, mIoU = 0.2733
学习率: 0.000684
2024-11-25 15:15:03,347 - INFO - 保存最佳模型 (mIoU: 0.2733)
2024-11-25 15:16:21,381 - INFO - 
Epoch 21/500 [53.98s]
训练损失: 0.5240 (Focal: 0.0234, Dice: 0.8577)
验证损失: 0.5241 (Focal: 0.0167, Dice: 0.8623)
验证指标: Acc = 0.8344, mIoU = 0.2674
学习率: 0.000655
2024-11-25 15:17:39,865 - INFO - 
Epoch 22/500 [54.38s]
训练损失: 0.5221 (Focal: 0.0209, Dice: 0.8563)
验证损失: 0.5247 (Focal: 0.0175, Dice: 0.8628)
验证指标: Acc = 0.8245, mIoU = 0.2574
学习率: 0.000625
2024-11-25 15:18:57,890 - INFO - 
Epoch 23/500 [53.84s]
训练损失: 0.5234 (Focal: 0.0229, Dice: 0.8571)
验证损失: 0.5243 (Focal: 0.0150, Dice: 0.8637)
验证指标: Acc = 0.8442, mIoU = 0.2661
学习率: 0.000594
2024-11-25 15:20:15,971 - INFO - 
Epoch 24/500 [53.99s]
训练损失: 0.5215 (Focal: 0.0203, Dice: 0.8556)
验证损失: 0.5262 (Focal: 0.0206, Dice: 0.8633)
验证指标: Acc = 0.8140, mIoU = 0.2597
学习率: 0.000563
2024-11-25 15:21:33,689 - INFO - 
Epoch 25/500 [53.96s]
训练损失: 0.5215 (Focal: 0.0213, Dice: 0.8549)
验证损失: 0.5237 (Focal: 0.0175, Dice: 0.8612)
验证指标: Acc = 0.8338, mIoU = 0.2665
学习率: 0.000532
2024-11-25 15:22:51,887 - INFO - 
Epoch 26/500 [54.07s]
训练损失: 0.5239 (Focal: 0.0256, Dice: 0.8560)
验证损失: 0.5256 (Focal: 0.0202, Dice: 0.8625)
验证指标: Acc = 0.8182, mIoU = 0.2659
学习率: 0.000501
2024-11-25 15:24:10,249 - INFO - 
Epoch 27/500 [54.39s]
训练损失: 0.5216 (Focal: 0.0205, Dice: 0.8557)
验证损失: 0.5228 (Focal: 0.0157, Dice: 0.8609)
验证指标: Acc = 0.8340, mIoU = 0.2705
学习率: 0.000469
2024-11-25 15:25:28,326 - INFO - 
Epoch 28/500 [54.32s]
训练损失: 0.5206 (Focal: 0.0195, Dice: 0.8546)
验证损失: 0.5262 (Focal: 0.0229, Dice: 0.8617)
验证指标: Acc = 0.8185, mIoU = 0.2814
学习率: 0.000438
2024-11-25 15:25:45,471 - INFO - 保存最佳模型 (mIoU: 0.2814)
2024-11-25 15:27:03,758 - INFO - 
Epoch 29/500 [54.26s]
训练损失: 0.5210 (Focal: 0.0214, Dice: 0.8541)
验证损失: 0.5221 (Focal: 0.0127, Dice: 0.8617)
验证指标: Acc = 0.8406, mIoU = 0.2681
学习率: 0.000407
2024-11-25 15:28:21,788 - INFO - 
Epoch 30/500 [53.96s]
训练损失: 0.5209 (Focal: 0.0211, Dice: 0.8542)
验证损失: 0.5238 (Focal: 0.0160, Dice: 0.8623)
验证指标: Acc = 0.8408, mIoU = 0.2717
学习率: 0.000376
2024-11-25 15:29:40,059 - INFO - 
Epoch 31/500 [54.11s]
训练损失: 0.5212 (Focal: 0.0214, Dice: 0.8544)
验证损失: 0.5232 (Focal: 0.0165, Dice: 0.8611)
验证指标: Acc = 0.8411, mIoU = 0.2973
学习率: 0.000346
2024-11-25 15:30:07,769 - INFO - 保存最佳模型 (mIoU: 0.2973)
2024-11-25 15:31:26,140 - INFO - 
Epoch 32/500 [54.12s]
训练损失: 0.5201 (Focal: 0.0183, Dice: 0.8546)
验证损失: 0.5220 (Focal: 0.0131, Dice: 0.8613)
验证指标: Acc = 0.8381, mIoU = 0.2979
学习率: 0.000317
2024-11-25 15:31:51,383 - INFO - 保存最佳模型 (mIoU: 0.2979)
2024-11-25 15:33:09,819 - INFO - 
Epoch 33/500 [54.26s]
训练损失: 0.5194 (Focal: 0.0198, Dice: 0.8525)
验证损失: 0.5241 (Focal: 0.0175, Dice: 0.8618)
验证指标: Acc = 0.8233, mIoU = 0.2948
学习率: 0.000288
2024-11-25 15:34:28,434 - INFO - 
Epoch 34/500 [54.49s]
训练损失: 0.5193 (Focal: 0.0196, Dice: 0.8525)
验证损失: 0.5217 (Focal: 0.0139, Dice: 0.8603)
验证指标: Acc = 0.8379, mIoU = 0.3182
学习率: 0.000260
2024-11-25 15:34:50,770 - INFO - 保存最佳模型 (mIoU: 0.3182)
2024-11-25 15:36:09,250 - INFO - 
Epoch 35/500 [54.39s]
训练损失: 0.5189 (Focal: 0.0187, Dice: 0.8523)
验证损失: 0.5230 (Focal: 0.0162, Dice: 0.8609)
验证指标: Acc = 0.8447, mIoU = 0.3129
学习率: 0.000233
2024-11-25 15:37:27,975 - INFO - 
Epoch 36/500 [54.40s]
训练损失: 0.5192 (Focal: 0.0194, Dice: 0.8524)
验证损失: 0.5218 (Focal: 0.0145, Dice: 0.8600)
验证指标: Acc = 0.8395, mIoU = 0.3105
学习率: 0.000207
2024-11-25 15:38:46,138 - INFO - 
Epoch 37/500 [54.22s]
训练损失: 0.5194 (Focal: 0.0208, Dice: 0.8519)
验证损失: 0.5216 (Focal: 0.0131, Dice: 0.8606)
验证指标: Acc = 0.8430, mIoU = 0.3162
学习率: 0.000182
2024-11-25 15:40:04,474 - INFO - 
Epoch 38/500 [54.20s]
训练损失: 0.5194 (Focal: 0.0195, Dice: 0.8527)
验证损失: 0.5298 (Focal: 0.0288, Dice: 0.8637)
验证指标: Acc = 0.7950, mIoU = 0.2605
学习率: 0.000159
2024-11-25 15:41:22,130 - INFO - 
Epoch 39/500 [53.96s]
训练损失: 0.5186 (Focal: 0.0188, Dice: 0.8518)
验证损失: 0.5218 (Focal: 0.0133, Dice: 0.8607)
验证指标: Acc = 0.8437, mIoU = 0.3105
学习率: 0.000136
2024-11-25 15:42:40,572 - INFO - 
Epoch 40/500 [54.30s]
训练损失: 0.5181 (Focal: 0.0175, Dice: 0.8519)
验证损失: 0.5222 (Focal: 0.0162, Dice: 0.8595)
验证指标: Acc = 0.8372, mIoU = 0.3164
学习率: 0.000116
2024-11-25 15:43:59,072 - INFO - 
Epoch 41/500 [54.41s]
训练损失: 0.5183 (Focal: 0.0188, Dice: 0.8513)
验证损失: 0.5212 (Focal: 0.0128, Dice: 0.8602)
验证指标: Acc = 0.8418, mIoU = 0.3208
学习率: 0.000096
2024-11-25 15:44:30,329 - INFO - 保存最佳模型 (mIoU: 0.3208)
2024-11-25 15:45:48,831 - INFO - 
Epoch 42/500 [54.02s]
训练损失: 0.5184 (Focal: 0.0187, Dice: 0.8515)
验证损失: 0.5217 (Focal: 0.0147, Dice: 0.8597)
验证指标: Acc = 0.8368, mIoU = 0.3171
学习率: 0.000079
2024-11-25 15:47:06,822 - INFO - 
Epoch 43/500 [54.04s]
训练损失: 0.5176 (Focal: 0.0172, Dice: 0.8512)
验证损失: 0.5217 (Focal: 0.0147, Dice: 0.8597)
验证指标: Acc = 0.8381, mIoU = 0.3148
学习率: 0.000063
2024-11-25 15:48:24,972 - INFO - 
Epoch 44/500 [53.98s]
训练损失: 0.5188 (Focal: 0.0196, Dice: 0.8516)
验证损失: 0.5215 (Focal: 0.0140, Dice: 0.8598)
验证指标: Acc = 0.8410, mIoU = 0.3209
学习率: 0.000049
2024-11-25 15:48:32,982 - INFO - 保存最佳模型 (mIoU: 0.3209)
2024-11-25 15:49:51,355 - INFO - 
Epoch 45/500 [54.12s]
训练损失: 0.5178 (Focal: 0.0178, Dice: 0.8512)
验证损失: 0.5216 (Focal: 0.0149, Dice: 0.8594)
验证指标: Acc = 0.8391, mIoU = 0.3215
学习率: 0.000036
2024-11-25 15:50:00,261 - INFO - 保存最佳模型 (mIoU: 0.3215)
2024-11-25 15:51:18,635 - INFO - 
Epoch 46/500 [54.00s]
训练损失: 0.5187 (Focal: 0.0206, Dice: 0.8508)
验证损失: 0.5213 (Focal: 0.0142, Dice: 0.8594)
验证指标: Acc = 0.8385, mIoU = 0.3224
学习率: 0.000025
2024-11-25 15:51:40,562 - INFO - 保存最佳模型 (mIoU: 0.3224)
2024-11-25 15:52:58,375 - INFO - 
Epoch 47/500 [53.66s]
训练损失: 0.5179 (Focal: 0.0182, Dice: 0.8509)
验证损失: 0.5213 (Focal: 0.0140, Dice: 0.8594)
验证指标: Acc = 0.8390, mIoU = 0.3229
学习率: 0.000017
2024-11-25 15:53:15,498 - INFO - 保存最佳模型 (mIoU: 0.3229)
2024-11-25 15:54:34,092 - INFO - 
Epoch 48/500 [54.38s]
训练损失: 0.5184 (Focal: 0.0193, Dice: 0.8511)
验证损失: 0.5214 (Focal: 0.0144, Dice: 0.8593)
验证指标: Acc = 0.8388, mIoU = 0.3201
学习率: 0.000010
2024-11-25 15:55:52,811 - INFO - 
Epoch 49/500 [54.30s]
训练损失: 0.5176 (Focal: 0.0177, Dice: 0.8508)
验证损失: 0.5212 (Focal: 0.0140, Dice: 0.8594)
验证指标: Acc = 0.8402, mIoU = 0.3240
学习率: 0.000005
2024-11-25 15:56:10,643 - INFO - 保存最佳模型 (mIoU: 0.3240)
2024-11-25 15:57:29,558 - INFO - 
Epoch 50/500 [54.27s]
训练损失: 0.5175 (Focal: 0.0171, Dice: 0.8510)
验证损失: 0.5213 (Focal: 0.0143, Dice: 0.8593)
验证指标: Acc = 0.8396, mIoU = 0.3232
学习率: 0.000002
2024-11-25 15:58:48,468 - INFO - 
Epoch 51/500 [54.10s]
训练损失: 0.5202 (Focal: 0.0223, Dice: 0.8522)
验证损失: 0.5280 (Focal: 0.0224, Dice: 0.8651)
验证指标: Acc = 0.8428, mIoU = 0.2507
学习率: 0.001000
2024-11-25 16:24:58,129 - INFO - 
Epoch 52/500 [54.20s]
训练损失: 0.5231 (Focal: 0.0226, Dice: 0.8569)
验证损失: 0.5322 (Focal: 0.0324, Dice: 0.8655)
验证指标: Acc = 0.8425, mIoU = 0.2494
学习率: 0.001000
2024-11-25 16:26:16,122 - INFO - 
Epoch 53/500 [53.96s]
训练损失: 0.5229 (Focal: 0.0248, Dice: 0.8550)
验证损失: 0.5443 (Focal: 0.0491, Dice: 0.8743)
验证指标: Acc = 0.8157, mIoU = 0.1865
学习率: 0.000999
2024-11-25 16:27:34,639 - INFO - 
Epoch 54/500 [54.15s]
训练损失: 0.5215 (Focal: 0.0210, Dice: 0.8552)
验证损失: 0.5276 (Focal: 0.0229, Dice: 0.8640)
验证指标: Acc = 0.8421, mIoU = 0.2594
学习率: 0.000998
2024-11-25 16:28:52,694 - INFO - 
Epoch 55/500 [54.09s]
训练损失: 0.5200 (Focal: 0.0209, Dice: 0.8527)
验证损失: 0.5231 (Focal: 0.0169, Dice: 0.8605)
验证指标: Acc = 0.8367, mIoU = 0.2831
学习率: 0.000996
2024-11-25 16:30:11,017 - INFO - 
Epoch 56/500 [53.91s]
训练损失: 0.5196 (Focal: 0.0193, Dice: 0.8531)
验证损失: 0.5230 (Focal: 0.0171, Dice: 0.8602)
验证指标: Acc = 0.8430, mIoU = 0.3068
学习率: 0.000994
2024-11-25 16:31:30,059 - INFO - 
Epoch 57/500 [54.57s]
训练损失: 0.5192 (Focal: 0.0196, Dice: 0.8523)
验证损失: 0.5294 (Focal: 0.0319, Dice: 0.8611)
验证指标: Acc = 0.8118, mIoU = 0.2812
学习率: 0.000991
2024-11-25 16:32:48,157 - INFO - 
Epoch 58/500 [53.97s]
训练损失: 0.5189 (Focal: 0.0192, Dice: 0.8520)
验证损失: 0.5286 (Focal: 0.0226, Dice: 0.8659)
验证指标: Acc = 0.8414, mIoU = 0.2557
学习率: 0.000988
2024-11-25 16:34:06,690 - INFO - 
Epoch 59/500 [54.04s]
训练损失: 0.5180 (Focal: 0.0188, Dice: 0.8507)
验证损失: 0.5224 (Focal: 0.0150, Dice: 0.8607)
验证指标: Acc = 0.8473, mIoU = 0.3140
学习率: 0.000984
2024-11-25 16:35:25,344 - INFO - 
Epoch 60/500 [54.42s]
训练损失: 0.5183 (Focal: 0.0194, Dice: 0.8508)
验证损失: 0.5252 (Focal: 0.0208, Dice: 0.8614)
验证指标: Acc = 0.8142, mIoU = 0.2796
学习率: 0.000980
2024-11-25 16:36:43,766 - INFO - 
Epoch 61/500 [54.16s]
训练损失: 0.5177 (Focal: 0.0179, Dice: 0.8510)
验证损失: 0.5274 (Focal: 0.0205, Dice: 0.8654)
验证指标: Acc = 0.8343, mIoU = 0.2670
学习率: 0.000976
2024-11-25 16:38:01,625 - INFO - 
Epoch 62/500 [53.70s]
训练损失: 0.5170 (Focal: 0.0180, Dice: 0.8496)
验证损失: 0.5220 (Focal: 0.0170, Dice: 0.8586)
验证指标: Acc = 0.8388, mIoU = 0.3105
学习率: 0.000970
2024-11-25 16:39:19,171 - INFO - 
Epoch 63/500 [53.44s]
训练损失: 0.5162 (Focal: 0.0172, Dice: 0.8488)
验证损失: 0.5211 (Focal: 0.0134, Dice: 0.8596)
验证指标: Acc = 0.8349, mIoU = 0.2882
学习率: 0.000965
2024-11-25 16:40:37,326 - INFO - 
Epoch 64/500 [53.75s]
训练损失: 0.5171 (Focal: 0.0188, Dice: 0.8493)
验证损失: 0.5357 (Focal: 0.0473, Dice: 0.8613)
验证指标: Acc = 0.8103, mIoU = 0.2750
学习率: 0.000959
2024-11-25 16:41:54,581 - INFO - 
Epoch 65/500 [53.28s]
训练损失: 0.5200 (Focal: 0.0223, Dice: 0.8518)
验证损失: 0.5256 (Focal: 0.0181, Dice: 0.8640)
验证指标: Acc = 0.8433, mIoU = 0.2864
学习率: 0.000952
2024-11-25 16:43:12,292 - INFO - 
Epoch 66/500 [53.74s]
训练损失: 0.5172 (Focal: 0.0188, Dice: 0.8495)
验证损失: 0.5249 (Focal: 0.0190, Dice: 0.8622)
验证指标: Acc = 0.8477, mIoU = 0.3072
学习率: 0.000946
2024-11-25 16:44:30,745 - INFO - 
Epoch 67/500 [54.41s]
训练损失: 0.5155 (Focal: 0.0169, Dice: 0.8480)
验证损失: 0.5208 (Focal: 0.0146, Dice: 0.8582)
验证指标: Acc = 0.8368, mIoU = 0.3310
学习率: 0.000938
2024-11-25 16:45:11,058 - INFO - 保存最佳模型 (mIoU: 0.3310)
2024-11-25 16:46:29,153 - INFO - 
Epoch 68/500 [53.90s]
训练损失: 0.5155 (Focal: 0.0169, Dice: 0.8478)
验证损失: 0.5240 (Focal: 0.0219, Dice: 0.8588)
验证指标: Acc = 0.8331, mIoU = 0.3090
学习率: 0.000930
2024-11-25 16:47:47,365 - INFO - 
Epoch 69/500 [53.90s]
训练损失: 0.5162 (Focal: 0.0170, Dice: 0.8491)
验证损失: 0.5218 (Focal: 0.0149, Dice: 0.8597)
验证指标: Acc = 0.8490, mIoU = 0.3321
学习率: 0.000922
2024-11-25 16:48:19,330 - INFO - 保存最佳模型 (mIoU: 0.3321)
2024-11-25 16:49:36,998 - INFO - 
Epoch 70/500 [53.43s]
训练损失: 0.5158 (Focal: 0.0185, Dice: 0.8474)
验证损失: 0.5201 (Focal: 0.0134, Dice: 0.8580)
验证指标: Acc = 0.8386, mIoU = 0.3295
学习率: 0.000914
2024-11-25 16:50:54,949 - INFO - 
Epoch 71/500 [53.86s]
训练损失: 0.5150 (Focal: 0.0166, Dice: 0.8473)
验证损失: 0.5257 (Focal: 0.0186, Dice: 0.8637)
验证指标: Acc = 0.8479, mIoU = 0.2870
学习率: 0.000905
2024-11-25 16:52:13,000 - INFO - 
Epoch 72/500 [53.83s]
训练损失: 0.5158 (Focal: 0.0168, Dice: 0.8485)
验证损失: 0.5283 (Focal: 0.0308, Dice: 0.8599)
验证指标: Acc = 0.8206, mIoU = 0.2963
学习率: 0.000895
2024-11-25 16:53:31,080 - INFO - 
Epoch 73/500 [53.81s]
训练损失: 0.5143 (Focal: 0.0154, Dice: 0.8469)
验证损失: 0.5244 (Focal: 0.0180, Dice: 0.8620)
验证指标: Acc = 0.8485, mIoU = 0.2918
学习率: 0.000885
2024-11-25 16:54:48,529 - INFO - 
Epoch 74/500 [53.48s]
训练损失: 0.5142 (Focal: 0.0167, Dice: 0.8459)
验证损失: 0.5208 (Focal: 0.0151, Dice: 0.8578)
验证指标: Acc = 0.8296, mIoU = 0.3311
学习率: 0.000875
2024-11-25 16:56:06,659 - INFO - 
Epoch 75/500 [53.93s]
训练损失: 0.5144 (Focal: 0.0166, Dice: 0.8462)
验证损失: 0.5226 (Focal: 0.0171, Dice: 0.8597)
验证指标: Acc = 0.8486, mIoU = 0.3112
学习率: 0.000865
2024-11-25 16:57:24,323 - INFO - 
Epoch 76/500 [53.70s]
训练损失: 0.5142 (Focal: 0.0167, Dice: 0.8458)
验证损失: 0.5621 (Focal: 0.0932, Dice: 0.8748)
验证指标: Acc = 0.6816, mIoU = 0.2156
学习率: 0.000854
2024-11-25 16:58:42,069 - INFO - 
Epoch 77/500 [53.64s]
训练损失: 0.5143 (Focal: 0.0161, Dice: 0.8464)
验证损失: 0.5340 (Focal: 0.0336, Dice: 0.8677)
验证指标: Acc = 0.8411, mIoU = 0.2616
学习率: 0.000842
2024-11-25 17:00:05,772 - INFO - 
Epoch 78/500 [58.08s]
训练损失: 0.5140 (Focal: 0.0164, Dice: 0.8458)
验证损失: 0.5211 (Focal: 0.0136, Dice: 0.8595)
验证指标: Acc = 0.8462, mIoU = 0.3317
学习率: 0.000831
2024-11-25 17:01:23,558 - INFO - 
Epoch 79/500 [53.65s]
训练损失: 0.5136 (Focal: 0.0168, Dice: 0.8448)
验证损失: 0.5217 (Focal: 0.0153, Dice: 0.8592)
验证指标: Acc = 0.8491, mIoU = 0.3449
学习率: 0.000819
2024-11-25 17:01:35,443 - INFO - 保存最佳模型 (mIoU: 0.3449)
2024-11-25 17:02:53,266 - INFO - 
Epoch 80/500 [53.62s]
训练损失: 0.5122 (Focal: 0.0141, Dice: 0.8444)
验证损失: 0.5200 (Focal: 0.0143, Dice: 0.8571)
验证指标: Acc = 0.8478, mIoU = 0.3493
学习率: 0.000807
2024-11-25 17:03:09,603 - INFO - 保存最佳模型 (mIoU: 0.3493)
2024-11-25 17:04:27,785 - INFO - 
Epoch 81/500 [53.73s]
训练损失: 0.5122 (Focal: 0.0152, Dice: 0.8435)
验证损失: 0.5213 (Focal: 0.0177, Dice: 0.8571)
验证指标: Acc = 0.8344, mIoU = 0.3185
学习率: 0.000794
2024-11-25 17:05:45,695 - INFO - 
Epoch 82/500 [53.52s]
训练损失: 0.5118 (Focal: 0.0141, Dice: 0.8436)
验证损失: 0.5235 (Focal: 0.0178, Dice: 0.8606)
验证指标: Acc = 0.8503, mIoU = 0.3335
学习率: 0.000781
2024-11-25 17:07:03,440 - INFO - 
Epoch 83/500 [53.71s]
训练损失: 0.5125 (Focal: 0.0158, Dice: 0.8436)
验证损失: 0.5204 (Focal: 0.0145, Dice: 0.8577)
验证指标: Acc = 0.8316, mIoU = 0.3271
学习率: 0.000768
2024-11-25 17:08:21,362 - INFO - 
Epoch 84/500 [53.59s]
训练损失: 0.5122 (Focal: 0.0149, Dice: 0.8437)
验证损失: 0.5204 (Focal: 0.0148, Dice: 0.8575)
验证指标: Acc = 0.8443, mIoU = 0.3345
学习率: 0.000755
2024-11-25 17:09:39,243 - INFO - 
Epoch 85/500 [53.66s]
训练损失: 0.5107 (Focal: 0.0128, Dice: 0.8425)
验证损失: 0.5199 (Focal: 0.0141, Dice: 0.8571)
验证指标: Acc = 0.8490, mIoU = 0.3644
学习率: 0.000741
2024-11-25 17:10:05,883 - INFO - 保存最佳模型 (mIoU: 0.3644)
