2025-04-10 14:53:44,658 - remote_data_loader - INFO - 成功加载 /home/Dataset/nw/Segmentation/CpeosTest/images/GF2_train_image.tif: 形状 (4, 13600, 16882)
2025-04-10 14:53:46,093 - remote_data_loader - INFO - 成功加载 /home/Dataset/nw/Segmentation/CpeosTest/images/train_label.tif: 形状 (1, 13600, 16882)
2025-04-10 14:53:52,432 - dataset_util - INFO - 从 (PosixPath('/home/Dataset/nw/Segmentation/CpeosTest/samples/X_sample_11_50000.npy'), PosixPath('/home/Dataset/nw/Segmentation/CpeosTest/samples/Y_sample_11_50000.npy')) 加载样本数据集
2025-04-10 14:53:58,452 - __main__ - INFO - 手动选择GPU设备: [2, 3]
2025-04-10 14:53:58,981 - __main__ - INFO - 启用DataParallel，使用GPU: [2, 3]
2025-04-10 14:54:31,941 - __main__ - INFO - 模型已保存至 /home/nw/Codes/Jobs/Pixel_based_CNN_classifier/model_save/model_ResNet50_500epoch.pth
2025-04-10 14:54:31,941 - __main__ - INFO - Epoch 1/100 | Loss: 0.4609 | Acc: 88.63% | LR: 2.00e-04
2025-04-10 14:54:57,405 - __main__ - INFO - Epoch 2/100 | Loss: 0.3849 | Acc: 88.23% | LR: 4.00e-04
2025-04-10 14:55:22,786 - __main__ - INFO - Epoch 3/100 | Loss: 0.3804 | Acc: 88.62% | LR: 6.00e-04
2025-04-10 14:55:48,586 - __main__ - INFO - Epoch 4/100 | Loss: 0.3583 | Acc: 87.61% | LR: 8.00e-04
2025-04-10 14:56:14,216 - __main__ - INFO - Epoch 5/100 | Loss: 0.3814 | Acc: 87.18% | LR: 1.00e-03
2025-04-10 14:56:40,470 - __main__ - INFO - Epoch 6/100 | Loss: 0.3864 | Acc: 87.83% | LR: 1.00e-03
2025-04-10 14:57:06,576 - __main__ - INFO - 模型已保存至 /home/nw/Codes/Jobs/Pixel_based_CNN_classifier/model_save/model_ResNet50_500epoch.pth
2025-04-10 14:57:06,576 - __main__ - INFO - Epoch 7/100 | Loss: 0.3558 | Acc: 88.82% | LR: 1.00e-03
2025-04-10 14:57:32,515 - __main__ - INFO - Epoch 8/100 | Loss: 0.3395 | Acc: 88.43% | LR: 1.00e-03
2025-04-10 14:57:58,454 - __main__ - INFO - Epoch 9/100 | Loss: 0.3216 | Acc: 87.60% | LR: 1.00e-03
2025-04-10 14:58:24,026 - __main__ - INFO - Epoch 10/100 | Loss: 0.3202 | Acc: 88.02% | LR: 1.00e-03
2025-04-10 14:58:49,964 - __main__ - INFO - Epoch 11/100 | Loss: 0.3112 | Acc: 87.54% | LR: 1.00e-03
2025-04-10 14:59:15,938 - __main__ - INFO - Epoch 12/100 | Loss: 0.3104 | Acc: 85.17% | LR: 1.00e-03
2025-04-10 14:59:41,977 - __main__ - INFO - Epoch 13/100 | Loss: 0.3067 | Acc: 87.99% | LR: 5.00e-04
2025-04-10 15:00:07,873 - __main__ - INFO - Epoch 14/100 | Loss: 0.2910 | Acc: 88.02% | LR: 5.00e-04
2025-04-10 15:00:34,886 - __main__ - INFO - 模型已保存至 /home/nw/Codes/Jobs/Pixel_based_CNN_classifier/model_save/model_ResNet50_500epoch.pth
2025-04-10 15:00:34,886 - __main__ - INFO - Epoch 15/100 | Loss: 0.2874 | Acc: 88.92% | LR: 5.00e-04
2025-04-10 15:01:01,031 - __main__ - INFO - Epoch 16/100 | Loss: 0.2886 | Acc: 87.12% | LR: 5.00e-04
2025-04-10 15:01:27,207 - __main__ - INFO - Epoch 17/100 | Loss: 0.2845 | Acc: 88.27% | LR: 5.00e-04
2025-04-10 15:01:53,281 - __main__ - INFO - Epoch 18/100 | Loss: 0.2833 | Acc: 87.66% | LR: 5.00e-04
2025-04-10 15:02:19,277 - __main__ - INFO - Epoch 19/100 | Loss: 0.2835 | Acc: 87.96% | LR: 5.00e-04
2025-04-10 15:02:45,453 - __main__ - INFO - Epoch 20/100 | Loss: 0.2799 | Acc: 88.80% | LR: 5.00e-04
2025-04-10 15:03:11,898 - __main__ - INFO - Epoch 21/100 | Loss: 0.2770 | Acc: 86.19% | LR: 2.50e-04
2025-04-10 15:03:38,775 - __main__ - INFO - 模型已保存至 /home/nw/Codes/Jobs/Pixel_based_CNN_classifier/model_save/model_ResNet50_500epoch.pth
2025-04-10 15:03:38,776 - __main__ - INFO - Epoch 22/100 | Loss: 0.2620 | Acc: 89.74% | LR: 2.50e-04
2025-04-10 15:04:04,988 - __main__ - INFO - Epoch 23/100 | Loss: 0.2602 | Acc: 86.58% | LR: 2.50e-04
2025-04-10 15:04:31,456 - __main__ - INFO - Epoch 24/100 | Loss: 0.2589 | Acc: 88.89% | LR: 2.50e-04
2025-04-10 15:04:57,659 - __main__ - INFO - Epoch 25/100 | Loss: 0.2530 | Acc: 89.03% | LR: 2.50e-04
2025-04-10 15:05:24,025 - __main__ - INFO - Epoch 26/100 | Loss: 0.2540 | Acc: 88.38% | LR: 2.50e-04
2025-04-10 15:05:50,604 - __main__ - INFO - Epoch 27/100 | Loss: 0.2497 | Acc: 88.50% | LR: 2.50e-04
2025-04-10 15:06:16,916 - __main__ - INFO - Epoch 28/100 | Loss: 0.2487 | Acc: 89.28% | LR: 1.25e-04
2025-04-10 15:06:43,402 - __main__ - INFO - Epoch 29/100 | Loss: 0.2326 | Acc: 88.92% | LR: 1.25e-04
2025-04-10 15:07:09,987 - __main__ - INFO - Epoch 30/100 | Loss: 0.2258 | Acc: 88.62% | LR: 1.25e-04
2025-04-10 15:07:36,411 - __main__ - INFO - Epoch 31/100 | Loss: 0.2217 | Acc: 88.73% | LR: 1.25e-04
2025-04-10 15:08:02,726 - __main__ - INFO - Epoch 32/100 | Loss: 0.2193 | Acc: 88.98% | LR: 1.25e-04
2025-04-10 15:08:29,480 - __main__ - INFO - Epoch 33/100 | Loss: 0.2121 | Acc: 89.20% | LR: 1.25e-04
2025-04-10 15:08:55,799 - __main__ - INFO - Epoch 34/100 | Loss: 0.2100 | Acc: 89.12% | LR: 6.25e-05
2025-04-10 15:09:23,095 - __main__ - INFO - 模型已保存至 /home/nw/Codes/Jobs/Pixel_based_CNN_classifier/model_save/model_ResNet50_500epoch.pth
2025-04-10 15:09:23,095 - __main__ - INFO - Epoch 35/100 | Loss: 0.1870 | Acc: 89.86% | LR: 6.25e-05
2025-04-10 15:09:49,895 - __main__ - INFO - Epoch 36/100 | Loss: 0.1801 | Acc: 89.10% | LR: 6.25e-05
2025-04-10 15:10:16,643 - __main__ - INFO - Epoch 37/100 | Loss: 0.1748 | Acc: 88.88% | LR: 6.25e-05
2025-04-10 15:10:43,071 - __main__ - INFO - Epoch 38/100 | Loss: 0.1694 | Acc: 89.08% | LR: 6.25e-05
2025-04-10 15:11:09,601 - __main__ - INFO - Epoch 39/100 | Loss: 0.1677 | Acc: 89.29% | LR: 6.25e-05
2025-04-10 15:11:36,321 - __main__ - INFO - Epoch 40/100 | Loss: 0.1592 | Acc: 88.81% | LR: 6.25e-05
2025-04-10 15:12:03,209 - __main__ - INFO - Epoch 41/100 | Loss: 0.1566 | Acc: 88.73% | LR: 3.13e-05
2025-04-10 15:12:29,964 - __main__ - INFO - Epoch 42/100 | Loss: 0.1414 | Acc: 88.90% | LR: 3.13e-05
2025-04-10 15:12:56,981 - __main__ - INFO - Epoch 43/100 | Loss: 0.1302 | Acc: 88.74% | LR: 3.13e-05
2025-04-10 15:13:23,982 - __main__ - INFO - Epoch 44/100 | Loss: 0.1288 | Acc: 89.64% | LR: 3.13e-05
2025-04-10 15:13:50,613 - __main__ - INFO - Epoch 45/100 | Loss: 0.1212 | Acc: 89.02% | LR: 3.13e-05
2025-04-10 15:14:17,366 - __main__ - INFO - Epoch 46/100 | Loss: 0.1202 | Acc: 88.62% | LR: 3.13e-05
2025-04-10 15:14:44,000 - __main__ - INFO - Epoch 47/100 | Loss: 0.1189 | Acc: 88.73% | LR: 1.56e-05
2025-04-10 15:15:11,121 - __main__ - INFO - Epoch 48/100 | Loss: 0.1064 | Acc: 88.76% | LR: 1.56e-05
2025-04-10 15:15:38,079 - __main__ - INFO - Epoch 49/100 | Loss: 0.1054 | Acc: 88.60% | LR: 1.56e-05
2025-04-10 15:16:05,605 - __main__ - INFO - Epoch 50/100 | Loss: 0.0956 | Acc: 89.06% | LR: 1.56e-05
2025-04-10 15:16:33,170 - __main__ - INFO - Epoch 51/100 | Loss: 0.0957 | Acc: 89.03% | LR: 1.56e-05
2025-04-10 15:17:00,901 - __main__ - INFO - Epoch 52/100 | Loss: 0.0967 | Acc: 88.71% | LR: 1.56e-05
2025-04-10 15:17:28,555 - __main__ - INFO - Epoch 53/100 | Loss: 0.0899 | Acc: 88.41% | LR: 7.81e-06
2025-04-10 15:17:56,489 - __main__ - INFO - Epoch 54/100 | Loss: 0.0861 | Acc: 89.34% | LR: 7.81e-06
2025-04-10 15:18:23,840 - __main__ - INFO - Epoch 55/100 | Loss: 0.0846 | Acc: 88.08% | LR: 7.81e-06
2025-04-10 15:18:51,245 - __main__ - INFO - Epoch 56/100 | Loss: 0.0838 | Acc: 89.24% | LR: 7.81e-06
2025-04-10 15:19:18,506 - __main__ - INFO - Epoch 57/100 | Loss: 0.0811 | Acc: 89.00% | LR: 7.81e-06
2025-04-10 15:19:46,074 - __main__ - INFO - Epoch 58/100 | Loss: 0.0803 | Acc: 89.08% | LR: 7.81e-06
2025-04-10 15:20:13,107 - __main__ - INFO - Epoch 59/100 | Loss: 0.0791 | Acc: 88.83% | LR: 3.91e-06
2025-04-10 15:20:40,465 - __main__ - INFO - Epoch 60/100 | Loss: 0.0755 | Acc: 89.32% | LR: 3.91e-06
2025-04-10 15:21:07,797 - __main__ - INFO - Epoch 61/100 | Loss: 0.0752 | Acc: 89.08% | LR: 3.91e-06
2025-04-10 15:21:34,982 - __main__ - INFO - Epoch 62/100 | Loss: 0.0732 | Acc: 88.95% | LR: 3.91e-06
2025-04-10 15:22:02,190 - __main__ - INFO - Epoch 63/100 | Loss: 0.0710 | Acc: 88.54% | LR: 3.91e-06
2025-04-10 15:22:29,234 - __main__ - INFO - Epoch 64/100 | Loss: 0.0723 | Acc: 88.88% | LR: 3.91e-06
2025-04-10 15:22:57,106 - __main__ - INFO - Epoch 65/100 | Loss: 0.0713 | Acc: 88.61% | LR: 1.95e-06
2025-04-10 15:23:24,289 - __main__ - INFO - Epoch 66/100 | Loss: 0.0685 | Acc: 89.09% | LR: 1.95e-06
2025-04-10 15:23:51,778 - __main__ - INFO - Epoch 67/100 | Loss: 0.0683 | Acc: 88.72% | LR: 1.95e-06
2025-04-10 15:24:19,297 - __main__ - INFO - Epoch 68/100 | Loss: 0.0710 | Acc: 88.39% | LR: 1.95e-06
2025-04-10 15:24:47,043 - __main__ - INFO - Epoch 69/100 | Loss: 0.0661 | Acc: 88.46% | LR: 1.95e-06
2025-04-10 15:25:14,572 - __main__ - INFO - Epoch 70/100 | Loss: 0.0694 | Acc: 88.65% | LR: 1.95e-06
2025-04-10 15:25:42,008 - __main__ - INFO - Epoch 71/100 | Loss: 0.0673 | Acc: 88.60% | LR: 9.77e-07
2025-04-10 15:26:09,542 - __main__ - INFO - Epoch 72/100 | Loss: 0.0673 | Acc: 88.70% | LR: 9.77e-07
2025-04-10 15:26:37,081 - __main__ - INFO - Epoch 73/100 | Loss: 0.0657 | Acc: 89.17% | LR: 9.77e-07
2025-04-10 15:27:05,069 - __main__ - INFO - Epoch 74/100 | Loss: 0.0671 | Acc: 88.92% | LR: 9.77e-07
2025-04-10 15:27:32,830 - __main__ - INFO - Epoch 75/100 | Loss: 0.0671 | Acc: 88.60% | LR: 9.77e-07
2025-04-10 15:28:00,375 - __main__ - INFO - Epoch 76/100 | Loss: 0.0638 | Acc: 88.32% | LR: 9.77e-07
2025-04-10 15:28:28,438 - __main__ - INFO - Epoch 77/100 | Loss: 0.0650 | Acc: 88.63% | LR: 4.88e-07
2025-04-10 15:28:56,064 - __main__ - INFO - Epoch 78/100 | Loss: 0.0654 | Acc: 88.95% | LR: 4.88e-07
2025-04-10 15:29:23,818 - __main__ - INFO - Epoch 79/100 | Loss: 0.0672 | Acc: 89.03% | LR: 4.88e-07
2025-04-10 15:29:51,989 - __main__ - INFO - Epoch 80/100 | Loss: 0.0643 | Acc: 88.41% | LR: 4.88e-07
2025-04-10 15:30:19,874 - __main__ - INFO - Epoch 81/100 | Loss: 0.0643 | Acc: 88.53% | LR: 4.88e-07
2025-04-10 15:30:47,777 - __main__ - INFO - Epoch 82/100 | Loss: 0.0639 | Acc: 88.81% | LR: 4.88e-07
2025-04-10 15:31:15,422 - __main__ - INFO - Epoch 83/100 | Loss: 0.0642 | Acc: 88.90% | LR: 2.44e-07
2025-04-10 15:31:43,250 - __main__ - INFO - Epoch 84/100 | Loss: 0.0657 | Acc: 88.94% | LR: 2.44e-07
2025-04-10 15:32:11,387 - __main__ - INFO - Epoch 85/100 | Loss: 0.0643 | Acc: 88.34% | LR: 2.44e-07
2025-04-10 15:32:39,312 - __main__ - INFO - Epoch 86/100 | Loss: 0.0634 | Acc: 89.00% | LR: 2.44e-07
2025-04-10 15:33:07,311 - __main__ - INFO - Epoch 87/100 | Loss: 0.0653 | Acc: 88.47% | LR: 2.44e-07
2025-04-10 15:33:35,403 - __main__ - INFO - Epoch 88/100 | Loss: 0.0639 | Acc: 88.72% | LR: 2.44e-07
2025-04-10 15:34:03,804 - __main__ - INFO - Epoch 89/100 | Loss: 0.0647 | Acc: 88.35% | LR: 1.22e-07
2025-04-10 15:34:31,776 - __main__ - INFO - Epoch 90/100 | Loss: 0.0631 | Acc: 88.34% | LR: 1.22e-07
2025-04-10 15:34:59,930 - __main__ - INFO - Epoch 91/100 | Loss: 0.0634 | Acc: 88.37% | LR: 1.22e-07
2025-04-10 15:35:28,406 - __main__ - INFO - Epoch 92/100 | Loss: 0.0668 | Acc: 88.92% | LR: 1.22e-07
2025-04-10 15:35:56,537 - __main__ - INFO - Epoch 93/100 | Loss: 0.0646 | Acc: 88.90% | LR: 1.22e-07
2025-04-10 15:36:24,644 - __main__ - INFO - Epoch 94/100 | Loss: 0.0642 | Acc: 88.39% | LR: 1.22e-07
2025-04-10 15:36:52,947 - __main__ - INFO - Epoch 95/100 | Loss: 0.0644 | Acc: 88.21% | LR: 6.10e-08
2025-04-10 15:37:21,085 - __main__ - INFO - Epoch 96/100 | Loss: 0.0635 | Acc: 88.76% | LR: 6.10e-08
2025-04-10 15:37:49,159 - __main__ - INFO - Epoch 97/100 | Loss: 0.0630 | Acc: 88.34% | LR: 6.10e-08
2025-04-10 15:38:17,443 - __main__ - INFO - Epoch 98/100 | Loss: 0.0634 | Acc: 89.19% | LR: 6.10e-08
2025-04-10 15:38:45,656 - __main__ - INFO - Epoch 99/100 | Loss: 0.0607 | Acc: 88.97% | LR: 6.10e-08
2025-04-10 15:39:13,853 - __main__ - INFO - Epoch 100/100 | Loss: 0.0662 | Acc: 88.47% | LR: 6.10e-08
2025-04-10 15:39:13,853 - __main__ - INFO - 训练完成，最佳准确率: 89.86%
